[2016.03.26-01.23.37:677][  0]Log file open, 03/25/16 19:23:37
[2016.03.26-01.23.37:677][  0]LogInit:Display: Running engine for game: Axioma
[2016.03.26-01.23.37:677][  0]LogPlatformFile: Not using cached read wrapper
[2016.03.26-01.23.37:677][  0]LogInit:Display: RandInit(-1450834656) SRandInit(-1450834650).
[2016.03.26-01.23.37:677][  0]LogTaskGraph: Started task graph with 4 named threads and 5 total threads.
[2016.03.26-01.23.37:677][  0]LogStats: Stats thread started at 0.959143
[2016.03.26-01.23.37:677][  0]LogInit: Version: 4.10.4-2872498+++depot+UE4-Releases+4.10
[2016.03.26-01.23.37:677][  0]LogInit: API Version: 2758231
[2016.03.26-01.23.37:677][  0]LogInit: Compiled (64-bit): Feb 18 2016 15:47:04
[2016.03.26-01.23.37:677][  0]LogInit: Compiled with Visual C++: 19.00.23026.00
[2016.03.26-01.23.37:677][  0]LogInit: Build Configuration: Development
[2016.03.26-01.23.37:677][  0]LogInit: Branch Name: ++depot+UE4-Releases+4.10
[2016.03.26-01.23.37:677][  0]LogInit: Command line:  
[2016.03.26-01.23.37:677][  0]LogInit: Base directory: C:/Program Files (x86)/Epic Games/4.10/Engine/Binaries/Win64/
[2016.03.26-01.23.37:677][  0]LogInit: Rocket: 1
[2016.03.26-01.23.37:713][  0]LogInit: Using libcurl 7.41.0
[2016.03.26-01.23.37:713][  0]LogInit:  - built for x86_64-pc-win32
[2016.03.26-01.23.37:713][  0]LogInit:  - supports SSL with WinSSL
[2016.03.26-01.23.37:713][  0]LogInit:  - other features:
[2016.03.26-01.23.37:713][  0]LogInit:      CURL_VERSION_SSL
[2016.03.26-01.23.37:713][  0]LogInit:      CURL_VERSION_IPV6
[2016.03.26-01.23.37:713][  0]LogInit:      CURL_VERSION_ASYNCHDNS
[2016.03.26-01.23.37:713][  0]LogInit:      CURL_VERSION_LARGEFILE
[2016.03.26-01.23.37:713][  0]LogInit:      CURL_VERSION_IDN
[2016.03.26-01.23.37:713][  0]LogInit:  CurlRequestOptions (configurable via config and command line):
[2016.03.26-01.23.37:713][  0]LogInit:  - bVerifyPeer = true  - Libcurl will verify peer certificate
[2016.03.26-01.23.37:713][  0]LogInit:  - bUseHttpProxy = false  - Libcurl will NOT use HTTP proxy
[2016.03.26-01.23.37:713][  0]LogInit:  - bDontReuseConnections = false  - Libcurl will reuse connections
[2016.03.26-01.23.37:713][  0]LogInit:  - CertBundlePath = nullptr  - Libcurl will use whatever was configured at build time.
[2016.03.26-01.23.37:729][  0]LogInit: Presizing for 0 objects not considered by GC, pre-allocating 0 bytes.
[2016.03.26-01.23.37:729][  0]LogInit: Object subsystem initialized
[2016.03.26-01.23.37:729][  0]LogInit: Selected Device Profile: [Windows]
[2016.03.26-01.23.37:729][  0]LogInit: Applying CVar settings loaded from the selected device profile: [Windows]
[2016.03.26-01.23.37:752][  0]LogInit: Computer: LAPTOP-RAY
[2016.03.26-01.23.37:752][  0]LogInit: User: ray
[2016.03.26-01.23.37:752][  0]LogInit: CPU Page size=4096, Cores=2
[2016.03.26-01.23.37:752][  0]LogInit: High frequency timer resolution =2.338335 MHz
[2016.03.26-01.23.37:752][  0]LogMemory: Memory total: Physical=3.9GB (4GB approx)
[2016.03.26-01.23.37:752][  0]LogMemory: Platform Memory Stats for Windows
[2016.03.26-01.23.37:752][  0]LogMemory: Process Physical Memory: 54.63 MB used, 54.63 MB peak
[2016.03.26-01.23.37:752][  0]LogMemory: Process Virtual Memory: 55.46 MB used, 55.46 MB peak
[2016.03.26-01.23.37:752][  0]LogMemory: Physical Memory: 2749.51 MB used, 3976.27 MB total
[2016.03.26-01.23.37:752][  0]LogMemory: Virtual Memory: 364.53 MB used, 134217728.00 MB total
[2016.03.26-01.23.37:971][  0]LogTextLocalizationManager: No specific translations for ('en-US') exist, so ('en') translations will be used.
[2016.03.26-01.23.38:638][  0]LogD3D11RHI: Found D3D11 adapter 0: Intel(R) HD Graphics Family (Feature Level 11_0)
[2016.03.26-01.23.38:638][  0]LogD3D11RHI: Adapter has 32MB of dedicated video memory, 0MB of dedicated system memory, and 1760MB of shared system memory, 1 output[s]
[2016.03.26-01.23.38:640][  0]LogD3D11RHI: Found D3D11 adapter 1: Microsoft Basic Render Driver (Feature Level 11_0)
[2016.03.26-01.23.38:640][  0]LogD3D11RHI: Adapter has 0MB of dedicated video memory, 0MB of dedicated system memory, and 256MB of shared system memory, 0 output[s]
[2016.03.26-01.23.38:640][  0]LogD3D11RHI: Chosen D3D11 Adapter Id = 0
[2016.03.26-01.23.38:651][  0]LogD3D11RHI: !Direct3DDevice
[2016.03.26-01.23.38:651][  0]LogRHI: Texture pool is 638 MB (70% of 912 MB)
[2016.03.26-01.23.38:663][  0]LogD3D11RHI: Async texture creation enabled
[2016.03.26-01.23.38:673][  0]LogShaderCompilers: Guid format shader working directory is 2 characters bigger than the processId version (../../../../../../Users/ray/Desktop/Axioma/Intermediate/Shaders/WorkingDirectory/3068/).
[2016.03.26-01.23.38:673][  0]LogShaderCompilers: Cleaned the shader compiler working directory 'C:/Users/ray/AppData/Local/Temp/UnrealShaderWorkingDir/26A1651A44335D666F421EBD99AA60AA/'.
[2016.03.26-01.23.38:673][  0]LogShaderCompilers:Display: Using Local Shader Compiler.
[2016.03.26-01.23.49:586][  0]LogTemp:Display: Loaded TP AllDesktopTargetPlatform
[2016.03.26-01.23.49:601][  0]LogTemp:Display: Loaded TP WindowsClientTargetPlatform
[2016.03.26-01.23.49:618][  0]LogTemp:Display: Loaded TP WindowsNoEditorTargetPlatform
[2016.03.26-01.23.49:633][  0]LogTemp:Display: Loaded TP WindowsServerTargetPlatform
[2016.03.26-01.23.49:647][  0]LogTemp:Display: Loaded TP WindowsTargetPlatform
[2016.03.26-01.23.49:663][  0]LogTemp:Display: Loaded TP AndroidTargetPlatform
[2016.03.26-01.23.49:675][  0]LogTemp:Display: Loaded TP Android_ASTCTargetPlatform
[2016.03.26-01.23.49:688][  0]LogTemp:Display: Loaded TP Android_ATCTargetPlatform
[2016.03.26-01.23.49:700][  0]LogTemp:Display: Loaded TP Android_DXTTargetPlatform
[2016.03.26-01.23.49:711][  0]LogTemp:Display: Loaded TP Android_ETC1TargetPlatform
[2016.03.26-01.23.49:725][  0]LogTemp:Display: Loaded TP Android_ETC2TargetPlatform
[2016.03.26-01.23.49:743][  0]LogTemp:Display: Loaded TP Android_MultiTargetPlatform
[2016.03.26-01.23.49:743][  0]LogTemp:Display: Loaded TP Android_PVRTCTargetPlatform
[2016.03.26-01.23.49:745][  0]LogTemp:Display: Loaded TP HTML5TargetPlatform
[2016.03.26-01.23.49:841][  0]LogTemp:Display: Loaded TP IOSTargetPlatform
[2016.03.26-01.23.49:853][  0]LogTemp:Display: Loaded TP LinuxNoEditorTargetPlatform
[2016.03.26-01.23.49:872][  0]LogTemp:Display: Loaded TP LinuxServerTargetPlatform
[2016.03.26-01.23.49:909][  0]LogTemp:Display: Loaded TP LinuxTargetPlatform
[2016.03.26-01.23.49:910][  0]LogTargetPlatformManager:Display: Building Assets For Windows
[2016.03.26-01.23.51:183][  0]LogDerivedDataCache:Display: Max Cache Size: 512 MB
[2016.03.26-01.23.52:652][  0]LogDerivedDataCache: Loaded boot cache 1.45s 41MB C:/Users/ray/AppData/Local/UnrealEngine/4.10/DerivedDataCache/Boot.ddc.
[2016.03.26-01.23.52:652][  0]LogDerivedDataCache:Display: Loaded Boot cache: C:/Users/ray/AppData/Local/UnrealEngine/4.10/DerivedDataCache/Boot.ddc
[2016.03.26-01.23.52:653][  0]LogDerivedDataCache: FDerivedDataBackendGraph:  Pak pak cache file ../../../../../../Users/ray/Desktop/Axioma/DerivedDataCache/DDC.ddp not found, will not use a pak cache.
[2016.03.26-01.23.52:653][  0]LogDerivedDataCache: Unable to find inner node Pak for hierarchical cache Hierarchy.
[2016.03.26-01.23.52:653][  0]LogDerivedDataCache: FDerivedDataBackendGraph:  CompressedPak pak cache file ../../../../../../Users/ray/Desktop/Axioma/DerivedDataCache/Compressed.ddp not found, will not use a pak cache.
[2016.03.26-01.23.52:653][  0]LogDerivedDataCache: Unable to find inner node CompressedPak for hierarchical cache Hierarchy.
[2016.03.26-01.23.53:099][  0]LogDerivedDataCache:Display: Pak cache opened for reading ../../../Engine/DerivedDataCache/Compressed.ddp.
[2016.03.26-01.23.53:145][  0]LogDerivedDataCache: Using Local data cache path C:/Users/ray/AppData/Local/UnrealEngine/Common/DerivedDataCache: Writable
[2016.03.26-01.24.01:527][  0]LogInit: Selected Device Profile: [Windows]
[2016.03.26-01.24.01:671][  0]LogContentStreaming: Texture pool size is 0.000000MB
[2016.03.26-01.24.03:655][  0]LogMeshUtilities: No automatic mesh reduction module available
[2016.03.26-01.24.03:655][  0]LogMeshUtilities: No automatic mesh merging module available
[2016.03.26-01.24.12:445][  0]LogInit: WinSock: version 1.1 (2.2), MaxSocks=32767, MaxUdp=65467
[2016.03.26-01.24.39:116][  0]UdpMessaging: Initializing bridge on interface 0.0.0.0:0 to multicast group 230.0.0.1:6666.
[2016.03.26-01.24.39:934][  0]LogAssetRegistry: FAssetRegistry took 0.0126 seconds to start up
[2016.03.26-01.24.44:680][  0]SourceControl: Info Source control is disabled
[2016.03.26-01.24.45:876][  0]SourceControl: Info Source control is disabled
[2016.03.26-01.24.46:060][  0]SourceControl: Info Source control is disabled
[2016.03.26-01.24.46:206][  0]SourceControl: Info Source control is disabled
[2016.03.26-01.24.50:388][  0]LogObj: 28633 objects as part of root set at end of initial load.
[2016.03.26-01.24.50:388][  0]LogUObjectAllocator: 6099752 out of 0 bytes used by permanent object pool.
[2016.03.26-01.24.54:207][  0]LogAutomationTest:Warning: Smoke tests took > 1s to run: 2.72s
[2016.03.26-01.24.54:882][  0]LogEngine: Initializing Engine...
[2016.03.26-01.24.55:072][  0]LogHMD: Can't find Oculus library dev build: is proper Runtime installed? Version: 0.8.0.0
[2016.03.26-01.24.55:295][  0]LogHMD: SteamVR failed to initialize.  Err: 110
[2016.03.26-01.24.59:695][  0]LogAIModule: Creating AISystem for world NewWorld
[2016.03.26-01.25.01:599][  0]LogInit: XAudio2 using 'Altavoces (Realtek High Definition Audio)' : 2 channels at 48 kHz using 32 bits per sample (channel mask 0x3)
[2016.03.26-01.25.01:725][  0]LogInit: FAudioDevice initialized.
[2016.03.26-01.25.02:100][  0]LogDerivedDataCache: Saved boot cache 0.37s 41MB C:/Users/ray/AppData/Local/UnrealEngine/4.10/DerivedDataCache/Boot.ddc.
[2016.03.26-01.25.02:226][  0]LogInit: Texture streaming: Enabled
[2016.03.26-01.25.02:946][  0]LogAnalytics: Creating configured Analytics provider AnalyticsET
[2016.03.26-01.25.02:946][  0]LogAnalytics: [UEEditor.Rocket.Release] APIServer = http://et2.epicgames.com/ET2/. AppVersion = 4.10.4-2872498+++depot+UE4-Releases+4.10
[2016.03.26-01.25.02:946][  0]LogAnalytics: [UEEditor.Rocket.Release] SetUserId f6d84d504b8c91be90ceca84e0ba1004|f68b6959a5b94dccb13faa64bd594851|592e87cd-9efb-44c2-bcd9-891f7d9d6dd4
[2016.03.26-01.25.02:994][  0]LogAnalytics: [UEEditor.Rocket.Release] AnalyticsET::StartSession
[2016.03.26-01.25.03:486][  0]LogWindowsTextInputMethodSystem:Display: IME system now deactivated.
[2016.03.26-01.25.08:062][  0]LogInit: Transaction tracking system initialized
[2016.03.26-01.25.10:001][  0]BlueprintLog: New page: Editor Load
[2016.03.26-01.25.20:009][  0]LocalizationService: Info Localization service is disabled
[2016.03.26-01.25.24:252][  0]LogConsoleResponse:Display: 
[2016.03.26-01.25.32:325][  0]LogCook:Display: Done creating registry. It took  0.00s.
[2016.03.26-01.25.39:184][  0]SourceControl: Info Source control is disabled
[2016.03.26-01.25.39:515][  0]Cmd: MAP LOAD FILE="../../../../../../Users/ray/Desktop/Axioma/Content/FirstPersonBP/Maps/FirstPersonExampleMap.umap" TEMPLATE=0 SHOWPROGRESS=1 FEATURELEVEL=3
[2016.03.26-01.25.40:049][  0]LightingResults: New page: Lighting Build
[2016.03.26-01.25.41:396][  0]MapCheck: New page: Map Check
[2016.03.26-01.25.41:396][  0]LightingResults: New page: Lighting Build
[2016.03.26-01.25.44:542][  0]LogParticles: Destroying 0 GPU particle simulations for FXSystem 0x0000007CECDFB240
[2016.03.26-01.26.08:766][  0]LogMaterial: Missing cached shader map for material MarsTerrain, compiling. 
[2016.03.26-01.26.13:686][  0]LogTexture:Display: Building textures: Texture2D_384 (BGRA8)
[2016.03.26-01.26.25:295][  0]LogAIModule: Creating AISystem for world FirstPersonExampleMap
[2016.03.26-01.28.50:293][  0]LogEditorServer: Finished looking for orphan Actors (0.022 secs)
[2016.03.26-01.28.50:495][  0]Cmd: MAP CHECKDEP NOCLEARLOG
[2016.03.26-01.28.51:018][  0]MapCheck: Info Map check complete: 0 Error(s), 0 Warning(s), took 522.145ms to complete.
[2016.03.26-01.28.51:280][  0]LogFileHelpers: Loading map 'FirstPersonExampleMap' took 191.988
[2016.03.26-01.28.55:577][  0]LogCollectionManager: Loaded 0 collections in 0.034754 seconds
[2016.03.26-01.28.56:302][  0]LogFileCache: Scanning file cache for directory 'C:/Users/ray/Desktop/Axioma/Saved/Collections/' took 0.01s
[2016.03.26-01.28.56:302][  0]LogFileCache: Scanning file cache for directory 'C:/Users/ray/Desktop/Axioma/Content/Developers/ray/Collections/' took 0.01s
[2016.03.26-01.28.56:302][  0]LogFileCache: Scanning file cache for directory 'C:/Users/ray/Desktop/Axioma/Content/Collections/' took 0.01s
[2016.03.26-01.28.56:302][  0]LogCollectionManager: Rebuilt the GUID cache for 0 collections in 0.000006 seconds
[2016.03.26-01.28.56:396][  0]LogContentBrowser: Native class hierarchy populated in 0.0301 seconds. Added 1893 classes and 338 folders.
[2016.03.26-01.28.56:656][  0]LogContentBrowser: Native class hierarchy updated for 'WidgetCarousel' in 0.0014 seconds. Added 0 classes and 0 folders.
[2016.03.26-01.28.58:768][  0]LogContentBrowser: Native class hierarchy updated for 'AddContentDialog' in 0.0013 seconds. Added 0 classes and 0 folders.
[2016.03.26-01.28.58:927][  0]LogContentBrowser: Native class hierarchy updated for 'SceneOutliner' in 0.0015 seconds. Added 1 classes and 2 folders.
[2016.03.26-01.29.00:130][  0]LogCrashTracker: Crashtracker disabled due to settings.
[2016.03.26-01.29.00:580][  0]LogUObjectGlobals:Warning: Failed to find object 'Class None.'
[2016.03.26-01.29.00:756][  0]LogLoad: Full Startup: 324.97 seconds (BP compile: 4.31 seconds)
[2016.03.26-01.29.00:795][  0]LogOcInput: Can't find Oculus library dev build: is proper Runtime installed? Version: 0.8.0.0
[2016.03.26-01.29.02:127][  0]LogContentStreaming: Texture pool size now 200 MB
[2016.03.26-01.29.02:976][  0]LogRenderer: Reallocating scene render targets to support 824x368 (Frame:2).
[2016.03.26-01.29.05:365][  1]Cmd: UpdateLandscapeEditorData -warnings
[2016.03.26-01.29.27:288][ 19]LogAssetRegistry: Asset discovery search completed in 287.3663 seconds
[2016.03.26-01.29.27:778][ 19]LogCollectionManager: Rebuilt the object cache for 0 collections in 0.000004 seconds (found 0 objects)
[2016.03.26-01.29.28:044][ 19]LogCollectionManager: Fixed up redirectors for 0 collections in 0.361973 seconds (updated 0 objects)
[2016.03.26-01.34.07:470][818]LogWindowsTextInputMethodSystem:Display: IME system now deactivated.
[2016.03.26-01.34.09:041][819]Cmd: QUIT_EDITOR
[2016.03.26-01.34.10:063][819]LogExit: Preparing to exit.
[2016.03.26-01.34.21:647][819]LogExit: Editor shut down
[2016.03.26-01.34.21:648][819]LogExit: Transaction tracking system shut down
[2016.03.26-01.34.23:384][819]LogParticles: Destroying 0 GPU particle simulations for FXSystem 0x0000007CF1D59F80
[2016.03.26-01.34.26:718][819]LogParticles: Destroying 0 GPU particle simulations for FXSystem 0x0000007CFBFCDB20
[2016.03.26-01.34.26:718][819]LogParticles: Destroying 0 GPU particle simulations for FXSystem 0x0000007CFC10A200
[2016.03.26-01.34.26:718][819]LogParticles: Destroying 0 GPU particle simulations for FXSystem 0x0000007CF7CF54E0
[2016.03.26-01.34.26:718][819]LogParticles: Destroying 0 GPU particle simulations for FXSystem 0x0000007CF27625C0
[2016.03.26-01.34.26:718][819]LogExit: Object subsystem successfully closed.
[2016.03.26-01.34.27:212][819]LogD3D11RHI: Shutdown
[2016.03.26-01.34.27:213][819]LogD3D11RHI: CleanupD3DDevice
[2016.03.26-01.34.27:616][819]LogD3D11RHI: ~FD3D11DynamicRHI
[2016.03.26-01.34.28:995][819]LogModuleManager: Shutting down and abandoning module CrashTracker (198)
[2016.03.26-01.34.28:995][819]LogModuleManager: Shutting down and abandoning module SceneOutliner (197)
[2016.03.26-01.34.28:995][819]LogModuleManager: Shutting down and abandoning module SuperSearch (196)
[2016.03.26-01.34.28:996][819]LogModuleManager: Shutting down and abandoning module WidgetCarousel (195)
[2016.03.26-01.34.29:007][819]LogModuleManager: Shutting down and abandoning module AddContentDialog (194)
[2016.03.26-01.34.29:055][819]LogModuleManager: Shutting down and abandoning module EditorWidgets (193)
[2016.03.26-01.34.29:055][819]LogModuleManager: Shutting down and abandoning module CollectionManager (192)
[2016.03.26-01.34.29:101][819]LogModuleManager: Shutting down and abandoning module StatsViewer (191)
[2016.03.26-01.34.29:116][819]LogModuleManager: Shutting down and abandoning module FoliageEdit (190)
[2016.03.26-01.34.29:127][819]LogModuleManager: Shutting down and abandoning module LandscapeEditor (189)
[2016.03.26-01.34.29:194][819]LogModuleManager: Shutting down and abandoning module ActorPickerMode (188)
[2016.03.26-01.34.29:194][819]LogModuleManager: Shutting down and abandoning module GeometryMode (187)
[2016.03.26-01.34.29:194][819]LogModuleManager: Shutting down and abandoning module TextureAlignMode (186)
[2016.03.26-01.34.29:194][819]LogModuleManager: Shutting down and abandoning module BspMode (185)
[2016.03.26-01.34.29:194][819]LogModuleManager: Shutting down and abandoning module PlacementMode (184)
[2016.03.26-01.34.29:194][819]LogModuleManager: Shutting down and abandoning module AutomationWorker (183)
[2016.03.26-01.34.29:194][819]LogModuleManager: Shutting down and abandoning module CharacterAI (182)
[2016.03.26-01.34.29:194][819]LogModuleManager: Shutting down and abandoning module SmartSnapping (181)
[2016.03.26-01.34.29:194][819]LogModuleManager: Shutting down and abandoning module ViewportSnapping (180)
[2016.03.26-01.34.29:194][819]LogModuleManager: Shutting down and abandoning module LogVisualizer (179)
[2016.03.26-01.34.29:264][819]LogModuleManager: Shutting down and abandoning module GameProjectGeneration (178)
[2016.03.26-01.34.29:327][819]LogModuleManager: Shutting down and abandoning module IntroTutorials (177)
[2016.03.26-01.34.29:416][819]LogModuleManager: Shutting down and abandoning module EditorLiveStreaming (176)
[2016.03.26-01.34.29:416][819]LogModuleManager: Shutting down and abandoning module IOSPlatformEditor (175)
[2016.03.26-01.34.29:423][819]LogModuleManager: Shutting down and abandoning module HTML5PlatformEditor (174)
[2016.03.26-01.34.29:423][819]LogModuleManager: Shutting down and abandoning module AndroidDeviceDetection (173)
[2016.03.26-01.34.30:311][819]LogModuleManager: Shutting down and abandoning module AndroidPlatformEditor (172)
[2016.03.26-01.34.30:311][819]LogModuleManager: Shutting down and abandoning module IOSRuntimeSettings (171)
[2016.03.26-01.34.30:311][819]LogModuleManager: Shutting down and abandoning module AndroidRuntimeSettings (170)
[2016.03.26-01.34.30:311][819]LogModuleManager: Shutting down and abandoning module MergeActors (169)
[2016.03.26-01.34.30:329][819]LogModuleManager: Shutting down and abandoning module SizeMap (168)
[2016.03.26-01.34.30:329][819]LogModuleManager: Shutting down and abandoning module TreeMap (167)
[2016.03.26-01.34.30:388][819]LogModuleManager: Shutting down and abandoning module ReferenceViewer (166)
[2016.03.26-01.34.30:486][819]LogModuleManager: Shutting down and abandoning module LocalizationService (165)
[2016.03.26-01.34.30:594][819]LogModuleManager: Shutting down and abandoning module LocalizationDashboard (164)
[2016.03.26-01.34.30:720][819]LogModuleManager: Shutting down and abandoning module HardwareTargeting (163)
[2016.03.26-01.34.30:800][819]LogModuleManager: Shutting down and abandoning module DeviceProfileEditor (162)
[2016.03.26-01.34.30:921][819]LogModuleManager: Shutting down and abandoning module UndoHistory (161)
[2016.03.26-01.34.30:981][819]LogModuleManager: Shutting down and abandoning module GameplayTagsEditor (160)
[2016.03.26-01.34.31:013][819]LogModuleManager: Shutting down and abandoning module UserFeedback (159)
[2016.03.26-01.34.31:013][819]LogModuleManager: Shutting down and abandoning module XmlParser (158)
[2016.03.26-01.34.31:083][819]LogModuleManager: Shutting down and abandoning module Blutility (157)
[2016.03.26-01.34.31:083][819]LogModuleManager: Shutting down and abandoning module ProjectTargetPlatformEditor (156)
[2016.03.26-01.34.31:125][819]LogModuleManager: Shutting down and abandoning module ProjectSettingsViewer (155)
[2016.03.26-01.34.31:125][819]LogModuleManager: Shutting down and abandoning module InputBindingEditor (154)
[2016.03.26-01.34.31:271][819]LogModuleManager: Shutting down and abandoning module EditorSettingsViewer (153)
[2016.03.26-01.34.31:271][819]LogModuleManager: Shutting down and abandoning module SettingsEditor (152)
[2016.03.26-01.34.31:401][819]LogModuleManager: Shutting down and abandoning module ProjectLauncher (151)
[2016.03.26-01.34.31:454][819]LogModuleManager: Shutting down and abandoning module SessionFrontend (150)
[2016.03.26-01.34.31:584][819]LogModuleManager: Shutting down and abandoning module ProfilerClient (149)
[2016.03.26-01.34.31:626][819]LogModuleManager: Shutting down and abandoning module TargetDeviceServices (148)
[2016.03.26-01.34.31:626][819]LogModuleManager: Shutting down and abandoning module DeviceManager (147)
[2016.03.26-01.34.31:668][819]LogModuleManager: Shutting down and abandoning module AutomationController (146)
[2016.03.26-01.34.31:750][819]LogModuleManager: Shutting down and abandoning module AutomationWindow (145)
[2016.03.26-01.34.31:799][819]LogModuleManager: Shutting down and abandoning module Layers (144)
[2016.03.26-01.34.32:390][819]LogModuleManager: Shutting down and abandoning module ComponentVisualizers (143)
[2016.03.26-01.34.32:390][819]LogModuleManager: Shutting down and abandoning module DetailCustomizations (142)
[2016.03.26-01.34.32:572][819]LogModuleManager: Shutting down and abandoning module PackagesDialog (141)
[2016.03.26-01.34.32:596][819]LogModuleManager: Shutting down and abandoning module Persona (140)
[2016.03.26-01.34.32:703][819]LogModuleManager: Shutting down and abandoning module Kismet (139)
[2016.03.26-01.34.32:735][819]LogModuleManager: Shutting down and abandoning module GraphEditor (138)
[2016.03.26-01.34.32:854][819]LogModuleManager: Shutting down and abandoning module ClassViewer (137)
[2016.03.26-01.34.32:873][819]LogModuleManager: Shutting down and abandoning module Toolbox (136)
[2016.03.26-01.34.32:873][819]LogModuleManager: Shutting down and abandoning module ModuleUI (135)
[2016.03.26-01.34.32:911][819]LogModuleManager: Shutting down and abandoning module MovieSceneTools (134)
[2016.03.26-01.34.32:946][819]LogModuleManager: Shutting down and abandoning module OutputLog (133)
[2016.03.26-01.34.32:947][819]LogModuleManager: Shutting down and abandoning module GammaUI (132)
[2016.03.26-01.34.32:965][819]LogModuleManager: Shutting down and abandoning module Documentation (131)
[2016.03.26-01.34.32:965][819]LogModuleManager: Shutting down and abandoning module GameLiveStreaming (130)
[2016.03.26-01.34.32:977][819]LogModuleManager: Shutting down and abandoning module StreamingPauseRendering (129)
[2016.03.26-01.34.32:977][819]LogModuleManager: Shutting down and abandoning module AnalyticsET (128)
[2016.03.26-01.34.32:977][819]LogModuleManager: Shutting down and abandoning module Analytics (127)
[2016.03.26-01.34.32:977][819]LogModuleManager: Shutting down and abandoning module AITestSuite (126)
[2016.03.26-01.34.33:013][819]LogModuleManager: Shutting down and abandoning module GameplayDebugger (125)
[2016.03.26-01.34.33:048][819]LogModuleManager: Shutting down and abandoning module AIModule (124)
[2016.03.26-01.34.33:070][819]LogModuleManager: Shutting down and abandoning module ProfilerService (123)
[2016.03.26-01.34.33:124][819]LogModuleManager: Shutting down and abandoning module TaskGraph (122)
[2016.03.26-01.34.33:217][819]LogModuleManager: Shutting down and abandoning module SlateRemote (121)
[2016.03.26-01.34.33:217][819]LogModuleManager: Shutting down and abandoning module SteamVRController (120)
[2016.03.26-01.34.33:217][819]LogModuleManager: Shutting down and abandoning module SteamVR (119)
[2016.03.26-01.34.33:217][819]LogModuleManager: Shutting down and abandoning module ProceduralMeshComponent (118)
[2016.03.26-01.34.33:217][819]LogModuleManager: Shutting down and abandoning module OculusLibrary (117)
[2016.03.26-01.34.33:217][819]LogModuleManager: Shutting down and abandoning module OculusInput (116)
[2016.03.26-01.34.33:217][819]LogModuleManager: Shutting down and abandoning module LeapMotionController (115)
[2016.03.26-01.34.33:426][819]LogModuleManager: Shutting down and abandoning module CustomMeshComponent (114)
[2016.03.26-01.34.33:426][819]LogModuleManager: Shutting down and abandoning module CableComponent (113)
[2016.03.26-01.34.33:426][819]LogModuleManager: Shutting down and abandoning module ArchVisCharacter (112)
[2016.03.26-01.34.33:426][819]LogModuleManager: Shutting down and abandoning module MessagingDebugger (111)
[2016.03.26-01.34.33:506][819]LogModuleManager: Shutting down and abandoning module MediaPlayerEditor (110)
[2016.03.26-01.34.33:563][819]LogModuleManager: Shutting down and abandoning module HTML5Networking (109)
[2016.03.26-01.34.33:563][819]LogModuleManager: Shutting down and abandoning module SpeedTreeImporter (108)
[2016.03.26-01.34.33:563][819]LogModuleManager: Shutting down and abandoning module PluginBrowser (107)
[2016.03.26-01.34.33:592][819]LogModuleManager: Shutting down and abandoning module EpicSurvey (106)
[2016.03.26-01.34.33:605][819]LogModuleManager: Shutting down and abandoning module DesktopPlatform (105)
[2016.03.26-01.34.33:628][819]LogModuleManager: Shutting down and abandoning module VisualStudioSourceCodeAccess (104)
[2016.03.26-01.34.33:650][819]LogModuleManager: Shutting down and abandoning module UObjectPlugin (103)
[2016.03.26-01.34.33:650][819]LogModuleManager: Shutting down and abandoning module SubversionSourceControl (102)
[2016.03.26-01.34.33:668][819]LogModuleManager: Shutting down and abandoning module PerforceSourceControl (101)
[2016.03.26-01.34.33:811][819]LogModuleManager: Shutting down and abandoning module SourceControl (100)
[2016.03.26-01.34.33:842][819]LogModuleManager: Shutting down and abandoning module GitSourceControl (99)
[2016.03.26-01.34.33:869][819]LogModuleManager: Shutting down and abandoning module LightPropagationVolumeEditor (98)
[2016.03.26-01.34.33:869][819]LogModuleManager: Shutting down and abandoning module PaperTiledImporter (97)
[2016.03.26-01.34.33:886][819]LogModuleManager: Shutting down and abandoning module PaperSpriteSheetImporter (96)
[2016.03.26-01.34.33:886][819]LogModuleManager: Shutting down and abandoning module MeshPaint (95)
[2016.03.26-01.34.33:886][819]LogModuleManager: Shutting down and abandoning module SlateReflector (94)
[2016.03.26-01.34.33:909][819]LogModuleManager: Shutting down and abandoning module HotReload (93)
[2016.03.26-01.34.33:924][819]LogModuleManager: Shutting down and abandoning module MainFrame (92)
[2016.03.26-01.34.33:924][819]LogModuleManager: Shutting down and abandoning module LevelEditor (91)
[2016.03.26-01.34.33:940][819]LogModuleManager: Shutting down and abandoning module DirectoryWatcher (90)
[2016.03.26-01.34.33:949][819]LogModuleManager: Shutting down and abandoning module AssetRegistry (89)
[2016.03.26-01.34.34:184][819]LogModuleManager: Shutting down and abandoning module ContentBrowser (88)
[2016.03.26-01.34.34:186][819]LogModuleManager: Shutting down and abandoning module Paper2DEditor (87)
[2016.03.26-01.34.34:235][819]LogModuleManager: Shutting down and abandoning module UdpMessaging (86)
[2016.03.26-01.34.34:336][819]LogModuleManager: Shutting down and abandoning module LightPropagationVolumeRuntime (85)
[2016.03.26-01.34.34:336][819]LogModuleManager: Shutting down and abandoning module Paper2D (84)
[2016.03.26-01.34.34:369][819]LogModuleManager: Shutting down and abandoning module WindowsMoviePlayer (83)
[2016.03.26-01.34.34:396][819]LogModuleManager: Shutting down and abandoning module Media (82)
[2016.03.26-01.34.34:396][819]LogModuleManager: Shutting down and abandoning module WmfMedia (81)
[2016.03.26-01.34.34:429][819]LogModuleManager: Shutting down and abandoning module OnlineBlueprintSupport (80)
[2016.03.26-01.34.34:429][819]LogModuleManager: Shutting down and abandoning module GameplayTasksEditor (79)
[2016.03.26-01.34.34:429][819]LogModuleManager: Shutting down and abandoning module PropertyEditor (78)
[2016.03.26-01.34.34:476][819]LogModuleManager: Shutting down and abandoning module BehaviorTreeEditor (77)
[2016.03.26-01.34.34:522][819]LogModuleManager: Shutting down and abandoning module FunctionalTesting (76)
[2016.03.26-01.34.34:522][819]LogModuleManager: Shutting down and abandoning module CollisionAnalyzer (75)
[2016.03.26-01.34.34:541][819]LogModuleManager: Shutting down and abandoning module WorkspaceMenuStructure (74)
[2016.03.26-01.34.34:541][819]LogModuleManager: Shutting down and abandoning module MessageLog (73)
[2016.03.26-01.34.34:541][819]LogModuleManager: Shutting down and abandoning module Sequencer (72)
[2016.03.26-01.34.34:605][819]LogModuleManager: Shutting down and abandoning module AssetTools (71)
[2016.03.26-01.34.34:708][819]LogModuleManager: Shutting down and abandoning module UMGEditor (70)
[2016.03.26-01.34.34:745][819]LogModuleManager: Shutting down and abandoning module UMG (69)
[2016.03.26-01.34.34:780][819]LogModuleManager: Shutting down and abandoning module Slate (68)
[2016.03.26-01.34.34:780][819]LogModuleManager: Shutting down and abandoning module EditorStyle (67)
[2016.03.26-01.34.34:810][819]LogModuleManager: Shutting down and abandoning module SessionServices (66)
[2016.03.26-01.34.34:810][819]LogModuleManager: Shutting down and abandoning module SourceCodeAccess (65)
[2016.03.26-01.34.34:810][819]LogModuleManager: Shutting down and abandoning module HeadMountedDisplay (64)
[2016.03.26-01.34.34:810][819]LogModuleManager: Shutting down and abandoning module XAudio2 (63)
[2016.03.26-01.34.34:810][819]LogModuleManager: Shutting down and abandoning module Networking (61)
[2016.03.26-01.34.34:810][819]LogModuleManager: Shutting down and abandoning module Core (60)
[2016.03.26-01.34.34:810][819]LogModuleManager: Shutting down and abandoning module KismetCompiler (59)
[2016.03.26-01.34.34:810][819]LogModuleManager: Shutting down and abandoning module PhysXFormats (58)
[2016.03.26-01.34.34:810][819]LogModuleManager: Shutting down and abandoning module MeshUtilities (57)
[2016.03.26-01.34.34:848][819]LogModuleManager: Shutting down and abandoning module DerivedDataCache (56)
[2016.03.26-01.34.34:868][819]LogDerivedDataCache: Shutdown
[2016.03.26-01.34.34:868][819]LogModuleManager: Shutting down and abandoning module ShaderFormatOpenGL (55)
[2016.03.26-01.34.34:903][819]LogModuleManager: Shutting down and abandoning module ShaderFormatD3D (54)
[2016.03.26-01.34.34:911][819]LogModuleManager: Shutting down and abandoning module MetalShaderFormat (53)
[2016.03.26-01.34.34:954][819]LogModuleManager: Shutting down and abandoning module TextureFormatUncompressed (52)
[2016.03.26-01.34.34:954][819]LogModuleManager: Shutting down and abandoning module TextureFormatPVR (51)
[2016.03.26-01.34.34:973][819]LogModuleManager: Shutting down and abandoning module TextureFormatIntelISPCTexComp (50)
[2016.03.26-01.34.34:973][819]LogModuleManager: Shutting down and abandoning module TextureFormatDXT (49)
[2016.03.26-01.34.34:979][819]LogModuleManager: Shutting down and abandoning module ImageWrapper (48)
[2016.03.26-01.34.34:979][819]LogModuleManager: Shutting down and abandoning module TextureFormatASTC (47)
[2016.03.26-01.34.34:979][819]LogModuleManager: Shutting down and abandoning module TextureFormatAndroid (46)
[2016.03.26-01.34.34:979][819]LogModuleManager: Shutting down and abandoning module AudioFormatOpus (45)
[2016.03.26-01.34.34:990][819]LogModuleManager: Shutting down and abandoning module AudioFormatOgg (44)
[2016.03.26-01.34.34:994][819]LogModuleManager: Shutting down and abandoning module AudioFormatADPCM (43)
[2016.03.26-01.34.35:013][819]LogModuleManager: Shutting down and abandoning module LinuxTargetPlatform (42)
[2016.03.26-01.34.35:013][819]LogModuleManager: Shutting down and abandoning module LinuxServerTargetPlatform (41)
[2016.03.26-01.34.35:033][819]LogModuleManager: Shutting down and abandoning module LinuxNoEditorTargetPlatform (40)
[2016.03.26-01.34.35:035][819]LogModuleManager: Shutting down and abandoning module Messaging (39)
[2016.03.26-01.34.35:035][819]LogModuleManager: Shutting down and abandoning module IOSTargetPlatform (38)
[2016.03.26-01.34.35:035][819]LogModuleManager: Shutting down and abandoning module HTML5TargetPlatform (37)
[2016.03.26-01.34.35:035][819]LogModuleManager: Shutting down and abandoning module Android_PVRTCTargetPlatform (36)
[2016.03.26-01.34.35:035][819]LogModuleManager: Shutting down and abandoning module Android_MultiTargetPlatform (35)
[2016.03.26-01.34.35:036][819]LogModuleManager: Shutting down and abandoning module Android_ETC2TargetPlatform (34)
[2016.03.26-01.34.35:036][819]LogModuleManager: Shutting down and abandoning module Android_ETC1TargetPlatform (33)
[2016.03.26-01.34.35:036][819]LogModuleManager: Shutting down and abandoning module Android_DXTTargetPlatform (32)
[2016.03.26-01.34.35:036][819]LogModuleManager: Shutting down and abandoning module Android_ATCTargetPlatform (31)
[2016.03.26-01.34.35:036][819]LogModuleManager: Shutting down and abandoning module Android_ASTCTargetPlatform (30)
[2016.03.26-01.34.35:036][819]LogModuleManager: Shutting down and abandoning module AndroidTargetPlatform (29)
[2016.03.26-01.34.35:036][819]LogModuleManager: Shutting down and abandoning module WindowsTargetPlatform (28)
[2016.03.26-01.34.35:036][819]LogModuleManager: Shutting down and abandoning module WindowsServerTargetPlatform (27)
[2016.03.26-01.34.35:046][819]LogModuleManager: Shutting down and abandoning module WindowsNoEditorTargetPlatform (26)
[2016.03.26-01.34.35:047][819]LogModuleManager: Shutting down and abandoning module WindowsClientTargetPlatform (25)
[2016.03.26-01.34.35:049][819]LogModuleManager: Shutting down and abandoning module AllDesktopTargetPlatform (24)
[2016.03.26-01.34.35:049][819]LogModuleManager: Shutting down and abandoning module TargetPlatform (23)
[2016.03.26-01.34.35:049][819]LogModuleManager: Shutting down and abandoning module InputCore (22)
[2016.03.26-01.34.35:049][819]LogModuleManager: Shutting down and abandoning module Settings (21)
[2016.03.26-01.34.35:049][819]LogModuleManager: Shutting down and abandoning module OnlineSubsystem (19)
[2016.03.26-01.34.35:049][819]LogModuleManager: Shutting down and abandoning module HTTP (18)
[2016.03.26-01.37.35:182][819]LogHttp:Warning: Timeout processing Http request. 0000007CFBF42700
[2016.03.26-01.37.35:683][819]LogModuleManager: Shutting down and abandoning module XMPP (17)
[2016.03.26-01.37.35:761][819]LogModuleManager: Shutting down and abandoning module OculusRift (16)
[2016.03.26-01.37.35:783][819]LogModuleManager: Shutting down and abandoning module ExampleDeviceProfileSelector (15)
[2016.03.26-01.37.35:783][819]LogModuleManager: Shutting down and abandoning module TextureCompressor (14)
[2016.03.26-01.37.35:783][819]LogModuleManager: Shutting down and abandoning module ShaderCore (13)
[2016.03.26-01.37.35:783][819]LogModuleManager: Shutting down and abandoning module Landscape (12)
[2016.03.26-01.37.35:783][819]LogModuleManager: Shutting down and abandoning module SlateRHIRenderer (11)
[2016.03.26-01.37.35:807][819]LogModuleManager: Shutting down and abandoning module OpenGLDrv (10)
[2016.03.26-01.37.35:824][819]LogModuleManager: Shutting down and abandoning module D3D11RHI (9)
[2016.03.26-01.37.35:824][819]LogModuleManager: Shutting down and abandoning module AnimGraphRuntime (8)
[2016.03.26-01.37.35:834][819]LogModuleManager: Shutting down and abandoning module Renderer (7)
[2016.03.26-01.37.35:834][819]LogModuleManager: Shutting down and abandoning module Engine (6)
[2016.03.26-01.37.35:834][819]LogModuleManager: Shutting down and abandoning module CoreUObject (5)
[2016.03.26-01.37.35:835][819]LogModuleManager: Shutting down and abandoning module NetworkFile (4)
[2016.03.26-01.37.35:869][819]LogModuleManager: Shutting down and abandoning module StreamingFile (3)
[2016.03.26-01.37.35:888][819]LogModuleManager: Shutting down and abandoning module SandboxFile (2)
[2016.03.26-01.37.35:903][819]LogModuleManager: Shutting down and abandoning module PakFile (1)
[2016.03.26-01.37.35:945][819]LogExit: Exiting.
[2016.03.26-01.37.35:967][819]Log file closed, 03/25/16 19:37:35
