[2016.04.19-23.15.10:792][  0]Log file open, 04/19/16 18:15:10
[2016.04.19-23.15.10:792][  0]LogInit:Display: Running engine for game: Axioma
[2016.04.19-23.15.10:792][  0]LogPlatformFile: Not using cached read wrapper
[2016.04.19-23.15.10:792][  0]LogInit:Display: RandInit(1709589270) SRandInit(1709589271).
[2016.04.19-23.15.10:792][  0]LogTaskGraph: Started task graph with 4 named threads and 5 total threads.
[2016.04.19-23.15.10:792][  0]LogStats: Stats thread started at 0.204475
[2016.04.19-23.15.10:792][  0]LogInit: Version: 4.10.4-2872498+++depot+UE4-Releases+4.10
[2016.04.19-23.15.10:792][  0]LogInit: API Version: 2758231
[2016.04.19-23.15.10:792][  0]LogInit: Compiled (64-bit): Feb 18 2016 15:47:04
[2016.04.19-23.15.10:792][  0]LogInit: Compiled with Visual C++: 19.00.23026.00
[2016.04.19-23.15.10:792][  0]LogInit: Build Configuration: Development
[2016.04.19-23.15.10:792][  0]LogInit: Branch Name: ++depot+UE4-Releases+4.10
[2016.04.19-23.15.10:792][  0]LogInit: Command line:  
[2016.04.19-23.15.10:792][  0]LogInit: Base directory: C:/Program Files (x86)/Epic Games/4.10/Engine/Binaries/Win64/
[2016.04.19-23.15.10:792][  0]LogInit: Rocket: 1
[2016.04.19-23.15.11:002][  0]LogInit: Using libcurl 7.41.0
[2016.04.19-23.15.11:002][  0]LogInit:  - built for x86_64-pc-win32
[2016.04.19-23.15.11:002][  0]LogInit:  - supports SSL with WinSSL
[2016.04.19-23.15.11:002][  0]LogInit:  - other features:
[2016.04.19-23.15.11:002][  0]LogInit:      CURL_VERSION_SSL
[2016.04.19-23.15.11:002][  0]LogInit:      CURL_VERSION_IPV6
[2016.04.19-23.15.11:002][  0]LogInit:      CURL_VERSION_ASYNCHDNS
[2016.04.19-23.15.11:002][  0]LogInit:      CURL_VERSION_LARGEFILE
[2016.04.19-23.15.11:002][  0]LogInit:      CURL_VERSION_IDN
[2016.04.19-23.15.11:002][  0]LogInit:  CurlRequestOptions (configurable via config and command line):
[2016.04.19-23.15.11:002][  0]LogInit:  - bVerifyPeer = true  - Libcurl will verify peer certificate
[2016.04.19-23.15.11:002][  0]LogInit:  - bUseHttpProxy = false  - Libcurl will NOT use HTTP proxy
[2016.04.19-23.15.11:002][  0]LogInit:  - bDontReuseConnections = false  - Libcurl will reuse connections
[2016.04.19-23.15.11:002][  0]LogInit:  - CertBundlePath = nullptr  - Libcurl will use whatever was configured at build time.
[2016.04.19-23.15.11:008][  0]LogInit: Presizing for 0 objects not considered by GC, pre-allocating 0 bytes.
[2016.04.19-23.15.11:016][  0]LogInit: Object subsystem initialized
[2016.04.19-23.15.11:017][  0]LogInit: Selected Device Profile: [Windows]
[2016.04.19-23.15.11:017][  0]LogInit: Applying CVar settings loaded from the selected device profile: [Windows]
[2016.04.19-23.15.11:028][  0]LogInit: Computer: LAPTOP-RAY
[2016.04.19-23.15.11:028][  0]LogInit: User: ray
[2016.04.19-23.15.11:028][  0]LogInit: CPU Page size=4096, Cores=2
[2016.04.19-23.15.11:028][  0]LogInit: High frequency timer resolution =2.338338 MHz
[2016.04.19-23.15.11:028][  0]LogMemory: Memory total: Physical=3.9GB (4GB approx)
[2016.04.19-23.15.11:028][  0]LogMemory: Platform Memory Stats for Windows
[2016.04.19-23.15.11:028][  0]LogMemory: Process Physical Memory: 55.03 MB used, 55.03 MB peak
[2016.04.19-23.15.11:028][  0]LogMemory: Process Virtual Memory: 55.36 MB used, 55.36 MB peak
[2016.04.19-23.15.11:028][  0]LogMemory: Physical Memory: 2876.45 MB used, 3976.27 MB total
[2016.04.19-23.15.11:028][  0]LogMemory: Virtual Memory: 358.91 MB used, 134217728.00 MB total
[2016.04.19-23.15.11:065][  0]LogTextLocalizationManager: No specific translations for ('en-US') exist, so ('en') translations will be used.
[2016.04.19-23.15.11:712][  0]LogD3D11RHI: Found D3D11 adapter 0: Intel(R) HD Graphics Family (Feature Level 11_0)
[2016.04.19-23.15.11:712][  0]LogD3D11RHI: Adapter has 32MB of dedicated video memory, 0MB of dedicated system memory, and 1760MB of shared system memory, 1 output[s]
[2016.04.19-23.15.11:714][  0]LogD3D11RHI: Found D3D11 adapter 1: Microsoft Basic Render Driver (Feature Level 11_0)
[2016.04.19-23.15.11:714][  0]LogD3D11RHI: Adapter has 0MB of dedicated video memory, 0MB of dedicated system memory, and 256MB of shared system memory, 0 output[s]
[2016.04.19-23.15.11:714][  0]LogD3D11RHI: Chosen D3D11 Adapter Id = 0
[2016.04.19-23.15.11:720][  0]LogD3D11RHI: !Direct3DDevice
[2016.04.19-23.15.11:720][  0]LogRHI: Texture pool is 638 MB (70% of 912 MB)
[2016.04.19-23.15.11:727][  0]LogD3D11RHI: Async texture creation enabled
[2016.04.19-23.15.11:732][  0]LogShaderCompilers: Guid format shader working directory is -71 characters bigger than the processId version (../../../../../../Users/ray/Documents/FCFM Stuff/Essays, Homework, and Stuff/7mo. Semestre/Videojuegos 2/vj2/Axioma/Intermediate/Shaders/WorkingDirectory/7112/).
[2016.04.19-23.15.11:732][  0]LogShaderCompilers: Cleaned the shader compiler working directory 'C:/Users/ray/AppData/Local/Temp/UnrealShaderWorkingDir/D200C4374F0203984A560BBA952E868E/'.
[2016.04.19-23.15.11:733][  0]LogShaderCompilers:Display: Using Local Shader Compiler.
[2016.04.19-23.15.14:703][  0]LogTemp:Display: Loaded TP AllDesktopTargetPlatform
[2016.04.19-23.15.14:739][  0]LogTemp:Display: Loaded TP WindowsClientTargetPlatform
[2016.04.19-23.15.14:749][  0]LogTemp:Display: Loaded TP WindowsNoEditorTargetPlatform
[2016.04.19-23.15.14:758][  0]LogTemp:Display: Loaded TP WindowsServerTargetPlatform
[2016.04.19-23.15.14:804][  0]LogTemp:Display: Loaded TP WindowsTargetPlatform
[2016.04.19-23.15.14:855][  0]LogTemp:Display: Loaded TP AndroidTargetPlatform
[2016.04.19-23.15.14:908][  0]LogTemp:Display: Loaded TP Android_ASTCTargetPlatform
[2016.04.19-23.15.14:927][  0]LogTemp:Display: Loaded TP Android_ATCTargetPlatform
[2016.04.19-23.15.14:955][  0]LogTemp:Display: Loaded TP Android_DXTTargetPlatform
[2016.04.19-23.15.15:010][  0]LogTemp:Display: Loaded TP Android_ETC1TargetPlatform
[2016.04.19-23.15.15:068][  0]LogTemp:Display: Loaded TP Android_ETC2TargetPlatform
[2016.04.19-23.15.15:164][  0]LogTemp:Display: Loaded TP Android_MultiTargetPlatform
[2016.04.19-23.15.15:164][  0]LogTemp:Display: Loaded TP Android_PVRTCTargetPlatform
[2016.04.19-23.15.15:205][  0]LogTemp:Display: Loaded TP HTML5TargetPlatform
[2016.04.19-23.15.15:321][  0]LogTemp:Display: Loaded TP IOSTargetPlatform
[2016.04.19-23.15.15:346][  0]LogTemp:Display: Loaded TP LinuxNoEditorTargetPlatform
[2016.04.19-23.15.15:355][  0]LogTemp:Display: Loaded TP LinuxServerTargetPlatform
[2016.04.19-23.15.15:396][  0]LogTemp:Display: Loaded TP LinuxTargetPlatform
[2016.04.19-23.15.15:396][  0]LogTargetPlatformManager:Display: Building Assets For Windows
[2016.04.19-23.15.16:306][  0]LogDerivedDataCache:Display: Max Cache Size: 512 MB
[2016.04.19-23.15.17:217][  0]LogDerivedDataCache: Loaded boot cache 0.89s 41MB C:/Users/ray/AppData/Local/UnrealEngine/4.10/DerivedDataCache/Boot.ddc.
[2016.04.19-23.15.17:217][  0]LogDerivedDataCache:Display: Loaded Boot cache: C:/Users/ray/AppData/Local/UnrealEngine/4.10/DerivedDataCache/Boot.ddc
[2016.04.19-23.15.17:217][  0]LogDerivedDataCache: FDerivedDataBackendGraph:  Pak pak cache file ../../../../../../Users/ray/Documents/FCFM Stuff/Essays, Homework, and Stuff/7mo. Semestre/Videojuegos 2/vj2/Axioma/DerivedDataCache/DDC.ddp not found, will not use a pak cache.
[2016.04.19-23.15.17:217][  0]LogDerivedDataCache: Unable to find inner node Pak for hierarchical cache Hierarchy.
[2016.04.19-23.15.17:217][  0]LogDerivedDataCache: FDerivedDataBackendGraph:  CompressedPak pak cache file ../../../../../../Users/ray/Documents/FCFM Stuff/Essays, Homework, and Stuff/7mo. Semestre/Videojuegos 2/vj2/Axioma/DerivedDataCache/Compressed.ddp not found, will not use a pak cache.
[2016.04.19-23.15.17:217][  0]LogDerivedDataCache: Unable to find inner node CompressedPak for hierarchical cache Hierarchy.
[2016.04.19-23.15.17:390][  0]LogDerivedDataCache:Display: Pak cache opened for reading ../../../Engine/DerivedDataCache/Compressed.ddp.
[2016.04.19-23.15.17:478][  0]LogDerivedDataCache: Using Local data cache path C:/Users/ray/AppData/Local/UnrealEngine/Common/DerivedDataCache: Writable
[2016.04.19-23.15.30:078][  0]LogInit: Selected Device Profile: [Windows]
[2016.04.19-23.15.30:164][  0]LogContentStreaming: Texture pool size is 0.000000MB
[2016.04.19-23.15.32:382][  0]LogMeshUtilities: No automatic mesh reduction module available
[2016.04.19-23.15.32:382][  0]LogMeshUtilities: No automatic mesh merging module available
[2016.04.19-23.15.39:853][  0]LogInit: WinSock: version 1.1 (2.2), MaxSocks=32767, MaxUdp=65467
[2016.04.19-23.16.01:734][  0]UdpMessaging: Initializing bridge on interface 0.0.0.0:0 to multicast group 230.0.0.1:6666.
[2016.04.19-23.16.02:676][  0]LogAssetRegistry: FAssetRegistry took 0.0157 seconds to start up
[2016.04.19-23.16.12:632][  0]SourceControl: Info Source control is disabled
[2016.04.19-23.16.12:789][  0]SourceControl: Info Source control is disabled
[2016.04.19-23.16.13:531][  0]SourceControl: Info Source control is disabled
[2016.04.19-23.16.14:302][  0]SourceControl: Info Source control is disabled
[2016.04.19-23.16.17:484][  0]LogObj: 28633 objects as part of root set at end of initial load.
[2016.04.19-23.16.17:484][  0]LogUObjectAllocator: 6099744 out of 0 bytes used by permanent object pool.
[2016.04.19-23.16.18:771][  0]LogEngine: Initializing Engine...
[2016.04.19-23.16.18:813][  0]LogHMD: Can't find Oculus library dev build: is proper Runtime installed? Version: 0.8.0.0
[2016.04.19-23.16.18:863][  0]LogHMD: SteamVR failed to initialize.  Err: 110
[2016.04.19-23.16.20:670][  0]LogAIModule: Creating AISystem for world NewWorld
[2016.04.19-23.16.20:951][  0]LogInit: XAudio2 using 'Altavoces (Realtek High Definition Audio)' : 2 channels at 48 kHz using 32 bits per sample (channel mask 0x3)
[2016.04.19-23.16.21:074][  0]LogInit: FAudioDevice initialized.
[2016.04.19-23.16.21:339][  0]LogDerivedDataCache: Saved boot cache 0.26s 41MB C:/Users/ray/AppData/Local/UnrealEngine/4.10/DerivedDataCache/Boot.ddc.
[2016.04.19-23.16.21:343][  0]LogInit: Texture streaming: Enabled
[2016.04.19-23.16.21:898][  0]LogAnalytics: Creating configured Analytics provider AnalyticsET
[2016.04.19-23.16.21:898][  0]LogAnalytics: [UEEditor.Rocket.Release] APIServer = http://et2.epicgames.com/ET2/. AppVersion = 4.10.4-2872498+++depot+UE4-Releases+4.10
[2016.04.19-23.16.21:898][  0]LogAnalytics: [UEEditor.Rocket.Release] SetUserId f6d84d504b8c91be90ceca84e0ba1004|f68b6959a5b94dccb13faa64bd594851|592e87cd-9efb-44c2-bcd9-891f7d9d6dd4
[2016.04.19-23.16.21:898][  0]LogAnalytics: [UEEditor.Rocket.Release] AnalyticsET::StartSession
[2016.04.19-23.16.22:060][  0]LogWindowsTextInputMethodSystem:Display: IME system now deactivated.
[2016.04.19-23.16.23:051][  0]LogInit: Transaction tracking system initialized
[2016.04.19-23.16.27:185][  0]BlueprintLog: New page: Editor Load
[2016.04.19-23.16.34:974][  0]LocalizationService: Info Localization service is disabled
[2016.04.19-23.16.41:100][  0]LogConsoleResponse:Display: 
[2016.04.19-23.16.51:875][  0]LogCook:Display: Done creating registry. It took  0.00s.
[2016.04.19-23.16.58:886][  0]SourceControl: Info Source control is disabled
[2016.04.19-23.16.59:386][  0]Cmd: MAP LOAD FILE="../../../../../../Users/ray/Documents/FCFM Stuff/Essays, Homework, and Stuff/7mo. Semestre/Videojuegos 2/vj2/Axioma/Content/Axioma.umap" TEMPLATE=0 SHOWPROGRESS=1 FEATURELEVEL=3
[2016.04.19-23.16.59:941][  0]LightingResults: New page: Lighting Build
[2016.04.19-23.17.00:646][  0]MapCheck: New page: Map Check
[2016.04.19-23.17.00:646][  0]LightingResults: New page: Lighting Build
[2016.04.19-23.17.00:760][  0]LogParticles: Destroying 0 GPU particle simulations for FXSystem 0x000000E58F5B3B00
[2016.04.20-15.23.47:656][  0]LogAIModule: Creating AISystem for world Axioma
[2016.04.20-15.26.39:642][  0]LogEditorServer: Finished looking for orphan Actors (0.022 secs)
[2016.04.20-15.26.40:005][  0]Cmd: MAP CHECKDEP NOCLEARLOG
[2016.04.20-15.26.41:077][  0]MapCheck:Warning: Warning FirstPerson_AnimBP_C_0 FirstPerson_AnimBP_C /Game/Axioma.Axioma:PersistentLevel.FirstPersonCharacter_C_0.TRASH_SkeletalMeshComponent_5.FirstPerson_AnimBP_C_0 : Externally referenced 
[2016.04.20-15.26.41:077][  0]MapCheck:Warning: Warning FirstPerson_AnimBP_C_1 FirstPerson_AnimBP_C /Game/Axioma.Axioma:PersistentLevel.FirstPersonCharacter_C_0.Mesh2P.FirstPerson_AnimBP_C_1 : Externally referenced 
[2016.04.20-15.26.41:077][  0]MapCheck:Warning: Warning FirstPerson_AnimBP_C_0 FirstPerson_AnimBP_C /Game/Axioma.Axioma:PersistentLevel.FirstPersonCharacter_C_0.TRASH_SkeletalMeshComponent_5.FirstPerson_AnimBP_C_0 : Externally referenced 
[2016.04.20-15.26.41:077][  0]MapCheck:Warning: Warning FirstPerson_AnimBP_C_1 FirstPerson_AnimBP_C /Game/Axioma.Axioma:PersistentLevel.FirstPersonCharacter_C_0.Mesh2P.FirstPerson_AnimBP_C_1 : Externally referenced 
[2016.04.20-15.26.41:077][  0]MapCheck:Warning: Warning FirstPerson_AnimBP_C_0 FirstPerson_AnimBP_C /Game/Axioma.Axioma:PersistentLevel.FirstPersonCharacter_C_0.TRASH_SkeletalMeshComponent_5.FirstPerson_AnimBP_C_0 : Externally referenced 
[2016.04.20-15.26.41:077][  0]MapCheck:Warning: Warning FirstPerson_AnimBP_C_1 FirstPerson_AnimBP_C /Game/Axioma.Axioma:PersistentLevel.FirstPersonCharacter_C_0.Mesh2P.FirstPerson_AnimBP_C_1 : Externally referenced 
[2016.04.20-15.26.41:077][  0]MapCheck:Warning: Warning FirstPerson_AnimBP_C_0 FirstPerson_AnimBP_C /Game/Axioma.Axioma:PersistentLevel.FirstPersonCharacter_C_0.TRASH_SkeletalMeshComponent_5.FirstPerson_AnimBP_C_0 : Externally referenced 
[2016.04.20-15.26.41:077][  0]MapCheck:Warning: Warning FirstPerson_AnimBP_C_1 FirstPerson_AnimBP_C /Game/Axioma.Axioma:PersistentLevel.FirstPersonCharacter_C_0.Mesh2P.FirstPerson_AnimBP_C_1 : Externally referenced 
[2016.04.20-15.26.41:077][  0]MapCheck:Warning: Warning FirstPerson_AnimBP_C_0 FirstPerson_AnimBP_C /Game/Axioma.Axioma:PersistentLevel.FirstPersonCharacter_C_0.TRASH_SkeletalMeshComponent_5.FirstPerson_AnimBP_C_0 : Externally referenced 
[2016.04.20-15.26.41:077][  0]MapCheck:Warning: Warning FirstPerson_AnimBP_C_1 FirstPerson_AnimBP_C /Game/Axioma.Axioma:PersistentLevel.FirstPersonCharacter_C_0.Mesh2P.FirstPerson_AnimBP_C_1 : Externally referenced 
[2016.04.20-15.26.41:077][  0]MapCheck:Warning: Warning FirstPerson_AnimBP_C_0 FirstPerson_AnimBP_C /Game/Axioma.Axioma:PersistentLevel.FirstPersonCharacter_C_0.TRASH_SkeletalMeshComponent_5.FirstPerson_AnimBP_C_0 : Externally referenced 
[2016.04.20-15.26.41:077][  0]MapCheck:Warning: Warning FirstPerson_AnimBP_C_1 FirstPerson_AnimBP_C /Game/Axioma.Axioma:PersistentLevel.FirstPersonCharacter_C_0.Mesh2P.FirstPerson_AnimBP_C_1 : Externally referenced 
[2016.04.20-15.26.41:077][  0]MapCheck:Warning: Warning Mesh2P SkeletalMeshComponent /Game/Axioma.Axioma:PersistentLevel.FirstPersonCharacter_C_0.Mesh2P : Externally referenced 
[2016.04.20-15.26.41:077][  0]MapCheck:Warning: Warning Landscape_1 Landscape /Game/Axioma.Axioma:PersistentLevel.Landscape_1 : Externally referenced 
[2016.04.20-15.26.41:077][  0]MapCheck:Warning: Warning StaticMeshComponent0 StaticMeshComponent /Game/Axioma.Axioma:PersistentLevel.Cuadro_2.StaticMeshComponent0 : Externally referenced 
[2016.04.20-15.26.41:077][  0]MapCheck:Warning: Warning StaticMeshComponent0 StaticMeshComponent /Game/Axioma.Axioma:PersistentLevel.Cuadro_3.StaticMeshComponent0 : Externally referenced 
[2016.04.20-15.26.41:077][  0]MapCheck:Warning: Warning StaticMeshComponent0 StaticMeshComponent /Game/Axioma.Axioma:PersistentLevel.Bar_20.StaticMeshComponent0 : Externally referenced 
[2016.04.20-15.26.41:077][  0]MapCheck:Warning: Warning StaticMeshComponent0 StaticMeshComponent /Game/Axioma.Axioma:PersistentLevel.Casa_Grande_7.StaticMeshComponent0 : Externally referenced 
[2016.04.20-15.26.41:077][  0]MapCheck:Warning: Warning StaticMeshComponent0 StaticMeshComponent /Game/Axioma.Axioma:PersistentLevel.maya2.StaticMeshComponent0 : Externally referenced 
[2016.04.20-15.26.41:077][  0]MapCheck:Warning: Warning StaticMeshComponent0 StaticMeshComponent /Game/Axioma.Axioma:PersistentLevel.maya3.StaticMeshComponent0 : Externally referenced 
[2016.04.20-15.26.41:078][  0]MapCheck:Warning: Warning StaticMeshComponent0 StaticMeshComponent /Game/Axioma.Axioma:PersistentLevel.maya4.StaticMeshComponent0 : Externally referenced 
[2016.04.20-15.26.41:078][  0]MapCheck:Warning: Warning StaticMeshComponent0 StaticMeshComponent /Game/Axioma.Axioma:PersistentLevel.maya_11.StaticMeshComponent0 : Externally referenced 
[2016.04.20-15.26.41:078][  0]MapCheck:Warning: Warning StaticMeshComponent0 StaticMeshComponent /Game/Axioma.Axioma:PersistentLevel.Cuadro_14.StaticMeshComponent0 : Externally referenced 
[2016.04.20-15.26.41:078][  0]MapCheck:Warning: Warning StaticMeshComponent0 StaticMeshComponent /Game/Axioma.Axioma:PersistentLevel.Cuadro_2.StaticMeshComponent0 : Externally referenced 
[2016.04.20-15.26.41:078][  0]MapCheck:Warning: Warning StaticMeshComponent0 StaticMeshComponent /Game/Axioma.Axioma:PersistentLevel.Cuadro_3.StaticMeshComponent0 : Externally referenced 
[2016.04.20-15.26.41:078][  0]MapCheck:Warning: Warning StaticMeshComponent0 StaticMeshComponent /Game/Axioma.Axioma:PersistentLevel.CupulaTriple_4.StaticMeshComponent0 : Externally referenced 
[2016.04.20-15.26.41:078][  0]MapCheck:Warning: Warning StaticMeshComponent0 StaticMeshComponent /Game/Axioma.Axioma:PersistentLevel.Puerta_Chica2_28.StaticMeshComponent0 : Externally referenced 
[2016.04.20-15.26.41:078][  0]MapCheck:Warning: Warning StaticMeshComponent0 StaticMeshComponent /Game/Axioma.Axioma:PersistentLevel.Puerta_Chica_5.StaticMeshComponent0 : Externally referenced 
[2016.04.20-15.26.41:078][  0]MapCheck:Warning: Warning StaticMeshComponent0 StaticMeshComponent /Game/Axioma.Axioma:PersistentLevel.Casa_Chica_1_Buena_4.StaticMeshComponent0 : Externally referenced 
[2016.04.20-15.26.41:078][  0]MapCheck:Warning: Warning StaticMeshComponent0 StaticMeshComponent /Game/Axioma.Axioma:PersistentLevel.Casa_Chica_2_Buena_7.StaticMeshComponent0 : Externally referenced 
[2016.04.20-15.26.41:078][  0]MapCheck:Warning: Warning SplineMeshComponent_1005 SplineMeshComponent /Game/Axioma.Axioma:PersistentLevel.Landscape_2.SplineMeshComponent_1005 : Externally referenced 
[2016.04.20-15.26.41:078][  0]MapCheck:Warning: Warning SplineMeshComponent_1006 SplineMeshComponent /Game/Axioma.Axioma:PersistentLevel.Landscape_2.SplineMeshComponent_1006 : Externally referenced 
[2016.04.20-15.26.41:078][  0]MapCheck:Warning: Warning SplineMeshComponent_1007 SplineMeshComponent /Game/Axioma.Axioma:PersistentLevel.Landscape_2.SplineMeshComponent_1007 : Externally referenced 
[2016.04.20-15.26.41:078][  0]MapCheck:Warning: Warning SplineMeshComponent_1008 SplineMeshComponent /Game/Axioma.Axioma:PersistentLevel.Landscape_2.SplineMeshComponent_1008 : Externally referenced 
[2016.04.20-15.26.41:078][  0]MapCheck:Warning: Warning SplineMeshComponent_1009 SplineMeshComponent /Game/Axioma.Axioma:PersistentLevel.Landscape_2.SplineMeshComponent_1009 : Externally referenced 
[2016.04.20-15.26.41:079][  0]MapCheck:Warning: Warning SplineMeshComponent_101 SplineMeshComponent /Game/Axioma.Axioma:PersistentLevel.Landscape_2.SplineMeshComponent_101 : Externally referenced 
[2016.04.20-15.26.41:079][  0]MapCheck:Warning: Warning SplineMeshComponent_1010 SplineMeshComponent /Game/Axioma.Axioma:PersistentLevel.Landscape_2.SplineMeshComponent_1010 : Externally referenced 
[2016.04.20-15.26.41:079][  0]MapCheck:Warning: Warning SplineMeshComponent_1024 SplineMeshComponent /Game/Axioma.Axioma:PersistentLevel.Landscape_2.SplineMeshComponent_1024 : Externally referenced 
[2016.04.20-15.26.41:079][  0]MapCheck:Warning: Warning SplineMeshComponent_1025 SplineMeshComponent /Game/Axioma.Axioma:PersistentLevel.Landscape_2.SplineMeshComponent_1025 : Externally referenced 
[2016.04.20-15.26.41:079][  0]MapCheck:Warning: Warning SplineMeshComponent_1026 SplineMeshComponent /Game/Axioma.Axioma:PersistentLevel.Landscape_2.SplineMeshComponent_1026 : Externally referenced 
[2016.04.20-15.26.41:079][  0]MapCheck:Warning: Warning SplineMeshComponent_1027 SplineMeshComponent /Game/Axioma.Axioma:PersistentLevel.Landscape_2.SplineMeshComponent_1027 : Externally referenced 
[2016.04.20-15.26.41:079][  0]MapCheck:Warning: Warning SplineMeshComponent_1028 SplineMeshComponent /Game/Axioma.Axioma:PersistentLevel.Landscape_2.SplineMeshComponent_1028 : Externally referenced 
[2016.04.20-15.26.41:079][  0]MapCheck:Warning: Warning SplineMeshComponent_1029 SplineMeshComponent /Game/Axioma.Axioma:PersistentLevel.Landscape_2.SplineMeshComponent_1029 : Externally referenced 
[2016.04.20-15.26.41:079][  0]MapCheck:Warning: Warning SplineMeshComponent_1044 SplineMeshComponent /Game/Axioma.Axioma:PersistentLevel.Landscape_2.SplineMeshComponent_1044 : Externally referenced 
[2016.04.20-15.26.41:079][  0]MapCheck:Warning: Warning SplineMeshComponent_1045 SplineMeshComponent /Game/Axioma.Axioma:PersistentLevel.Landscape_2.SplineMeshComponent_1045 : Externally referenced 
[2016.04.20-15.26.41:079][  0]MapCheck:Warning: Warning SplineMeshComponent_1046 SplineMeshComponent /Game/Axioma.Axioma:PersistentLevel.Landscape_2.SplineMeshComponent_1046 : Externally referenced 
[2016.04.20-15.26.41:079][  0]MapCheck:Warning: Warning SplineMeshComponent_1047 SplineMeshComponent /Game/Axioma.Axioma:PersistentLevel.Landscape_2.SplineMeshComponent_1047 : Externally referenced 
[2016.04.20-15.26.41:079][  0]MapCheck:Warning: Warning SplineMeshComponent_1048 SplineMeshComponent /Game/Axioma.Axioma:PersistentLevel.Landscape_2.SplineMeshComponent_1048 : Externally referenced 
[2016.04.20-15.26.41:079][  0]MapCheck:Warning: Warning SplineMeshComponent_105 SplineMeshComponent /Game/Axioma.Axioma:PersistentLevel.Landscape_2.SplineMeshComponent_105 : Externally referenced 
[2016.04.20-15.26.41:079][  0]MapCheck:Warning: Warning SplineMeshComponent_1085 SplineMeshComponent /Game/Axioma.Axioma:PersistentLevel.Landscape_2.SplineMeshComponent_1085 : Externally referenced 
[2016.04.20-15.26.41:079][  0]MapCheck:Warning: Warning SplineMeshComponent_1086 SplineMeshComponent /Game/Axioma.Axioma:PersistentLevel.Landscape_2.SplineMeshComponent_1086 : Externally referenced 
[2016.04.20-15.26.41:079][  0]MapCheck:Warning: Warning SplineMeshComponent_109 SplineMeshComponent /Game/Axioma.Axioma:PersistentLevel.Landscape_2.SplineMeshComponent_109 : Externally referenced 
[2016.04.20-15.26.41:079][  0]MapCheck:Warning: Warning SplineMeshComponent_11 SplineMeshComponent /Game/Axioma.Axioma:PersistentLevel.Landscape_2.SplineMeshComponent_11 : Externally referenced 
[2016.04.20-15.26.41:079][  0]MapCheck:Warning: Warning SplineMeshComponent_1100 SplineMeshComponent /Game/Axioma.Axioma:PersistentLevel.Landscape_2.SplineMeshComponent_1100 : Externally referenced 
[2016.04.20-15.26.41:079][  0]MapCheck:Warning: Warning SplineMeshComponent_1101 SplineMeshComponent /Game/Axioma.Axioma:PersistentLevel.Landscape_2.SplineMeshComponent_1101 : Externally referenced 
[2016.04.20-15.26.41:079][  0]MapCheck:Warning: Warning SplineMeshComponent_1102 SplineMeshComponent /Game/Axioma.Axioma:PersistentLevel.Landscape_2.SplineMeshComponent_1102 : Externally referenced 
[2016.04.20-15.26.41:079][  0]MapCheck:Warning: Warning SplineMeshComponent_1103 SplineMeshComponent /Game/Axioma.Axioma:PersistentLevel.Landscape_2.SplineMeshComponent_1103 : Externally referenced 
[2016.04.20-15.26.41:079][  0]MapCheck:Warning: Warning SplineMeshComponent_1104 SplineMeshComponent /Game/Axioma.Axioma:PersistentLevel.Landscape_2.SplineMeshComponent_1104 : Externally referenced 
[2016.04.20-15.26.41:079][  0]MapCheck:Warning: Warning SplineMeshComponent_1105 SplineMeshComponent /Game/Axioma.Axioma:PersistentLevel.Landscape_2.SplineMeshComponent_1105 : Externally referenced 
[2016.04.20-15.26.41:079][  0]MapCheck:Warning: Warning SplineMeshComponent_112 SplineMeshComponent /Game/Axioma.Axioma:PersistentLevel.Landscape_2.SplineMeshComponent_112 : Externally referenced 
[2016.04.20-15.26.41:080][  0]MapCheck:Warning: Warning SplineMeshComponent_1120 SplineMeshComponent /Game/Axioma.Axioma:PersistentLevel.Landscape_2.SplineMeshComponent_1120 : Externally referenced 
[2016.04.20-15.26.41:080][  0]MapCheck:Warning: Warning SplineMeshComponent_1121 SplineMeshComponent /Game/Axioma.Axioma:PersistentLevel.Landscape_2.SplineMeshComponent_1121 : Externally referenced 
[2016.04.20-15.26.41:080][  0]MapCheck:Warning: Warning SplineMeshComponent_1122 SplineMeshComponent /Game/Axioma.Axioma:PersistentLevel.Landscape_2.SplineMeshComponent_1122 : Externally referenced 
[2016.04.20-15.26.41:080][  0]MapCheck:Warning: Warning SplineMeshComponent_1123 SplineMeshComponent /Game/Axioma.Axioma:PersistentLevel.Landscape_2.SplineMeshComponent_1123 : Externally referenced 
[2016.04.20-15.26.41:080][  0]MapCheck:Warning: Warning SplineMeshComponent_1124 SplineMeshComponent /Game/Axioma.Axioma:PersistentLevel.Landscape_2.SplineMeshComponent_1124 : Externally referenced 
[2016.04.20-15.26.41:080][  0]MapCheck:Warning: Warning SplineMeshComponent_1140 SplineMeshComponent /Game/Axioma.Axioma:PersistentLevel.Landscape_2.SplineMeshComponent_1140 : Externally referenced 
[2016.04.20-15.26.41:080][  0]MapCheck:Warning: Warning SplineMeshComponent_1141 SplineMeshComponent /Game/Axioma.Axioma:PersistentLevel.Landscape_2.SplineMeshComponent_1141 : Externally referenced 
[2016.04.20-15.26.41:080][  0]MapCheck:Warning: Warning SplineMeshComponent_1142 SplineMeshComponent /Game/Axioma.Axioma:PersistentLevel.Landscape_2.SplineMeshComponent_1142 : Externally referenced 
[2016.04.20-15.26.41:080][  0]MapCheck:Warning: Warning SplineMeshComponent_1143 SplineMeshComponent /Game/Axioma.Axioma:PersistentLevel.Landscape_2.SplineMeshComponent_1143 : Externally referenced 
[2016.04.20-15.26.41:080][  0]MapCheck:Warning: Warning SplineMeshComponent_1161 SplineMeshComponent /Game/Axioma.Axioma:PersistentLevel.Landscape_2.SplineMeshComponent_1161 : Externally referenced 
[2016.04.20-15.26.41:080][  0]MapCheck:Warning: Warning SplineMeshComponent_1162 SplineMeshComponent /Game/Axioma.Axioma:PersistentLevel.Landscape_2.SplineMeshComponent_1162 : Externally referenced 
[2016.04.20-15.26.41:080][  0]MapCheck:Warning: Warning SplineMeshComponent_1181 SplineMeshComponent /Game/Axioma.Axioma:PersistentLevel.Landscape_2.SplineMeshComponent_1181 : Externally referenced 
[2016.04.20-15.26.41:080][  0]MapCheck:Warning: Warning SplineMeshComponent_1182 SplineMeshComponent /Game/Axioma.Axioma:PersistentLevel.Landscape_2.SplineMeshComponent_1182 : Externally referenced 
[2016.04.20-15.26.41:080][  0]MapCheck:Warning: Warning SplineMeshComponent_1183 SplineMeshComponent /Game/Axioma.Axioma:PersistentLevel.Landscape_2.SplineMeshComponent_1183 : Externally referenced 
[2016.04.20-15.26.41:080][  0]MapCheck:Warning: Warning SplineMeshComponent_1184 SplineMeshComponent /Game/Axioma.Axioma:PersistentLevel.Landscape_2.SplineMeshComponent_1184 : Externally referenced 
[2016.04.20-15.26.41:080][  0]MapCheck:Warning: Warning SplineMeshComponent_1185 SplineMeshComponent /Game/Axioma.Axioma:PersistentLevel.Landscape_2.SplineMeshComponent_1185 : Externally referenced 
[2016.04.20-15.26.41:080][  0]MapCheck:Warning: Warning SplineMeshComponent_1186 SplineMeshComponent /Game/Axioma.Axioma:PersistentLevel.Landscape_2.SplineMeshComponent_1186 : Externally referenced 
[2016.04.20-15.26.41:080][  0]MapCheck:Warning: Warning SplineMeshComponent_1187 SplineMeshComponent /Game/Axioma.Axioma:PersistentLevel.Landscape_2.SplineMeshComponent_1187 : Externally referenced 
[2016.04.20-15.26.41:080][  0]MapCheck:Warning: Warning SplineMeshComponent_1188 SplineMeshComponent /Game/Axioma.Axioma:PersistentLevel.Landscape_2.SplineMeshComponent_1188 : Externally referenced 
[2016.04.20-15.26.41:080][  0]MapCheck:Warning: Warning SplineMeshComponent_1189 SplineMeshComponent /Game/Axioma.Axioma:PersistentLevel.Landscape_2.SplineMeshComponent_1189 : Externally referenced 
[2016.04.20-15.26.41:080][  0]MapCheck:Warning: Warning SplineMeshComponent_1190 SplineMeshComponent /Game/Axioma.Axioma:PersistentLevel.Landscape_2.SplineMeshComponent_1190 : Externally referenced 
[2016.04.20-15.26.41:080][  0]MapCheck:Warning: Warning SplineMeshComponent_1191 SplineMeshComponent /Game/Axioma.Axioma:PersistentLevel.Landscape_2.SplineMeshComponent_1191 : Externally referenced 
[2016.04.20-15.26.41:080][  0]MapCheck:Warning: Warning SplineMeshComponent_1192 SplineMeshComponent /Game/Axioma.Axioma:PersistentLevel.Landscape_2.SplineMeshComponent_1192 : Externally referenced 
[2016.04.20-15.26.41:080][  0]MapCheck:Warning: Warning SplineMeshComponent_1193 SplineMeshComponent /Game/Axioma.Axioma:PersistentLevel.Landscape_2.SplineMeshComponent_1193 : Externally referenced 
[2016.04.20-15.26.41:081][  0]MapCheck:Warning: Warning SplineMeshComponent_1194 SplineMeshComponent /Game/Axioma.Axioma:PersistentLevel.Landscape_2.SplineMeshComponent_1194 : Externally referenced 
[2016.04.20-15.26.41:081][  0]MapCheck:Warning: Warning SplineMeshComponent_1195 SplineMeshComponent /Game/Axioma.Axioma:PersistentLevel.Landscape_2.SplineMeshComponent_1195 : Externally referenced 
[2016.04.20-15.26.41:081][  0]MapCheck:Warning: Warning SplineMeshComponent_1196 SplineMeshComponent /Game/Axioma.Axioma:PersistentLevel.Landscape_2.SplineMeshComponent_1196 : Externally referenced 
[2016.04.20-15.26.41:081][  0]MapCheck:Warning: Warning SplineMeshComponent_1197 SplineMeshComponent /Game/Axioma.Axioma:PersistentLevel.Landscape_2.SplineMeshComponent_1197 : Externally referenced 
[2016.04.20-15.26.41:081][  0]MapCheck:Warning: Warning SplineMeshComponent_12 SplineMeshComponent /Game/Axioma.Axioma:PersistentLevel.Landscape_2.SplineMeshComponent_12 : Externally referenced 
[2016.04.20-15.26.41:081][  0]MapCheck:Warning: Warning SplineMeshComponent_1200 SplineMeshComponent /Game/Axioma.Axioma:PersistentLevel.Landscape_2.SplineMeshComponent_1200 : Externally referenced 
[2016.04.20-15.26.41:081][  0]MapCheck:Warning: Warning SplineMeshComponent_1201 SplineMeshComponent /Game/Axioma.Axioma:PersistentLevel.Landscape_2.SplineMeshComponent_1201 : Externally referenced 
[2016.04.20-15.26.41:081][  0]MapCheck:Warning: Warning SplineMeshComponent_1202 SplineMeshComponent /Game/Axioma.Axioma:PersistentLevel.Landscape_2.SplineMeshComponent_1202 : Externally referenced 
[2016.04.20-15.26.41:081][  0]MapCheck:Warning: Warning SplineMeshComponent_1203 SplineMeshComponent /Game/Axioma.Axioma:PersistentLevel.Landscape_2.SplineMeshComponent_1203 : Externally referenced 
[2016.04.20-15.26.41:081][  0]MapCheck:Warning: Warning SplineMeshComponent_1204 SplineMeshComponent /Game/Axioma.Axioma:PersistentLevel.Landscape_2.SplineMeshComponent_1204 : Externally referenced 
[2016.04.20-15.26.41:081][  0]MapCheck:Warning: Warning SplineMeshComponent_1205 SplineMeshComponent /Game/Axioma.Axioma:PersistentLevel.Landscape_2.SplineMeshComponent_1205 : Externally referenced 
[2016.04.20-15.26.41:081][  0]MapCheck:Warning: Warning SplineMeshComponent_1206 SplineMeshComponent /Game/Axioma.Axioma:PersistentLevel.Landscape_2.SplineMeshComponent_1206 : Externally referenced 
[2016.04.20-15.26.41:081][  0]MapCheck:Warning: Warning SplineMeshComponent_1207 SplineMeshComponent /Game/Axioma.Axioma:PersistentLevel.Landscape_2.SplineMeshComponent_1207 : Externally referenced 
[2016.04.20-15.26.41:081][  0]MapCheck:Warning: Warning SplineMeshComponent_1208 SplineMeshComponent /Game/Axioma.Axioma:PersistentLevel.Landscape_2.SplineMeshComponent_1208 : Externally referenced 
[2016.04.20-15.26.41:081][  0]MapCheck:Warning: Warning SplineMeshComponent_1209 SplineMeshComponent /Game/Axioma.Axioma:PersistentLevel.Landscape_2.SplineMeshComponent_1209 : Externally referenced 
[2016.04.20-15.26.41:081][  0]MapCheck:Warning: Warning SplineMeshComponent_125 SplineMeshComponent /Game/Axioma.Axioma:PersistentLevel.Landscape_2.SplineMeshComponent_125 : Externally referenced 
[2016.04.20-15.26.41:081][  0]MapCheck:Warning: Warning SplineMeshComponent_126 SplineMeshComponent /Game/Axioma.Axioma:PersistentLevel.Landscape_2.SplineMeshComponent_126 : Externally referenced 
[2016.04.20-15.26.41:081][  0]MapCheck:Warning: Warning SplineMeshComponent_127 SplineMeshComponent /Game/Axioma.Axioma:PersistentLevel.Landscape_2.SplineMeshComponent_127 : Externally referenced 
[2016.04.20-15.26.41:081][  0]MapCheck:Warning: Warning SplineMeshComponent_128 SplineMeshComponent /Game/Axioma.Axioma:PersistentLevel.Landscape_2.SplineMeshComponent_128 : Externally referenced 
[2016.04.20-15.26.41:081][  0]MapCheck:Warning: Warning SplineMeshComponent_129 SplineMeshComponent /Game/Axioma.Axioma:PersistentLevel.Landscape_2.SplineMeshComponent_129 : Externally referenced 
[2016.04.20-15.26.41:081][  0]MapCheck:Warning: Warning SplineMeshComponent_13 SplineMeshComponent /Game/Axioma.Axioma:PersistentLevel.Landscape_2.SplineMeshComponent_13 : Externally referenced 
[2016.04.20-15.26.41:081][  0]MapCheck:Warning: Warning SplineMeshComponent_130 SplineMeshComponent /Game/Axioma.Axioma:PersistentLevel.Landscape_2.SplineMeshComponent_130 : Externally referenced 
[2016.04.20-15.26.41:081][  0]MapCheck:Warning: Warning SplineMeshComponent_132 SplineMeshComponent /Game/Axioma.Axioma:PersistentLevel.Landscape_2.SplineMeshComponent_132 : Externally referenced 
[2016.04.20-15.26.41:081][  0]MapCheck:Warning: Warning SplineMeshComponent_29 SplineMeshComponent /Game/Axioma.Axioma:PersistentLevel.Landscape_2.SplineMeshComponent_29 : Externally referenced 
[2016.04.20-15.26.41:081][  0]MapCheck:Warning: Warning SplineMeshComponent_30 SplineMeshComponent /Game/Axioma.Axioma:PersistentLevel.Landscape_2.SplineMeshComponent_30 : Externally referenced 
[2016.04.20-15.26.41:081][  0]MapCheck:Warning: Warning SplineMeshComponent_31 SplineMeshComponent /Game/Axioma.Axioma:PersistentLevel.Landscape_2.SplineMeshComponent_31 : Externally referenced 
[2016.04.20-15.26.41:081][  0]MapCheck:Warning: Warning SplineMeshComponent_32 SplineMeshComponent /Game/Axioma.Axioma:PersistentLevel.Landscape_2.SplineMeshComponent_32 : Externally referenced 
[2016.04.20-15.26.41:082][  0]MapCheck:Warning: Warning SplineMeshComponent_33 SplineMeshComponent /Game/Axioma.Axioma:PersistentLevel.Landscape_2.SplineMeshComponent_33 : Externally referenced 
[2016.04.20-15.26.41:082][  0]MapCheck:Warning: Warning SplineMeshComponent_34 SplineMeshComponent /Game/Axioma.Axioma:PersistentLevel.Landscape_2.SplineMeshComponent_34 : Externally referenced 
[2016.04.20-15.26.41:082][  0]MapCheck:Warning: Warning SplineMeshComponent_35 SplineMeshComponent /Game/Axioma.Axioma:PersistentLevel.Landscape_2.SplineMeshComponent_35 : Externally referenced 
[2016.04.20-15.26.41:082][  0]MapCheck:Warning: Warning SplineMeshComponent_40 SplineMeshComponent /Game/Axioma.Axioma:PersistentLevel.Landscape_2.SplineMeshComponent_40 : Externally referenced 
[2016.04.20-15.26.41:082][  0]MapCheck:Warning: Warning SplineMeshComponent_45 SplineMeshComponent /Game/Axioma.Axioma:PersistentLevel.Landscape_2.SplineMeshComponent_45 : Externally referenced 
[2016.04.20-15.26.41:082][  0]MapCheck:Warning: Warning SplineMeshComponent_50 SplineMeshComponent /Game/Axioma.Axioma:PersistentLevel.Landscape_2.SplineMeshComponent_50 : Externally referenced 
[2016.04.20-15.26.41:082][  0]MapCheck:Warning: Warning SplineMeshComponent_55 SplineMeshComponent /Game/Axioma.Axioma:PersistentLevel.Landscape_2.SplineMeshComponent_55 : Externally referenced 
[2016.04.20-15.26.41:082][  0]MapCheck:Warning: Warning SplineMeshComponent_57 SplineMeshComponent /Game/Axioma.Axioma:PersistentLevel.Landscape_2.SplineMeshComponent_57 : Externally referenced 
[2016.04.20-15.26.41:082][  0]MapCheck:Warning: Warning SplineMeshComponent_60 SplineMeshComponent /Game/Axioma.Axioma:PersistentLevel.Landscape_2.SplineMeshComponent_60 : Externally referenced 
[2016.04.20-15.26.41:082][  0]MapCheck:Warning: Warning SplineMeshComponent_63 SplineMeshComponent /Game/Axioma.Axioma:PersistentLevel.Landscape_2.SplineMeshComponent_63 : Externally referenced 
[2016.04.20-15.26.41:082][  0]MapCheck:Warning: Warning SplineMeshComponent_68 SplineMeshComponent /Game/Axioma.Axioma:PersistentLevel.Landscape_2.SplineMeshComponent_68 : Externally referenced 
[2016.04.20-15.26.41:082][  0]MapCheck:Warning: Warning SplineMeshComponent_72 SplineMeshComponent /Game/Axioma.Axioma:PersistentLevel.Landscape_2.SplineMeshComponent_72 : Externally referenced 
[2016.04.20-15.26.41:082][  0]MapCheck:Warning: Warning SplineMeshComponent_77 SplineMeshComponent /Game/Axioma.Axioma:PersistentLevel.Landscape_2.SplineMeshComponent_77 : Externally referenced 
[2016.04.20-15.26.41:082][  0]MapCheck:Warning: Warning SplineMeshComponent_81 SplineMeshComponent /Game/Axioma.Axioma:PersistentLevel.Landscape_2.SplineMeshComponent_81 : Externally referenced 
[2016.04.20-15.26.41:082][  0]MapCheck:Warning: Warning SplineMeshComponent_85 SplineMeshComponent /Game/Axioma.Axioma:PersistentLevel.Landscape_2.SplineMeshComponent_85 : Externally referenced 
[2016.04.20-15.26.41:082][  0]MapCheck:Warning: Warning SplineMeshComponent_91 SplineMeshComponent /Game/Axioma.Axioma:PersistentLevel.Landscape_2.SplineMeshComponent_91 : Externally referenced 
[2016.04.20-15.26.41:082][  0]MapCheck:Warning: Warning SplineMeshComponent_912 SplineMeshComponent /Game/Axioma.Axioma:PersistentLevel.Landscape_2.SplineMeshComponent_912 : Externally referenced 
[2016.04.20-15.26.41:082][  0]MapCheck:Warning: Warning SplineMeshComponent_913 SplineMeshComponent /Game/Axioma.Axioma:PersistentLevel.Landscape_2.SplineMeshComponent_913 : Externally referenced 
[2016.04.20-15.26.41:082][  0]MapCheck:Warning: Warning SplineMeshComponent_914 SplineMeshComponent /Game/Axioma.Axioma:PersistentLevel.Landscape_2.SplineMeshComponent_914 : Externally referenced 
[2016.04.20-15.26.41:082][  0]MapCheck:Warning: Warning SplineMeshComponent_915 SplineMeshComponent /Game/Axioma.Axioma:PersistentLevel.Landscape_2.SplineMeshComponent_915 : Externally referenced 
[2016.04.20-15.26.41:082][  0]MapCheck:Warning: Warning SplineMeshComponent_930 SplineMeshComponent /Game/Axioma.Axioma:PersistentLevel.Landscape_2.SplineMeshComponent_930 : Externally referenced 
[2016.04.20-15.26.41:082][  0]MapCheck:Warning: Warning SplineMeshComponent_931 SplineMeshComponent /Game/Axioma.Axioma:PersistentLevel.Landscape_2.SplineMeshComponent_931 : Externally referenced 
[2016.04.20-15.26.41:082][  0]MapCheck:Warning: Warning SplineMeshComponent_932 SplineMeshComponent /Game/Axioma.Axioma:PersistentLevel.Landscape_2.SplineMeshComponent_932 : Externally referenced 
[2016.04.20-15.26.41:082][  0]MapCheck:Warning: Warning SplineMeshComponent_933 SplineMeshComponent /Game/Axioma.Axioma:PersistentLevel.Landscape_2.SplineMeshComponent_933 : Externally referenced 
[2016.04.20-15.26.41:082][  0]MapCheck:Warning: Warning SplineMeshComponent_934 SplineMeshComponent /Game/Axioma.Axioma:PersistentLevel.Landscape_2.SplineMeshComponent_934 : Externally referenced 
[2016.04.20-15.26.41:083][  0]MapCheck:Warning: Warning SplineMeshComponent_949 SplineMeshComponent /Game/Axioma.Axioma:PersistentLevel.Landscape_2.SplineMeshComponent_949 : Externally referenced 
[2016.04.20-15.26.41:083][  0]MapCheck:Warning: Warning SplineMeshComponent_950 SplineMeshComponent /Game/Axioma.Axioma:PersistentLevel.Landscape_2.SplineMeshComponent_950 : Externally referenced 
[2016.04.20-15.26.41:083][  0]MapCheck:Warning: Warning SplineMeshComponent_951 SplineMeshComponent /Game/Axioma.Axioma:PersistentLevel.Landscape_2.SplineMeshComponent_951 : Externally referenced 
[2016.04.20-15.26.41:083][  0]MapCheck:Warning: Warning SplineMeshComponent_952 SplineMeshComponent /Game/Axioma.Axioma:PersistentLevel.Landscape_2.SplineMeshComponent_952 : Externally referenced 
[2016.04.20-15.26.41:083][  0]MapCheck:Warning: Warning SplineMeshComponent_953 SplineMeshComponent /Game/Axioma.Axioma:PersistentLevel.Landscape_2.SplineMeshComponent_953 : Externally referenced 
[2016.04.20-15.26.41:083][  0]MapCheck:Warning: Warning SplineMeshComponent_96 SplineMeshComponent /Game/Axioma.Axioma:PersistentLevel.Landscape_2.SplineMeshComponent_96 : Externally referenced 
[2016.04.20-15.26.41:083][  0]MapCheck:Warning: Warning SplineMeshComponent_967 SplineMeshComponent /Game/Axioma.Axioma:PersistentLevel.Landscape_2.SplineMeshComponent_967 : Externally referenced 
[2016.04.20-15.26.41:083][  0]MapCheck:Warning: Warning SplineMeshComponent_968 SplineMeshComponent /Game/Axioma.Axioma:PersistentLevel.Landscape_2.SplineMeshComponent_968 : Externally referenced 
[2016.04.20-15.26.41:083][  0]MapCheck:Warning: Warning SplineMeshComponent_969 SplineMeshComponent /Game/Axioma.Axioma:PersistentLevel.Landscape_2.SplineMeshComponent_969 : Externally referenced 
[2016.04.20-15.26.41:083][  0]MapCheck:Warning: Warning SplineMeshComponent_970 SplineMeshComponent /Game/Axioma.Axioma:PersistentLevel.Landscape_2.SplineMeshComponent_970 : Externally referenced 
[2016.04.20-15.26.41:083][  0]MapCheck:Warning: Warning SplineMeshComponent_971 SplineMeshComponent /Game/Axioma.Axioma:PersistentLevel.Landscape_2.SplineMeshComponent_971 : Externally referenced 
[2016.04.20-15.26.41:083][  0]MapCheck:Warning: Warning SplineMeshComponent_972 SplineMeshComponent /Game/Axioma.Axioma:PersistentLevel.Landscape_2.SplineMeshComponent_972 : Externally referenced 
[2016.04.20-15.26.41:083][  0]MapCheck:Warning: Warning SplineMeshComponent_989 SplineMeshComponent /Game/Axioma.Axioma:PersistentLevel.Landscape_2.SplineMeshComponent_989 : Externally referenced 
[2016.04.20-15.26.41:083][  0]MapCheck:Warning: Warning SplineMeshComponent_990 SplineMeshComponent /Game/Axioma.Axioma:PersistentLevel.Landscape_2.SplineMeshComponent_990 : Externally referenced 
[2016.04.20-15.26.41:083][  0]MapCheck:Warning: Warning SplineMeshComponent_991 SplineMeshComponent /Game/Axioma.Axioma:PersistentLevel.Landscape_2.SplineMeshComponent_991 : Externally referenced 
[2016.04.20-15.26.41:083][  0]MapCheck:Warning: Warning LandscapeSplineSegment_10 LandscapeSplineSegment /Game/Axioma.Axioma:PersistentLevel.Landscape_2.LandscapeSplinesComponent_0.LandscapeSplineSegment_10 : Externally referenced 
[2016.04.20-15.26.41:083][  0]MapCheck:Warning: Warning LandscapeSplineSegment_11 LandscapeSplineSegment /Game/Axioma.Axioma:PersistentLevel.Landscape_2.LandscapeSplinesComponent_0.LandscapeSplineSegment_11 : Externally referenced 
[2016.04.20-15.26.41:083][  0]MapCheck:Warning: Warning LandscapeSplineSegment_12 LandscapeSplineSegment /Game/Axioma.Axioma:PersistentLevel.Landscape_2.LandscapeSplinesComponent_0.LandscapeSplineSegment_12 : Externally referenced 
[2016.04.20-15.26.41:083][  0]MapCheck:Warning: Warning LandscapeSplineSegment_13 LandscapeSplineSegment /Game/Axioma.Axioma:PersistentLevel.Landscape_2.LandscapeSplinesComponent_0.LandscapeSplineSegment_13 : Externally referenced 
[2016.04.20-15.26.41:083][  0]MapCheck:Warning: Warning LandscapeSplineSegment_14 LandscapeSplineSegment /Game/Axioma.Axioma:PersistentLevel.Landscape_2.LandscapeSplinesComponent_0.LandscapeSplineSegment_14 : Externally referenced 
[2016.04.20-15.26.41:083][  0]MapCheck:Warning: Warning LandscapeSplineSegment_15 LandscapeSplineSegment /Game/Axioma.Axioma:PersistentLevel.Landscape_2.LandscapeSplinesComponent_0.LandscapeSplineSegment_15 : Externally referenced 
[2016.04.20-15.26.41:083][  0]MapCheck:Warning: Warning LandscapeSplineSegment_16 LandscapeSplineSegment /Game/Axioma.Axioma:PersistentLevel.Landscape_2.LandscapeSplinesComponent_0.LandscapeSplineSegment_16 : Externally referenced 
[2016.04.20-15.26.41:083][  0]MapCheck:Warning: Warning LandscapeSplineSegment_17 LandscapeSplineSegment /Game/Axioma.Axioma:PersistentLevel.Landscape_2.LandscapeSplinesComponent_0.LandscapeSplineSegment_17 : Externally referenced 
[2016.04.20-15.26.41:083][  0]MapCheck:Warning: Warning LandscapeSplineSegment_18 LandscapeSplineSegment /Game/Axioma.Axioma:PersistentLevel.Landscape_2.LandscapeSplinesComponent_0.LandscapeSplineSegment_18 : Externally referenced 
[2016.04.20-15.26.41:083][  0]MapCheck:Warning: Warning LandscapeSplineSegment_19 LandscapeSplineSegment /Game/Axioma.Axioma:PersistentLevel.Landscape_2.LandscapeSplinesComponent_0.LandscapeSplineSegment_19 : Externally referenced 
[2016.04.20-15.26.41:083][  0]MapCheck:Warning: Warning LandscapeSplineSegment_2 LandscapeSplineSegment /Game/Axioma.Axioma:PersistentLevel.Landscape_2.LandscapeSplinesComponent_0.LandscapeSplineSegment_2 : Externally referenced 
[2016.04.20-15.26.41:083][  0]MapCheck:Warning: Warning LandscapeSplineSegment_20 LandscapeSplineSegment /Game/Axioma.Axioma:PersistentLevel.Landscape_2.LandscapeSplinesComponent_0.LandscapeSplineSegment_20 : Externally referenced 
[2016.04.20-15.26.41:084][  0]MapCheck:Warning: Warning LandscapeSplineSegment_21 LandscapeSplineSegment /Game/Axioma.Axioma:PersistentLevel.Landscape_2.LandscapeSplinesComponent_0.LandscapeSplineSegment_21 : Externally referenced 
[2016.04.20-15.26.41:084][  0]MapCheck:Warning: Warning LandscapeSplineSegment_23 LandscapeSplineSegment /Game/Axioma.Axioma:PersistentLevel.Landscape_2.LandscapeSplinesComponent_0.LandscapeSplineSegment_23 : Externally referenced 
[2016.04.20-15.26.41:084][  0]MapCheck:Warning: Warning LandscapeSplineSegment_27 LandscapeSplineSegment /Game/Axioma.Axioma:PersistentLevel.Landscape_2.LandscapeSplinesComponent_0.LandscapeSplineSegment_27 : Externally referenced 
[2016.04.20-15.26.41:084][  0]MapCheck:Warning: Warning LandscapeSplineSegment_28 LandscapeSplineSegment /Game/Axioma.Axioma:PersistentLevel.Landscape_2.LandscapeSplinesComponent_0.LandscapeSplineSegment_28 : Externally referenced 
[2016.04.20-15.26.41:084][  0]MapCheck:Warning: Warning LandscapeSplineSegment_29 LandscapeSplineSegment /Game/Axioma.Axioma:PersistentLevel.Landscape_2.LandscapeSplinesComponent_0.LandscapeSplineSegment_29 : Externally referenced 
[2016.04.20-15.26.41:084][  0]MapCheck:Warning: Warning LandscapeSplineSegment_3 LandscapeSplineSegment /Game/Axioma.Axioma:PersistentLevel.Landscape_2.LandscapeSplinesComponent_0.LandscapeSplineSegment_3 : Externally referenced 
[2016.04.20-15.26.41:084][  0]MapCheck:Warning: Warning LandscapeSplineSegment_30 LandscapeSplineSegment /Game/Axioma.Axioma:PersistentLevel.Landscape_2.LandscapeSplinesComponent_0.LandscapeSplineSegment_30 : Externally referenced 
[2016.04.20-15.26.41:084][  0]MapCheck:Warning: Warning LandscapeSplineSegment_31 LandscapeSplineSegment /Game/Axioma.Axioma:PersistentLevel.Landscape_2.LandscapeSplinesComponent_0.LandscapeSplineSegment_31 : Externally referenced 
[2016.04.20-15.26.41:084][  0]MapCheck:Warning: Warning LandscapeSplineSegment_32 LandscapeSplineSegment /Game/Axioma.Axioma:PersistentLevel.Landscape_2.LandscapeSplinesComponent_0.LandscapeSplineSegment_32 : Externally referenced 
[2016.04.20-15.26.41:084][  0]MapCheck:Warning: Warning LandscapeSplineSegment_34 LandscapeSplineSegment /Game/Axioma.Axioma:PersistentLevel.Landscape_2.LandscapeSplinesComponent_0.LandscapeSplineSegment_34 : Externally referenced 
[2016.04.20-15.26.41:084][  0]MapCheck:Warning: Warning LandscapeSplineSegment_4 LandscapeSplineSegment /Game/Axioma.Axioma:PersistentLevel.Landscape_2.LandscapeSplinesComponent_0.LandscapeSplineSegment_4 : Externally referenced 
[2016.04.20-15.26.41:084][  0]MapCheck:Warning: Warning LandscapeSplineSegment_5 LandscapeSplineSegment /Game/Axioma.Axioma:PersistentLevel.Landscape_2.LandscapeSplinesComponent_0.LandscapeSplineSegment_5 : Externally referenced 
[2016.04.20-15.26.41:084][  0]MapCheck:Warning: Warning LandscapeSplineSegment_6 LandscapeSplineSegment /Game/Axioma.Axioma:PersistentLevel.Landscape_2.LandscapeSplinesComponent_0.LandscapeSplineSegment_6 : Externally referenced 
[2016.04.20-15.26.41:084][  0]MapCheck:Warning: Warning LandscapeSplineSegment_7 LandscapeSplineSegment /Game/Axioma.Axioma:PersistentLevel.Landscape_2.LandscapeSplinesComponent_0.LandscapeSplineSegment_7 : Externally referenced 
[2016.04.20-15.26.41:084][  0]MapCheck:Warning: Warning LandscapeSplineSegment_70 LandscapeSplineSegment /Game/Axioma.Axioma:PersistentLevel.Landscape_2.LandscapeSplinesComponent_0.LandscapeSplineSegment_70 : Externally referenced 
[2016.04.20-15.26.41:084][  0]MapCheck:Warning: Warning LandscapeSplineSegment_72 LandscapeSplineSegment /Game/Axioma.Axioma:PersistentLevel.Landscape_2.LandscapeSplinesComponent_0.LandscapeSplineSegment_72 : Externally referenced 
[2016.04.20-15.26.41:084][  0]MapCheck:Warning: Warning LandscapeSplineSegment_73 LandscapeSplineSegment /Game/Axioma.Axioma:PersistentLevel.Landscape_2.LandscapeSplinesComponent_0.LandscapeSplineSegment_73 : Externally referenced 
[2016.04.20-15.26.41:084][  0]MapCheck:Warning: Warning LandscapeSplineSegment_74 LandscapeSplineSegment /Game/Axioma.Axioma:PersistentLevel.Landscape_2.LandscapeSplinesComponent_0.LandscapeSplineSegment_74 : Externally referenced 
[2016.04.20-15.26.41:084][  0]MapCheck:Warning: Warning LandscapeSplineSegment_75 LandscapeSplineSegment /Game/Axioma.Axioma:PersistentLevel.Landscape_2.LandscapeSplinesComponent_0.LandscapeSplineSegment_75 : Externally referenced 
[2016.04.20-15.26.41:084][  0]MapCheck:Warning: Warning LandscapeSplineSegment_76 LandscapeSplineSegment /Game/Axioma.Axioma:PersistentLevel.Landscape_2.LandscapeSplinesComponent_0.LandscapeSplineSegment_76 : Externally referenced 
[2016.04.20-15.26.41:084][  0]MapCheck:Warning: Warning LandscapeSplineSegment_77 LandscapeSplineSegment /Game/Axioma.Axioma:PersistentLevel.Landscape_2.LandscapeSplinesComponent_0.LandscapeSplineSegment_77 : Externally referenced 
[2016.04.20-15.26.41:084][  0]MapCheck:Warning: Warning LandscapeSplineSegment_78 LandscapeSplineSegment /Game/Axioma.Axioma:PersistentLevel.Landscape_2.LandscapeSplinesComponent_0.LandscapeSplineSegment_78 : Externally referenced 
[2016.04.20-15.26.41:084][  0]MapCheck:Warning: Warning LandscapeSplineSegment_79 LandscapeSplineSegment /Game/Axioma.Axioma:PersistentLevel.Landscape_2.LandscapeSplinesComponent_0.LandscapeSplineSegment_79 : Externally referenced 
[2016.04.20-15.26.41:084][  0]MapCheck:Warning: Warning LandscapeSplineSegment_8 LandscapeSplineSegment /Game/Axioma.Axioma:PersistentLevel.Landscape_2.LandscapeSplinesComponent_0.LandscapeSplineSegment_8 : Externally referenced 
[2016.04.20-15.26.41:084][  0]MapCheck:Warning: Warning LandscapeSplineSegment_80 LandscapeSplineSegment /Game/Axioma.Axioma:PersistentLevel.Landscape_2.LandscapeSplinesComponent_0.LandscapeSplineSegment_80 : Externally referenced 
[2016.04.20-15.26.41:085][  0]MapCheck:Warning: Warning LandscapeSplineSegment_82 LandscapeSplineSegment /Game/Axioma.Axioma:PersistentLevel.Landscape_2.LandscapeSplinesComponent_0.LandscapeSplineSegment_82 : Externally referenced 
[2016.04.20-15.26.41:085][  0]MapCheck:Warning: Warning LandscapeSplineSegment_83 LandscapeSplineSegment /Game/Axioma.Axioma:PersistentLevel.Landscape_2.LandscapeSplinesComponent_0.LandscapeSplineSegment_83 : Externally referenced 
[2016.04.20-15.26.41:085][  0]MapCheck:Warning: Warning LandscapeSplineSegment_85 LandscapeSplineSegment /Game/Axioma.Axioma:PersistentLevel.Landscape_2.LandscapeSplinesComponent_0.LandscapeSplineSegment_85 : Externally referenced 
[2016.04.20-15.26.41:085][  0]MapCheck:Warning: Warning LandscapeSplineSegment_86 LandscapeSplineSegment /Game/Axioma.Axioma:PersistentLevel.Landscape_2.LandscapeSplinesComponent_0.LandscapeSplineSegment_86 : Externally referenced 
[2016.04.20-15.26.41:085][  0]MapCheck:Warning: Warning StaticMeshComponent0 StaticMeshComponent /Game/Axioma.Axioma:PersistentLevel.SM_Stairs_25.StaticMeshComponent0 : Externally referenced 
[2016.04.20-15.26.41:085][  0]MapCheck: Info Map check complete: 0 Error(s), 193 Warning(s), took 1,079.752ms to complete.
[2016.04.20-15.26.41:251][  0]LogFileHelpers: Loading map 'Axioma' took 58189.203
[2016.04.20-15.26.46:146][  0]LogCollectionManager: Loaded 0 collections in 0.042024 seconds
[2016.04.20-15.26.47:134][  0]LogFileCache: Scanning file cache for directory 'C:/Users/ray/Documents/FCFM Stuff/Essays, Homework, and Stuff/7mo. Semestre/Videojuegos 2/vj2/Axioma/Saved/Collections/' took 0.01s
[2016.04.20-15.26.47:134][  0]LogFileCache: Scanning file cache for directory 'C:/Users/ray/Documents/FCFM Stuff/Essays, Homework, and Stuff/7mo. Semestre/Videojuegos 2/vj2/Axioma/Content/Developers/ray/Collections/' took 0.01s
[2016.04.20-15.26.47:134][  0]LogFileCache: Scanning file cache for directory 'C:/Users/ray/Documents/FCFM Stuff/Essays, Homework, and Stuff/7mo. Semestre/Videojuegos 2/vj2/Axioma/Content/Collections/' took 0.01s
[2016.04.20-15.26.47:134][  0]LogCollectionManager: Rebuilt the GUID cache for 0 collections in 0.000513 seconds
[2016.04.20-15.26.47:334][  0]LogContentBrowser: Native class hierarchy populated in 0.0770 seconds. Added 1893 classes and 338 folders.
[2016.04.20-15.26.47:739][  0]LogContentBrowser: Native class hierarchy updated for 'WidgetCarousel' in 0.0013 seconds. Added 0 classes and 0 folders.
[2016.04.20-15.26.50:024][  0]LogContentBrowser: Native class hierarchy updated for 'AddContentDialog' in 0.0008 seconds. Added 0 classes and 0 folders.
[2016.04.20-15.26.50:157][  0]LogContentBrowser: Native class hierarchy updated for 'SceneOutliner' in 0.0005 seconds. Added 1 classes and 2 folders.
[2016.04.20-15.26.51:256][  0]LogCrashTracker: Crashtracker disabled due to settings.
[2016.04.20-15.26.51:662][  0]LogUObjectGlobals:Warning: Failed to find object 'Class None.'
[2016.04.20-15.26.51:816][  0]LogLoad: Full Startup: 58308.96 seconds (BP compile: 7.07 seconds)
[2016.04.20-15.26.52:230][  0]LogOcInput: Can't find Oculus library dev build: is proper Runtime installed? Version: 0.8.0.0
[2016.04.20-15.26.54:500][  0]LogContentStreaming: Texture pool size now 200 MB
[2016.04.20-15.26.56:769][  0]LogRenderer: Reallocating scene render targets to support 816x348 (Frame:2).
[2016.04.20-15.26.57:244][  1]Cmd: UpdateLandscapeEditorData -warnings
[2016.04.20-15.27.04:978][  9]LogAssetRegistry: Asset discovery search completed in 58269.4285 seconds
[2016.04.20-15.27.04:978][  9]LogCollectionManager: Rebuilt the object cache for 0 collections in 0.000001 seconds (found 0 objects)
[2016.04.20-15.27.04:978][  9]LogCollectionManager: Fixed up redirectors for 0 collections in 0.000021 seconds (updated 0 objects)
[2016.04.20-15.36.45:152][724]LogWindowsTextInputMethodSystem:Display: IME system now deactivated.
[2016.04.20-15.36.45:504][724]LogWindowsTextInputMethodSystem:Display: IME system now deactivated.
[2016.04.20-15.37.07:915][982]LogWindowsTextInputMethodSystem:Display: IME system now deactivated.
[2016.04.20-15.37.22:077][983]Cmd: QUIT_EDITOR
[2016.04.20-15.37.25:882][983]LogExit: Preparing to exit.
[2016.04.20-15.37.31:804][983]LogExit: Editor shut down
[2016.04.20-15.37.31:879][983]LogExit: Transaction tracking system shut down
[2016.04.20-15.37.33:264][983]LogParticles: Destroying 0 GPU particle simulations for FXSystem 0x000000E5925F13A0
[2016.04.20-15.37.39:594][983]LogParticles: Destroying 0 GPU particle simulations for FXSystem 0x000000E59E1120C0
[2016.04.20-15.37.39:594][983]LogParticles: Destroying 0 GPU particle simulations for FXSystem 0x000000E5A1894AE0
[2016.04.20-15.37.39:594][983]LogParticles: Destroying 0 GPU particle simulations for FXSystem 0x000000E5A1EA7A60
[2016.04.20-15.37.39:594][983]LogParticles: Destroying 0 GPU particle simulations for FXSystem 0x000000E5A1408540
[2016.04.20-15.37.39:594][983]LogExit: Object subsystem successfully closed.
[2016.04.20-15.37.41:534][983]LogD3D11RHI: Shutdown
[2016.04.20-15.37.41:534][983]LogD3D11RHI: CleanupD3DDevice
[2016.04.20-15.37.42:851][983]LogD3D11RHI: ~FD3D11DynamicRHI
[2016.04.20-15.37.45:433][983]LogModuleManager: Shutting down and abandoning module CrashTracker (198)
[2016.04.20-15.37.45:498][983]LogModuleManager: Shutting down and abandoning module SceneOutliner (197)
[2016.04.20-15.37.45:528][983]LogModuleManager: Shutting down and abandoning module SuperSearch (196)
[2016.04.20-15.37.45:541][983]LogModuleManager: Shutting down and abandoning module WidgetCarousel (195)
[2016.04.20-15.37.45:565][983]LogModuleManager: Shutting down and abandoning module AddContentDialog (194)
[2016.04.20-15.37.45:779][983]LogModuleManager: Shutting down and abandoning module EditorWidgets (193)
[2016.04.20-15.37.45:779][983]LogModuleManager: Shutting down and abandoning module CollectionManager (192)
[2016.04.20-15.37.45:861][983]LogModuleManager: Shutting down and abandoning module StatsViewer (191)
[2016.04.20-15.37.45:900][983]LogModuleManager: Shutting down and abandoning module FoliageEdit (190)
[2016.04.20-15.37.45:929][983]LogModuleManager: Shutting down and abandoning module LandscapeEditor (189)
[2016.04.20-15.37.46:029][983]LogModuleManager: Shutting down and abandoning module ActorPickerMode (188)
[2016.04.20-15.37.46:029][983]LogModuleManager: Shutting down and abandoning module GeometryMode (187)
[2016.04.20-15.37.46:029][983]LogModuleManager: Shutting down and abandoning module TextureAlignMode (186)
[2016.04.20-15.37.46:029][983]LogModuleManager: Shutting down and abandoning module BspMode (185)
[2016.04.20-15.37.46:029][983]LogModuleManager: Shutting down and abandoning module PlacementMode (184)
[2016.04.20-15.37.46:076][983]LogModuleManager: Shutting down and abandoning module AutomationWorker (183)
[2016.04.20-15.37.46:076][983]LogModuleManager: Shutting down and abandoning module CharacterAI (182)
[2016.04.20-15.37.46:076][983]LogModuleManager: Shutting down and abandoning module SmartSnapping (181)
[2016.04.20-15.37.46:076][983]LogModuleManager: Shutting down and abandoning module ViewportSnapping (180)
[2016.04.20-15.37.46:076][983]LogModuleManager: Shutting down and abandoning module LogVisualizer (179)
[2016.04.20-15.37.46:222][983]LogModuleManager: Shutting down and abandoning module GameProjectGeneration (178)
[2016.04.20-15.37.46:296][983]LogModuleManager: Shutting down and abandoning module IntroTutorials (177)
[2016.04.20-15.37.46:462][983]LogModuleManager: Shutting down and abandoning module EditorLiveStreaming (176)
[2016.04.20-15.37.46:462][983]LogModuleManager: Shutting down and abandoning module IOSPlatformEditor (175)
[2016.04.20-15.37.46:469][983]LogModuleManager: Shutting down and abandoning module HTML5PlatformEditor (174)
[2016.04.20-15.37.46:469][983]LogModuleManager: Shutting down and abandoning module AndroidDeviceDetection (173)
[2016.04.20-15.37.47:289][983]LogModuleManager: Shutting down and abandoning module AndroidPlatformEditor (172)
[2016.04.20-15.37.47:289][983]LogModuleManager: Shutting down and abandoning module IOSRuntimeSettings (171)
[2016.04.20-15.37.47:289][983]LogModuleManager: Shutting down and abandoning module AndroidRuntimeSettings (170)
[2016.04.20-15.37.47:289][983]LogModuleManager: Shutting down and abandoning module MergeActors (169)
[2016.04.20-15.37.47:307][983]LogModuleManager: Shutting down and abandoning module SizeMap (168)
[2016.04.20-15.37.47:307][983]LogModuleManager: Shutting down and abandoning module TreeMap (167)
[2016.04.20-15.37.47:334][983]LogModuleManager: Shutting down and abandoning module ReferenceViewer (166)
[2016.04.20-15.37.47:341][983]LogModuleManager: Shutting down and abandoning module LocalizationService (165)
[2016.04.20-15.37.47:352][983]LogModuleManager: Shutting down and abandoning module LocalizationDashboard (164)
[2016.04.20-15.37.47:422][983]LogModuleManager: Shutting down and abandoning module HardwareTargeting (163)
[2016.04.20-15.37.47:435][983]LogModuleManager: Shutting down and abandoning module DeviceProfileEditor (162)
[2016.04.20-15.37.47:469][983]LogModuleManager: Shutting down and abandoning module UndoHistory (161)
[2016.04.20-15.37.47:485][983]LogModuleManager: Shutting down and abandoning module GameplayTagsEditor (160)
[2016.04.20-15.37.47:517][983]LogModuleManager: Shutting down and abandoning module UserFeedback (159)
[2016.04.20-15.37.47:517][983]LogModuleManager: Shutting down and abandoning module XmlParser (158)
[2016.04.20-15.37.47:531][983]LogModuleManager: Shutting down and abandoning module Blutility (157)
[2016.04.20-15.37.47:531][983]LogModuleManager: Shutting down and abandoning module ProjectTargetPlatformEditor (156)
[2016.04.20-15.37.47:562][983]LogModuleManager: Shutting down and abandoning module ProjectSettingsViewer (155)
[2016.04.20-15.37.47:585][983]LogModuleManager: Shutting down and abandoning module InputBindingEditor (154)
[2016.04.20-15.37.47:678][983]LogModuleManager: Shutting down and abandoning module EditorSettingsViewer (153)
[2016.04.20-15.37.47:682][983]LogModuleManager: Shutting down and abandoning module SettingsEditor (152)
[2016.04.20-15.37.47:729][983]LogModuleManager: Shutting down and abandoning module ProjectLauncher (151)
[2016.04.20-15.37.47:803][983]LogModuleManager: Shutting down and abandoning module SessionFrontend (150)
[2016.04.20-15.37.47:834][983]LogModuleManager: Shutting down and abandoning module ProfilerClient (149)
[2016.04.20-15.37.47:864][983]LogModuleManager: Shutting down and abandoning module TargetDeviceServices (148)
[2016.04.20-15.37.47:876][983]LogModuleManager: Shutting down and abandoning module DeviceManager (147)
[2016.04.20-15.37.47:904][983]LogModuleManager: Shutting down and abandoning module AutomationController (146)
[2016.04.20-15.37.47:932][983]LogModuleManager: Shutting down and abandoning module AutomationWindow (145)
[2016.04.20-15.37.47:959][983]LogModuleManager: Shutting down and abandoning module Layers (144)
[2016.04.20-15.37.48:019][983]LogModuleManager: Shutting down and abandoning module ComponentVisualizers (143)
[2016.04.20-15.37.48:019][983]LogModuleManager: Shutting down and abandoning module DetailCustomizations (142)
[2016.04.20-15.37.48:074][983]LogModuleManager: Shutting down and abandoning module PackagesDialog (141)
[2016.04.20-15.37.48:104][983]LogModuleManager: Shutting down and abandoning module Persona (140)
[2016.04.20-15.37.48:210][983]LogModuleManager: Shutting down and abandoning module Kismet (139)
[2016.04.20-15.37.48:287][983]LogModuleManager: Shutting down and abandoning module GraphEditor (138)
[2016.04.20-15.37.48:484][983]LogModuleManager: Shutting down and abandoning module ClassViewer (137)
[2016.04.20-15.37.48:535][983]LogModuleManager: Shutting down and abandoning module Toolbox (136)
[2016.04.20-15.37.48:551][983]LogModuleManager: Shutting down and abandoning module ModuleUI (135)
[2016.04.20-15.37.48:584][983]LogModuleManager: Shutting down and abandoning module MovieSceneTools (134)
[2016.04.20-15.37.48:620][983]LogModuleManager: Shutting down and abandoning module OutputLog (133)
[2016.04.20-15.37.48:620][983]LogModuleManager: Shutting down and abandoning module GammaUI (132)
[2016.04.20-15.37.48:638][983]LogModuleManager: Shutting down and abandoning module Documentation (131)
[2016.04.20-15.37.48:655][983]LogModuleManager: Shutting down and abandoning module GameLiveStreaming (130)
[2016.04.20-15.37.48:661][983]LogModuleManager: Shutting down and abandoning module StreamingPauseRendering (129)
[2016.04.20-15.37.48:661][983]LogModuleManager: Shutting down and abandoning module AnalyticsET (128)
[2016.04.20-15.37.48:661][983]LogModuleManager: Shutting down and abandoning module Analytics (127)
[2016.04.20-15.37.48:661][983]LogModuleManager: Shutting down and abandoning module AITestSuite (126)
[2016.04.20-15.37.48:697][983]LogModuleManager: Shutting down and abandoning module GameplayDebugger (125)
[2016.04.20-15.37.48:722][983]LogModuleManager: Shutting down and abandoning module AIModule (124)
[2016.04.20-15.37.48:743][983]LogModuleManager: Shutting down and abandoning module ProfilerService (123)
[2016.04.20-15.37.48:864][983]LogModuleManager: Shutting down and abandoning module TaskGraph (122)
[2016.04.20-15.37.48:892][983]LogModuleManager: Shutting down and abandoning module SlateRemote (121)
[2016.04.20-15.37.48:892][983]LogModuleManager: Shutting down and abandoning module SteamVRController (120)
[2016.04.20-15.37.48:892][983]LogModuleManager: Shutting down and abandoning module SteamVR (119)
[2016.04.20-15.37.48:892][983]LogModuleManager: Shutting down and abandoning module ProceduralMeshComponent (118)
[2016.04.20-15.37.48:892][983]LogModuleManager: Shutting down and abandoning module OculusLibrary (117)
[2016.04.20-15.37.48:892][983]LogModuleManager: Shutting down and abandoning module OculusInput (116)
[2016.04.20-15.37.48:892][983]LogModuleManager: Shutting down and abandoning module LeapMotionController (115)
[2016.04.20-15.37.49:132][983]LogModuleManager: Shutting down and abandoning module CustomMeshComponent (114)
[2016.04.20-15.37.49:132][983]LogModuleManager: Shutting down and abandoning module CableComponent (113)
[2016.04.20-15.37.49:142][983]LogModuleManager: Shutting down and abandoning module ArchVisCharacter (112)
[2016.04.20-15.37.49:142][983]LogModuleManager: Shutting down and abandoning module MessagingDebugger (111)
[2016.04.20-15.37.49:190][983]LogModuleManager: Shutting down and abandoning module MediaPlayerEditor (110)
[2016.04.20-15.37.49:215][983]LogModuleManager: Shutting down and abandoning module HTML5Networking (109)
[2016.04.20-15.37.49:216][983]LogModuleManager: Shutting down and abandoning module SpeedTreeImporter (108)
[2016.04.20-15.37.49:216][983]LogModuleManager: Shutting down and abandoning module PluginBrowser (107)
[2016.04.20-15.37.49:254][983]LogModuleManager: Shutting down and abandoning module EpicSurvey (106)
[2016.04.20-15.37.49:314][983]LogModuleManager: Shutting down and abandoning module DesktopPlatform (105)
[2016.04.20-15.37.49:324][983]LogModuleManager: Shutting down and abandoning module VisualStudioSourceCodeAccess (104)
[2016.04.20-15.37.49:345][983]LogModuleManager: Shutting down and abandoning module UObjectPlugin (103)
[2016.04.20-15.37.49:345][983]LogModuleManager: Shutting down and abandoning module SubversionSourceControl (102)
[2016.04.20-15.37.49:353][983]LogModuleManager: Shutting down and abandoning module PerforceSourceControl (101)
[2016.04.20-15.37.49:418][983]LogModuleManager: Shutting down and abandoning module SourceControl (100)
[2016.04.20-15.37.49:449][983]LogModuleManager: Shutting down and abandoning module GitSourceControl (99)
[2016.04.20-15.37.49:473][983]LogModuleManager: Shutting down and abandoning module LightPropagationVolumeEditor (98)
[2016.04.20-15.37.49:473][983]LogModuleManager: Shutting down and abandoning module PaperTiledImporter (97)
[2016.04.20-15.37.49:481][983]LogModuleManager: Shutting down and abandoning module PaperSpriteSheetImporter (96)
[2016.04.20-15.37.49:481][983]LogModuleManager: Shutting down and abandoning module MeshPaint (95)
[2016.04.20-15.37.49:481][983]LogModuleManager: Shutting down and abandoning module SlateReflector (94)
[2016.04.20-15.37.49:505][983]LogModuleManager: Shutting down and abandoning module HotReload (93)
[2016.04.20-15.37.49:542][983]LogModuleManager: Shutting down and abandoning module MainFrame (92)
[2016.04.20-15.37.49:591][983]LogModuleManager: Shutting down and abandoning module LevelEditor (91)
[2016.04.20-15.37.49:692][983]LogModuleManager: Shutting down and abandoning module DirectoryWatcher (90)
[2016.04.20-15.37.49:693][983]LogModuleManager: Shutting down and abandoning module AssetRegistry (89)
[2016.04.20-15.37.50:818][983]LogModuleManager: Shutting down and abandoning module ContentBrowser (88)
[2016.04.20-15.37.50:862][983]LogModuleManager: Shutting down and abandoning module Paper2DEditor (87)
[2016.04.20-15.37.50:882][983]LogModuleManager: Shutting down and abandoning module UdpMessaging (86)
[2016.04.20-15.37.50:983][983]LogModuleManager: Shutting down and abandoning module LightPropagationVolumeRuntime (85)
[2016.04.20-15.37.50:983][983]LogModuleManager: Shutting down and abandoning module Paper2D (84)
[2016.04.20-15.37.51:461][983]LogModuleManager: Shutting down and abandoning module WindowsMoviePlayer (83)
[2016.04.20-15.37.51:706][983]LogModuleManager: Shutting down and abandoning module Media (82)
[2016.04.20-15.37.51:706][983]LogModuleManager: Shutting down and abandoning module WmfMedia (81)
[2016.04.20-15.37.51:787][983]LogModuleManager: Shutting down and abandoning module OnlineBlueprintSupport (80)
[2016.04.20-15.37.51:787][983]LogModuleManager: Shutting down and abandoning module GameplayTasksEditor (79)
[2016.04.20-15.37.51:787][983]LogModuleManager: Shutting down and abandoning module PropertyEditor (78)
[2016.04.20-15.37.51:845][983]LogModuleManager: Shutting down and abandoning module BehaviorTreeEditor (77)
[2016.04.20-15.37.51:886][983]LogModuleManager: Shutting down and abandoning module FunctionalTesting (76)
[2016.04.20-15.37.51:886][983]LogModuleManager: Shutting down and abandoning module CollisionAnalyzer (75)
[2016.04.20-15.37.51:898][983]LogModuleManager: Shutting down and abandoning module WorkspaceMenuStructure (74)
[2016.04.20-15.37.51:921][983]LogModuleManager: Shutting down and abandoning module MessageLog (73)
[2016.04.20-15.37.51:933][983]LogModuleManager: Shutting down and abandoning module Sequencer (72)
[2016.04.20-15.37.51:994][983]LogModuleManager: Shutting down and abandoning module AssetTools (71)
[2016.04.20-15.37.52:030][983]LogModuleManager: Shutting down and abandoning module UMGEditor (70)
[2016.04.20-15.37.52:068][983]LogModuleManager: Shutting down and abandoning module UMG (69)
[2016.04.20-15.37.52:123][983]LogModuleManager: Shutting down and abandoning module Slate (68)
[2016.04.20-15.37.52:123][983]LogModuleManager: Shutting down and abandoning module EditorStyle (67)
[2016.04.20-15.37.52:435][983]LogModuleManager: Shutting down and abandoning module SessionServices (66)
[2016.04.20-15.37.52:435][983]LogModuleManager: Shutting down and abandoning module SourceCodeAccess (65)
[2016.04.20-15.37.52:435][983]LogModuleManager: Shutting down and abandoning module HeadMountedDisplay (64)
[2016.04.20-15.37.52:435][983]LogModuleManager: Shutting down and abandoning module XAudio2 (63)
[2016.04.20-15.37.52:435][983]LogModuleManager: Shutting down and abandoning module Networking (61)
[2016.04.20-15.37.52:435][983]LogModuleManager: Shutting down and abandoning module Core (60)
[2016.04.20-15.37.52:435][983]LogModuleManager: Shutting down and abandoning module KismetCompiler (59)
[2016.04.20-15.37.52:435][983]LogModuleManager: Shutting down and abandoning module PhysXFormats (58)
[2016.04.20-15.37.52:471][983]LogModuleManager: Shutting down and abandoning module MeshUtilities (57)
[2016.04.20-15.37.52:524][983]LogModuleManager: Shutting down and abandoning module DerivedDataCache (56)
[2016.04.20-15.37.52:567][983]LogDerivedDataCache: Shutdown
[2016.04.20-15.37.52:567][983]LogModuleManager: Shutting down and abandoning module ShaderFormatOpenGL (55)
[2016.04.20-15.37.52:602][983]LogModuleManager: Shutting down and abandoning module ShaderFormatD3D (54)
[2016.04.20-15.37.52:609][983]LogModuleManager: Shutting down and abandoning module MetalShaderFormat (53)
[2016.04.20-15.37.52:652][983]LogModuleManager: Shutting down and abandoning module TextureFormatUncompressed (52)
[2016.04.20-15.37.52:652][983]LogModuleManager: Shutting down and abandoning module TextureFormatPVR (51)
[2016.04.20-15.37.52:671][983]LogModuleManager: Shutting down and abandoning module TextureFormatIntelISPCTexComp (50)
[2016.04.20-15.37.52:672][983]LogModuleManager: Shutting down and abandoning module TextureFormatDXT (49)
[2016.04.20-15.37.52:678][983]LogModuleManager: Shutting down and abandoning module ImageWrapper (48)
[2016.04.20-15.37.52:678][983]LogModuleManager: Shutting down and abandoning module TextureFormatASTC (47)
[2016.04.20-15.37.52:678][983]LogModuleManager: Shutting down and abandoning module TextureFormatAndroid (46)
[2016.04.20-15.37.52:678][983]LogModuleManager: Shutting down and abandoning module AudioFormatOpus (45)
[2016.04.20-15.37.52:689][983]LogModuleManager: Shutting down and abandoning module AudioFormatOgg (44)
[2016.04.20-15.37.52:692][983]LogModuleManager: Shutting down and abandoning module AudioFormatADPCM (43)
[2016.04.20-15.37.52:723][983]LogModuleManager: Shutting down and abandoning module LinuxTargetPlatform (42)
[2016.04.20-15.37.52:723][983]LogModuleManager: Shutting down and abandoning module LinuxServerTargetPlatform (41)
[2016.04.20-15.37.52:754][983]LogModuleManager: Shutting down and abandoning module LinuxNoEditorTargetPlatform (40)
[2016.04.20-15.37.52:756][983]LogModuleManager: Shutting down and abandoning module Messaging (39)
[2016.04.20-15.37.52:756][983]LogModuleManager: Shutting down and abandoning module IOSTargetPlatform (38)
[2016.04.20-15.37.52:756][983]LogModuleManager: Shutting down and abandoning module HTML5TargetPlatform (37)
[2016.04.20-15.37.52:756][983]LogModuleManager: Shutting down and abandoning module Android_PVRTCTargetPlatform (36)
[2016.04.20-15.37.52:756][983]LogModuleManager: Shutting down and abandoning module Android_MultiTargetPlatform (35)
[2016.04.20-15.37.52:756][983]LogModuleManager: Shutting down and abandoning module Android_ETC2TargetPlatform (34)
[2016.04.20-15.37.52:756][983]LogModuleManager: Shutting down and abandoning module Android_ETC1TargetPlatform (33)
[2016.04.20-15.37.52:756][983]LogModuleManager: Shutting down and abandoning module Android_DXTTargetPlatform (32)
[2016.04.20-15.37.52:756][983]LogModuleManager: Shutting down and abandoning module Android_ATCTargetPlatform (31)
[2016.04.20-15.37.52:756][983]LogModuleManager: Shutting down and abandoning module Android_ASTCTargetPlatform (30)
[2016.04.20-15.37.52:756][983]LogModuleManager: Shutting down and abandoning module AndroidTargetPlatform (29)
[2016.04.20-15.37.52:756][983]LogModuleManager: Shutting down and abandoning module WindowsTargetPlatform (28)
[2016.04.20-15.37.52:793][983]LogModuleManager: Shutting down and abandoning module WindowsServerTargetPlatform (27)
[2016.04.20-15.37.52:805][983]LogModuleManager: Shutting down and abandoning module WindowsNoEditorTargetPlatform (26)
[2016.04.20-15.37.52:827][983]LogModuleManager: Shutting down and abandoning module WindowsClientTargetPlatform (25)
[2016.04.20-15.37.52:849][983]LogModuleManager: Shutting down and abandoning module AllDesktopTargetPlatform (24)
[2016.04.20-15.37.52:849][983]LogModuleManager: Shutting down and abandoning module TargetPlatform (23)
[2016.04.20-15.37.52:892][983]LogModuleManager: Shutting down and abandoning module InputCore (22)
[2016.04.20-15.37.52:898][983]LogModuleManager: Shutting down and abandoning module Settings (21)
[2016.04.20-15.37.52:907][983]LogModuleManager: Shutting down and abandoning module OnlineSubsystem (19)
[2016.04.20-15.37.52:907][983]LogModuleManager: Shutting down and abandoning module HTTP (18)
[2016.04.20-15.37.55:583][983]LogModuleManager: Shutting down and abandoning module XMPP (17)
[2016.04.20-15.37.55:636][983]LogModuleManager: Shutting down and abandoning module OculusRift (16)
[2016.04.20-15.37.55:675][983]LogModuleManager: Shutting down and abandoning module ExampleDeviceProfileSelector (15)
[2016.04.20-15.37.55:690][983]LogModuleManager: Shutting down and abandoning module TextureCompressor (14)
[2016.04.20-15.37.55:738][983]LogModuleManager: Shutting down and abandoning module ShaderCore (13)
[2016.04.20-15.37.55:752][983]LogModuleManager: Shutting down and abandoning module Landscape (12)
[2016.04.20-15.37.55:752][983]LogModuleManager: Shutting down and abandoning module SlateRHIRenderer (11)
[2016.04.20-15.37.55:887][983]LogModuleManager: Shutting down and abandoning module OpenGLDrv (10)
[2016.04.20-15.37.55:906][983]LogModuleManager: Shutting down and abandoning module D3D11RHI (9)
[2016.04.20-15.37.55:906][983]LogModuleManager: Shutting down and abandoning module AnimGraphRuntime (8)
[2016.04.20-15.37.55:917][983]LogModuleManager: Shutting down and abandoning module Renderer (7)
[2016.04.20-15.37.55:917][983]LogModuleManager: Shutting down and abandoning module Engine (6)
[2016.04.20-15.37.55:933][983]LogModuleManager: Shutting down and abandoning module CoreUObject (5)
[2016.04.20-15.37.55:951][983]LogModuleManager: Shutting down and abandoning module NetworkFile (4)
[2016.04.20-15.37.55:963][983]LogModuleManager: Shutting down and abandoning module StreamingFile (3)
[2016.04.20-15.37.55:982][983]LogModuleManager: Shutting down and abandoning module SandboxFile (2)
[2016.04.20-15.37.55:996][983]LogModuleManager: Shutting down and abandoning module PakFile (1)
[2016.04.20-15.37.56:223][983]LogExit: Exiting.
[2016.04.20-15.37.56:599][983]Log file closed, 04/20/16 10:37:56
