[2016.04.08-19.58.58:186][  0]Log file open, 04/08/16 14:58:58
[2016.04.08-19.58.58:186][  0]LogInit:Display: Running engine for game: Axioma
[2016.04.08-19.58.58:186][  0]LogPlatformFile: Not using cached read wrapper
[2016.04.08-19.58.58:186][  0]LogInit:Display: RandInit(525851440) SRandInit(525851441).
[2016.04.08-19.58.58:186][  0]LogTaskGraph: Started task graph with 4 named threads and 5 total threads.
[2016.04.08-19.58.58:186][  0]LogStats: Stats thread started at 0.649682
[2016.04.08-19.58.58:186][  0]LogInit: Version: 4.10.4-2872498+++depot+UE4-Releases+4.10
[2016.04.08-19.58.58:186][  0]LogInit: API Version: 2758231
[2016.04.08-19.58.58:186][  0]LogInit: Compiled (64-bit): Feb 18 2016 15:47:04
[2016.04.08-19.58.58:186][  0]LogInit: Compiled with Visual C++: 19.00.23026.00
[2016.04.08-19.58.58:186][  0]LogInit: Build Configuration: Development
[2016.04.08-19.58.58:186][  0]LogInit: Branch Name: ++depot+UE4-Releases+4.10
[2016.04.08-19.58.58:186][  0]LogInit: Command line:  
[2016.04.08-19.58.58:186][  0]LogInit: Base directory: C:/Program Files (x86)/Epic Games/4.10/Engine/Binaries/Win64/
[2016.04.08-19.58.58:186][  0]LogInit: Rocket: 1
[2016.04.08-19.58.58:467][  0]LogInit: Using libcurl 7.41.0
[2016.04.08-19.58.58:467][  0]LogInit:  - built for x86_64-pc-win32
[2016.04.08-19.58.58:467][  0]LogInit:  - supports SSL with WinSSL
[2016.04.08-19.58.58:467][  0]LogInit:  - other features:
[2016.04.08-19.58.58:467][  0]LogInit:      CURL_VERSION_SSL
[2016.04.08-19.58.58:467][  0]LogInit:      CURL_VERSION_IPV6
[2016.04.08-19.58.58:467][  0]LogInit:      CURL_VERSION_ASYNCHDNS
[2016.04.08-19.58.58:467][  0]LogInit:      CURL_VERSION_LARGEFILE
[2016.04.08-19.58.58:467][  0]LogInit:      CURL_VERSION_IDN
[2016.04.08-19.58.58:467][  0]LogInit:  CurlRequestOptions (configurable via config and command line):
[2016.04.08-19.58.58:467][  0]LogInit:  - bVerifyPeer = true  - Libcurl will verify peer certificate
[2016.04.08-19.58.58:467][  0]LogInit:  - bUseHttpProxy = false  - Libcurl will NOT use HTTP proxy
[2016.04.08-19.58.58:467][  0]LogInit:  - bDontReuseConnections = false  - Libcurl will reuse connections
[2016.04.08-19.58.58:467][  0]LogInit:  - CertBundlePath = nullptr  - Libcurl will use whatever was configured at build time.
[2016.04.08-19.58.58:499][  0]LogInit: Presizing for 0 objects not considered by GC, pre-allocating 0 bytes.
[2016.04.08-19.58.58:499][  0]LogInit: Object subsystem initialized
[2016.04.08-19.58.58:514][  0]LogInit: Selected Device Profile: [Windows]
[2016.04.08-19.58.58:514][  0]LogInit: Applying CVar settings loaded from the selected device profile: [Windows]
[2016.04.08-19.58.58:532][  0]LogInit: Computer: LAPTOP-RAY
[2016.04.08-19.58.58:532][  0]LogInit: User: ray
[2016.04.08-19.58.58:532][  0]LogInit: CPU Page size=4096, Cores=2
[2016.04.08-19.58.58:532][  0]LogInit: High frequency timer resolution =2.338339 MHz
[2016.04.08-19.58.58:532][  0]LogMemory: Memory total: Physical=3.9GB (4GB approx)
[2016.04.08-19.58.58:532][  0]LogMemory: Platform Memory Stats for Windows
[2016.04.08-19.58.58:532][  0]LogMemory: Process Physical Memory: 54.89 MB used, 54.89 MB peak
[2016.04.08-19.58.58:532][  0]LogMemory: Process Virtual Memory: 55.28 MB used, 55.28 MB peak
[2016.04.08-19.58.58:532][  0]LogMemory: Physical Memory: 2350.48 MB used, 3976.27 MB total
[2016.04.08-19.58.58:532][  0]LogMemory: Virtual Memory: 364.53 MB used, 134217728.00 MB total
[2016.04.08-19.58.58:609][  0]LogTextLocalizationManager: No specific translations for ('en-US') exist, so ('en') translations will be used.
[2016.04.08-19.58.59:340][  0]LogD3D11RHI: Found D3D11 adapter 0: Intel(R) HD Graphics Family (Feature Level 11_0)
[2016.04.08-19.58.59:340][  0]LogD3D11RHI: Adapter has 32MB of dedicated video memory, 0MB of dedicated system memory, and 1760MB of shared system memory, 1 output[s]
[2016.04.08-19.58.59:345][  0]LogD3D11RHI: Found D3D11 adapter 1: Microsoft Basic Render Driver (Feature Level 11_0)
[2016.04.08-19.58.59:345][  0]LogD3D11RHI: Adapter has 0MB of dedicated video memory, 0MB of dedicated system memory, and 256MB of shared system memory, 0 output[s]
[2016.04.08-19.58.59:345][  0]LogD3D11RHI: Chosen D3D11 Adapter Id = 0
[2016.04.08-19.58.59:356][  0]LogD3D11RHI: !Direct3DDevice
[2016.04.08-19.58.59:356][  0]LogRHI: Texture pool is 638 MB (70% of 912 MB)
[2016.04.08-19.58.59:369][  0]LogD3D11RHI: Async texture creation enabled
[2016.04.08-19.58.59:377][  0]LogShaderCompilers: Guid format shader working directory is -71 characters bigger than the processId version (../../../../../../Users/ray/Documents/FCFM Stuff/Essays, Homework, and Stuff/7mo. Semestre/Videojuegos 2/vj2/Axioma/Intermediate/Shaders/WorkingDirectory/4932/).
[2016.04.08-19.58.59:378][  0]LogShaderCompilers: Cleaned the shader compiler working directory 'C:/Users/ray/AppData/Local/Temp/UnrealShaderWorkingDir/F199323D47D046D6BD20C5A5E74B39EE/'.
[2016.04.08-19.58.59:378][  0]LogShaderCompilers:Display: Using Local Shader Compiler.
[2016.04.08-19.59.04:728][  0]LogTemp:Display: Loaded TP AllDesktopTargetPlatform
[2016.04.08-19.59.04:732][  0]LogTemp:Display: Loaded TP WindowsClientTargetPlatform
[2016.04.08-19.59.04:737][  0]LogTemp:Display: Loaded TP WindowsNoEditorTargetPlatform
[2016.04.08-19.59.04:741][  0]LogTemp:Display: Loaded TP WindowsServerTargetPlatform
[2016.04.08-19.59.04:746][  0]LogTemp:Display: Loaded TP WindowsTargetPlatform
[2016.04.08-19.59.04:749][  0]LogTemp:Display: Loaded TP AndroidTargetPlatform
[2016.04.08-19.59.04:752][  0]LogTemp:Display: Loaded TP Android_ASTCTargetPlatform
[2016.04.08-19.59.04:755][  0]LogTemp:Display: Loaded TP Android_ATCTargetPlatform
[2016.04.08-19.59.04:758][  0]LogTemp:Display: Loaded TP Android_DXTTargetPlatform
[2016.04.08-19.59.04:762][  0]LogTemp:Display: Loaded TP Android_ETC1TargetPlatform
[2016.04.08-19.59.04:765][  0]LogTemp:Display: Loaded TP Android_ETC2TargetPlatform
[2016.04.08-19.59.04:772][  0]LogTemp:Display: Loaded TP Android_MultiTargetPlatform
[2016.04.08-19.59.04:772][  0]LogTemp:Display: Loaded TP Android_PVRTCTargetPlatform
[2016.04.08-19.59.04:774][  0]LogTemp:Display: Loaded TP HTML5TargetPlatform
[2016.04.08-19.59.04:791][  0]LogTemp:Display: Loaded TP IOSTargetPlatform
[2016.04.08-19.59.04:794][  0]LogTemp:Display: Loaded TP LinuxNoEditorTargetPlatform
[2016.04.08-19.59.04:797][  0]LogTemp:Display: Loaded TP LinuxServerTargetPlatform
[2016.04.08-19.59.04:801][  0]LogTemp:Display: Loaded TP LinuxTargetPlatform
[2016.04.08-19.59.04:801][  0]LogTargetPlatformManager:Display: Building Assets For Windows
[2016.04.08-19.59.04:883][  0]LogDerivedDataCache:Display: Max Cache Size: 512 MB
[2016.04.08-19.59.09:207][  0]LogDerivedDataCache: Loaded boot cache 4.27s 41MB C:/Users/ray/AppData/Local/UnrealEngine/4.10/DerivedDataCache/Boot.ddc.
[2016.04.08-19.59.09:207][  0]LogDerivedDataCache:Display: Loaded Boot cache: C:/Users/ray/AppData/Local/UnrealEngine/4.10/DerivedDataCache/Boot.ddc
[2016.04.08-19.59.09:208][  0]LogDerivedDataCache: FDerivedDataBackendGraph:  Pak pak cache file ../../../../../../Users/ray/Documents/FCFM Stuff/Essays, Homework, and Stuff/7mo. Semestre/Videojuegos 2/vj2/Axioma/DerivedDataCache/DDC.ddp not found, will not use a pak cache.
[2016.04.08-19.59.09:208][  0]LogDerivedDataCache: Unable to find inner node Pak for hierarchical cache Hierarchy.
[2016.04.08-19.59.09:208][  0]LogDerivedDataCache: FDerivedDataBackendGraph:  CompressedPak pak cache file ../../../../../../Users/ray/Documents/FCFM Stuff/Essays, Homework, and Stuff/7mo. Semestre/Videojuegos 2/vj2/Axioma/DerivedDataCache/Compressed.ddp not found, will not use a pak cache.
[2016.04.08-19.59.09:208][  0]LogDerivedDataCache: Unable to find inner node CompressedPak for hierarchical cache Hierarchy.
[2016.04.08-19.59.09:292][  0]LogDerivedDataCache:Display: Pak cache opened for reading ../../../Engine/DerivedDataCache/Compressed.ddp.
[2016.04.08-19.59.09:538][  0]LogDerivedDataCache: Using Local data cache path C:/Users/ray/AppData/Local/UnrealEngine/Common/DerivedDataCache: Writable
[2016.04.08-19.59.55:544][  0]LogInit: Selected Device Profile: [Windows]
[2016.04.08-19.59.56:143][  0]LogContentStreaming: Texture pool size is 0.000000MB
[2016.04.08-19.59.58:221][  0]LogConfig:Warning: Failed to saved backup for config[TemplateDefs]
[2016.04.08-20.00.01:800][  0]LogMeshUtilities: No automatic mesh reduction module available
[2016.04.08-20.00.01:800][  0]LogMeshUtilities: No automatic mesh merging module available
[2016.04.08-20.00.13:499][  0]LogInit: WinSock: version 1.1 (2.2), MaxSocks=32767, MaxUdp=65467
[2016.04.08-20.00.41:749][  0]UdpMessaging: Initializing bridge on interface 0.0.0.0:0 to multicast group 230.0.0.1:6666.
[2016.04.08-20.00.43:257][  0]LogAssetRegistry: FAssetRegistry took 0.0168 seconds to start up
[2016.04.08-20.00.48:935][  0]LogConfig:Warning: Failed to saved backup for config[InternationalizationExport]
[2016.04.08-20.00.48:946][  0]LogConfig:Warning: Failed to saved backup for config[TranslationPickerSettings]
[2016.04.08-20.00.57:043][  0]SourceControl: Info Source control is disabled
[2016.04.08-20.00.57:177][  0]SourceControl: Info Source control is disabled
[2016.04.08-20.00.58:085][  0]SourceControl: Info Source control is disabled
[2016.04.08-20.00.58:706][  0]SourceControl: Info Source control is disabled
[2016.04.08-20.01.08:175][  0]LogObj: 28633 objects as part of root set at end of initial load.
[2016.04.08-20.01.08:175][  0]LogUObjectAllocator: 6099744 out of 0 bytes used by permanent object pool.
[2016.04.08-20.01.09:691][  0]LogEngine: Initializing Engine...
[2016.04.08-20.01.09:918][  0]LogHMD: Can't find Oculus library dev build: is proper Runtime installed? Version: 0.8.0.0
[2016.04.08-20.01.10:170][  0]LogHMD: SteamVR failed to initialize.  Err: 110
[2016.04.08-20.01.12:937][  0]LogAIModule: Creating AISystem for world NewWorld
[2016.04.08-20.01.13:743][  0]LogInit: XAudio2 using 'Altavoces (Realtek High Definition Audio)' : 2 channels at 48 kHz using 32 bits per sample (channel mask 0x3)
[2016.04.08-20.01.15:148][  0]LogInit: FAudioDevice initialized.
[2016.04.08-20.01.15:164][  0]LogDerivedDataCache:Error: Could not save memory cache C:/Users/ray/AppData/Local/UnrealEngine/4.10/DerivedDataCache/Boot.ddc.
[2016.04.08-20.01.15:183][  0]LogInit: Texture streaming: Enabled
[2016.04.08-20.01.18:109][  0]LogAnalytics: Creating configured Analytics provider AnalyticsET
[2016.04.08-20.01.18:187][  0]LogAnalytics: [UEEditor.Rocket.Release] APIServer = http://et2.epicgames.com/ET2/. AppVersion = 4.10.4-2872498+++depot+UE4-Releases+4.10
[2016.04.08-20.01.18:187][  0]LogAnalytics: [UEEditor.Rocket.Release] SetUserId f6d84d504b8c91be90ceca84e0ba1004|f68b6959a5b94dccb13faa64bd594851|592e87cd-9efb-44c2-bcd9-891f7d9d6dd4
[2016.04.08-20.01.18:334][  0]LogAnalytics: [UEEditor.Rocket.Release] AnalyticsET::StartSession
[2016.04.08-20.01.20:809][  0]LogInit: Transaction tracking system initialized
[2016.04.08-20.01.25:433][  0]BlueprintLog: New page: Editor Load
[2016.04.08-20.01.47:040][  0]LogConfig:Warning: Failed to saved backup for config[LocalizationServiceSettings]
[2016.04.08-20.01.47:051][  0]LogConfig:Warning: Failed to saved backup for config[LocalizationServiceSettings]
[2016.04.08-20.01.47:056][  0]LocalizationService: Info Localization service is disabled
[2016.04.08-20.01.57:773][  0]LogConsoleResponse:Display: 
[2016.04.08-20.02.07:036][  0]LogCook:Display: Done creating registry. It took  0.00s.
[2016.04.08-20.02.16:761][  0]SourceControl: Info Source control is disabled
[2016.04.08-20.02.17:115][  0]LogEditorServer:Warning: Can't find file '../../../../../../Users/ray/Documents/FCFM Stuff/Essays, Homework, and Stuff/7mo. Semestre/Videojuegos 2/vj2/Axioma/Content/FirstPersonBP/Maps/FirstPersonExampleMap.umap'
[2016.04.08-20.02.17:227][  0]Cmd: MAP CHECKDEP NOCLEARLOG
[2016.04.08-20.02.17:463][  0]MapCheck: Info Map check complete: 0 Error(s), 0 Warning(s), took 234.765ms to complete.
[2016.04.08-20.02.17:463][  0]LogFileHelpers: Loading map 'FirstPersonExampleMap' took 0.521
[2016.04.08-20.02.27:732][  0]LogCollectionManager: Loaded 0 collections in 0.053850 seconds
[2016.04.08-20.02.29:756][  0]LogFileCache: Scanning file cache for directory 'C:/Users/ray/Documents/FCFM Stuff/Essays, Homework, and Stuff/7mo. Semestre/Videojuegos 2/vj2/Axioma/Saved/Collections/' took 0.01s
[2016.04.08-20.02.29:756][  0]LogFileCache: Scanning file cache for directory 'C:/Users/ray/Documents/FCFM Stuff/Essays, Homework, and Stuff/7mo. Semestre/Videojuegos 2/vj2/Axioma/Content/Developers/ray/Collections/' took 0.01s
[2016.04.08-20.02.29:756][  0]LogFileCache: Scanning file cache for directory 'C:/Users/ray/Documents/FCFM Stuff/Essays, Homework, and Stuff/7mo. Semestre/Videojuegos 2/vj2/Axioma/Content/Collections/' took 0.01s
[2016.04.08-20.02.29:756][  0]LogCollectionManager: Rebuilt the GUID cache for 0 collections in 0.000004 seconds
[2016.04.08-20.02.30:026][  0]LogContentBrowser: Native class hierarchy populated in 0.1745 seconds. Added 1893 classes and 338 folders.
[2016.04.08-20.02.30:662][  0]LogContentBrowser: Native class hierarchy updated for 'WidgetCarousel' in 0.0009 seconds. Added 0 classes and 0 folders.
[2016.04.08-20.02.33:345][  0]LogContentBrowser: Native class hierarchy updated for 'AddContentDialog' in 0.0006 seconds. Added 0 classes and 0 folders.
[2016.04.08-20.02.33:461][  0]LogContentBrowser: Native class hierarchy updated for 'SceneOutliner' in 0.0011 seconds. Added 1 classes and 2 folders.
[2016.04.08-20.02.34:390][  0]LogCrashTracker: Crashtracker disabled due to settings.
[2016.04.08-20.02.34:918][  0]LogUObjectGlobals:Warning: Failed to find object 'Class None.'
[2016.04.08-20.02.35:074][  0]LogLoad: Full Startup: 219.73 seconds (BP compile: 1.55 seconds)
[2016.04.08-20.02.35:450][  0]LogOcInput: Can't find Oculus library dev build: is proper Runtime installed? Version: 0.8.0.0
[2016.04.08-20.02.38:254][  0]LogContentStreaming: Texture pool size now 200 MB
[2016.04.08-20.02.40:727][  0]LogRenderer: Reallocating scene render targets to support 816x348 (Frame:2).
[2016.04.08-20.02.48:591][  4]LogAssetRegistry: Asset discovery search completed in 125.3467 seconds
[2016.04.08-20.02.48:714][  4]LogCollectionManager: Rebuilt the object cache for 0 collections in 0.000003 seconds (found 0 objects)
[2016.04.08-20.02.48:714][  4]LogCollectionManager: Fixed up redirectors for 0 collections in 0.000126 seconds (updated 0 objects)
[2016.04.08-20.12.59:283][898]LogWindowsTextInputMethodSystem:Display: IME system now deactivated.
[2016.04.08-20.13.00:381][899]Cmd: QUIT_EDITOR
[2016.04.08-20.13.01:335][899]LogExit: Preparing to exit.
[2016.04.08-20.13.03:142][899]LogExit: Editor shut down
[2016.04.08-20.13.03:950][899]LogParticles: Destroying 0 GPU particle simulations for FXSystem 0x0000008765DAFB00
[2016.04.08-20.13.03:950][899]LogExit: Transaction tracking system shut down
[2016.04.08-20.13.03:952][899]LogParticles: Destroying 0 GPU particle simulations for FXSystem 0x0000008755075940
[2016.04.08-20.13.07:266][899]LogExit: Object subsystem successfully closed.
[2016.04.08-20.13.08:390][899]LogD3D11RHI: Shutdown
[2016.04.08-20.13.08:390][899]LogD3D11RHI: CleanupD3DDevice
[2016.04.08-20.13.08:883][899]LogD3D11RHI: ~FD3D11DynamicRHI
[2016.04.08-20.13.10:114][899]LogModuleManager: Shutting down and abandoning module CrashTracker (197)
[2016.04.08-20.13.10:114][899]LogModuleManager: Shutting down and abandoning module SceneOutliner (196)
[2016.04.08-20.13.10:114][899]LogModuleManager: Shutting down and abandoning module SuperSearch (195)
[2016.04.08-20.13.10:114][899]LogModuleManager: Shutting down and abandoning module WidgetCarousel (194)
[2016.04.08-20.13.10:125][899]LogModuleManager: Shutting down and abandoning module AddContentDialog (193)
[2016.04.08-20.13.10:204][899]LogModuleManager: Shutting down and abandoning module EditorWidgets (192)
[2016.04.08-20.13.10:204][899]LogModuleManager: Shutting down and abandoning module CollectionManager (191)
[2016.04.08-20.13.10:235][899]LogModuleManager: Shutting down and abandoning module FoliageEdit (190)
[2016.04.08-20.13.10:246][899]LogModuleManager: Shutting down and abandoning module LandscapeEditor (189)
[2016.04.08-20.13.10:306][899]LogModuleManager: Shutting down and abandoning module ActorPickerMode (188)
[2016.04.08-20.13.10:306][899]LogModuleManager: Shutting down and abandoning module GeometryMode (187)
[2016.04.08-20.13.10:306][899]LogModuleManager: Shutting down and abandoning module TextureAlignMode (186)
[2016.04.08-20.13.10:307][899]LogModuleManager: Shutting down and abandoning module BspMode (185)
[2016.04.08-20.13.10:307][899]LogModuleManager: Shutting down and abandoning module PlacementMode (184)
[2016.04.08-20.13.10:307][899]LogModuleManager: Shutting down and abandoning module AutomationWorker (183)
[2016.04.08-20.13.10:307][899]LogModuleManager: Shutting down and abandoning module CharacterAI (182)
[2016.04.08-20.13.10:307][899]LogModuleManager: Shutting down and abandoning module SmartSnapping (181)
[2016.04.08-20.13.10:307][899]LogModuleManager: Shutting down and abandoning module ViewportSnapping (180)
[2016.04.08-20.13.10:307][899]LogModuleManager: Shutting down and abandoning module LogVisualizer (179)
[2016.04.08-20.13.10:372][899]LogModuleManager: Shutting down and abandoning module GameProjectGeneration (178)
[2016.04.08-20.13.10:412][899]LogModuleManager: Shutting down and abandoning module IntroTutorials (177)
[2016.04.08-20.13.10:479][899]LogModuleManager: Shutting down and abandoning module EditorLiveStreaming (176)
[2016.04.08-20.13.10:479][899]LogModuleManager: Shutting down and abandoning module IOSPlatformEditor (175)
[2016.04.08-20.13.10:487][899]LogModuleManager: Shutting down and abandoning module HTML5PlatformEditor (174)
[2016.04.08-20.13.10:487][899]LogModuleManager: Shutting down and abandoning module AndroidDeviceDetection (173)
[2016.04.08-20.13.11:066][899]LogModuleManager: Shutting down and abandoning module AndroidPlatformEditor (172)
[2016.04.08-20.13.11:067][899]LogModuleManager: Shutting down and abandoning module IOSRuntimeSettings (171)
[2016.04.08-20.13.11:067][899]LogModuleManager: Shutting down and abandoning module AndroidRuntimeSettings (170)
[2016.04.08-20.13.11:067][899]LogModuleManager: Shutting down and abandoning module MergeActors (169)
[2016.04.08-20.13.11:093][899]LogModuleManager: Shutting down and abandoning module SizeMap (168)
[2016.04.08-20.13.11:093][899]LogModuleManager: Shutting down and abandoning module TreeMap (167)
[2016.04.08-20.13.11:120][899]LogModuleManager: Shutting down and abandoning module ReferenceViewer (166)
[2016.04.08-20.13.11:129][899]LogModuleManager: Shutting down and abandoning module LocalizationService (165)
[2016.04.08-20.13.11:138][899]LogModuleManager: Shutting down and abandoning module LocalizationDashboard (164)
[2016.04.08-20.13.11:174][899]LogModuleManager: Shutting down and abandoning module HardwareTargeting (163)
[2016.04.08-20.13.11:199][899]LogModuleManager: Shutting down and abandoning module DeviceProfileEditor (162)
[2016.04.08-20.13.11:221][899]LogModuleManager: Shutting down and abandoning module UndoHistory (161)
[2016.04.08-20.13.11:237][899]LogModuleManager: Shutting down and abandoning module GameplayTagsEditor (160)
[2016.04.08-20.13.11:258][899]LogModuleManager: Shutting down and abandoning module UserFeedback (159)
[2016.04.08-20.13.11:258][899]LogModuleManager: Shutting down and abandoning module XmlParser (158)
[2016.04.08-20.13.11:272][899]LogModuleManager: Shutting down and abandoning module Blutility (157)
[2016.04.08-20.13.11:272][899]LogModuleManager: Shutting down and abandoning module ProjectTargetPlatformEditor (156)
[2016.04.08-20.13.11:291][899]LogModuleManager: Shutting down and abandoning module ProjectSettingsViewer (155)
[2016.04.08-20.13.11:291][899]LogModuleManager: Shutting down and abandoning module InputBindingEditor (154)
[2016.04.08-20.13.11:338][899]LogModuleManager: Shutting down and abandoning module EditorSettingsViewer (153)
[2016.04.08-20.13.11:339][899]LogModuleManager: Shutting down and abandoning module SettingsEditor (152)
[2016.04.08-20.13.11:413][899]LogModuleManager: Shutting down and abandoning module ProjectLauncher (151)
[2016.04.08-20.13.11:444][899]LogModuleManager: Shutting down and abandoning module SessionFrontend (150)
[2016.04.08-20.13.11:475][899]LogModuleManager: Shutting down and abandoning module ProfilerClient (149)
[2016.04.08-20.13.11:505][899]LogModuleManager: Shutting down and abandoning module TargetDeviceServices (148)
[2016.04.08-20.13.11:506][899]LogModuleManager: Shutting down and abandoning module DeviceManager (147)
[2016.04.08-20.13.11:513][899]LogModuleManager: Shutting down and abandoning module AutomationController (146)
[2016.04.08-20.13.11:540][899]LogModuleManager: Shutting down and abandoning module AutomationWindow (145)
[2016.04.08-20.13.11:566][899]LogModuleManager: Shutting down and abandoning module Layers (144)
[2016.04.08-20.13.11:649][899]LogModuleManager: Shutting down and abandoning module ComponentVisualizers (143)
[2016.04.08-20.13.11:649][899]LogModuleManager: Shutting down and abandoning module DetailCustomizations (142)
[2016.04.08-20.13.11:649][899]LogModuleManager: Shutting down and abandoning module PackagesDialog (141)
[2016.04.08-20.13.11:649][899]LogModuleManager: Shutting down and abandoning module Persona (140)
[2016.04.08-20.13.11:763][899]LogModuleManager: Shutting down and abandoning module Kismet (139)
[2016.04.08-20.13.11:784][899]LogModuleManager: Shutting down and abandoning module GraphEditor (138)
[2016.04.08-20.13.11:903][899]LogModuleManager: Shutting down and abandoning module ClassViewer (137)
[2016.04.08-20.13.11:922][899]LogModuleManager: Shutting down and abandoning module Toolbox (136)
[2016.04.08-20.13.11:922][899]LogModuleManager: Shutting down and abandoning module ModuleUI (135)
[2016.04.08-20.13.11:960][899]LogModuleManager: Shutting down and abandoning module MovieSceneTools (134)
[2016.04.08-20.13.11:995][899]LogModuleManager: Shutting down and abandoning module OutputLog (133)
[2016.04.08-20.13.11:995][899]LogModuleManager: Shutting down and abandoning module GammaUI (132)
[2016.04.08-20.13.12:025][899]LogModuleManager: Shutting down and abandoning module Documentation (131)
[2016.04.08-20.13.12:025][899]LogModuleManager: Shutting down and abandoning module GameLiveStreaming (130)
[2016.04.08-20.13.12:037][899]LogModuleManager: Shutting down and abandoning module StreamingPauseRendering (129)
[2016.04.08-20.13.12:037][899]LogModuleManager: Shutting down and abandoning module AnalyticsET (128)
[2016.04.08-20.13.12:037][899]LogModuleManager: Shutting down and abandoning module Analytics (127)
[2016.04.08-20.13.12:037][899]LogModuleManager: Shutting down and abandoning module AITestSuite (126)
[2016.04.08-20.13.12:073][899]LogModuleManager: Shutting down and abandoning module GameplayDebugger (125)
[2016.04.08-20.13.12:108][899]LogModuleManager: Shutting down and abandoning module AIModule (124)
[2016.04.08-20.13.12:108][899]LogModuleManager: Shutting down and abandoning module ProfilerService (123)
[2016.04.08-20.13.12:283][899]LogModuleManager: Shutting down and abandoning module TaskGraph (122)
[2016.04.08-20.13.12:432][899]LogModuleManager: Shutting down and abandoning module SlateRemote (121)
[2016.04.08-20.13.12:432][899]LogModuleManager: Shutting down and abandoning module SteamVRController (120)
[2016.04.08-20.13.12:432][899]LogModuleManager: Shutting down and abandoning module SteamVR (119)
[2016.04.08-20.13.12:432][899]LogModuleManager: Shutting down and abandoning module ProceduralMeshComponent (118)
[2016.04.08-20.13.12:432][899]LogModuleManager: Shutting down and abandoning module OculusLibrary (117)
[2016.04.08-20.13.12:432][899]LogModuleManager: Shutting down and abandoning module OculusInput (116)
[2016.04.08-20.13.12:432][899]LogModuleManager: Shutting down and abandoning module LeapMotionController (115)
[2016.04.08-20.13.12:530][899]LogModuleManager: Shutting down and abandoning module CustomMeshComponent (114)
[2016.04.08-20.13.12:530][899]LogModuleManager: Shutting down and abandoning module CableComponent (113)
[2016.04.08-20.13.12:540][899]LogModuleManager: Shutting down and abandoning module ArchVisCharacter (112)
[2016.04.08-20.13.12:540][899]LogModuleManager: Shutting down and abandoning module MessagingDebugger (111)
[2016.04.08-20.13.12:599][899]LogModuleManager: Shutting down and abandoning module MediaPlayerEditor (110)
[2016.04.08-20.13.12:625][899]LogModuleManager: Shutting down and abandoning module HTML5Networking (109)
[2016.04.08-20.13.12:625][899]LogModuleManager: Shutting down and abandoning module SpeedTreeImporter (108)
[2016.04.08-20.13.12:625][899]LogModuleManager: Shutting down and abandoning module PluginBrowser (107)
[2016.04.08-20.13.12:642][899]LogModuleManager: Shutting down and abandoning module EpicSurvey (106)
[2016.04.08-20.13.12:665][899]LogModuleManager: Shutting down and abandoning module DesktopPlatform (105)
[2016.04.08-20.13.12:678][899]LogModuleManager: Shutting down and abandoning module VisualStudioSourceCodeAccess (104)
[2016.04.08-20.13.12:699][899]LogModuleManager: Shutting down and abandoning module UObjectPlugin (103)
[2016.04.08-20.13.12:699][899]LogModuleManager: Shutting down and abandoning module SubversionSourceControl (102)
[2016.04.08-20.13.12:707][899]LogModuleManager: Shutting down and abandoning module PerforceSourceControl (101)
[2016.04.08-20.13.12:772][899]LogModuleManager: Shutting down and abandoning module SourceControl (100)
[2016.04.08-20.13.12:824][899]LogModuleManager: Shutting down and abandoning module GitSourceControl (99)
[2016.04.08-20.13.12:849][899]LogModuleManager: Shutting down and abandoning module LightPropagationVolumeEditor (98)
[2016.04.08-20.13.12:849][899]LogModuleManager: Shutting down and abandoning module PaperTiledImporter (97)
[2016.04.08-20.13.12:857][899]LogModuleManager: Shutting down and abandoning module PaperSpriteSheetImporter (96)
[2016.04.08-20.13.12:857][899]LogModuleManager: Shutting down and abandoning module MeshPaint (95)
[2016.04.08-20.13.12:857][899]LogModuleManager: Shutting down and abandoning module SlateReflector (94)
[2016.04.08-20.13.12:881][899]LogModuleManager: Shutting down and abandoning module HotReload (93)
[2016.04.08-20.13.12:906][899]LogModuleManager: Shutting down and abandoning module MainFrame (92)
[2016.04.08-20.13.12:906][899]LogModuleManager: Shutting down and abandoning module LevelEditor (91)
[2016.04.08-20.13.13:012][899]LogModuleManager: Shutting down and abandoning module DirectoryWatcher (90)
[2016.04.08-20.13.13:019][899]LogModuleManager: Shutting down and abandoning module AssetRegistry (89)
[2016.04.08-20.13.13:170][899]LogModuleManager: Shutting down and abandoning module ContentBrowser (88)
[2016.04.08-20.13.13:171][899]LogModuleManager: Shutting down and abandoning module Paper2DEditor (87)
[2016.04.08-20.13.13:218][899]LogModuleManager: Shutting down and abandoning module UdpMessaging (86)
[2016.04.08-20.13.13:319][899]LogModuleManager: Shutting down and abandoning module LightPropagationVolumeRuntime (85)
[2016.04.08-20.13.13:319][899]LogModuleManager: Shutting down and abandoning module Paper2D (84)
[2016.04.08-20.13.13:352][899]LogModuleManager: Shutting down and abandoning module WindowsMoviePlayer (83)
[2016.04.08-20.13.13:378][899]LogModuleManager: Shutting down and abandoning module Media (82)
[2016.04.08-20.13.13:378][899]LogModuleManager: Shutting down and abandoning module WmfMedia (81)
[2016.04.08-20.13.13:402][899]LogModuleManager: Shutting down and abandoning module OnlineBlueprintSupport (80)
[2016.04.08-20.13.13:402][899]LogModuleManager: Shutting down and abandoning module GameplayTasksEditor (79)
[2016.04.08-20.13.13:402][899]LogModuleManager: Shutting down and abandoning module PropertyEditor (78)
[2016.04.08-20.13.13:420][899]LogModuleManager: Shutting down and abandoning module BehaviorTreeEditor (77)
[2016.04.08-20.13.13:468][899]LogModuleManager: Shutting down and abandoning module FunctionalTesting (76)
[2016.04.08-20.13.13:468][899]LogModuleManager: Shutting down and abandoning module CollisionAnalyzer (75)
[2016.04.08-20.13.13:479][899]LogModuleManager: Shutting down and abandoning module WorkspaceMenuStructure (74)
[2016.04.08-20.13.13:479][899]LogModuleManager: Shutting down and abandoning module MessageLog (73)
[2016.04.08-20.13.13:480][899]LogModuleManager: Shutting down and abandoning module Sequencer (72)
[2016.04.08-20.13.13:531][899]LogModuleManager: Shutting down and abandoning module AssetTools (71)
[2016.04.08-20.13.13:567][899]LogModuleManager: Shutting down and abandoning module UMGEditor (70)
[2016.04.08-20.13.13:638][899]LogModuleManager: Shutting down and abandoning module UMG (69)
[2016.04.08-20.13.13:638][899]LogModuleManager: Shutting down and abandoning module Slate (68)
[2016.04.08-20.13.13:638][899]LogModuleManager: Shutting down and abandoning module EditorStyle (67)
[2016.04.08-20.13.13:648][899]LogModuleManager: Shutting down and abandoning module SessionServices (66)
[2016.04.08-20.13.13:648][899]LogModuleManager: Shutting down and abandoning module SourceCodeAccess (65)
[2016.04.08-20.13.13:648][899]LogModuleManager: Shutting down and abandoning module HeadMountedDisplay (64)
[2016.04.08-20.13.13:648][899]LogModuleManager: Shutting down and abandoning module XAudio2 (63)
[2016.04.08-20.13.13:648][899]LogModuleManager: Shutting down and abandoning module Networking (61)
[2016.04.08-20.13.13:648][899]LogModuleManager: Shutting down and abandoning module Core (60)
[2016.04.08-20.13.13:648][899]LogModuleManager: Shutting down and abandoning module KismetCompiler (59)
[2016.04.08-20.13.13:648][899]LogModuleManager: Shutting down and abandoning module PhysXFormats (58)
[2016.04.08-20.13.13:677][899]LogModuleManager: Shutting down and abandoning module MeshUtilities (57)
[2016.04.08-20.13.13:729][899]LogModuleManager: Shutting down and abandoning module DerivedDataCache (56)
[2016.04.08-20.13.13:772][899]LogDerivedDataCache: Shutdown
[2016.04.08-20.13.13:772][899]LogModuleManager: Shutting down and abandoning module ShaderFormatOpenGL (55)
[2016.04.08-20.13.13:819][899]LogModuleManager: Shutting down and abandoning module ShaderFormatD3D (54)
[2016.04.08-20.13.13:871][899]LogModuleManager: Shutting down and abandoning module MetalShaderFormat (53)
[2016.04.08-20.13.13:947][899]LogModuleManager: Shutting down and abandoning module TextureFormatUncompressed (52)
[2016.04.08-20.13.13:947][899]LogModuleManager: Shutting down and abandoning module TextureFormatPVR (51)
[2016.04.08-20.13.13:966][899]LogModuleManager: Shutting down and abandoning module TextureFormatIntelISPCTexComp (50)
[2016.04.08-20.13.13:978][899]LogModuleManager: Shutting down and abandoning module TextureFormatDXT (49)
[2016.04.08-20.13.13:984][899]LogModuleManager: Shutting down and abandoning module ImageWrapper (48)
[2016.04.08-20.13.13:984][899]LogModuleManager: Shutting down and abandoning module TextureFormatASTC (47)
[2016.04.08-20.13.13:984][899]LogModuleManager: Shutting down and abandoning module TextureFormatAndroid (46)
[2016.04.08-20.13.13:984][899]LogModuleManager: Shutting down and abandoning module AudioFormatOpus (45)
[2016.04.08-20.13.14:015][899]LogModuleManager: Shutting down and abandoning module AudioFormatOgg (44)
[2016.04.08-20.13.14:042][899]LogModuleManager: Shutting down and abandoning module AudioFormatADPCM (43)
[2016.04.08-20.13.14:062][899]LogModuleManager: Shutting down and abandoning module LinuxTargetPlatform (42)
[2016.04.08-20.13.14:126][899]LogModuleManager: Shutting down and abandoning module LinuxServerTargetPlatform (41)
[2016.04.08-20.13.14:156][899]LogModuleManager: Shutting down and abandoning module LinuxNoEditorTargetPlatform (40)
[2016.04.08-20.13.14:180][899]LogModuleManager: Shutting down and abandoning module Messaging (39)
[2016.04.08-20.13.14:180][899]LogModuleManager: Shutting down and abandoning module IOSTargetPlatform (38)
[2016.04.08-20.13.14:191][899]LogModuleManager: Shutting down and abandoning module HTML5TargetPlatform (37)
[2016.04.08-20.13.14:202][899]LogModuleManager: Shutting down and abandoning module Android_PVRTCTargetPlatform (36)
[2016.04.08-20.13.14:202][899]LogModuleManager: Shutting down and abandoning module Android_MultiTargetPlatform (35)
[2016.04.08-20.13.14:202][899]LogModuleManager: Shutting down and abandoning module Android_ETC2TargetPlatform (34)
[2016.04.08-20.13.14:203][899]LogModuleManager: Shutting down and abandoning module Android_ETC1TargetPlatform (33)
[2016.04.08-20.13.14:203][899]LogModuleManager: Shutting down and abandoning module Android_DXTTargetPlatform (32)
[2016.04.08-20.13.14:203][899]LogModuleManager: Shutting down and abandoning module Android_ATCTargetPlatform (31)
[2016.04.08-20.13.14:203][899]LogModuleManager: Shutting down and abandoning module Android_ASTCTargetPlatform (30)
[2016.04.08-20.13.14:203][899]LogModuleManager: Shutting down and abandoning module AndroidTargetPlatform (29)
[2016.04.08-20.13.14:203][899]LogModuleManager: Shutting down and abandoning module WindowsTargetPlatform (28)
[2016.04.08-20.13.14:258][899]LogModuleManager: Shutting down and abandoning module WindowsServerTargetPlatform (27)
[2016.04.08-20.13.14:285][899]LogModuleManager: Shutting down and abandoning module WindowsNoEditorTargetPlatform (26)
[2016.04.08-20.13.14:318][899]LogModuleManager: Shutting down and abandoning module WindowsClientTargetPlatform (25)
[2016.04.08-20.13.14:340][899]LogModuleManager: Shutting down and abandoning module AllDesktopTargetPlatform (24)
[2016.04.08-20.13.14:340][899]LogModuleManager: Shutting down and abandoning module TargetPlatform (23)
[2016.04.08-20.13.14:394][899]LogModuleManager: Shutting down and abandoning module InputCore (22)
[2016.04.08-20.13.14:394][899]LogModuleManager: Shutting down and abandoning module Settings (21)
[2016.04.08-20.13.14:408][899]LogModuleManager: Shutting down and abandoning module OnlineSubsystem (19)
[2016.04.08-20.13.14:408][899]LogModuleManager: Shutting down and abandoning module HTTP (18)
[2016.04.08-20.13.16:432][899]LogModuleManager: Shutting down and abandoning module XMPP (17)
[2016.04.08-20.13.16:462][899]LogModuleManager: Shutting down and abandoning module OculusRift (16)
[2016.04.08-20.13.16:483][899]LogModuleManager: Shutting down and abandoning module ExampleDeviceProfileSelector (15)
[2016.04.08-20.13.16:483][899]LogModuleManager: Shutting down and abandoning module TextureCompressor (14)
[2016.04.08-20.13.16:524][899]LogModuleManager: Shutting down and abandoning module ShaderCore (13)
[2016.04.08-20.13.16:524][899]LogModuleManager: Shutting down and abandoning module Landscape (12)
[2016.04.08-20.13.16:524][899]LogModuleManager: Shutting down and abandoning module SlateRHIRenderer (11)
[2016.04.08-20.13.16:557][899]LogModuleManager: Shutting down and abandoning module OpenGLDrv (10)
[2016.04.08-20.13.16:570][899]LogModuleManager: Shutting down and abandoning module D3D11RHI (9)
[2016.04.08-20.13.16:570][899]LogModuleManager: Shutting down and abandoning module AnimGraphRuntime (8)
[2016.04.08-20.13.16:579][899]LogModuleManager: Shutting down and abandoning module Renderer (7)
[2016.04.08-20.13.16:579][899]LogModuleManager: Shutting down and abandoning module Engine (6)
[2016.04.08-20.13.16:579][899]LogModuleManager: Shutting down and abandoning module CoreUObject (5)
[2016.04.08-20.13.16:579][899]LogModuleManager: Shutting down and abandoning module NetworkFile (4)
[2016.04.08-20.13.16:615][899]LogModuleManager: Shutting down and abandoning module StreamingFile (3)
[2016.04.08-20.13.16:634][899]LogModuleManager: Shutting down and abandoning module SandboxFile (2)
[2016.04.08-20.13.16:649][899]LogModuleManager: Shutting down and abandoning module PakFile (1)
[2016.04.08-20.13.16:724][899]LogExit: Exiting.
[2016.04.08-20.13.17:067][899]Log file closed, 04/08/16 15:13:17
