[2016.04.19-02.03.07:389][  0]Log file open, 04/18/16 21:03:07
[2016.04.19-02.03.07:389][  0]LogInit:Display: Running engine for game: Axioma
[2016.04.19-02.03.07:389][  0]LogPlatformFile: Not using cached read wrapper
[2016.04.19-02.03.07:389][  0]LogInit:Display: RandInit(-685907197) SRandInit(-685907196).
[2016.04.19-02.03.07:389][  0]LogTaskGraph: Started task graph with 4 named threads and 5 total threads.
[2016.04.19-02.03.07:389][  0]LogStats: Stats thread started at 0.061639
[2016.04.19-02.03.07:389][  0]LogInit: Version: 4.10.4-2872498+++depot+UE4-Releases+4.10
[2016.04.19-02.03.07:389][  0]LogInit: API Version: 2758231
[2016.04.19-02.03.07:389][  0]LogInit: Compiled (64-bit): Feb 18 2016 15:47:04
[2016.04.19-02.03.07:389][  0]LogInit: Compiled with Visual C++: 19.00.23026.00
[2016.04.19-02.03.07:389][  0]LogInit: Build Configuration: Development
[2016.04.19-02.03.07:389][  0]LogInit: Branch Name: ++depot+UE4-Releases+4.10
[2016.04.19-02.03.07:389][  0]LogInit: Command line:  
[2016.04.19-02.03.07:389][  0]LogInit: Base directory: C:/Program Files (x86)/Epic Games/4.10/Engine/Binaries/Win64/
[2016.04.19-02.03.07:389][  0]LogInit: Rocket: 1
[2016.04.19-02.03.07:451][  0]LogInit: Using libcurl 7.41.0
[2016.04.19-02.03.07:451][  0]LogInit:  - built for x86_64-pc-win32
[2016.04.19-02.03.07:451][  0]LogInit:  - supports SSL with WinSSL
[2016.04.19-02.03.07:451][  0]LogInit:  - other features:
[2016.04.19-02.03.07:451][  0]LogInit:      CURL_VERSION_SSL
[2016.04.19-02.03.07:451][  0]LogInit:      CURL_VERSION_IPV6
[2016.04.19-02.03.07:451][  0]LogInit:      CURL_VERSION_ASYNCHDNS
[2016.04.19-02.03.07:451][  0]LogInit:      CURL_VERSION_LARGEFILE
[2016.04.19-02.03.07:451][  0]LogInit:      CURL_VERSION_IDN
[2016.04.19-02.03.07:451][  0]LogInit:  CurlRequestOptions (configurable via config and command line):
[2016.04.19-02.03.07:451][  0]LogInit:  - bVerifyPeer = true  - Libcurl will verify peer certificate
[2016.04.19-02.03.07:451][  0]LogInit:  - bUseHttpProxy = false  - Libcurl will NOT use HTTP proxy
[2016.04.19-02.03.07:451][  0]LogInit:  - bDontReuseConnections = false  - Libcurl will reuse connections
[2016.04.19-02.03.07:451][  0]LogInit:  - CertBundlePath = nullptr  - Libcurl will use whatever was configured at build time.
[2016.04.19-02.03.07:451][  0]LogInit: Presizing for 0 objects not considered by GC, pre-allocating 0 bytes.
[2016.04.19-02.03.07:467][  0]LogInit: Object subsystem initialized
[2016.04.19-02.03.07:467][  0]LogInit: Selected Device Profile: [Windows]
[2016.04.19-02.03.07:467][  0]LogInit: Applying CVar settings loaded from the selected device profile: [Windows]
[2016.04.19-02.03.07:480][  0]LogInit: Computer: LAPTOP-RAY
[2016.04.19-02.03.07:480][  0]LogInit: User: ray
[2016.04.19-02.03.07:480][  0]LogInit: CPU Page size=4096, Cores=2
[2016.04.19-02.03.07:480][  0]LogInit: High frequency timer resolution =2.338338 MHz
[2016.04.19-02.03.07:480][  0]LogMemory: Memory total: Physical=3.9GB (4GB approx)
[2016.04.19-02.03.07:480][  0]LogMemory: Platform Memory Stats for Windows
[2016.04.19-02.03.07:480][  0]LogMemory: Process Physical Memory: 54.97 MB used, 54.97 MB peak
[2016.04.19-02.03.07:480][  0]LogMemory: Process Virtual Memory: 55.37 MB used, 55.37 MB peak
[2016.04.19-02.03.07:480][  0]LogMemory: Physical Memory: 1470.52 MB used, 3976.27 MB total
[2016.04.19-02.03.07:480][  0]LogMemory: Virtual Memory: 358.91 MB used, 134217728.00 MB total
[2016.04.19-02.03.07:518][  0]LogTextLocalizationManager: No specific translations for ('en-US') exist, so ('en') translations will be used.
[2016.04.19-02.03.07:999][  0]LogD3D11RHI: Found D3D11 adapter 0: Intel(R) HD Graphics Family (Feature Level 11_0)
[2016.04.19-02.03.07:999][  0]LogD3D11RHI: Adapter has 32MB of dedicated video memory, 0MB of dedicated system memory, and 1760MB of shared system memory, 1 output[s]
[2016.04.19-02.03.08:001][  0]LogD3D11RHI: Found D3D11 adapter 1: Microsoft Basic Render Driver (Feature Level 11_0)
[2016.04.19-02.03.08:001][  0]LogD3D11RHI: Adapter has 0MB of dedicated video memory, 0MB of dedicated system memory, and 256MB of shared system memory, 0 output[s]
[2016.04.19-02.03.08:001][  0]LogD3D11RHI: Chosen D3D11 Adapter Id = 0
[2016.04.19-02.03.08:006][  0]LogD3D11RHI: !Direct3DDevice
[2016.04.19-02.03.08:006][  0]LogRHI: Texture pool is 638 MB (70% of 912 MB)
[2016.04.19-02.03.08:013][  0]LogD3D11RHI: Async texture creation enabled
[2016.04.19-02.03.08:017][  0]LogShaderCompilers: Guid format shader working directory is -71 characters bigger than the processId version (../../../../../../Users/ray/Documents/FCFM Stuff/Essays, Homework, and Stuff/7mo. Semestre/Videojuegos 2/vj2/Axioma/Intermediate/Shaders/WorkingDirectory/6388/).
[2016.04.19-02.03.08:017][  0]LogShaderCompilers: Cleaned the shader compiler working directory 'C:/Users/ray/AppData/Local/Temp/UnrealShaderWorkingDir/5998C8E14395558E81219B8768F2D50C/'.
[2016.04.19-02.03.08:017][  0]LogShaderCompilers:Display: Using Local Shader Compiler.
[2016.04.19-02.03.11:140][  0]LogTemp:Display: Loaded TP AllDesktopTargetPlatform
[2016.04.19-02.03.11:145][  0]LogTemp:Display: Loaded TP WindowsClientTargetPlatform
[2016.04.19-02.03.11:150][  0]LogTemp:Display: Loaded TP WindowsNoEditorTargetPlatform
[2016.04.19-02.03.11:154][  0]LogTemp:Display: Loaded TP WindowsServerTargetPlatform
[2016.04.19-02.03.11:159][  0]LogTemp:Display: Loaded TP WindowsTargetPlatform
[2016.04.19-02.03.11:201][  0]LogTemp:Display: Loaded TP AndroidTargetPlatform
[2016.04.19-02.03.11:224][  0]LogTemp:Display: Loaded TP Android_ASTCTargetPlatform
[2016.04.19-02.03.11:233][  0]LogTemp:Display: Loaded TP Android_ATCTargetPlatform
[2016.04.19-02.03.11:249][  0]LogTemp:Display: Loaded TP Android_DXTTargetPlatform
[2016.04.19-02.03.11:259][  0]LogTemp:Display: Loaded TP Android_ETC1TargetPlatform
[2016.04.19-02.03.11:284][  0]LogTemp:Display: Loaded TP Android_ETC2TargetPlatform
[2016.04.19-02.03.11:303][  0]LogTemp:Display: Loaded TP Android_MultiTargetPlatform
[2016.04.19-02.03.11:303][  0]LogTemp:Display: Loaded TP Android_PVRTCTargetPlatform
[2016.04.19-02.03.11:343][  0]LogTemp:Display: Loaded TP HTML5TargetPlatform
[2016.04.19-02.03.11:527][  0]LogTemp:Display: Loaded TP IOSTargetPlatform
[2016.04.19-02.03.11:551][  0]LogTemp:Display: Loaded TP LinuxNoEditorTargetPlatform
[2016.04.19-02.03.11:614][  0]LogTemp:Display: Loaded TP LinuxServerTargetPlatform
[2016.04.19-02.03.11:667][  0]LogTemp:Display: Loaded TP LinuxTargetPlatform
[2016.04.19-02.03.11:667][  0]LogTargetPlatformManager:Display: Building Assets For Windows
[2016.04.19-02.03.12:344][  0]LogDerivedDataCache:Display: Max Cache Size: 512 MB
[2016.04.19-02.03.12:993][  0]LogDerivedDataCache: Loaded boot cache 0.65s 41MB C:/Users/ray/AppData/Local/UnrealEngine/4.10/DerivedDataCache/Boot.ddc.
[2016.04.19-02.03.12:993][  0]LogDerivedDataCache:Display: Loaded Boot cache: C:/Users/ray/AppData/Local/UnrealEngine/4.10/DerivedDataCache/Boot.ddc
[2016.04.19-02.03.12:993][  0]LogDerivedDataCache: FDerivedDataBackendGraph:  Pak pak cache file ../../../../../../Users/ray/Documents/FCFM Stuff/Essays, Homework, and Stuff/7mo. Semestre/Videojuegos 2/vj2/Axioma/DerivedDataCache/DDC.ddp not found, will not use a pak cache.
[2016.04.19-02.03.12:993][  0]LogDerivedDataCache: Unable to find inner node Pak for hierarchical cache Hierarchy.
[2016.04.19-02.03.12:994][  0]LogDerivedDataCache: FDerivedDataBackendGraph:  CompressedPak pak cache file ../../../../../../Users/ray/Documents/FCFM Stuff/Essays, Homework, and Stuff/7mo. Semestre/Videojuegos 2/vj2/Axioma/DerivedDataCache/Compressed.ddp not found, will not use a pak cache.
[2016.04.19-02.03.12:994][  0]LogDerivedDataCache: Unable to find inner node CompressedPak for hierarchical cache Hierarchy.
[2016.04.19-02.03.13:092][  0]LogDerivedDataCache:Display: Pak cache opened for reading ../../../Engine/DerivedDataCache/Compressed.ddp.
[2016.04.19-02.03.13:105][  0]LogDerivedDataCache: Using Local data cache path C:/Users/ray/AppData/Local/UnrealEngine/Common/DerivedDataCache: Writable
[2016.04.19-02.03.18:534][  0]LogInit: Selected Device Profile: [Windows]
[2016.04.19-02.03.18:537][  0]LogContentStreaming: Texture pool size is 0.000000MB
[2016.04.19-02.03.18:713][  0]LogMeshUtilities: No automatic mesh reduction module available
[2016.04.19-02.03.18:713][  0]LogMeshUtilities: No automatic mesh merging module available
[2016.04.19-02.03.19:086][  0]LogInit: WinSock: version 1.1 (2.2), MaxSocks=32767, MaxUdp=65467
[2016.04.19-02.03.42:328][  0]UdpMessaging: Initializing bridge on interface 0.0.0.0:0 to multicast group 230.0.0.1:6666.
[2016.04.19-02.03.43:981][  0]LogAssetRegistry: FAssetRegistry took 0.0116 seconds to start up
[2016.04.19-02.03.45:113][  0]SourceControl: Info Source control is disabled
[2016.04.19-02.03.45:194][  0]SourceControl: Info Source control is disabled
[2016.04.19-02.03.45:280][  0]SourceControl: Info Source control is disabled
[2016.04.19-02.03.45:377][  0]SourceControl: Info Source control is disabled
[2016.04.19-02.03.47:528][  0]LogObj: 28633 objects as part of root set at end of initial load.
[2016.04.19-02.03.47:528][  0]LogUObjectAllocator: 6099744 out of 0 bytes used by permanent object pool.
[2016.04.19-02.03.47:818][  0]LogEngine: Initializing Engine...
[2016.04.19-02.03.47:821][  0]LogHMD: Can't find Oculus library dev build: is proper Runtime installed? Version: 0.8.0.0
[2016.04.19-02.03.47:979][  0]LogHMD: SteamVR failed to initialize.  Err: 110
[2016.04.19-02.03.48:160][  0]LogAIModule: Creating AISystem for world NewWorld
[2016.04.19-02.03.48:240][  0]LogInit: XAudio2 using 'Altavoces (Realtek High Definition Audio)' : 2 channels at 48 kHz using 32 bits per sample (channel mask 0x3)
[2016.04.19-02.03.48:264][  0]LogInit: FAudioDevice initialized.
[2016.04.19-02.03.48:447][  0]LogDerivedDataCache: Saved boot cache 0.18s 41MB C:/Users/ray/AppData/Local/UnrealEngine/4.10/DerivedDataCache/Boot.ddc.
[2016.04.19-02.03.48:657][  0]LogInit: Texture streaming: Enabled
[2016.04.19-02.03.49:056][  0]LogAnalytics: Creating configured Analytics provider AnalyticsET
[2016.04.19-02.03.49:056][  0]LogAnalytics: [UEEditor.Rocket.Release] APIServer = http://et2.epicgames.com/ET2/. AppVersion = 4.10.4-2872498+++depot+UE4-Releases+4.10
[2016.04.19-02.03.49:057][  0]LogAnalytics: [UEEditor.Rocket.Release] SetUserId f6d84d504b8c91be90ceca84e0ba1004|f68b6959a5b94dccb13faa64bd594851|592e87cd-9efb-44c2-bcd9-891f7d9d6dd4
[2016.04.19-02.03.49:057][  0]LogAnalytics: [UEEditor.Rocket.Release] AnalyticsET::StartSession
[2016.04.19-02.03.49:107][  0]LogWindowsTextInputMethodSystem:Display: IME system now deactivated.
[2016.04.19-02.03.49:757][  0]LogInit: Transaction tracking system initialized
[2016.04.19-02.03.50:865][  0]BlueprintLog: New page: Editor Load
[2016.04.19-02.03.54:569][  0]LocalizationService: Info Localization service is disabled
[2016.04.19-02.03.56:656][  0]LogConsoleResponse:Display: 
[2016.04.19-02.03.58:073][  0]LogCook:Display: Done creating registry. It took  0.00s.
[2016.04.19-02.03.59:753][  0]SourceControl: Info Source control is disabled
[2016.04.19-02.03.59:753][  0]Cmd: MAP LOAD FILE="../../../../../../Users/ray/Documents/FCFM Stuff/Essays, Homework, and Stuff/7mo. Semestre/Videojuegos 2/vj2/Axioma/Content/Axioma.umap" TEMPLATE=0 SHOWPROGRESS=1 FEATURELEVEL=3
[2016.04.19-02.03.59:754][  0]LightingResults: New page: Lighting Build
[2016.04.19-02.03.59:761][  0]MapCheck: New page: Map Check
[2016.04.19-02.03.59:761][  0]LightingResults: New page: Lighting Build
[2016.04.19-02.03.59:821][  0]LogParticles: Destroying 0 GPU particle simulations for FXSystem 0x0000004BFA7BBB00
[2016.04.19-02.04.07:492][  0]LogAIModule: Creating AISystem for world Axioma
[2016.04.19-02.04.33:551][  0]LogEditorServer: Finished looking for orphan Actors (0.000 secs)
[2016.04.19-02.04.33:552][  0]Cmd: MAP CHECKDEP NOCLEARLOG
[2016.04.19-02.04.33:938][  0]MapCheck:Warning: Warning FirstPerson_AnimBP_C_0 FirstPerson_AnimBP_C /Game/Axioma.Axioma:PersistentLevel.FirstPersonCharacter_C_0.TRASH_SkeletalMeshComponent_5.FirstPerson_AnimBP_C_0 : Externally referenced 
[2016.04.19-02.04.33:938][  0]MapCheck:Warning: Warning FirstPerson_AnimBP_C_1 FirstPerson_AnimBP_C /Game/Axioma.Axioma:PersistentLevel.FirstPersonCharacter_C_0.Mesh2P.FirstPerson_AnimBP_C_1 : Externally referenced 
[2016.04.19-02.04.33:938][  0]MapCheck:Warning: Warning FirstPerson_AnimBP_C_0 FirstPerson_AnimBP_C /Game/Axioma.Axioma:PersistentLevel.FirstPersonCharacter_C_0.TRASH_SkeletalMeshComponent_5.FirstPerson_AnimBP_C_0 : Externally referenced 
[2016.04.19-02.04.33:938][  0]MapCheck:Warning: Warning FirstPerson_AnimBP_C_1 FirstPerson_AnimBP_C /Game/Axioma.Axioma:PersistentLevel.FirstPersonCharacter_C_0.Mesh2P.FirstPerson_AnimBP_C_1 : Externally referenced 
[2016.04.19-02.04.33:938][  0]MapCheck:Warning: Warning FirstPerson_AnimBP_C_0 FirstPerson_AnimBP_C /Game/Axioma.Axioma:PersistentLevel.FirstPersonCharacter_C_0.TRASH_SkeletalMeshComponent_5.FirstPerson_AnimBP_C_0 : Externally referenced 
[2016.04.19-02.04.33:938][  0]MapCheck:Warning: Warning FirstPerson_AnimBP_C_1 FirstPerson_AnimBP_C /Game/Axioma.Axioma:PersistentLevel.FirstPersonCharacter_C_0.Mesh2P.FirstPerson_AnimBP_C_1 : Externally referenced 
[2016.04.19-02.04.33:938][  0]MapCheck:Warning: Warning FirstPerson_AnimBP_C_0 FirstPerson_AnimBP_C /Game/Axioma.Axioma:PersistentLevel.FirstPersonCharacter_C_0.TRASH_SkeletalMeshComponent_5.FirstPerson_AnimBP_C_0 : Externally referenced 
[2016.04.19-02.04.33:938][  0]MapCheck:Warning: Warning FirstPerson_AnimBP_C_1 FirstPerson_AnimBP_C /Game/Axioma.Axioma:PersistentLevel.FirstPersonCharacter_C_0.Mesh2P.FirstPerson_AnimBP_C_1 : Externally referenced 
[2016.04.19-02.04.33:938][  0]MapCheck:Warning: Warning FirstPerson_AnimBP_C_0 FirstPerson_AnimBP_C /Game/Axioma.Axioma:PersistentLevel.FirstPersonCharacter_C_0.TRASH_SkeletalMeshComponent_5.FirstPerson_AnimBP_C_0 : Externally referenced 
[2016.04.19-02.04.33:938][  0]MapCheck:Warning: Warning FirstPerson_AnimBP_C_1 FirstPerson_AnimBP_C /Game/Axioma.Axioma:PersistentLevel.FirstPersonCharacter_C_0.Mesh2P.FirstPerson_AnimBP_C_1 : Externally referenced 
[2016.04.19-02.04.33:938][  0]MapCheck:Warning: Warning FirstPerson_AnimBP_C_0 FirstPerson_AnimBP_C /Game/Axioma.Axioma:PersistentLevel.FirstPersonCharacter_C_0.TRASH_SkeletalMeshComponent_5.FirstPerson_AnimBP_C_0 : Externally referenced 
[2016.04.19-02.04.33:938][  0]MapCheck:Warning: Warning FirstPerson_AnimBP_C_1 FirstPerson_AnimBP_C /Game/Axioma.Axioma:PersistentLevel.FirstPersonCharacter_C_0.Mesh2P.FirstPerson_AnimBP_C_1 : Externally referenced 
[2016.04.19-02.04.33:938][  0]MapCheck:Warning: Warning Mesh2P SkeletalMeshComponent /Game/Axioma.Axioma:PersistentLevel.FirstPersonCharacter_C_0.Mesh2P : Externally referenced 
[2016.04.19-02.04.33:938][  0]MapCheck:Warning: Warning Landscape_1 Landscape /Game/Axioma.Axioma:PersistentLevel.Landscape_1 : Externally referenced 
[2016.04.19-02.04.33:938][  0]MapCheck:Warning: Warning StaticMeshComponent0 StaticMeshComponent /Game/Axioma.Axioma:PersistentLevel.Cuadro_2.StaticMeshComponent0 : Externally referenced 
[2016.04.19-02.04.33:938][  0]MapCheck:Warning: Warning StaticMeshComponent0 StaticMeshComponent /Game/Axioma.Axioma:PersistentLevel.Cuadro_3.StaticMeshComponent0 : Externally referenced 
[2016.04.19-02.04.33:938][  0]MapCheck:Warning: Warning StaticMeshComponent0 StaticMeshComponent /Game/Axioma.Axioma:PersistentLevel.Bar_20.StaticMeshComponent0 : Externally referenced 
[2016.04.19-02.04.33:938][  0]MapCheck:Warning: Warning StaticMeshComponent0 StaticMeshComponent /Game/Axioma.Axioma:PersistentLevel.Casa_Grande_7.StaticMeshComponent0 : Externally referenced 
[2016.04.19-02.04.33:938][  0]MapCheck:Warning: Warning StaticMeshComponent0 StaticMeshComponent /Game/Axioma.Axioma:PersistentLevel.maya2.StaticMeshComponent0 : Externally referenced 
[2016.04.19-02.04.33:938][  0]MapCheck:Warning: Warning StaticMeshComponent0 StaticMeshComponent /Game/Axioma.Axioma:PersistentLevel.maya3.StaticMeshComponent0 : Externally referenced 
[2016.04.19-02.04.33:938][  0]MapCheck:Warning: Warning StaticMeshComponent0 StaticMeshComponent /Game/Axioma.Axioma:PersistentLevel.maya4.StaticMeshComponent0 : Externally referenced 
[2016.04.19-02.04.33:939][  0]MapCheck:Warning: Warning StaticMeshComponent0 StaticMeshComponent /Game/Axioma.Axioma:PersistentLevel.maya_11.StaticMeshComponent0 : Externally referenced 
[2016.04.19-02.04.33:939][  0]MapCheck:Warning: Warning StaticMeshComponent0 StaticMeshComponent /Game/Axioma.Axioma:PersistentLevel.Cuadro_14.StaticMeshComponent0 : Externally referenced 
[2016.04.19-02.04.33:939][  0]MapCheck:Warning: Warning StaticMeshComponent0 StaticMeshComponent /Game/Axioma.Axioma:PersistentLevel.Cuadro_2.StaticMeshComponent0 : Externally referenced 
[2016.04.19-02.04.33:939][  0]MapCheck:Warning: Warning StaticMeshComponent0 StaticMeshComponent /Game/Axioma.Axioma:PersistentLevel.Cuadro_3.StaticMeshComponent0 : Externally referenced 
[2016.04.19-02.04.33:939][  0]MapCheck:Warning: Warning StaticMeshComponent0 StaticMeshComponent /Game/Axioma.Axioma:PersistentLevel.CupulaTriple_4.StaticMeshComponent0 : Externally referenced 
[2016.04.19-02.04.33:939][  0]MapCheck:Warning: Warning StaticMeshComponent0 StaticMeshComponent /Game/Axioma.Axioma:PersistentLevel.Puerta_Chica2_28.StaticMeshComponent0 : Externally referenced 
[2016.04.19-02.04.33:939][  0]MapCheck:Warning: Warning StaticMeshComponent0 StaticMeshComponent /Game/Axioma.Axioma:PersistentLevel.Puerta_Chica_5.StaticMeshComponent0 : Externally referenced 
[2016.04.19-02.04.33:939][  0]MapCheck:Warning: Warning SplineMeshComponent_1005 SplineMeshComponent /Game/Axioma.Axioma:PersistentLevel.Landscape_2.SplineMeshComponent_1005 : Externally referenced 
[2016.04.19-02.04.33:939][  0]MapCheck:Warning: Warning SplineMeshComponent_1006 SplineMeshComponent /Game/Axioma.Axioma:PersistentLevel.Landscape_2.SplineMeshComponent_1006 : Externally referenced 
[2016.04.19-02.04.33:939][  0]MapCheck:Warning: Warning SplineMeshComponent_1007 SplineMeshComponent /Game/Axioma.Axioma:PersistentLevel.Landscape_2.SplineMeshComponent_1007 : Externally referenced 
[2016.04.19-02.04.33:939][  0]MapCheck:Warning: Warning SplineMeshComponent_1008 SplineMeshComponent /Game/Axioma.Axioma:PersistentLevel.Landscape_2.SplineMeshComponent_1008 : Externally referenced 
[2016.04.19-02.04.33:939][  0]MapCheck:Warning: Warning SplineMeshComponent_1009 SplineMeshComponent /Game/Axioma.Axioma:PersistentLevel.Landscape_2.SplineMeshComponent_1009 : Externally referenced 
[2016.04.19-02.04.33:939][  0]MapCheck:Warning: Warning SplineMeshComponent_101 SplineMeshComponent /Game/Axioma.Axioma:PersistentLevel.Landscape_2.SplineMeshComponent_101 : Externally referenced 
[2016.04.19-02.04.33:939][  0]MapCheck:Warning: Warning SplineMeshComponent_1010 SplineMeshComponent /Game/Axioma.Axioma:PersistentLevel.Landscape_2.SplineMeshComponent_1010 : Externally referenced 
[2016.04.19-02.04.33:939][  0]MapCheck:Warning: Warning SplineMeshComponent_1024 SplineMeshComponent /Game/Axioma.Axioma:PersistentLevel.Landscape_2.SplineMeshComponent_1024 : Externally referenced 
[2016.04.19-02.04.33:939][  0]MapCheck:Warning: Warning SplineMeshComponent_1025 SplineMeshComponent /Game/Axioma.Axioma:PersistentLevel.Landscape_2.SplineMeshComponent_1025 : Externally referenced 
[2016.04.19-02.04.33:939][  0]MapCheck:Warning: Warning SplineMeshComponent_1026 SplineMeshComponent /Game/Axioma.Axioma:PersistentLevel.Landscape_2.SplineMeshComponent_1026 : Externally referenced 
[2016.04.19-02.04.33:939][  0]MapCheck:Warning: Warning SplineMeshComponent_1027 SplineMeshComponent /Game/Axioma.Axioma:PersistentLevel.Landscape_2.SplineMeshComponent_1027 : Externally referenced 
[2016.04.19-02.04.33:939][  0]MapCheck:Warning: Warning SplineMeshComponent_1028 SplineMeshComponent /Game/Axioma.Axioma:PersistentLevel.Landscape_2.SplineMeshComponent_1028 : Externally referenced 
[2016.04.19-02.04.33:939][  0]MapCheck:Warning: Warning SplineMeshComponent_1029 SplineMeshComponent /Game/Axioma.Axioma:PersistentLevel.Landscape_2.SplineMeshComponent_1029 : Externally referenced 
[2016.04.19-02.04.33:939][  0]MapCheck:Warning: Warning SplineMeshComponent_1044 SplineMeshComponent /Game/Axioma.Axioma:PersistentLevel.Landscape_2.SplineMeshComponent_1044 : Externally referenced 
[2016.04.19-02.04.33:939][  0]MapCheck:Warning: Warning SplineMeshComponent_1045 SplineMeshComponent /Game/Axioma.Axioma:PersistentLevel.Landscape_2.SplineMeshComponent_1045 : Externally referenced 
[2016.04.19-02.04.33:939][  0]MapCheck:Warning: Warning SplineMeshComponent_1046 SplineMeshComponent /Game/Axioma.Axioma:PersistentLevel.Landscape_2.SplineMeshComponent_1046 : Externally referenced 
[2016.04.19-02.04.33:939][  0]MapCheck:Warning: Warning SplineMeshComponent_1047 SplineMeshComponent /Game/Axioma.Axioma:PersistentLevel.Landscape_2.SplineMeshComponent_1047 : Externally referenced 
[2016.04.19-02.04.33:939][  0]MapCheck:Warning: Warning SplineMeshComponent_1048 SplineMeshComponent /Game/Axioma.Axioma:PersistentLevel.Landscape_2.SplineMeshComponent_1048 : Externally referenced 
[2016.04.19-02.04.33:939][  0]MapCheck:Warning: Warning SplineMeshComponent_105 SplineMeshComponent /Game/Axioma.Axioma:PersistentLevel.Landscape_2.SplineMeshComponent_105 : Externally referenced 
[2016.04.19-02.04.33:940][  0]MapCheck:Warning: Warning SplineMeshComponent_1062 SplineMeshComponent /Game/Axioma.Axioma:PersistentLevel.Landscape_2.SplineMeshComponent_1062 : Externally referenced 
[2016.04.19-02.04.33:940][  0]MapCheck:Warning: Warning SplineMeshComponent_1063 SplineMeshComponent /Game/Axioma.Axioma:PersistentLevel.Landscape_2.SplineMeshComponent_1063 : Externally referenced 
[2016.04.19-02.04.33:940][  0]MapCheck:Warning: Warning SplineMeshComponent_1064 SplineMeshComponent /Game/Axioma.Axioma:PersistentLevel.Landscape_2.SplineMeshComponent_1064 : Externally referenced 
[2016.04.19-02.04.33:940][  0]MapCheck:Warning: Warning SplineMeshComponent_1065 SplineMeshComponent /Game/Axioma.Axioma:PersistentLevel.Landscape_2.SplineMeshComponent_1065 : Externally referenced 
[2016.04.19-02.04.33:940][  0]MapCheck:Warning: Warning SplineMeshComponent_1066 SplineMeshComponent /Game/Axioma.Axioma:PersistentLevel.Landscape_2.SplineMeshComponent_1066 : Externally referenced 
[2016.04.19-02.04.33:940][  0]MapCheck:Warning: Warning SplineMeshComponent_1067 SplineMeshComponent /Game/Axioma.Axioma:PersistentLevel.Landscape_2.SplineMeshComponent_1067 : Externally referenced 
[2016.04.19-02.04.33:940][  0]MapCheck:Warning: Warning SplineMeshComponent_1085 SplineMeshComponent /Game/Axioma.Axioma:PersistentLevel.Landscape_2.SplineMeshComponent_1085 : Externally referenced 
[2016.04.19-02.04.33:940][  0]MapCheck:Warning: Warning SplineMeshComponent_1086 SplineMeshComponent /Game/Axioma.Axioma:PersistentLevel.Landscape_2.SplineMeshComponent_1086 : Externally referenced 
[2016.04.19-02.04.33:940][  0]MapCheck:Warning: Warning SplineMeshComponent_109 SplineMeshComponent /Game/Axioma.Axioma:PersistentLevel.Landscape_2.SplineMeshComponent_109 : Externally referenced 
[2016.04.19-02.04.33:940][  0]MapCheck:Warning: Warning SplineMeshComponent_1100 SplineMeshComponent /Game/Axioma.Axioma:PersistentLevel.Landscape_2.SplineMeshComponent_1100 : Externally referenced 
[2016.04.19-02.04.33:940][  0]MapCheck:Warning: Warning SplineMeshComponent_1101 SplineMeshComponent /Game/Axioma.Axioma:PersistentLevel.Landscape_2.SplineMeshComponent_1101 : Externally referenced 
[2016.04.19-02.04.33:940][  0]MapCheck:Warning: Warning SplineMeshComponent_1102 SplineMeshComponent /Game/Axioma.Axioma:PersistentLevel.Landscape_2.SplineMeshComponent_1102 : Externally referenced 
[2016.04.19-02.04.33:940][  0]MapCheck:Warning: Warning SplineMeshComponent_1103 SplineMeshComponent /Game/Axioma.Axioma:PersistentLevel.Landscape_2.SplineMeshComponent_1103 : Externally referenced 
[2016.04.19-02.04.33:940][  0]MapCheck:Warning: Warning SplineMeshComponent_1104 SplineMeshComponent /Game/Axioma.Axioma:PersistentLevel.Landscape_2.SplineMeshComponent_1104 : Externally referenced 
[2016.04.19-02.04.33:940][  0]MapCheck:Warning: Warning SplineMeshComponent_1105 SplineMeshComponent /Game/Axioma.Axioma:PersistentLevel.Landscape_2.SplineMeshComponent_1105 : Externally referenced 
[2016.04.19-02.04.33:940][  0]MapCheck:Warning: Warning SplineMeshComponent_112 SplineMeshComponent /Game/Axioma.Axioma:PersistentLevel.Landscape_2.SplineMeshComponent_112 : Externally referenced 
[2016.04.19-02.04.33:940][  0]MapCheck:Warning: Warning SplineMeshComponent_1120 SplineMeshComponent /Game/Axioma.Axioma:PersistentLevel.Landscape_2.SplineMeshComponent_1120 : Externally referenced 
[2016.04.19-02.04.33:940][  0]MapCheck:Warning: Warning SplineMeshComponent_1121 SplineMeshComponent /Game/Axioma.Axioma:PersistentLevel.Landscape_2.SplineMeshComponent_1121 : Externally referenced 
[2016.04.19-02.04.33:940][  0]MapCheck:Warning: Warning SplineMeshComponent_1122 SplineMeshComponent /Game/Axioma.Axioma:PersistentLevel.Landscape_2.SplineMeshComponent_1122 : Externally referenced 
[2016.04.19-02.04.33:940][  0]MapCheck:Warning: Warning SplineMeshComponent_1123 SplineMeshComponent /Game/Axioma.Axioma:PersistentLevel.Landscape_2.SplineMeshComponent_1123 : Externally referenced 
[2016.04.19-02.04.33:940][  0]MapCheck:Warning: Warning SplineMeshComponent_1124 SplineMeshComponent /Game/Axioma.Axioma:PersistentLevel.Landscape_2.SplineMeshComponent_1124 : Externally referenced 
[2016.04.19-02.04.33:940][  0]MapCheck:Warning: Warning SplineMeshComponent_1140 SplineMeshComponent /Game/Axioma.Axioma:PersistentLevel.Landscape_2.SplineMeshComponent_1140 : Externally referenced 
[2016.04.19-02.04.33:940][  0]MapCheck:Warning: Warning SplineMeshComponent_1141 SplineMeshComponent /Game/Axioma.Axioma:PersistentLevel.Landscape_2.SplineMeshComponent_1141 : Externally referenced 
[2016.04.19-02.04.33:940][  0]MapCheck:Warning: Warning SplineMeshComponent_1142 SplineMeshComponent /Game/Axioma.Axioma:PersistentLevel.Landscape_2.SplineMeshComponent_1142 : Externally referenced 
[2016.04.19-02.04.33:940][  0]MapCheck:Warning: Warning SplineMeshComponent_1143 SplineMeshComponent /Game/Axioma.Axioma:PersistentLevel.Landscape_2.SplineMeshComponent_1143 : Externally referenced 
[2016.04.19-02.04.33:940][  0]MapCheck:Warning: Warning SplineMeshComponent_1161 SplineMeshComponent /Game/Axioma.Axioma:PersistentLevel.Landscape_2.SplineMeshComponent_1161 : Externally referenced 
[2016.04.19-02.04.33:940][  0]MapCheck:Warning: Warning SplineMeshComponent_1162 SplineMeshComponent /Game/Axioma.Axioma:PersistentLevel.Landscape_2.SplineMeshComponent_1162 : Externally referenced 
[2016.04.19-02.04.33:941][  0]MapCheck:Warning: Warning SplineMeshComponent_1181 SplineMeshComponent /Game/Axioma.Axioma:PersistentLevel.Landscape_2.SplineMeshComponent_1181 : Externally referenced 
[2016.04.19-02.04.33:941][  0]MapCheck:Warning: Warning SplineMeshComponent_1182 SplineMeshComponent /Game/Axioma.Axioma:PersistentLevel.Landscape_2.SplineMeshComponent_1182 : Externally referenced 
[2016.04.19-02.04.33:941][  0]MapCheck:Warning: Warning SplineMeshComponent_1183 SplineMeshComponent /Game/Axioma.Axioma:PersistentLevel.Landscape_2.SplineMeshComponent_1183 : Externally referenced 
[2016.04.19-02.04.33:941][  0]MapCheck:Warning: Warning SplineMeshComponent_1184 SplineMeshComponent /Game/Axioma.Axioma:PersistentLevel.Landscape_2.SplineMeshComponent_1184 : Externally referenced 
[2016.04.19-02.04.33:941][  0]MapCheck:Warning: Warning SplineMeshComponent_1185 SplineMeshComponent /Game/Axioma.Axioma:PersistentLevel.Landscape_2.SplineMeshComponent_1185 : Externally referenced 
[2016.04.19-02.04.33:941][  0]MapCheck:Warning: Warning SplineMeshComponent_1186 SplineMeshComponent /Game/Axioma.Axioma:PersistentLevel.Landscape_2.SplineMeshComponent_1186 : Externally referenced 
[2016.04.19-02.04.33:941][  0]MapCheck:Warning: Warning SplineMeshComponent_1187 SplineMeshComponent /Game/Axioma.Axioma:PersistentLevel.Landscape_2.SplineMeshComponent_1187 : Externally referenced 
[2016.04.19-02.04.33:941][  0]MapCheck:Warning: Warning SplineMeshComponent_1188 SplineMeshComponent /Game/Axioma.Axioma:PersistentLevel.Landscape_2.SplineMeshComponent_1188 : Externally referenced 
[2016.04.19-02.04.33:941][  0]MapCheck:Warning: Warning SplineMeshComponent_1189 SplineMeshComponent /Game/Axioma.Axioma:PersistentLevel.Landscape_2.SplineMeshComponent_1189 : Externally referenced 
[2016.04.19-02.04.33:941][  0]MapCheck:Warning: Warning SplineMeshComponent_1190 SplineMeshComponent /Game/Axioma.Axioma:PersistentLevel.Landscape_2.SplineMeshComponent_1190 : Externally referenced 
[2016.04.19-02.04.33:941][  0]MapCheck:Warning: Warning SplineMeshComponent_1191 SplineMeshComponent /Game/Axioma.Axioma:PersistentLevel.Landscape_2.SplineMeshComponent_1191 : Externally referenced 
[2016.04.19-02.04.33:941][  0]MapCheck:Warning: Warning SplineMeshComponent_1192 SplineMeshComponent /Game/Axioma.Axioma:PersistentLevel.Landscape_2.SplineMeshComponent_1192 : Externally referenced 
[2016.04.19-02.04.33:941][  0]MapCheck:Warning: Warning SplineMeshComponent_1193 SplineMeshComponent /Game/Axioma.Axioma:PersistentLevel.Landscape_2.SplineMeshComponent_1193 : Externally referenced 
[2016.04.19-02.04.33:941][  0]MapCheck:Warning: Warning SplineMeshComponent_1194 SplineMeshComponent /Game/Axioma.Axioma:PersistentLevel.Landscape_2.SplineMeshComponent_1194 : Externally referenced 
[2016.04.19-02.04.33:941][  0]MapCheck:Warning: Warning SplineMeshComponent_1195 SplineMeshComponent /Game/Axioma.Axioma:PersistentLevel.Landscape_2.SplineMeshComponent_1195 : Externally referenced 
[2016.04.19-02.04.33:941][  0]MapCheck:Warning: Warning SplineMeshComponent_1196 SplineMeshComponent /Game/Axioma.Axioma:PersistentLevel.Landscape_2.SplineMeshComponent_1196 : Externally referenced 
[2016.04.19-02.04.33:941][  0]MapCheck:Warning: Warning SplineMeshComponent_1197 SplineMeshComponent /Game/Axioma.Axioma:PersistentLevel.Landscape_2.SplineMeshComponent_1197 : Externally referenced 
[2016.04.19-02.04.33:941][  0]MapCheck:Warning: Warning SplineMeshComponent_1198 SplineMeshComponent /Game/Axioma.Axioma:PersistentLevel.Landscape_2.SplineMeshComponent_1198 : Externally referenced 
[2016.04.19-02.04.33:941][  0]MapCheck:Warning: Warning SplineMeshComponent_1199 SplineMeshComponent /Game/Axioma.Axioma:PersistentLevel.Landscape_2.SplineMeshComponent_1199 : Externally referenced 
[2016.04.19-02.04.33:941][  0]MapCheck:Warning: Warning SplineMeshComponent_1200 SplineMeshComponent /Game/Axioma.Axioma:PersistentLevel.Landscape_2.SplineMeshComponent_1200 : Externally referenced 
[2016.04.19-02.04.33:941][  0]MapCheck:Warning: Warning SplineMeshComponent_1201 SplineMeshComponent /Game/Axioma.Axioma:PersistentLevel.Landscape_2.SplineMeshComponent_1201 : Externally referenced 
[2016.04.19-02.04.33:941][  0]MapCheck:Warning: Warning SplineMeshComponent_1202 SplineMeshComponent /Game/Axioma.Axioma:PersistentLevel.Landscape_2.SplineMeshComponent_1202 : Externally referenced 
[2016.04.19-02.04.33:941][  0]MapCheck:Warning: Warning SplineMeshComponent_1203 SplineMeshComponent /Game/Axioma.Axioma:PersistentLevel.Landscape_2.SplineMeshComponent_1203 : Externally referenced 
[2016.04.19-02.04.33:941][  0]MapCheck:Warning: Warning SplineMeshComponent_1204 SplineMeshComponent /Game/Axioma.Axioma:PersistentLevel.Landscape_2.SplineMeshComponent_1204 : Externally referenced 
[2016.04.19-02.04.33:941][  0]MapCheck:Warning: Warning SplineMeshComponent_1205 SplineMeshComponent /Game/Axioma.Axioma:PersistentLevel.Landscape_2.SplineMeshComponent_1205 : Externally referenced 
[2016.04.19-02.04.33:941][  0]MapCheck:Warning: Warning SplineMeshComponent_1206 SplineMeshComponent /Game/Axioma.Axioma:PersistentLevel.Landscape_2.SplineMeshComponent_1206 : Externally referenced 
[2016.04.19-02.04.33:942][  0]MapCheck:Warning: Warning SplineMeshComponent_1207 SplineMeshComponent /Game/Axioma.Axioma:PersistentLevel.Landscape_2.SplineMeshComponent_1207 : Externally referenced 
[2016.04.19-02.04.33:942][  0]MapCheck:Warning: Warning SplineMeshComponent_1208 SplineMeshComponent /Game/Axioma.Axioma:PersistentLevel.Landscape_2.SplineMeshComponent_1208 : Externally referenced 
[2016.04.19-02.04.33:942][  0]MapCheck:Warning: Warning SplineMeshComponent_1209 SplineMeshComponent /Game/Axioma.Axioma:PersistentLevel.Landscape_2.SplineMeshComponent_1209 : Externally referenced 
[2016.04.19-02.04.33:942][  0]MapCheck:Warning: Warning SplineMeshComponent_125 SplineMeshComponent /Game/Axioma.Axioma:PersistentLevel.Landscape_2.SplineMeshComponent_125 : Externally referenced 
[2016.04.19-02.04.33:942][  0]MapCheck:Warning: Warning SplineMeshComponent_126 SplineMeshComponent /Game/Axioma.Axioma:PersistentLevel.Landscape_2.SplineMeshComponent_126 : Externally referenced 
[2016.04.19-02.04.33:942][  0]MapCheck:Warning: Warning SplineMeshComponent_127 SplineMeshComponent /Game/Axioma.Axioma:PersistentLevel.Landscape_2.SplineMeshComponent_127 : Externally referenced 
[2016.04.19-02.04.33:942][  0]MapCheck:Warning: Warning SplineMeshComponent_128 SplineMeshComponent /Game/Axioma.Axioma:PersistentLevel.Landscape_2.SplineMeshComponent_128 : Externally referenced 
[2016.04.19-02.04.33:942][  0]MapCheck:Warning: Warning SplineMeshComponent_129 SplineMeshComponent /Game/Axioma.Axioma:PersistentLevel.Landscape_2.SplineMeshComponent_129 : Externally referenced 
[2016.04.19-02.04.33:942][  0]MapCheck:Warning: Warning SplineMeshComponent_130 SplineMeshComponent /Game/Axioma.Axioma:PersistentLevel.Landscape_2.SplineMeshComponent_130 : Externally referenced 
[2016.04.19-02.04.33:942][  0]MapCheck:Warning: Warning SplineMeshComponent_132 SplineMeshComponent /Game/Axioma.Axioma:PersistentLevel.Landscape_2.SplineMeshComponent_132 : Externally referenced 
[2016.04.19-02.04.33:942][  0]MapCheck:Warning: Warning SplineMeshComponent_33 SplineMeshComponent /Game/Axioma.Axioma:PersistentLevel.Landscape_2.SplineMeshComponent_33 : Externally referenced 
[2016.04.19-02.04.33:942][  0]MapCheck:Warning: Warning SplineMeshComponent_40 SplineMeshComponent /Game/Axioma.Axioma:PersistentLevel.Landscape_2.SplineMeshComponent_40 : Externally referenced 
[2016.04.19-02.04.33:942][  0]MapCheck:Warning: Warning SplineMeshComponent_45 SplineMeshComponent /Game/Axioma.Axioma:PersistentLevel.Landscape_2.SplineMeshComponent_45 : Externally referenced 
[2016.04.19-02.04.33:942][  0]MapCheck:Warning: Warning SplineMeshComponent_50 SplineMeshComponent /Game/Axioma.Axioma:PersistentLevel.Landscape_2.SplineMeshComponent_50 : Externally referenced 
[2016.04.19-02.04.33:942][  0]MapCheck:Warning: Warning SplineMeshComponent_55 SplineMeshComponent /Game/Axioma.Axioma:PersistentLevel.Landscape_2.SplineMeshComponent_55 : Externally referenced 
[2016.04.19-02.04.33:942][  0]MapCheck:Warning: Warning SplineMeshComponent_57 SplineMeshComponent /Game/Axioma.Axioma:PersistentLevel.Landscape_2.SplineMeshComponent_57 : Externally referenced 
[2016.04.19-02.04.33:942][  0]MapCheck:Warning: Warning SplineMeshComponent_60 SplineMeshComponent /Game/Axioma.Axioma:PersistentLevel.Landscape_2.SplineMeshComponent_60 : Externally referenced 
[2016.04.19-02.04.33:942][  0]MapCheck:Warning: Warning SplineMeshComponent_63 SplineMeshComponent /Game/Axioma.Axioma:PersistentLevel.Landscape_2.SplineMeshComponent_63 : Externally referenced 
[2016.04.19-02.04.33:942][  0]MapCheck:Warning: Warning SplineMeshComponent_68 SplineMeshComponent /Game/Axioma.Axioma:PersistentLevel.Landscape_2.SplineMeshComponent_68 : Externally referenced 
[2016.04.19-02.04.33:942][  0]MapCheck:Warning: Warning SplineMeshComponent_72 SplineMeshComponent /Game/Axioma.Axioma:PersistentLevel.Landscape_2.SplineMeshComponent_72 : Externally referenced 
[2016.04.19-02.04.33:942][  0]MapCheck:Warning: Warning SplineMeshComponent_77 SplineMeshComponent /Game/Axioma.Axioma:PersistentLevel.Landscape_2.SplineMeshComponent_77 : Externally referenced 
[2016.04.19-02.04.33:942][  0]MapCheck:Warning: Warning SplineMeshComponent_81 SplineMeshComponent /Game/Axioma.Axioma:PersistentLevel.Landscape_2.SplineMeshComponent_81 : Externally referenced 
[2016.04.19-02.04.33:942][  0]MapCheck:Warning: Warning SplineMeshComponent_85 SplineMeshComponent /Game/Axioma.Axioma:PersistentLevel.Landscape_2.SplineMeshComponent_85 : Externally referenced 
[2016.04.19-02.04.33:942][  0]MapCheck:Warning: Warning SplineMeshComponent_91 SplineMeshComponent /Game/Axioma.Axioma:PersistentLevel.Landscape_2.SplineMeshComponent_91 : Externally referenced 
[2016.04.19-02.04.33:942][  0]MapCheck:Warning: Warning SplineMeshComponent_912 SplineMeshComponent /Game/Axioma.Axioma:PersistentLevel.Landscape_2.SplineMeshComponent_912 : Externally referenced 
[2016.04.19-02.04.33:984][  0]MapCheck:Warning: Warning SplineMeshComponent_913 SplineMeshComponent /Game/Axioma.Axioma:PersistentLevel.Landscape_2.SplineMeshComponent_913 : Externally referenced 
[2016.04.19-02.04.33:984][  0]MapCheck:Warning: Warning SplineMeshComponent_914 SplineMeshComponent /Game/Axioma.Axioma:PersistentLevel.Landscape_2.SplineMeshComponent_914 : Externally referenced 
[2016.04.19-02.04.33:984][  0]MapCheck:Warning: Warning SplineMeshComponent_915 SplineMeshComponent /Game/Axioma.Axioma:PersistentLevel.Landscape_2.SplineMeshComponent_915 : Externally referenced 
[2016.04.19-02.04.33:984][  0]MapCheck:Warning: Warning SplineMeshComponent_930 SplineMeshComponent /Game/Axioma.Axioma:PersistentLevel.Landscape_2.SplineMeshComponent_930 : Externally referenced 
[2016.04.19-02.04.33:984][  0]MapCheck:Warning: Warning SplineMeshComponent_931 SplineMeshComponent /Game/Axioma.Axioma:PersistentLevel.Landscape_2.SplineMeshComponent_931 : Externally referenced 
[2016.04.19-02.04.33:984][  0]MapCheck:Warning: Warning SplineMeshComponent_932 SplineMeshComponent /Game/Axioma.Axioma:PersistentLevel.Landscape_2.SplineMeshComponent_932 : Externally referenced 
[2016.04.19-02.04.33:984][  0]MapCheck:Warning: Warning SplineMeshComponent_933 SplineMeshComponent /Game/Axioma.Axioma:PersistentLevel.Landscape_2.SplineMeshComponent_933 : Externally referenced 
[2016.04.19-02.04.33:984][  0]MapCheck:Warning: Warning SplineMeshComponent_934 SplineMeshComponent /Game/Axioma.Axioma:PersistentLevel.Landscape_2.SplineMeshComponent_934 : Externally referenced 
[2016.04.19-02.04.33:984][  0]MapCheck:Warning: Warning SplineMeshComponent_949 SplineMeshComponent /Game/Axioma.Axioma:PersistentLevel.Landscape_2.SplineMeshComponent_949 : Externally referenced 
[2016.04.19-02.04.33:984][  0]MapCheck:Warning: Warning SplineMeshComponent_950 SplineMeshComponent /Game/Axioma.Axioma:PersistentLevel.Landscape_2.SplineMeshComponent_950 : Externally referenced 
[2016.04.19-02.04.33:984][  0]MapCheck:Warning: Warning SplineMeshComponent_951 SplineMeshComponent /Game/Axioma.Axioma:PersistentLevel.Landscape_2.SplineMeshComponent_951 : Externally referenced 
[2016.04.19-02.04.33:984][  0]MapCheck:Warning: Warning SplineMeshComponent_952 SplineMeshComponent /Game/Axioma.Axioma:PersistentLevel.Landscape_2.SplineMeshComponent_952 : Externally referenced 
[2016.04.19-02.04.33:984][  0]MapCheck:Warning: Warning SplineMeshComponent_953 SplineMeshComponent /Game/Axioma.Axioma:PersistentLevel.Landscape_2.SplineMeshComponent_953 : Externally referenced 
[2016.04.19-02.04.33:984][  0]MapCheck:Warning: Warning SplineMeshComponent_96 SplineMeshComponent /Game/Axioma.Axioma:PersistentLevel.Landscape_2.SplineMeshComponent_96 : Externally referenced 
[2016.04.19-02.04.33:985][  0]MapCheck:Warning: Warning SplineMeshComponent_967 SplineMeshComponent /Game/Axioma.Axioma:PersistentLevel.Landscape_2.SplineMeshComponent_967 : Externally referenced 
[2016.04.19-02.04.33:985][  0]MapCheck:Warning: Warning SplineMeshComponent_968 SplineMeshComponent /Game/Axioma.Axioma:PersistentLevel.Landscape_2.SplineMeshComponent_968 : Externally referenced 
[2016.04.19-02.04.33:985][  0]MapCheck:Warning: Warning SplineMeshComponent_969 SplineMeshComponent /Game/Axioma.Axioma:PersistentLevel.Landscape_2.SplineMeshComponent_969 : Externally referenced 
[2016.04.19-02.04.33:985][  0]MapCheck:Warning: Warning SplineMeshComponent_970 SplineMeshComponent /Game/Axioma.Axioma:PersistentLevel.Landscape_2.SplineMeshComponent_970 : Externally referenced 
[2016.04.19-02.04.33:985][  0]MapCheck:Warning: Warning SplineMeshComponent_971 SplineMeshComponent /Game/Axioma.Axioma:PersistentLevel.Landscape_2.SplineMeshComponent_971 : Externally referenced 
[2016.04.19-02.04.33:985][  0]MapCheck:Warning: Warning SplineMeshComponent_972 SplineMeshComponent /Game/Axioma.Axioma:PersistentLevel.Landscape_2.SplineMeshComponent_972 : Externally referenced 
[2016.04.19-02.04.33:985][  0]MapCheck:Warning: Warning SplineMeshComponent_989 SplineMeshComponent /Game/Axioma.Axioma:PersistentLevel.Landscape_2.SplineMeshComponent_989 : Externally referenced 
[2016.04.19-02.04.33:985][  0]MapCheck:Warning: Warning SplineMeshComponent_990 SplineMeshComponent /Game/Axioma.Axioma:PersistentLevel.Landscape_2.SplineMeshComponent_990 : Externally referenced 
[2016.04.19-02.04.33:985][  0]MapCheck:Warning: Warning SplineMeshComponent_991 SplineMeshComponent /Game/Axioma.Axioma:PersistentLevel.Landscape_2.SplineMeshComponent_991 : Externally referenced 
[2016.04.19-02.04.33:985][  0]MapCheck:Warning: Warning LandscapeSplineSegment_10 LandscapeSplineSegment /Game/Axioma.Axioma:PersistentLevel.Landscape_2.LandscapeSplinesComponent_0.LandscapeSplineSegment_10 : Externally referenced 
[2016.04.19-02.04.33:985][  0]MapCheck:Warning: Warning LandscapeSplineSegment_11 LandscapeSplineSegment /Game/Axioma.Axioma:PersistentLevel.Landscape_2.LandscapeSplinesComponent_0.LandscapeSplineSegment_11 : Externally referenced 
[2016.04.19-02.04.33:985][  0]MapCheck:Warning: Warning LandscapeSplineSegment_12 LandscapeSplineSegment /Game/Axioma.Axioma:PersistentLevel.Landscape_2.LandscapeSplinesComponent_0.LandscapeSplineSegment_12 : Externally referenced 
[2016.04.19-02.04.33:985][  0]MapCheck:Warning: Warning LandscapeSplineSegment_13 LandscapeSplineSegment /Game/Axioma.Axioma:PersistentLevel.Landscape_2.LandscapeSplinesComponent_0.LandscapeSplineSegment_13 : Externally referenced 
[2016.04.19-02.04.33:985][  0]MapCheck:Warning: Warning LandscapeSplineSegment_14 LandscapeSplineSegment /Game/Axioma.Axioma:PersistentLevel.Landscape_2.LandscapeSplinesComponent_0.LandscapeSplineSegment_14 : Externally referenced 
[2016.04.19-02.04.33:985][  0]MapCheck:Warning: Warning LandscapeSplineSegment_15 LandscapeSplineSegment /Game/Axioma.Axioma:PersistentLevel.Landscape_2.LandscapeSplinesComponent_0.LandscapeSplineSegment_15 : Externally referenced 
[2016.04.19-02.04.33:985][  0]MapCheck:Warning: Warning LandscapeSplineSegment_16 LandscapeSplineSegment /Game/Axioma.Axioma:PersistentLevel.Landscape_2.LandscapeSplinesComponent_0.LandscapeSplineSegment_16 : Externally referenced 
[2016.04.19-02.04.33:985][  0]MapCheck:Warning: Warning LandscapeSplineSegment_17 LandscapeSplineSegment /Game/Axioma.Axioma:PersistentLevel.Landscape_2.LandscapeSplinesComponent_0.LandscapeSplineSegment_17 : Externally referenced 
[2016.04.19-02.04.33:985][  0]MapCheck:Warning: Warning LandscapeSplineSegment_18 LandscapeSplineSegment /Game/Axioma.Axioma:PersistentLevel.Landscape_2.LandscapeSplinesComponent_0.LandscapeSplineSegment_18 : Externally referenced 
[2016.04.19-02.04.33:985][  0]MapCheck:Warning: Warning LandscapeSplineSegment_19 LandscapeSplineSegment /Game/Axioma.Axioma:PersistentLevel.Landscape_2.LandscapeSplinesComponent_0.LandscapeSplineSegment_19 : Externally referenced 
[2016.04.19-02.04.33:985][  0]MapCheck:Warning: Warning LandscapeSplineSegment_2 LandscapeSplineSegment /Game/Axioma.Axioma:PersistentLevel.Landscape_2.LandscapeSplinesComponent_0.LandscapeSplineSegment_2 : Externally referenced 
[2016.04.19-02.04.33:985][  0]MapCheck:Warning: Warning LandscapeSplineSegment_20 LandscapeSplineSegment /Game/Axioma.Axioma:PersistentLevel.Landscape_2.LandscapeSplinesComponent_0.LandscapeSplineSegment_20 : Externally referenced 
[2016.04.19-02.04.33:985][  0]MapCheck:Warning: Warning LandscapeSplineSegment_21 LandscapeSplineSegment /Game/Axioma.Axioma:PersistentLevel.Landscape_2.LandscapeSplinesComponent_0.LandscapeSplineSegment_21 : Externally referenced 
[2016.04.19-02.04.33:985][  0]MapCheck:Warning: Warning LandscapeSplineSegment_27 LandscapeSplineSegment /Game/Axioma.Axioma:PersistentLevel.Landscape_2.LandscapeSplinesComponent_0.LandscapeSplineSegment_27 : Externally referenced 
[2016.04.19-02.04.33:986][  0]MapCheck:Warning: Warning LandscapeSplineSegment_28 LandscapeSplineSegment /Game/Axioma.Axioma:PersistentLevel.Landscape_2.LandscapeSplinesComponent_0.LandscapeSplineSegment_28 : Externally referenced 
[2016.04.19-02.04.33:986][  0]MapCheck:Warning: Warning LandscapeSplineSegment_29 LandscapeSplineSegment /Game/Axioma.Axioma:PersistentLevel.Landscape_2.LandscapeSplinesComponent_0.LandscapeSplineSegment_29 : Externally referenced 
[2016.04.19-02.04.33:986][  0]MapCheck:Warning: Warning LandscapeSplineSegment_3 LandscapeSplineSegment /Game/Axioma.Axioma:PersistentLevel.Landscape_2.LandscapeSplinesComponent_0.LandscapeSplineSegment_3 : Externally referenced 
[2016.04.19-02.04.33:986][  0]MapCheck:Warning: Warning LandscapeSplineSegment_30 LandscapeSplineSegment /Game/Axioma.Axioma:PersistentLevel.Landscape_2.LandscapeSplinesComponent_0.LandscapeSplineSegment_30 : Externally referenced 
[2016.04.19-02.04.33:986][  0]MapCheck:Warning: Warning LandscapeSplineSegment_31 LandscapeSplineSegment /Game/Axioma.Axioma:PersistentLevel.Landscape_2.LandscapeSplinesComponent_0.LandscapeSplineSegment_31 : Externally referenced 
[2016.04.19-02.04.33:986][  0]MapCheck:Warning: Warning LandscapeSplineSegment_32 LandscapeSplineSegment /Game/Axioma.Axioma:PersistentLevel.Landscape_2.LandscapeSplinesComponent_0.LandscapeSplineSegment_32 : Externally referenced 
[2016.04.19-02.04.33:986][  0]MapCheck:Warning: Warning LandscapeSplineSegment_34 LandscapeSplineSegment /Game/Axioma.Axioma:PersistentLevel.Landscape_2.LandscapeSplinesComponent_0.LandscapeSplineSegment_34 : Externally referenced 
[2016.04.19-02.04.33:986][  0]MapCheck:Warning: Warning LandscapeSplineSegment_4 LandscapeSplineSegment /Game/Axioma.Axioma:PersistentLevel.Landscape_2.LandscapeSplinesComponent_0.LandscapeSplineSegment_4 : Externally referenced 
[2016.04.19-02.04.33:986][  0]MapCheck:Warning: Warning LandscapeSplineSegment_5 LandscapeSplineSegment /Game/Axioma.Axioma:PersistentLevel.Landscape_2.LandscapeSplinesComponent_0.LandscapeSplineSegment_5 : Externally referenced 
[2016.04.19-02.04.33:986][  0]MapCheck:Warning: Warning LandscapeSplineSegment_6 LandscapeSplineSegment /Game/Axioma.Axioma:PersistentLevel.Landscape_2.LandscapeSplinesComponent_0.LandscapeSplineSegment_6 : Externally referenced 
[2016.04.19-02.04.33:986][  0]MapCheck:Warning: Warning LandscapeSplineSegment_7 LandscapeSplineSegment /Game/Axioma.Axioma:PersistentLevel.Landscape_2.LandscapeSplinesComponent_0.LandscapeSplineSegment_7 : Externally referenced 
[2016.04.19-02.04.33:986][  0]MapCheck:Warning: Warning LandscapeSplineSegment_70 LandscapeSplineSegment /Game/Axioma.Axioma:PersistentLevel.Landscape_2.LandscapeSplinesComponent_0.LandscapeSplineSegment_70 : Externally referenced 
[2016.04.19-02.04.33:986][  0]MapCheck:Warning: Warning LandscapeSplineSegment_71 LandscapeSplineSegment /Game/Axioma.Axioma:PersistentLevel.Landscape_2.LandscapeSplinesComponent_0.LandscapeSplineSegment_71 : Externally referenced 
[2016.04.19-02.04.33:986][  0]MapCheck:Warning: Warning LandscapeSplineSegment_72 LandscapeSplineSegment /Game/Axioma.Axioma:PersistentLevel.Landscape_2.LandscapeSplinesComponent_0.LandscapeSplineSegment_72 : Externally referenced 
[2016.04.19-02.04.33:986][  0]MapCheck:Warning: Warning LandscapeSplineSegment_73 LandscapeSplineSegment /Game/Axioma.Axioma:PersistentLevel.Landscape_2.LandscapeSplinesComponent_0.LandscapeSplineSegment_73 : Externally referenced 
[2016.04.19-02.04.33:986][  0]MapCheck:Warning: Warning LandscapeSplineSegment_74 LandscapeSplineSegment /Game/Axioma.Axioma:PersistentLevel.Landscape_2.LandscapeSplinesComponent_0.LandscapeSplineSegment_74 : Externally referenced 
[2016.04.19-02.04.33:986][  0]MapCheck:Warning: Warning LandscapeSplineSegment_75 LandscapeSplineSegment /Game/Axioma.Axioma:PersistentLevel.Landscape_2.LandscapeSplinesComponent_0.LandscapeSplineSegment_75 : Externally referenced 
[2016.04.19-02.04.33:986][  0]MapCheck:Warning: Warning LandscapeSplineSegment_76 LandscapeSplineSegment /Game/Axioma.Axioma:PersistentLevel.Landscape_2.LandscapeSplinesComponent_0.LandscapeSplineSegment_76 : Externally referenced 
[2016.04.19-02.04.33:986][  0]MapCheck:Warning: Warning LandscapeSplineSegment_77 LandscapeSplineSegment /Game/Axioma.Axioma:PersistentLevel.Landscape_2.LandscapeSplinesComponent_0.LandscapeSplineSegment_77 : Externally referenced 
[2016.04.19-02.04.33:986][  0]MapCheck:Warning: Warning LandscapeSplineSegment_78 LandscapeSplineSegment /Game/Axioma.Axioma:PersistentLevel.Landscape_2.LandscapeSplinesComponent_0.LandscapeSplineSegment_78 : Externally referenced 
[2016.04.19-02.04.33:986][  0]MapCheck:Warning: Warning LandscapeSplineSegment_79 LandscapeSplineSegment /Game/Axioma.Axioma:PersistentLevel.Landscape_2.LandscapeSplinesComponent_0.LandscapeSplineSegment_79 : Externally referenced 
[2016.04.19-02.04.33:986][  0]MapCheck:Warning: Warning LandscapeSplineSegment_8 LandscapeSplineSegment /Game/Axioma.Axioma:PersistentLevel.Landscape_2.LandscapeSplinesComponent_0.LandscapeSplineSegment_8 : Externally referenced 
[2016.04.19-02.04.33:986][  0]MapCheck:Warning: Warning LandscapeSplineSegment_80 LandscapeSplineSegment /Game/Axioma.Axioma:PersistentLevel.Landscape_2.LandscapeSplinesComponent_0.LandscapeSplineSegment_80 : Externally referenced 
[2016.04.19-02.04.33:986][  0]MapCheck:Warning: Warning LandscapeSplineSegment_82 LandscapeSplineSegment /Game/Axioma.Axioma:PersistentLevel.Landscape_2.LandscapeSplinesComponent_0.LandscapeSplineSegment_82 : Externally referenced 
[2016.04.19-02.04.33:986][  0]MapCheck:Warning: Warning LandscapeSplineSegment_83 LandscapeSplineSegment /Game/Axioma.Axioma:PersistentLevel.Landscape_2.LandscapeSplinesComponent_0.LandscapeSplineSegment_83 : Externally referenced 
[2016.04.19-02.04.33:987][  0]MapCheck:Warning: Warning LandscapeSplineSegment_85 LandscapeSplineSegment /Game/Axioma.Axioma:PersistentLevel.Landscape_2.LandscapeSplinesComponent_0.LandscapeSplineSegment_85 : Externally referenced 
[2016.04.19-02.04.33:987][  0]MapCheck:Warning: Warning LandscapeSplineSegment_86 LandscapeSplineSegment /Game/Axioma.Axioma:PersistentLevel.Landscape_2.LandscapeSplinesComponent_0.LandscapeSplineSegment_86 : Externally referenced 
[2016.04.19-02.04.33:987][  0]MapCheck:Warning: Warning StaticMeshComponent0 StaticMeshComponent /Game/Axioma.Axioma:PersistentLevel.SM_Stairs_25.StaticMeshComponent0 : Externally referenced 
[2016.04.19-02.04.33:987][  0]MapCheck: Info Map check complete: 0 Error(s), 190 Warning(s), took 435.381ms to complete.
[2016.04.19-02.04.33:998][  0]LogFileHelpers: Loading map 'Axioma' took 34.245
[2016.04.19-02.04.34:266][  0]LogCollectionManager: Loaded 0 collections in 0.005630 seconds
[2016.04.19-02.04.34:322][  0]LogFileCache: Scanning file cache for directory 'C:/Users/ray/Documents/FCFM Stuff/Essays, Homework, and Stuff/7mo. Semestre/Videojuegos 2/vj2/Axioma/Saved/Collections/' took 0.01s
[2016.04.19-02.04.34:322][  0]LogFileCache: Scanning file cache for directory 'C:/Users/ray/Documents/FCFM Stuff/Essays, Homework, and Stuff/7mo. Semestre/Videojuegos 2/vj2/Axioma/Content/Developers/ray/Collections/' took 0.01s
[2016.04.19-02.04.34:322][  0]LogFileCache: Scanning file cache for directory 'C:/Users/ray/Documents/FCFM Stuff/Essays, Homework, and Stuff/7mo. Semestre/Videojuegos 2/vj2/Axioma/Content/Collections/' took 0.01s
[2016.04.19-02.04.34:322][  0]LogCollectionManager: Rebuilt the GUID cache for 0 collections in 0.000005 seconds
[2016.04.19-02.04.34:346][  0]LogContentBrowser: Native class hierarchy populated in 0.0234 seconds. Added 1893 classes and 338 folders.
[2016.04.19-02.04.34:362][  0]LogContentBrowser: Native class hierarchy updated for 'WidgetCarousel' in 0.0012 seconds. Added 0 classes and 0 folders.
[2016.04.19-02.04.34:690][  0]LogContentBrowser: Native class hierarchy updated for 'AddContentDialog' in 0.0014 seconds. Added 0 classes and 0 folders.
[2016.04.19-02.04.34:723][  0]LogContentBrowser: Native class hierarchy updated for 'SceneOutliner' in 0.0016 seconds. Added 1 classes and 2 folders.
[2016.04.19-02.04.34:862][  0]LogCrashTracker: Crashtracker disabled due to settings.
[2016.04.19-02.04.34:875][  0]LogUObjectGlobals:Warning: Failed to find object 'Class None.'
[2016.04.19-02.04.34:905][  0]LogLoad: Full Startup: 87.92 seconds (BP compile: 0.35 seconds)
[2016.04.19-02.04.34:936][  0]LogOcInput: Can't find Oculus library dev build: is proper Runtime installed? Version: 0.8.0.0
[2016.04.19-02.04.35:072][  0]LogContentStreaming: Texture pool size now 200 MB
[2016.04.19-02.04.35:315][  0]LogRenderer: Reallocating scene render targets to support 816x348 (Frame:2).
[2016.04.19-02.04.35:755][  1]Cmd: UpdateLandscapeEditorData -warnings
[2016.04.19-02.04.36:755][  8]LogAssetRegistry: Asset discovery search completed in 52.7864 seconds
[2016.04.19-02.04.36:755][  8]LogCollectionManager: Rebuilt the object cache for 0 collections in 0.000001 seconds (found 0 objects)
[2016.04.19-02.04.36:755][  8]LogCollectionManager: Fixed up redirectors for 0 collections in 0.000020 seconds (updated 0 objects)
[2016.04.19-02.04.43:741][251]LogEditorViewport: Clicking on Actor (LMB): Landscape (Landscape1)
[2016.04.19-02.06.00:176][897]LogBlueprintUserMessages: Early PlayInEditor Detection: Level '/Game/Axioma.Axioma:PersistentLevel' has LevelScriptBlueprint '/Game/Axioma.Axioma:PersistentLevel.Axioma' with GeneratedClass '/Game/Axioma.Axioma_C' with ClassGeneratedBy '/Game/Axioma.Axioma:PersistentLevel.Axioma'
[2016.04.19-02.06.00:176][897]LogPlayLevel: PlayLevel: No blueprints needed recompiling
[2016.04.19-02.06.00:176][897]PIE: New page: PIE session: Axioma (Apr 18, 2016, 4:06:00 PM)
[2016.04.19-02.06.00:176][897]LogPlayLevel: Creating play world package: /Game/UEDPIE_0_Axioma
[2016.04.19-02.06.00:428][897]LogPlayLevel: PIE: StaticDuplicateObject took: (0.250219s)
[2016.04.19-02.06.00:431][897]LogAIModule: Creating AISystem for world Axioma
[2016.04.19-02.06.00:431][897]LogPlayLevel: PIE: World Init took: (0.003719s)
[2016.04.19-02.06.00:432][897]LogPlayLevel: PIE: Created PIE world by copying editor world from /Game/Axioma.Axioma to /Game/UEDPIE_0_Axioma.Axioma (0.254728s)
[2016.04.19-02.06.00:483][897]LogInit: XAudio2 using 'Altavoces (Realtek High Definition Audio)' : 2 channels at 48 kHz using 32 bits per sample (channel mask 0x3)
[2016.04.19-02.06.00:492][897]LogInit: FAudioDevice initialized.
[2016.04.19-02.06.00:627][897]LogWorld: Game class is 'FirstPersonGameMode_C'
[2016.04.19-02.06.01:231][897]LogWorld: Bringing World /Game/UEDPIE_0_Axioma.Axioma up for play (max tick rate 60) at 2016.04.18-21.06.01
[2016.04.19-02.06.01:232][897]LogActor:Warning: GameSession /Game/UEDPIE_0_Axioma.Axioma:PersistentLevel.GameSession_0 has natively added scene component(s), but none of them were set as the actor's RootComponent - picking one arbitrarily
[2016.04.19-02.06.01:232][897]LogActor:Warning: GameNetworkManager /Game/UEDPIE_0_Axioma.Axioma:PersistentLevel.GameNetworkManager_0 has natively added scene component(s), but none of them were set as the actor's RootComponent - picking one arbitrarily
[2016.04.19-02.06.01:248][897]LogWorld: Bringing up level for play took: 0.618674
[2016.04.19-02.06.01:256][897]PIE: Info Play in editor start time for /Game/UEDPIE_0_Axioma 1.193
[2016.04.19-02.06.01:256][897]LogBlueprintUserMessages: Late PlayInEditor Detection: Level '/Game/Axioma.Axioma:PersistentLevel' has LevelScriptBlueprint '/Game/Axioma.Axioma:PersistentLevel.Axioma' with GeneratedClass '/Game/Axioma.Axioma_C' with ClassGeneratedBy '/Game/Axioma.Axioma:PersistentLevel.Axioma'
[2016.04.19-02.06.24:724][111]LogBlueprintUserMessages: Early EndPlayMap Detection: Level '/Game/Axioma.Axioma:PersistentLevel' has LevelScriptBlueprint '/Game/Axioma.Axioma:PersistentLevel.Axioma' with GeneratedClass '/Game/Axioma.Axioma_C' with ClassGeneratedBy '/Game/Axioma.Axioma:PersistentLevel.Axioma'
[2016.04.19-02.06.24:790][111]LogBlueprintUserMessages: Late EndPlayMap Detection: Level '/Game/Axioma.Axioma:PersistentLevel' has LevelScriptBlueprint '/Game/Axioma.Axioma:PersistentLevel.Axioma' with GeneratedClass '/Game/Axioma.Axioma_C' with ClassGeneratedBy '/Game/Axioma.Axioma:PersistentLevel.Axioma'
[2016.04.19-02.06.24:827][111]LogParticles: Destroying 0 GPU particle simulations for FXSystem 0x0000004BFF7CAFC0
[2016.04.19-02.07.49:297][996]LogActorFactory: Actor Factory created Casa_Chica_1_Buena
[2016.04.19-02.07.51:101][ 51]LogActorFactory: Actor Factory created Casa_Chica_1_Buena
[2016.04.19-02.08.16:461][848]LogActorFactory: Actor Factory created Casa_Chica_2_Buena
[2016.04.19-02.08.18:009][881]LogActorFactory: Actor Factory created Casa_Chica_2_Buena
[2016.04.19-02.08.29:273][234]LogEditorViewport: Clicking on Actor (context menu): Landscape (Landscape2)
[2016.04.19-02.08.30:520][264]LogEditorViewport: Clicking on Actor (LMB): StaticMeshActor (Casa_Chica_2_Buena)
[2016.04.19-14.46.12:833][911]LogSavePackage: Save=14061.332031ms
[2016.04.19-14.46.12:833][911]LogSavePackage: Moving '../../../../../../Users/ray/Documents/FCFM Stuff/Essays, Homework, and Stuff/7mo. Semestre/Videojuegos 2/vj2/Axioma/Saved/Axioma_Auto1298905F14A4A3E87EC6FDAA3DFEB0A02.tmp' to '../../../../../../Users/ray/Documents/FCFM Stuff/Essays, Homework, and Stuff/7mo. Semestre/Videojuegos 2/vj2/Axioma/Saved/Autosaves/Game/Axioma_Auto1.umap'
[2016.04.19-14.46.13:172][911]LogSavePackage: Total save time: 26110.480607ms
[2016.04.19-14.46.13:172][911]LogSavePackage:Display: Finished SavePackage ../../../../../../Users/ray/Documents/FCFM Stuff/Essays, Homework, and Stuff/7mo. Semestre/Videojuegos 2/vj2/Axioma/Saved/Autosaves/Game/Axioma_Auto1.umap
[2016.04.19-14.46.13:407][911]LogFileHelpers: Editor autosave (incl. sublevels) for '/Game/Axioma' took 31.709
[2016.04.19-14.46.13:407][911]LogFileHelpers: Editor autosave (incl. sublevels) for all levels took 31.709
[2016.04.19-14.46.31:662][ 59]LogTexture:Display: Building textures: Texture2D_2 (G8)
[2016.04.19-14.46.38:939][125]LogEditorViewport: Clicking on Actor (LMB): Landscape (Landscape2)
[2016.04.19-14.46.57:366][335]Cmd: DELETE
[2016.04.19-14.46.57:366][335]Cmd: ACTOR DELETE
[2016.04.19-14.47.16:480][668]Cmd: DELETE
[2016.04.19-14.47.16:480][668]Cmd: ACTOR DELETE
[2016.04.19-14.47.54:285][867]Cmd: TRANSACTION UNDO
[2016.04.19-14.47.54:285][867]LogEditorTransaction: Undo Add Landscape Spline Segment
[2016.04.19-14.47.54:606][867]LogActorComponent: ~FComponentReregisterContext: (/Game/Axioma.Axioma:PersistentLevel.Landscape_2.SplineMeshComponent_1102) Component already registered.
[2016.04.19-14.47.54:607][867]LogActorComponent: ~FComponentReregisterContext: (/Game/Axioma.Axioma:PersistentLevel.Landscape_2.SplineMeshComponent_1100) Component already registered.
[2016.04.19-14.47.54:607][867]LogActorComponent: ~FComponentReregisterContext: (/Game/Axioma.Axioma:PersistentLevel.Landscape_2.SplineMeshComponent_1101) Component already registered.
[2016.04.19-14.47.54:749][868]Cmd: UpdateLandscapeEditorData
[2016.04.19-14.48.04:649][128]Cmd: TRANSACTION UNDO
[2016.04.19-14.48.04:649][128]LogEditorTransaction: Undo Add Landscape Spline Segment
[2016.04.19-14.48.04:809][129]Cmd: UpdateLandscapeEditorData
[2016.04.19-14.48.16:158][421]Cmd: DELETE
[2016.04.19-14.48.16:158][421]Cmd: ACTOR DELETE
[2016.04.19-14.48.17:789][465]Cmd: TRANSACTION UNDO
[2016.04.19-14.48.17:789][465]LogEditorTransaction: Undo Delete Landscape Splines
[2016.04.19-14.48.18:501][483]Cmd: TRANSACTION UNDO
[2016.04.19-14.48.18:501][483]LogEditorTransaction: Undo Add Landscape Spline Control Point
[2016.04.19-14.48.18:654][484]Cmd: UpdateLandscapeEditorData
[2016.04.19-14.48.24:224][629]Cmd: TRANSACTION UNDO
[2016.04.19-14.48.24:224][629]LogEditorTransaction: Undo Add Landscape Spline Control Point
[2016.04.19-14.48.24:381][630]Cmd: UpdateLandscapeEditorData
[2016.04.19-14.48.29:227][719]Cmd: TRANSACTION UNDO
[2016.04.19-14.48.29:227][719]LogEditorTransaction: Undo Add Landscape Spline Control Point
[2016.04.19-14.48.29:371][720]Cmd: UpdateLandscapeEditorData
[2016.04.19-14.48.31:074][758]Cmd: TRANSACTION UNDO
[2016.04.19-14.48.31:074][758]LogEditorTransaction: Undo Add Landscape Spline Control Point
[2016.04.19-14.48.31:161][759]Cmd: UpdateLandscapeEditorData
[2016.04.19-14.48.33:015][803]Cmd: TRANSACTION UNDO
[2016.04.19-14.48.33:015][803]LogEditorTransaction: Undo Add Landscape Spline Control Point
[2016.04.19-14.48.33:106][804]Cmd: UpdateLandscapeEditorData
[2016.04.19-14.48.34:840][843]Cmd: TRANSACTION UNDO
[2016.04.19-14.48.34:840][843]LogEditorTransaction: Undo Add Landscape Spline Control Point
[2016.04.19-14.48.34:932][844]Cmd: UpdateLandscapeEditorData
[2016.04.19-14.48.37:472][898]Cmd: TRANSACTION UNDO
[2016.04.19-14.48.37:472][898]LogEditorTransaction: Undo Add Landscape Spline Control Point
[2016.04.19-14.48.37:646][899]Cmd: UpdateLandscapeEditorData
[2016.04.19-14.49.26:850][315]Cmd: DELETE
[2016.04.19-14.49.26:851][315]Cmd: ACTOR DELETE
[2016.04.19-14.49.47:259][367]LogSavePackage: Save=1924.519409ms
[2016.04.19-14.49.47:259][367]LogSavePackage: Moving '../../../../../../Users/ray/Documents/FCFM Stuff/Essays, Homework, and Stuff/7mo. Semestre/Videojuegos 2/vj2/Axioma/Saved/AxiomaC65B37CD404354F9A31662AD414C111C.tmp' to '../../../../../../Users/ray/Documents/FCFM Stuff/Essays, Homework, and Stuff/7mo. Semestre/Videojuegos 2/vj2/Axioma/Content/Axioma.umap'
[2016.04.19-14.49.47:267][367]LogSavePackage: Total save time: 2023.591541ms
[2016.04.19-14.49.47:267][367]LogSavePackage:Display: Finished SavePackage ../../../../../../Users/ray/Documents/FCFM Stuff/Essays, Homework, and Stuff/7mo. Semestre/Videojuegos 2/vj2/Axioma/Content/Axioma.umap
[2016.04.19-14.49.47:339][367]LogFileHelpers: Saving map 'Axioma' took 5.197
[2016.04.19-14.49.48:067][367]LogWindowsTextInputMethodSystem:Display: IME system now deactivated.
[2016.04.19-14.49.48:863][368]Cmd: QUIT_EDITOR
[2016.04.19-14.49.50:557][368]LogExit: Preparing to exit.
[2016.04.19-14.49.52:076][368]LogExit: Editor shut down
[2016.04.19-14.49.52:077][368]LogExit: Transaction tracking system shut down
[2016.04.19-14.49.52:217][368]LogParticles: Destroying 0 GPU particle simulations for FXSystem 0x0000004BFDDA68E0
[2016.04.19-14.49.55:250][368]LogParticles: Destroying 0 GPU particle simulations for FXSystem 0x0000004B8D751080
[2016.04.19-14.49.55:250][368]LogParticles: Destroying 0 GPU particle simulations for FXSystem 0x0000004B8DEE0720
[2016.04.19-14.49.55:250][368]LogParticles: Destroying 0 GPU particle simulations for FXSystem 0x0000004B8E803240
[2016.04.19-14.49.55:250][368]LogParticles: Destroying 0 GPU particle simulations for FXSystem 0x0000004B8E8036A0
[2016.04.19-14.49.55:250][368]LogExit: Object subsystem successfully closed.
[2016.04.19-14.49.55:533][368]LogD3D11RHI: Shutdown
[2016.04.19-14.49.55:533][368]LogD3D11RHI: CleanupD3DDevice
[2016.04.19-14.49.55:766][368]LogD3D11RHI: ~FD3D11DynamicRHI
[2016.04.19-14.49.56:811][368]LogModuleManager: Shutting down and abandoning module CookingStats (199)
[2016.04.19-14.49.56:811][368]LogModuleManager: Shutting down and abandoning module CrashTracker (198)
[2016.04.19-14.49.56:811][368]LogModuleManager: Shutting down and abandoning module SceneOutliner (197)
[2016.04.19-14.49.56:812][368]LogModuleManager: Shutting down and abandoning module SuperSearch (196)
[2016.04.19-14.49.56:812][368]LogModuleManager: Shutting down and abandoning module WidgetCarousel (195)
[2016.04.19-14.49.56:822][368]LogModuleManager: Shutting down and abandoning module AddContentDialog (194)
[2016.04.19-14.49.56:864][368]LogModuleManager: Shutting down and abandoning module EditorWidgets (193)
[2016.04.19-14.49.56:864][368]LogModuleManager: Shutting down and abandoning module CollectionManager (192)
[2016.04.19-14.49.56:921][368]LogModuleManager: Shutting down and abandoning module StatsViewer (191)
[2016.04.19-14.49.56:936][368]LogModuleManager: Shutting down and abandoning module FoliageEdit (190)
[2016.04.19-14.49.56:937][368]LogModuleManager: Shutting down and abandoning module LandscapeEditor (189)
[2016.04.19-14.49.56:959][368]LogModuleManager: Shutting down and abandoning module ActorPickerMode (188)
[2016.04.19-14.49.56:959][368]LogModuleManager: Shutting down and abandoning module GeometryMode (187)
[2016.04.19-14.49.56:959][368]LogModuleManager: Shutting down and abandoning module TextureAlignMode (186)
[2016.04.19-14.49.56:959][368]LogModuleManager: Shutting down and abandoning module BspMode (185)
[2016.04.19-14.49.56:959][368]LogModuleManager: Shutting down and abandoning module PlacementMode (184)
[2016.04.19-14.49.56:960][368]LogModuleManager: Shutting down and abandoning module AutomationWorker (183)
[2016.04.19-14.49.56:960][368]LogModuleManager: Shutting down and abandoning module CharacterAI (182)
[2016.04.19-14.49.56:960][368]LogModuleManager: Shutting down and abandoning module SmartSnapping (181)
[2016.04.19-14.49.56:960][368]LogModuleManager: Shutting down and abandoning module ViewportSnapping (180)
[2016.04.19-14.49.56:960][368]LogModuleManager: Shutting down and abandoning module LogVisualizer (179)
[2016.04.19-14.49.57:025][368]LogModuleManager: Shutting down and abandoning module GameProjectGeneration (178)
[2016.04.19-14.49.57:066][368]LogModuleManager: Shutting down and abandoning module IntroTutorials (177)
[2016.04.19-14.49.57:132][368]LogModuleManager: Shutting down and abandoning module EditorLiveStreaming (176)
[2016.04.19-14.49.57:132][368]LogModuleManager: Shutting down and abandoning module IOSPlatformEditor (175)
[2016.04.19-14.49.57:140][368]LogModuleManager: Shutting down and abandoning module HTML5PlatformEditor (174)
[2016.04.19-14.49.57:140][368]LogModuleManager: Shutting down and abandoning module AndroidDeviceDetection (173)
[2016.04.19-14.49.57:222][368]LogModuleManager: Shutting down and abandoning module AndroidPlatformEditor (172)
[2016.04.19-14.49.57:222][368]LogModuleManager: Shutting down and abandoning module IOSRuntimeSettings (171)
[2016.04.19-14.49.57:222][368]LogModuleManager: Shutting down and abandoning module AndroidRuntimeSettings (170)
[2016.04.19-14.49.57:222][368]LogModuleManager: Shutting down and abandoning module MergeActors (169)
[2016.04.19-14.49.57:248][368]LogModuleManager: Shutting down and abandoning module SizeMap (168)
[2016.04.19-14.49.57:248][368]LogModuleManager: Shutting down and abandoning module TreeMap (167)
[2016.04.19-14.49.57:274][368]LogModuleManager: Shutting down and abandoning module ReferenceViewer (166)
[2016.04.19-14.49.57:284][368]LogModuleManager: Shutting down and abandoning module LocalizationService (165)
[2016.04.19-14.49.57:292][368]LogModuleManager: Shutting down and abandoning module LocalizationDashboard (164)
[2016.04.19-14.49.57:318][368]LogModuleManager: Shutting down and abandoning module HardwareTargeting (163)
[2016.04.19-14.49.57:331][368]LogModuleManager: Shutting down and abandoning module DeviceProfileEditor (162)
[2016.04.19-14.49.57:353][368]LogModuleManager: Shutting down and abandoning module UndoHistory (161)
[2016.04.19-14.49.57:369][368]LogModuleManager: Shutting down and abandoning module GameplayTagsEditor (160)
[2016.04.19-14.49.57:401][368]LogModuleManager: Shutting down and abandoning module UserFeedback (159)
[2016.04.19-14.49.57:401][368]LogModuleManager: Shutting down and abandoning module XmlParser (158)
[2016.04.19-14.49.57:416][368]LogModuleManager: Shutting down and abandoning module Blutility (157)
[2016.04.19-14.49.57:416][368]LogModuleManager: Shutting down and abandoning module ProjectTargetPlatformEditor (156)
[2016.04.19-14.49.57:446][368]LogModuleManager: Shutting down and abandoning module ProjectSettingsViewer (155)
[2016.04.19-14.49.57:446][368]LogModuleManager: Shutting down and abandoning module InputBindingEditor (154)
[2016.04.19-14.49.57:482][368]LogModuleManager: Shutting down and abandoning module EditorSettingsViewer (153)
[2016.04.19-14.49.57:482][368]LogModuleManager: Shutting down and abandoning module SettingsEditor (152)
[2016.04.19-14.49.57:503][368]LogModuleManager: Shutting down and abandoning module ProjectLauncher (151)
[2016.04.19-14.49.57:544][368]LogModuleManager: Shutting down and abandoning module SessionFrontend (150)
[2016.04.19-14.49.57:575][368]LogModuleManager: Shutting down and abandoning module ProfilerClient (149)
[2016.04.19-14.49.57:606][368]LogModuleManager: Shutting down and abandoning module TargetDeviceServices (148)
[2016.04.19-14.49.57:606][368]LogModuleManager: Shutting down and abandoning module DeviceManager (147)
[2016.04.19-14.49.57:614][368]LogModuleManager: Shutting down and abandoning module AutomationController (146)
[2016.04.19-14.49.57:640][368]LogModuleManager: Shutting down and abandoning module AutomationWindow (145)
[2016.04.19-14.49.57:667][368]LogModuleManager: Shutting down and abandoning module Layers (144)
[2016.04.19-14.49.57:727][368]LogModuleManager: Shutting down and abandoning module ComponentVisualizers (143)
[2016.04.19-14.49.57:727][368]LogModuleManager: Shutting down and abandoning module DetailCustomizations (142)
[2016.04.19-14.49.57:727][368]LogModuleManager: Shutting down and abandoning module PackagesDialog (141)
[2016.04.19-14.49.57:728][368]LogModuleManager: Shutting down and abandoning module Persona (140)
[2016.04.19-14.49.57:830][368]LogModuleManager: Shutting down and abandoning module Kismet (139)
[2016.04.19-14.49.57:862][368]LogModuleManager: Shutting down and abandoning module GraphEditor (138)
[2016.04.19-14.49.57:970][368]LogModuleManager: Shutting down and abandoning module ClassViewer (137)
[2016.04.19-14.49.57:989][368]LogModuleManager: Shutting down and abandoning module Toolbox (136)
[2016.04.19-14.49.57:989][368]LogModuleManager: Shutting down and abandoning module ModuleUI (135)
[2016.04.19-14.49.58:027][368]LogModuleManager: Shutting down and abandoning module MovieSceneTools (134)
[2016.04.19-14.49.58:062][368]LogModuleManager: Shutting down and abandoning module OutputLog (133)
[2016.04.19-14.49.58:062][368]LogModuleManager: Shutting down and abandoning module GammaUI (132)
[2016.04.19-14.49.58:081][368]LogModuleManager: Shutting down and abandoning module Documentation (131)
[2016.04.19-14.49.58:081][368]LogModuleManager: Shutting down and abandoning module GameLiveStreaming (130)
[2016.04.19-14.49.58:093][368]LogModuleManager: Shutting down and abandoning module StreamingPauseRendering (129)
[2016.04.19-14.49.58:093][368]LogModuleManager: Shutting down and abandoning module AnalyticsET (128)
[2016.04.19-14.49.58:093][368]LogModuleManager: Shutting down and abandoning module Analytics (127)
[2016.04.19-14.49.58:093][368]LogModuleManager: Shutting down and abandoning module AITestSuite (126)
[2016.04.19-14.49.58:129][368]LogModuleManager: Shutting down and abandoning module GameplayDebugger (125)
[2016.04.19-14.49.58:153][368]LogModuleManager: Shutting down and abandoning module AIModule (124)
[2016.04.19-14.49.58:153][368]LogModuleManager: Shutting down and abandoning module ProfilerService (123)
[2016.04.19-14.49.58:173][368]LogModuleManager: Shutting down and abandoning module TaskGraph (122)
[2016.04.19-14.49.58:245][368]LogModuleManager: Shutting down and abandoning module SlateRemote (121)
[2016.04.19-14.49.58:245][368]LogModuleManager: Shutting down and abandoning module SteamVRController (120)
[2016.04.19-14.49.58:245][368]LogModuleManager: Shutting down and abandoning module SteamVR (119)
[2016.04.19-14.49.58:245][368]LogModuleManager: Shutting down and abandoning module ProceduralMeshComponent (118)
[2016.04.19-14.49.58:246][368]LogModuleManager: Shutting down and abandoning module OculusLibrary (117)
[2016.04.19-14.49.58:246][368]LogModuleManager: Shutting down and abandoning module OculusInput (116)
[2016.04.19-14.49.58:246][368]LogModuleManager: Shutting down and abandoning module LeapMotionController (115)
[2016.04.19-14.49.58:397][368]LogModuleManager: Shutting down and abandoning module CustomMeshComponent (114)
[2016.04.19-14.49.58:397][368]LogModuleManager: Shutting down and abandoning module CableComponent (113)
[2016.04.19-14.49.58:407][368]LogModuleManager: Shutting down and abandoning module ArchVisCharacter (112)
[2016.04.19-14.49.58:407][368]LogModuleManager: Shutting down and abandoning module MessagingDebugger (111)
[2016.04.19-14.49.58:455][368]LogModuleManager: Shutting down and abandoning module MediaPlayerEditor (110)
[2016.04.19-14.49.58:480][368]LogModuleManager: Shutting down and abandoning module HTML5Networking (109)
[2016.04.19-14.49.58:481][368]LogModuleManager: Shutting down and abandoning module SpeedTreeImporter (108)
[2016.04.19-14.49.58:481][368]LogModuleManager: Shutting down and abandoning module PluginBrowser (107)
[2016.04.19-14.49.58:497][368]LogModuleManager: Shutting down and abandoning module EpicSurvey (106)
[2016.04.19-14.49.58:523][368]LogModuleManager: Shutting down and abandoning module DesktopPlatform (105)
[2016.04.19-14.49.58:533][368]LogModuleManager: Shutting down and abandoning module VisualStudioSourceCodeAccess (104)
[2016.04.19-14.49.58:555][368]LogModuleManager: Shutting down and abandoning module UObjectPlugin (103)
[2016.04.19-14.49.58:555][368]LogModuleManager: Shutting down and abandoning module SubversionSourceControl (102)
[2016.04.19-14.49.58:563][368]LogModuleManager: Shutting down and abandoning module PerforceSourceControl (101)
[2016.04.19-14.49.58:627][368]LogModuleManager: Shutting down and abandoning module SourceControl (100)
[2016.04.19-14.49.58:658][368]LogModuleManager: Shutting down and abandoning module GitSourceControl (99)
[2016.04.19-14.49.58:707][368]LogModuleManager: Shutting down and abandoning module LightPropagationVolumeEditor (98)
[2016.04.19-14.49.58:707][368]LogModuleManager: Shutting down and abandoning module PaperTiledImporter (97)
[2016.04.19-14.49.58:724][368]LogModuleManager: Shutting down and abandoning module PaperSpriteSheetImporter (96)
[2016.04.19-14.49.58:724][368]LogModuleManager: Shutting down and abandoning module MeshPaint (95)
[2016.04.19-14.49.58:724][368]LogModuleManager: Shutting down and abandoning module SlateReflector (94)
[2016.04.19-14.49.58:747][368]LogModuleManager: Shutting down and abandoning module HotReload (93)
[2016.04.19-14.49.58:762][368]LogModuleManager: Shutting down and abandoning module MainFrame (92)
[2016.04.19-14.49.58:762][368]LogModuleManager: Shutting down and abandoning module LevelEditor (91)
[2016.04.19-14.49.58:778][368]LogModuleManager: Shutting down and abandoning module DirectoryWatcher (90)
[2016.04.19-14.49.58:781][368]LogModuleManager: Shutting down and abandoning module AssetRegistry (89)
[2016.04.19-14.49.59:017][368]LogModuleManager: Shutting down and abandoning module ContentBrowser (88)
[2016.04.19-14.49.59:019][368]LogModuleManager: Shutting down and abandoning module Paper2DEditor (87)
[2016.04.19-14.49.59:129][368]LogModuleManager: Shutting down and abandoning module UdpMessaging (86)
[2016.04.19-14.49.59:230][368]LogModuleManager: Shutting down and abandoning module LightPropagationVolumeRuntime (85)
[2016.04.19-14.49.59:230][368]LogModuleManager: Shutting down and abandoning module Paper2D (84)
[2016.04.19-14.49.59:330][368]LogModuleManager: Shutting down and abandoning module WindowsMoviePlayer (83)
[2016.04.19-14.49.59:370][368]LogModuleManager: Shutting down and abandoning module Media (82)
[2016.04.19-14.49.59:370][368]LogModuleManager: Shutting down and abandoning module WmfMedia (81)
[2016.04.19-14.49.59:768][368]LogModuleManager: Shutting down and abandoning module OnlineBlueprintSupport (80)
[2016.04.19-14.49.59:768][368]LogModuleManager: Shutting down and abandoning module GameplayTasksEditor (79)
[2016.04.19-14.49.59:768][368]LogModuleManager: Shutting down and abandoning module PropertyEditor (78)
[2016.04.19-14.49.59:768][368]LogModuleManager: Shutting down and abandoning module BehaviorTreeEditor (77)
[2016.04.19-14.50.00:301][368]LogModuleManager: Shutting down and abandoning module FunctionalTesting (76)
[2016.04.19-14.50.00:301][368]LogModuleManager: Shutting down and abandoning module CollisionAnalyzer (75)
[2016.04.19-14.50.00:446][368]LogModuleManager: Shutting down and abandoning module WorkspaceMenuStructure (74)
[2016.04.19-14.50.00:446][368]LogModuleManager: Shutting down and abandoning module MessageLog (73)
[2016.04.19-14.50.00:446][368]LogModuleManager: Shutting down and abandoning module Sequencer (72)
[2016.04.19-14.50.01:469][368]LogModuleManager: Shutting down and abandoning module AssetTools (71)
[2016.04.19-14.50.01:649][368]LogModuleManager: Shutting down and abandoning module UMGEditor (70)
[2016.04.19-14.50.01:709][368]LogModuleManager: Shutting down and abandoning module UMG (69)
[2016.04.19-14.50.01:709][368]LogModuleManager: Shutting down and abandoning module Slate (68)
[2016.04.19-14.50.01:709][368]LogModuleManager: Shutting down and abandoning module EditorStyle (67)
[2016.04.19-14.50.01:742][368]LogModuleManager: Shutting down and abandoning module SessionServices (66)
[2016.04.19-14.50.01:742][368]LogModuleManager: Shutting down and abandoning module SourceCodeAccess (65)
[2016.04.19-14.50.01:742][368]LogModuleManager: Shutting down and abandoning module HeadMountedDisplay (64)
[2016.04.19-14.50.01:742][368]LogModuleManager: Shutting down and abandoning module XAudio2 (63)
[2016.04.19-14.50.01:742][368]LogModuleManager: Shutting down and abandoning module Networking (61)
[2016.04.19-14.50.01:742][368]LogModuleManager: Shutting down and abandoning module Core (60)
[2016.04.19-14.50.01:742][368]LogModuleManager: Shutting down and abandoning module KismetCompiler (59)
[2016.04.19-14.50.01:742][368]LogModuleManager: Shutting down and abandoning module PhysXFormats (58)
[2016.04.19-14.50.01:742][368]LogModuleManager: Shutting down and abandoning module MeshUtilities (57)
[2016.04.19-14.50.01:779][368]LogModuleManager: Shutting down and abandoning module DerivedDataCache (56)
[2016.04.19-14.50.01:843][368]LogDerivedDataCache: Shutdown
[2016.04.19-14.50.01:843][368]LogModuleManager: Shutting down and abandoning module ShaderFormatOpenGL (55)
[2016.04.19-14.50.01:889][368]LogModuleManager: Shutting down and abandoning module ShaderFormatD3D (54)
[2016.04.19-14.50.01:941][368]LogModuleManager: Shutting down and abandoning module MetalShaderFormat (53)
[2016.04.19-14.50.02:028][368]LogModuleManager: Shutting down and abandoning module TextureFormatUncompressed (52)
[2016.04.19-14.50.02:028][368]LogModuleManager: Shutting down and abandoning module TextureFormatPVR (51)
[2016.04.19-14.50.02:047][368]LogModuleManager: Shutting down and abandoning module TextureFormatIntelISPCTexComp (50)
[2016.04.19-14.50.02:049][368]LogModuleManager: Shutting down and abandoning module TextureFormatDXT (49)
[2016.04.19-14.50.02:054][368]LogModuleManager: Shutting down and abandoning module ImageWrapper (48)
[2016.04.19-14.50.02:054][368]LogModuleManager: Shutting down and abandoning module TextureFormatASTC (47)
[2016.04.19-14.50.02:054][368]LogModuleManager: Shutting down and abandoning module TextureFormatAndroid (46)
[2016.04.19-14.50.02:054][368]LogModuleManager: Shutting down and abandoning module AudioFormatOpus (45)
[2016.04.19-14.50.02:065][368]LogModuleManager: Shutting down and abandoning module AudioFormatOgg (44)
[2016.04.19-14.50.02:068][368]LogModuleManager: Shutting down and abandoning module AudioFormatADPCM (43)
[2016.04.19-14.50.02:099][368]LogModuleManager: Shutting down and abandoning module LinuxTargetPlatform (42)
[2016.04.19-14.50.02:099][368]LogModuleManager: Shutting down and abandoning module LinuxServerTargetPlatform (41)
[2016.04.19-14.50.02:130][368]LogModuleManager: Shutting down and abandoning module LinuxNoEditorTargetPlatform (40)
[2016.04.19-14.50.02:132][368]LogModuleManager: Shutting down and abandoning module Messaging (39)
[2016.04.19-14.50.02:132][368]LogModuleManager: Shutting down and abandoning module IOSTargetPlatform (38)
[2016.04.19-14.50.02:132][368]LogModuleManager: Shutting down and abandoning module HTML5TargetPlatform (37)
[2016.04.19-14.50.02:132][368]LogModuleManager: Shutting down and abandoning module Android_PVRTCTargetPlatform (36)
[2016.04.19-14.50.02:132][368]LogModuleManager: Shutting down and abandoning module Android_MultiTargetPlatform (35)
[2016.04.19-14.50.02:132][368]LogModuleManager: Shutting down and abandoning module Android_ETC2TargetPlatform (34)
[2016.04.19-14.50.02:132][368]LogModuleManager: Shutting down and abandoning module Android_ETC1TargetPlatform (33)
[2016.04.19-14.50.02:132][368]LogModuleManager: Shutting down and abandoning module Android_DXTTargetPlatform (32)
[2016.04.19-14.50.02:132][368]LogModuleManager: Shutting down and abandoning module Android_ATCTargetPlatform (31)
[2016.04.19-14.50.02:132][368]LogModuleManager: Shutting down and abandoning module Android_ASTCTargetPlatform (30)
[2016.04.19-14.50.02:132][368]LogModuleManager: Shutting down and abandoning module AndroidTargetPlatform (29)
[2016.04.19-14.50.02:132][368]LogModuleManager: Shutting down and abandoning module WindowsTargetPlatform (28)
[2016.04.19-14.50.02:132][368]LogModuleManager: Shutting down and abandoning module WindowsServerTargetPlatform (27)
[2016.04.19-14.50.02:142][368]LogModuleManager: Shutting down and abandoning module WindowsNoEditorTargetPlatform (26)
[2016.04.19-14.50.02:144][368]LogModuleManager: Shutting down and abandoning module WindowsClientTargetPlatform (25)
[2016.04.19-14.50.02:146][368]LogModuleManager: Shutting down and abandoning module AllDesktopTargetPlatform (24)
[2016.04.19-14.50.02:146][368]LogModuleManager: Shutting down and abandoning module TargetPlatform (23)
[2016.04.19-14.50.02:146][368]LogModuleManager: Shutting down and abandoning module InputCore (22)
[2016.04.19-14.50.02:146][368]LogModuleManager: Shutting down and abandoning module Settings (21)
[2016.04.19-14.50.02:146][368]LogModuleManager: Shutting down and abandoning module OnlineSubsystem (19)
[2016.04.19-14.50.02:146][368]LogModuleManager: Shutting down and abandoning module HTTP (18)
[2016.04.19-14.50.04:246][368]LogModuleManager: Shutting down and abandoning module XMPP (17)
[2016.04.19-14.50.04:289][368]LogModuleManager: Shutting down and abandoning module OculusRift (16)
[2016.04.19-14.50.04:310][368]LogModuleManager: Shutting down and abandoning module ExampleDeviceProfileSelector (15)
[2016.04.19-14.50.04:310][368]LogModuleManager: Shutting down and abandoning module TextureCompressor (14)
[2016.04.19-14.50.04:310][368]LogModuleManager: Shutting down and abandoning module ShaderCore (13)
[2016.04.19-14.50.04:310][368]LogModuleManager: Shutting down and abandoning module Landscape (12)
[2016.04.19-14.50.04:310][368]LogModuleManager: Shutting down and abandoning module SlateRHIRenderer (11)
[2016.04.19-14.50.04:334][368]LogModuleManager: Shutting down and abandoning module OpenGLDrv (10)
[2016.04.19-14.50.04:352][368]LogModuleManager: Shutting down and abandoning module D3D11RHI (9)
[2016.04.19-14.50.04:352][368]LogModuleManager: Shutting down and abandoning module AnimGraphRuntime (8)
[2016.04.19-14.50.04:362][368]LogModuleManager: Shutting down and abandoning module Renderer (7)
[2016.04.19-14.50.04:362][368]LogModuleManager: Shutting down and abandoning module Engine (6)
[2016.04.19-14.50.04:362][368]LogModuleManager: Shutting down and abandoning module CoreUObject (5)
[2016.04.19-14.50.04:362][368]LogModuleManager: Shutting down and abandoning module NetworkFile (4)
[2016.04.19-14.50.04:397][368]LogModuleManager: Shutting down and abandoning module StreamingFile (3)
[2016.04.19-14.50.04:416][368]LogModuleManager: Shutting down and abandoning module SandboxFile (2)
[2016.04.19-14.50.04:430][368]LogModuleManager: Shutting down and abandoning module PakFile (1)
[2016.04.19-14.50.04:473][368]LogExit: Exiting.
[2016.04.19-14.50.04:494][368]Log file closed, 04/19/16 09:50:04
