[2016.04.02-18.58.46:567][  0]Log file open, 04/02/16 12:58:46
[2016.04.02-18.58.46:567][  0]LogInit:Display: Running engine for game: Axioma
[2016.04.02-18.58.46:567][  0]LogPlatformFile: Not using cached read wrapper
[2016.04.02-18.58.46:567][  0]LogInit:Display: RandInit(-171146524) SRandInit(-171146523).
[2016.04.02-18.58.46:567][  0]LogTaskGraph: Started task graph with 4 named threads and 5 total threads.
[2016.04.02-18.58.46:567][  0]LogStats: Stats thread started at 0.376677
[2016.04.02-18.58.46:567][  0]LogInit: Version: 4.10.4-2872498+++depot+UE4-Releases+4.10
[2016.04.02-18.58.46:567][  0]LogInit: API Version: 2758231
[2016.04.02-18.58.46:567][  0]LogInit: Compiled (64-bit): Feb 18 2016 15:47:04
[2016.04.02-18.58.46:568][  0]LogInit: Compiled with Visual C++: 19.00.23026.00
[2016.04.02-18.58.46:568][  0]LogInit: Build Configuration: Development
[2016.04.02-18.58.46:568][  0]LogInit: Branch Name: ++depot+UE4-Releases+4.10
[2016.04.02-18.58.46:568][  0]LogInit: Command line:  
[2016.04.02-18.58.46:568][  0]LogInit: Base directory: C:/Program Files (x86)/Epic Games/4.10/Engine/Binaries/Win64/
[2016.04.02-18.58.46:568][  0]LogInit: Rocket: 1
[2016.04.02-18.58.46:606][  0]LogInit: Using libcurl 7.41.0
[2016.04.02-18.58.46:606][  0]LogInit:  - built for x86_64-pc-win32
[2016.04.02-18.58.46:606][  0]LogInit:  - supports SSL with WinSSL
[2016.04.02-18.58.46:606][  0]LogInit:  - other features:
[2016.04.02-18.58.46:606][  0]LogInit:      CURL_VERSION_SSL
[2016.04.02-18.58.46:606][  0]LogInit:      CURL_VERSION_IPV6
[2016.04.02-18.58.46:606][  0]LogInit:      CURL_VERSION_ASYNCHDNS
[2016.04.02-18.58.46:606][  0]LogInit:      CURL_VERSION_LARGEFILE
[2016.04.02-18.58.46:606][  0]LogInit:      CURL_VERSION_IDN
[2016.04.02-18.58.46:606][  0]LogInit:  CurlRequestOptions (configurable via config and command line):
[2016.04.02-18.58.46:606][  0]LogInit:  - bVerifyPeer = true  - Libcurl will verify peer certificate
[2016.04.02-18.58.46:606][  0]LogInit:  - bUseHttpProxy = false  - Libcurl will NOT use HTTP proxy
[2016.04.02-18.58.46:606][  0]LogInit:  - bDontReuseConnections = false  - Libcurl will reuse connections
[2016.04.02-18.58.46:606][  0]LogInit:  - CertBundlePath = nullptr  - Libcurl will use whatever was configured at build time.
[2016.04.02-18.58.46:617][  0]LogInit: Presizing for 0 objects not considered by GC, pre-allocating 0 bytes.
[2016.04.02-18.58.46:635][  0]LogInit: Object subsystem initialized
[2016.04.02-18.58.46:637][  0]LogInit: Selected Device Profile: [Windows]
[2016.04.02-18.58.46:637][  0]LogInit: Applying CVar settings loaded from the selected device profile: [Windows]
[2016.04.02-18.58.46:678][  0]LogInit: Computer: LAPTOP-RAY
[2016.04.02-18.58.46:678][  0]LogInit: User: ray
[2016.04.02-18.58.46:678][  0]LogInit: CPU Page size=4096, Cores=2
[2016.04.02-18.58.46:678][  0]LogInit: High frequency timer resolution =2.338341 MHz
[2016.04.02-18.58.46:678][  0]LogMemory: Memory total: Physical=3.9GB (4GB approx)
[2016.04.02-18.58.46:678][  0]LogMemory: Platform Memory Stats for Windows
[2016.04.02-18.58.46:678][  0]LogMemory: Process Physical Memory: 54.92 MB used, 54.92 MB peak
[2016.04.02-18.58.46:678][  0]LogMemory: Process Virtual Memory: 55.47 MB used, 55.47 MB peak
[2016.04.02-18.58.46:678][  0]LogMemory: Physical Memory: 2739.17 MB used, 3976.27 MB total
[2016.04.02-18.58.46:678][  0]LogMemory: Virtual Memory: 364.53 MB used, 134217728.00 MB total
[2016.04.02-18.58.46:861][  0]LogTextLocalizationManager: No specific translations for ('en-US') exist, so ('en') translations will be used.
[2016.04.02-18.58.49:141][  0]LogD3D11RHI: Found D3D11 adapter 0: Intel(R) HD Graphics Family (Feature Level 11_0)
[2016.04.02-18.58.49:141][  0]LogD3D11RHI: Adapter has 32MB of dedicated video memory, 0MB of dedicated system memory, and 1760MB of shared system memory, 2 output[s]
[2016.04.02-18.58.49:143][  0]LogD3D11RHI: Found D3D11 adapter 1: Microsoft Basic Render Driver (Feature Level 11_0)
[2016.04.02-18.58.49:143][  0]LogD3D11RHI: Adapter has 0MB of dedicated video memory, 0MB of dedicated system memory, and 256MB of shared system memory, 0 output[s]
[2016.04.02-18.58.49:143][  0]LogD3D11RHI: Chosen D3D11 Adapter Id = 0
[2016.04.02-18.58.49:251][  0]LogD3D11RHI: !Direct3DDevice
[2016.04.02-18.58.49:252][  0]LogRHI: Texture pool is 638 MB (70% of 912 MB)
[2016.04.02-18.58.49:260][  0]LogD3D11RHI: Async texture creation enabled
[2016.04.02-18.58.50:301][  0]LogShaderCompilers: Guid format shader working directory is -71 characters bigger than the processId version (../../../../../../Users/ray/Documents/FCFM Stuff/Essays, Homework, and Stuff/7mo. Semestre/Videojuegos 2/vj2/Axioma/Intermediate/Shaders/WorkingDirectory/7088/).
[2016.04.02-18.58.50:302][  0]LogShaderCompilers: Cleaned the shader compiler working directory 'C:/Users/ray/AppData/Local/Temp/UnrealShaderWorkingDir/48155BAE4769975598762C9CF11448C0/'.
[2016.04.02-18.58.50:313][  0]LogShaderCompilers:Display: Using Local Shader Compiler.
[2016.04.02-18.59.02:804][  0]LogTemp:Display: Loaded TP AllDesktopTargetPlatform
[2016.04.02-18.59.03:069][  0]LogTemp:Display: Loaded TP WindowsClientTargetPlatform
[2016.04.02-18.59.03:227][  0]LogTemp:Display: Loaded TP WindowsNoEditorTargetPlatform
[2016.04.02-18.59.03:480][  0]LogTemp:Display: Loaded TP WindowsServerTargetPlatform
[2016.04.02-18.59.03:942][  0]LogTemp:Display: Loaded TP WindowsTargetPlatform
[2016.04.02-18.59.04:177][  0]LogTemp:Display: Loaded TP AndroidTargetPlatform
[2016.04.02-18.59.04:398][  0]LogTemp:Display: Loaded TP Android_ASTCTargetPlatform
[2016.04.02-18.59.04:608][  0]LogTemp:Display: Loaded TP Android_ATCTargetPlatform
[2016.04.02-18.59.04:793][  0]LogTemp:Display: Loaded TP Android_DXTTargetPlatform
[2016.04.02-18.59.05:213][  0]LogTemp:Display: Loaded TP Android_ETC1TargetPlatform
[2016.04.02-18.59.05:320][  0]LogTemp:Display: Loaded TP Android_ETC2TargetPlatform
[2016.04.02-18.59.05:707][  0]LogTemp:Display: Loaded TP Android_MultiTargetPlatform
[2016.04.02-18.59.05:707][  0]LogTemp:Display: Loaded TP Android_PVRTCTargetPlatform
[2016.04.02-18.59.05:788][  0]LogTemp:Display: Loaded TP HTML5TargetPlatform
[2016.04.02-18.59.06:570][  0]LogTemp:Display: Loaded TP IOSTargetPlatform
[2016.04.02-18.59.06:803][  0]LogTemp:Display: Loaded TP LinuxNoEditorTargetPlatform
[2016.04.02-18.59.07:032][  0]LogTemp:Display: Loaded TP LinuxServerTargetPlatform
[2016.04.02-18.59.07:307][  0]LogTemp:Display: Loaded TP LinuxTargetPlatform
[2016.04.02-18.59.07:341][  0]LogTargetPlatformManager:Display: Building Assets For Windows
[2016.04.02-18.59.09:932][  0]LogDerivedDataCache:Display: Max Cache Size: 512 MB
[2016.04.02-18.59.12:007][  0]LogDerivedDataCache: Loaded boot cache 2.05s 41MB C:/Users/ray/AppData/Local/UnrealEngine/4.10/DerivedDataCache/Boot.ddc.
[2016.04.02-18.59.12:007][  0]LogDerivedDataCache:Display: Loaded Boot cache: C:/Users/ray/AppData/Local/UnrealEngine/4.10/DerivedDataCache/Boot.ddc
[2016.04.02-18.59.12:007][  0]LogDerivedDataCache: FDerivedDataBackendGraph:  Pak pak cache file ../../../../../../Users/ray/Documents/FCFM Stuff/Essays, Homework, and Stuff/7mo. Semestre/Videojuegos 2/vj2/Axioma/DerivedDataCache/DDC.ddp not found, will not use a pak cache.
[2016.04.02-18.59.12:007][  0]LogDerivedDataCache: Unable to find inner node Pak for hierarchical cache Hierarchy.
[2016.04.02-18.59.12:007][  0]LogDerivedDataCache: FDerivedDataBackendGraph:  CompressedPak pak cache file ../../../../../../Users/ray/Documents/FCFM Stuff/Essays, Homework, and Stuff/7mo. Semestre/Videojuegos 2/vj2/Axioma/DerivedDataCache/Compressed.ddp not found, will not use a pak cache.
[2016.04.02-18.59.12:007][  0]LogDerivedDataCache: Unable to find inner node CompressedPak for hierarchical cache Hierarchy.
[2016.04.02-18.59.12:722][  0]LogDerivedDataCache:Display: Pak cache opened for reading ../../../Engine/DerivedDataCache/Compressed.ddp.
[2016.04.02-18.59.12:861][  0]LogDerivedDataCache: Using Local data cache path C:/Users/ray/AppData/Local/UnrealEngine/Common/DerivedDataCache: Writable
[2016.04.02-18.59.38:710][  0]LogInit: Selected Device Profile: [Windows]
[2016.04.02-18.59.39:797][  0]LogContentStreaming: Texture pool size is 0.000000MB
[2016.04.02-18.59.52:588][  0]LogMeshUtilities: No automatic mesh reduction module available
[2016.04.02-18.59.52:589][  0]LogMeshUtilities: No automatic mesh merging module available
[2016.04.02-19.00.03:189][  0]LogInit: WinSock: version 1.1 (2.2), MaxSocks=32767, MaxUdp=65467
[2016.04.02-19.00.45:491][  0]UdpMessaging: Initializing bridge on interface 0.0.0.0:0 to multicast group 230.0.0.1:6666.
[2016.04.02-19.00.47:002][  0]LogAssetRegistry: FAssetRegistry took 0.0176 seconds to start up
[2016.04.02-19.01.00:234][  0]SourceControl: Info Source control is disabled
[2016.04.02-19.01.00:260][  0]SourceControl: Info Source control is disabled
[2016.04.02-19.01.01:399][  0]SourceControl: Info Source control is disabled
[2016.04.02-19.01.02:007][  0]SourceControl: Info Source control is disabled
[2016.04.02-19.01.10:476][  0]LogObj: 28633 objects as part of root set at end of initial load.
[2016.04.02-19.01.10:476][  0]LogUObjectAllocator: 6099752 out of 0 bytes used by permanent object pool.
[2016.04.02-19.01.12:217][  0]LogEngine: Initializing Engine...
[2016.04.02-19.01.12:271][  0]LogHMD: Can't find Oculus library dev build: is proper Runtime installed? Version: 0.8.0.0
[2016.04.02-19.01.12:342][  0]LogHMD: SteamVR failed to initialize.  Err: 110
[2016.04.02-19.01.14:391][  0]LogAIModule: Creating AISystem for world NewWorld
[2016.04.02-19.01.15:429][  0]LogInit: XAudio2 using 'DX-24E150A11 (Sonido Intel(R) para pantallas)' : 2 channels at 48 kHz using 16 bits per sample (channel mask 0x3)
[2016.04.02-19.01.15:550][  0]LogInit: FAudioDevice initialized.
[2016.04.02-19.01.15:584][  0]LogDerivedDataCache: Saved boot cache 0.03s 41MB C:/Users/ray/AppData/Local/UnrealEngine/4.10/DerivedDataCache/Boot.ddc.
[2016.04.02-19.01.15:589][  0]LogInit: Texture streaming: Enabled
[2016.04.02-19.01.15:865][  0]LogAnalytics: Creating configured Analytics provider AnalyticsET
[2016.04.02-19.01.15:865][  0]LogAnalytics: [UEEditor.Rocket.Release] APIServer = http://et2.epicgames.com/ET2/. AppVersion = 4.10.4-2872498+++depot+UE4-Releases+4.10
[2016.04.02-19.01.15:866][  0]LogAnalytics: [UEEditor.Rocket.Release] SetUserId f6d84d504b8c91be90ceca84e0ba1004|f68b6959a5b94dccb13faa64bd594851|592e87cd-9efb-44c2-bcd9-891f7d9d6dd4
[2016.04.02-19.01.15:903][  0]LogAnalytics: [UEEditor.Rocket.Release] AnalyticsET::StartSession
[2016.04.02-19.01.16:236][  0]LogWindowsTextInputMethodSystem:Display: IME system now deactivated.
[2016.04.02-19.01.19:860][  0]LogInit: Transaction tracking system initialized
[2016.04.02-19.01.23:808][  0]BlueprintLog: New page: Editor Load
[2016.04.02-19.01.37:416][  0]LocalizationService: Info Localization service is disabled
[2016.04.02-19.01.44:542][  0]LogConsoleResponse:Display: 
[2016.04.02-19.01.54:575][  0]LogCook:Display: Done creating registry. It took  0.00s.
[2016.04.02-19.02.04:798][  0]SourceControl: Info Source control is disabled
[2016.04.02-19.02.05:575][  0]LightingResults: New page: Lighting Build
[2016.04.02-19.02.07:044][  0]MapCheck: New page: Map Check
[2016.04.02-19.02.07:044][  0]LightingResults: New page: Lighting Build
[2016.04.02-19.02.10:169][  0]LogParticles: Destroying 0 GPU particle simulations for FXSystem 0x000000D37D473B00
[2016.04.02-19.02.56:456][  0]LogAIModule: Creating AISystem for world FirstPersonExampleMap
[2016.04.02-19.04.23:726][  0]LogBlueprintUserMessages: [Wind_Turbine__Rotor__Blueprint_C_7] 153.621017
[2016.04.02-19.04.23:727][  0]LogBlueprintUserMessages: [Wind_Turbine__Rotor__Blueprint_C_8] 163.311264
[2016.04.02-19.04.23:728][  0]LogBlueprintUserMessages: [Wind_Turbine__Rotor__Blueprint3_44] 110.492874
[2016.04.02-19.04.23:728][  0]LogBlueprintUserMessages: [Wind_Turbine__Rotor__Blueprint4] 155.84581
[2016.04.02-19.04.23:729][  0]LogBlueprintUserMessages: [Wind_Turbine__Rotor__Blueprint5] 39.530014
[2016.04.02-19.04.23:729][  0]LogBlueprintUserMessages: [Wind_Turbine__Rotor__Blueprint6] 114.585403
[2016.04.02-19.04.23:730][  0]LogBlueprintUserMessages: [Wind_Turbine__Rotor__Blueprint7] 107.625351
[2016.04.02-19.04.24:034][  0]LogEditorServer: Finished looking for orphan Actors (0.022 secs)
[2016.04.02-19.04.24:247][  0]Cmd: MAP CHECKDEP NOCLEARLOG
[2016.04.02-19.04.24:510][  0]MapCheck: Info Map check complete: 0 Error(s), 0 Warning(s), took 261.984ms to complete.
[2016.04.02-19.04.24:546][  0]LogFileHelpers: Loading map 'FirstPersonExampleMap' took 139.456
[2016.04.02-19.04.29:938][  0]LogCollectionManager: Loaded 0 collections in 0.002197 seconds
[2016.04.02-19.04.30:915][  0]LogFileCache: Scanning file cache for directory 'C:/Users/ray/Documents/FCFM Stuff/Essays, Homework, and Stuff/7mo. Semestre/Videojuegos 2/vj2/Axioma/Saved/Collections/' took 0.06s
[2016.04.02-19.04.30:915][  0]LogFileCache: Scanning file cache for directory 'C:/Users/ray/Documents/FCFM Stuff/Essays, Homework, and Stuff/7mo. Semestre/Videojuegos 2/vj2/Axioma/Content/Developers/ray/Collections/' took 0.01s
[2016.04.02-19.04.30:915][  0]LogFileCache: Scanning file cache for directory 'C:/Users/ray/Documents/FCFM Stuff/Essays, Homework, and Stuff/7mo. Semestre/Videojuegos 2/vj2/Axioma/Content/Collections/' took 0.01s
[2016.04.02-19.04.30:915][  0]LogCollectionManager: Rebuilt the GUID cache for 0 collections in 0.000002 seconds
[2016.04.02-19.04.30:956][  0]LogContentBrowser: Native class hierarchy populated in 0.0213 seconds. Added 1893 classes and 338 folders.
[2016.04.02-19.04.31:328][  0]LogContentBrowser: Native class hierarchy updated for 'WidgetCarousel' in 0.0023 seconds. Added 0 classes and 0 folders.
[2016.04.02-19.04.33:323][  0]LogContentBrowser: Native class hierarchy updated for 'AddContentDialog' in 0.0006 seconds. Added 0 classes and 0 folders.
[2016.04.02-19.04.33:516][  0]LogContentBrowser: Native class hierarchy updated for 'SceneOutliner' in 0.0007 seconds. Added 1 classes and 2 folders.
[2016.04.02-19.04.35:068][  0]LogCrashTracker: Crashtracker disabled due to settings.
[2016.04.02-19.04.35:981][  0]LogUObjectGlobals:Warning: Failed to find object 'Class None.'
[2016.04.02-19.04.36:168][  0]LogLoad: Full Startup: 352.69 seconds (BP compile: 12.84 seconds)
[2016.04.02-19.04.36:449][  0]LogOcInput: Can't find Oculus library dev build: is proper Runtime installed? Version: 0.8.0.0
[2016.04.02-19.04.39:269][  0]LogContentStreaming: Texture pool size now 200 MB
[2016.04.02-19.04.41:505][  0]LogRenderer: Reallocating scene render targets to support 816x348 (Frame:2).
[2016.04.02-19.04.48:459][  1]Cmd: UpdateLandscapeEditorData -warnings
[2016.04.02-19.04.52:767][ 13]LogAssetRegistry: Asset discovery search completed in 245.7775 seconds
[2016.04.02-19.04.52:819][ 13]LogCollectionManager: Rebuilt the object cache for 0 collections in 0.000002 seconds (found 0 objects)
[2016.04.02-19.04.52:886][ 13]LogCollectionManager: Fixed up redirectors for 0 collections in 0.095156 seconds (updated 0 objects)
[2016.04.02-19.12.46:722][473]LogEditorViewport: Clicking on Actor (LMB): StaticMeshActor (Floor2)
[2016.04.02-19.12.52:099][549]LogEditorViewport: Clicking on Actor (LMB): StaticMeshActor (Floor2)
[2016.04.02-19.12.59:131][935]LogEditorViewport: Clicking on Actor (LMB): FirstPersonCharacter_C (FirstPersonCharacter)
[2016.04.02-19.13.08:948][315]LogEditorViewport: Clicking on Actor (LMB): StaticMeshActor (Floor2)
[2016.04.02-19.13.21:612][956]LogActorFactory: Actor Factory created SM_Door
[2016.04.02-19.13.23:039][998]LogActorFactory: Actor Factory created SM_Door
[2016.04.02-19.13.25:100][ 24]LogActorFactory: Actor Factory created SM_DoorFrame
[2016.04.02-19.13.25:416][ 31]LogActorFactory: Actor Factory created SM_DoorFrame
[2016.04.02-19.13.41:811][682]Cmd: DELETE
[2016.04.02-19.13.41:811][682]Cmd: ACTOR DELETE
[2016.04.02-19.13.41:878][682]LogEditorActor: Deleted Actor: StaticMeshActor
[2016.04.02-19.13.42:353][682]LogEditorActor: Deleted 1 Actors (0.517 secs)
[2016.04.02-19.13.44:878][818]LogEditorViewport: Clicking on Actor (LMB): StaticMeshActor (SM_DoorFrame)
[2016.04.02-19.13.45:459][848]Cmd: DELETE
[2016.04.02-19.13.45:459][848]Cmd: ACTOR DELETE
[2016.04.02-19.13.45:465][848]LogEditorActor: Deleted Actor: StaticMeshActor
[2016.04.02-19.13.45:510][848]LogEditorActor: Deleted 1 Actors (0.050 secs)
[2016.04.02-19.13.50:808][ 82]LogActorFactory: Actor Factory created SM_DoorFrame
[2016.04.02-19.13.52:005][126]LogActorFactory: Actor Factory created SM_DoorFrame
[2016.04.02-19.13.52:786][164]LogEditorViewport: Clicking on Actor (LMB): StaticMeshActor (SM_Door)
[2016.04.02-19.14.33:606][424]LogRenderer: Reallocating scene render targets to support 1016x608 (Frame:3077).
[2016.04.02-19.15.15:699][613]LogSavePackage: Save=233.167023ms
[2016.04.02-19.15.15:699][613]LogSavePackage: Moving '../../../../../../Users/ray/Documents/FCFM Stuff/Essays, Homework, and Stuff/7mo. Semestre/Videojuegos 2/vj2/Axioma/Saved/SM_Door6B75C36942EA5E4025E396A202AAB6ED.tmp' to '../../../../../../Users/ray/Documents/FCFM Stuff/Essays, Homework, and Stuff/7mo. Semestre/Videojuegos 2/vj2/Axioma/Content/StarterContent/Props/SM_Door.uasset'
[2016.04.02-19.15.15:704][613]LogSavePackage: Total save time: 293.882288ms
[2016.04.02-19.15.15:704][613]LogSavePackage:Display: Finished SavePackage ../../../../../../Users/ray/Documents/FCFM Stuff/Essays, Homework, and Stuff/7mo. Semestre/Videojuegos 2/vj2/Axioma/Content/StarterContent/Props/SM_Door.uasset
[2016.04.02-19.16.58:227][495]LogParticles: Destroying 0 GPU particle simulations for FXSystem 0x000000D36AE8B240
[2016.04.02-19.17.05:444][495]LogSavePackage: Save=7100.236328ms
[2016.04.02-19.17.05:444][495]LogSavePackage: Moving '../../../../../../Users/ray/Documents/FCFM Stuff/Essays, Homework, and Stuff/7mo. Semestre/Videojuegos 2/vj2/Axioma/Saved/FirstPersonExampleMap_Auto11613A6564C10783AD1A5D1B72458143D.tmp' to '../../../../../../Users/ray/Documents/FCFM Stuff/Essays, Homework, and Stuff/7mo. Semestre/Videojuegos 2/vj2/Axioma/Saved/Autosaves/Game/FirstPersonBP/Maps/FirstPersonExampleMap_Auto1.umap'
[2016.04.02-19.17.05:558][495]LogSavePackage: Total save time: 7301.093809ms
[2016.04.02-19.17.05:558][495]LogSavePackage:Display: Finished SavePackage ../../../../../../Users/ray/Documents/FCFM Stuff/Essays, Homework, and Stuff/7mo. Semestre/Videojuegos 2/vj2/Axioma/Saved/Autosaves/Game/FirstPersonBP/Maps/FirstPersonExampleMap_Auto1.umap
[2016.04.02-19.17.05:607][495]LogFileHelpers: Editor autosave (incl. sublevels) for '/Game/FirstPersonBP/Maps/FirstPersonExampleMap' took 7.422
[2016.04.02-19.17.05:607][495]LogFileHelpers: Editor autosave (incl. sublevels) for all levels took 7.422
[2016.04.02-19.17.09:864][714]LogContentBrowser: Native class hierarchy updated for 'Matinee' in 0.0008 seconds. Added 15 classes and 2 folders.
[2016.04.02-19.17.10:073][714]LogInit: Transaction tracking system initialized
[2016.04.02-19.17.10:106][714]EditorErrors: New page: Matinee Initialization
[2016.04.02-19.17.59:161][933]LogEditorViewport: Clicking on Actor (LMB): StaticMeshActor (SM_DoorFrame)
[2016.04.02-19.23.34:745][853]LogLinker:Warning: Asset '../../../Engine/Content/ArtTools/RenderToTexture/Macros/RenderToTextureMacros.uasset' has been saved with empty engine version. The asset will be loaded but may be incompatible.
[2016.04.02-19.23.36:890][853]LogContentBrowser: Native class hierarchy updated for 'BlueprintGraph' in 0.0210 seconds. Added 107 classes and 0 folders.
[2016.04.02-19.25.25:990][502]LogExit: Transaction tracking system shut down
[2016.04.02-19.25.31:651][502]LogSavePackage: Save=5548.606445ms
[2016.04.02-19.25.31:651][502]LogSavePackage: Moving '../../../../../../Users/ray/Documents/FCFM Stuff/Essays, Homework, and Stuff/7mo. Semestre/Videojuegos 2/vj2/Axioma/Saved/FirstPersonExampleMap37B0B3A34E1B0DCE9A727E855B5C380B.tmp' to '../../../../../../Users/ray/Documents/FCFM Stuff/Essays, Homework, and Stuff/7mo. Semestre/Videojuegos 2/vj2/Axioma/Content/FirstPersonBP/Maps/FirstPersonExampleMap.umap'
[2016.04.02-19.25.31:669][502]LogSavePackage: Total save time: 5620.602813ms
[2016.04.02-19.25.31:669][502]LogSavePackage:Display: Finished SavePackage ../../../../../../Users/ray/Documents/FCFM Stuff/Essays, Homework, and Stuff/7mo. Semestre/Videojuegos 2/vj2/Axioma/Content/FirstPersonBP/Maps/FirstPersonExampleMap.umap
[2016.04.02-19.25.31:770][502]LogFileHelpers: Saving map 'FirstPersonExampleMap' took 6.020
[2016.04.02-19.28.51:271][842]LogEditorTransaction: Undo Move Node
[2016.04.02-19.29.34:328][511]BlueprintLog: New page: Compile FirstPersonExampleMap
[2016.04.02-19.29.34:508][511]BlueprintEditorCompileResults: Info [1851.00] Compile of FirstPersonExampleMap successful! [in 159 ms]
[2016.04.02-19.29.42:956][700]LogBlueprintUserMessages: Early PlayInEditor Detection: Level '/Game/FirstPersonBP/Maps/FirstPersonExampleMap.FirstPersonExampleMap:PersistentLevel' has LevelScriptBlueprint '/Game/FirstPersonBP/Maps/FirstPersonExampleMap.FirstPersonExampleMap:PersistentLevel.FirstPersonExampleMap' with GeneratedClass '/Game/FirstPersonBP/Maps/FirstPersonExampleMap.FirstPersonExampleMap_C' with ClassGeneratedBy '/Game/FirstPersonBP/Maps/FirstPersonExampleMap.FirstPersonExampleMap:PersistentLevel.FirstPersonExampleMap'
[2016.04.02-19.29.42:956][700]LogPlayLevel: PlayLevel: No blueprints needed recompiling
[2016.04.02-19.29.43:178][700]PIE: New page: PIE session: FirstPersonExampleMap (Apr 2, 2016, 7:29:42 AM)
[2016.04.02-19.29.43:266][700]LogPlayLevel: Creating play world package: /Game/FirstPersonBP/Maps/UEDPIE_0_FirstPersonExampleMap
[2016.04.02-19.29.44:501][700]LogPlayLevel: PIE: StaticDuplicateObject took: (1.235293s)
[2016.04.02-19.29.44:502][700]LogAIModule: Creating AISystem for world FirstPersonExampleMap
[2016.04.02-19.29.44:503][700]LogPlayLevel: PIE: World Init took: (0.001244s)
[2016.04.02-19.29.44:526][700]LogPlayLevel: PIE: Created PIE world by copying editor world from /Game/FirstPersonBP/Maps/FirstPersonExampleMap.FirstPersonExampleMap to /Game/FirstPersonBP/Maps/UEDPIE_0_FirstPersonExampleMap.FirstPersonExampleMap (1.281888s)
[2016.04.02-19.29.44:669][700]LogInit: XAudio2 using 'DX-24E150A11 (Sonido Intel(R) para pantallas)' : 2 channels at 48 kHz using 16 bits per sample (channel mask 0x3)
[2016.04.02-19.29.44:703][700]LogInit: FAudioDevice initialized.
[2016.04.02-19.29.45:016][700]LogWorld: Game class is 'FirstPersonGameMode_C'
[2016.04.02-19.29.45:559][700]LogWorld: Bringing World /Game/FirstPersonBP/Maps/UEDPIE_0_FirstPersonExampleMap.FirstPersonExampleMap up for play (max tick rate 60) at 2016.04.02-13.29.45
[2016.04.02-19.29.45:559][700]LogActor:Warning: GameSession /Game/FirstPersonBP/Maps/UEDPIE_0_FirstPersonExampleMap.FirstPersonExampleMap:PersistentLevel.GameSession_0 has natively added scene component(s), but none of them were set as the actor's RootComponent - picking one arbitrarily
[2016.04.02-19.29.45:565][700]LogActor:Warning: GameNetworkManager /Game/FirstPersonBP/Maps/UEDPIE_0_FirstPersonExampleMap.FirstPersonExampleMap:PersistentLevel.GameNetworkManager_0 has natively added scene component(s), but none of them were set as the actor's RootComponent - picking one arbitrarily
[2016.04.02-19.29.45:779][700]LogWorld: Bringing up level for play took: 0.494414
[2016.04.02-19.29.46:271][700]PIE: Info Play in editor start time for /Game/FirstPersonBP/Maps/UEDPIE_0_FirstPersonExampleMap 4.084
[2016.04.02-19.29.46:271][700]LogBlueprintUserMessages: Late PlayInEditor Detection: Level '/Game/FirstPersonBP/Maps/FirstPersonExampleMap.FirstPersonExampleMap:PersistentLevel' has LevelScriptBlueprint '/Game/FirstPersonBP/Maps/FirstPersonExampleMap.FirstPersonExampleMap:PersistentLevel.FirstPersonExampleMap' with GeneratedClass '/Game/FirstPersonBP/Maps/FirstPersonExampleMap.FirstPersonExampleMap_C' with ClassGeneratedBy '/Game/FirstPersonBP/Maps/FirstPersonExampleMap.FirstPersonExampleMap:PersistentLevel.FirstPersonExampleMap'
[2016.04.02-19.30.27:654][937]LogBlueprintUserMessages: Early EndPlayMap Detection: Level '/Game/FirstPersonBP/Maps/FirstPersonExampleMap.FirstPersonExampleMap:PersistentLevel' has LevelScriptBlueprint '/Game/FirstPersonBP/Maps/FirstPersonExampleMap.FirstPersonExampleMap:PersistentLevel.FirstPersonExampleMap' with GeneratedClass '/Game/FirstPersonBP/Maps/FirstPersonExampleMap.FirstPersonExampleMap_C' with ClassGeneratedBy '/Game/FirstPersonBP/Maps/FirstPersonExampleMap.FirstPersonExampleMap:PersistentLevel.FirstPersonExampleMap'
[2016.04.02-19.30.28:082][937]LogBlueprintUserMessages: Late EndPlayMap Detection: Level '/Game/FirstPersonBP/Maps/FirstPersonExampleMap.FirstPersonExampleMap:PersistentLevel' has LevelScriptBlueprint '/Game/FirstPersonBP/Maps/FirstPersonExampleMap.FirstPersonExampleMap:PersistentLevel.FirstPersonExampleMap' with GeneratedClass '/Game/FirstPersonBP/Maps/FirstPersonExampleMap.FirstPersonExampleMap_C' with ClassGeneratedBy '/Game/FirstPersonBP/Maps/FirstPersonExampleMap.FirstPersonExampleMap:PersistentLevel.FirstPersonExampleMap'
[2016.04.02-19.30.28:380][937]LogParticles: Destroying 0 GPU particle simulations for FXSystem 0x000000D36C76F920
[2016.04.02-19.30.56:979][673]LogSavePackage: Save=6210.838867ms
[2016.04.02-19.30.56:980][673]LogSavePackage: Moving '../../../../../../Users/ray/Documents/FCFM Stuff/Essays, Homework, and Stuff/7mo. Semestre/Videojuegos 2/vj2/Axioma/Saved/FirstPersonExampleMapF328A52D461A7B8AA8660B936E0CD688.tmp' to '../../../../../../Users/ray/Documents/FCFM Stuff/Essays, Homework, and Stuff/7mo. Semestre/Videojuegos 2/vj2/Axioma/Content/FirstPersonBP/Maps/FirstPersonExampleMap.umap'
[2016.04.02-19.30.56:988][673]LogSavePackage: Total save time: 6308.703050ms
[2016.04.02-19.30.56:988][673]LogSavePackage:Display: Finished SavePackage ../../../../../../Users/ray/Documents/FCFM Stuff/Essays, Homework, and Stuff/7mo. Semestre/Videojuegos 2/vj2/Axioma/Content/FirstPersonBP/Maps/FirstPersonExampleMap.umap
[2016.04.02-19.30.57:305][673]LogFileHelpers: Saving map 'FirstPersonExampleMap' took 6.877
[2016.04.02-19.31.16:569][444]LogInit: Transaction tracking system initialized
[2016.04.02-19.31.16:569][444]EditorErrors: New page: Matinee Initialization
[2016.04.02-19.32.14:951][868]LogEditorTransaction: Undo Track Delete
[2016.04.02-19.32.57:810][968]LogParticles: Destroying 0 GPU particle simulations for FXSystem 0x000000D311E92D40
[2016.04.02-19.32.57:810][968]LogExit: Transaction tracking system shut down
[2016.04.02-19.33.03:960][968]LogSavePackage: Save=5873.158203ms
[2016.04.02-19.33.03:960][968]LogSavePackage: Moving '../../../../../../Users/ray/Documents/FCFM Stuff/Essays, Homework, and Stuff/7mo. Semestre/Videojuegos 2/vj2/Axioma/Saved/FirstPersonExampleMap5EE3EB7744C1221F62856FA001D48720.tmp' to '../../../../../../Users/ray/Documents/FCFM Stuff/Essays, Homework, and Stuff/7mo. Semestre/Videojuegos 2/vj2/Axioma/Content/FirstPersonBP/Maps/FirstPersonExampleMap.umap'
[2016.04.02-19.33.03:968][968]LogSavePackage: Total save time: 5888.396088ms
[2016.04.02-19.33.03:968][968]LogSavePackage:Display: Finished SavePackage ../../../../../../Users/ray/Documents/FCFM Stuff/Essays, Homework, and Stuff/7mo. Semestre/Videojuegos 2/vj2/Axioma/Content/FirstPersonBP/Maps/FirstPersonExampleMap.umap
[2016.04.02-19.33.04:026][968]LogFileHelpers: Saving map 'FirstPersonExampleMap' took 6.174
[2016.04.02-19.33.06:167][ 63]LogBlueprintUserMessages: Early PlayInEditor Detection: Level '/Game/FirstPersonBP/Maps/FirstPersonExampleMap.FirstPersonExampleMap:PersistentLevel' has LevelScriptBlueprint '/Game/FirstPersonBP/Maps/FirstPersonExampleMap.FirstPersonExampleMap:PersistentLevel.FirstPersonExampleMap' with GeneratedClass '/Game/FirstPersonBP/Maps/FirstPersonExampleMap.FirstPersonExampleMap_C' with ClassGeneratedBy '/Game/FirstPersonBP/Maps/FirstPersonExampleMap.FirstPersonExampleMap:PersistentLevel.FirstPersonExampleMap'
[2016.04.02-19.33.06:167][ 63]LogPlayLevel: PlayLevel: No blueprints needed recompiling
[2016.04.02-19.33.06:168][ 63]PIE: New page: PIE session: FirstPersonExampleMap (Apr 2, 2016, 7:33:06 AM)
[2016.04.02-19.33.06:168][ 63]LogPlayLevel: Creating play world package: /Game/FirstPersonBP/Maps/UEDPIE_0_FirstPersonExampleMap
[2016.04.02-19.33.06:387][ 63]LogPlayLevel: PIE: StaticDuplicateObject took: (0.219376s)
[2016.04.02-19.33.06:396][ 63]LogAIModule: Creating AISystem for world FirstPersonExampleMap
[2016.04.02-19.33.06:397][ 63]LogPlayLevel: PIE: World Init took: (0.009766s)
[2016.04.02-19.33.06:398][ 63]LogPlayLevel: PIE: Created PIE world by copying editor world from /Game/FirstPersonBP/Maps/FirstPersonExampleMap.FirstPersonExampleMap to /Game/FirstPersonBP/Maps/UEDPIE_0_FirstPersonExampleMap.FirstPersonExampleMap (0.230349s)
[2016.04.02-19.33.06:514][ 63]LogInit: XAudio2 using 'DX-24E150A11 (Sonido Intel(R) para pantallas)' : 2 channels at 48 kHz using 16 bits per sample (channel mask 0x3)
[2016.04.02-19.33.06:584][ 63]LogInit: FAudioDevice initialized.
[2016.04.02-19.33.06:659][ 63]LogWorld: Game class is 'FirstPersonGameMode_C'
[2016.04.02-19.33.06:910][ 63]LogWorld: Bringing World /Game/FirstPersonBP/Maps/UEDPIE_0_FirstPersonExampleMap.FirstPersonExampleMap up for play (max tick rate 60) at 2016.04.02-13.33.06
[2016.04.02-19.33.06:910][ 63]LogActor:Warning: GameSession /Game/FirstPersonBP/Maps/UEDPIE_0_FirstPersonExampleMap.FirstPersonExampleMap:PersistentLevel.GameSession_1 has natively added scene component(s), but none of them were set as the actor's RootComponent - picking one arbitrarily
[2016.04.02-19.33.06:910][ 63]LogActor:Warning: GameNetworkManager /Game/FirstPersonBP/Maps/UEDPIE_0_FirstPersonExampleMap.FirstPersonExampleMap:PersistentLevel.GameNetworkManager_1 has natively added scene component(s), but none of them were set as the actor's RootComponent - picking one arbitrarily
[2016.04.02-19.33.06:917][ 63]LogWorld: Bringing up level for play took: 0.257208
[2016.04.02-19.33.06:939][ 63]PIE: Info Play in editor start time for /Game/FirstPersonBP/Maps/UEDPIE_0_FirstPersonExampleMap 0.753
[2016.04.02-19.33.06:939][ 63]LogBlueprintUserMessages: Late PlayInEditor Detection: Level '/Game/FirstPersonBP/Maps/FirstPersonExampleMap.FirstPersonExampleMap:PersistentLevel' has LevelScriptBlueprint '/Game/FirstPersonBP/Maps/FirstPersonExampleMap.FirstPersonExampleMap:PersistentLevel.FirstPersonExampleMap' with GeneratedClass '/Game/FirstPersonBP/Maps/FirstPersonExampleMap.FirstPersonExampleMap_C' with ClassGeneratedBy '/Game/FirstPersonBP/Maps/FirstPersonExampleMap.FirstPersonExampleMap:PersistentLevel.FirstPersonExampleMap'
[2016.04.02-19.33.30:401][613]LogBlueprintUserMessages: Early EndPlayMap Detection: Level '/Game/FirstPersonBP/Maps/FirstPersonExampleMap.FirstPersonExampleMap:PersistentLevel' has LevelScriptBlueprint '/Game/FirstPersonBP/Maps/FirstPersonExampleMap.FirstPersonExampleMap:PersistentLevel.FirstPersonExampleMap' with GeneratedClass '/Game/FirstPersonBP/Maps/FirstPersonExampleMap.FirstPersonExampleMap_C' with ClassGeneratedBy '/Game/FirstPersonBP/Maps/FirstPersonExampleMap.FirstPersonExampleMap:PersistentLevel.FirstPersonExampleMap'
[2016.04.02-19.33.30:474][613]LogBlueprintUserMessages: Late EndPlayMap Detection: Level '/Game/FirstPersonBP/Maps/FirstPersonExampleMap.FirstPersonExampleMap:PersistentLevel' has LevelScriptBlueprint '/Game/FirstPersonBP/Maps/FirstPersonExampleMap.FirstPersonExampleMap:PersistentLevel.FirstPersonExampleMap' with GeneratedClass '/Game/FirstPersonBP/Maps/FirstPersonExampleMap.FirstPersonExampleMap_C' with ClassGeneratedBy '/Game/FirstPersonBP/Maps/FirstPersonExampleMap.FirstPersonExampleMap:PersistentLevel.FirstPersonExampleMap'
[2016.04.02-19.33.30:669][613]LogParticles: Destroying 0 GPU particle simulations for FXSystem 0x000000D32B1F5300
[2016.04.02-19.45.43:859][167]LogUProjectInfo: Found projects:
[2016.04.02-19.46.23:668][825]LogActorComponent: UnregisterComponent: (/Engine/Transient.CharMoveComp) Not registered. Aborting.
[2016.04.02-19.46.23:668][825]LogActorComponent: UnregisterComponent: (/Engine/Transient.ProjectileMovementComponent_40__A6522401) Not registered. Aborting.
[2016.04.02-19.46.24:194][825]LogFileHelpers: Editor autosave (incl. sublevels) for '/Game/FirstPersonBP/Maps/FirstPersonExampleMap' took 0.548
[2016.04.02-19.46.24:242][825]OBJ SavePackage: Generating thumbnails for [1] asset(s) in package [/Game/FirstPersonBP/Blueprints/FirstPersonCharacter] ([1] browsable assets)...
[2016.04.02-19.46.24:331][825]OBJ SavePackage:     Rendered thumbnail for [Blueprint /Game/FirstPersonBP/Blueprints/FirstPersonCharacter.FirstPersonCharacter]
[2016.04.02-19.46.24:332][825]OBJ SavePackage: Finished generating thumbnails for package [/Game/FirstPersonBP/Blueprints/FirstPersonCharacter]
[2016.04.02-19.46.25:173][825]LogSavePackage: Save=780.096680ms
[2016.04.02-19.46.25:173][825]LogSavePackage: Moving '../../../../../../Users/ray/Documents/FCFM Stuff/Essays, Homework, and Stuff/7mo. Semestre/Videojuegos 2/vj2/Axioma/Saved/FirstPersonCharacter_Auto2014304464AD77CD33B4521A69E4D7333.tmp' to '../../../../../../Users/ray/Documents/FCFM Stuff/Essays, Homework, and Stuff/7mo. Semestre/Videojuegos 2/vj2/Axioma/Saved/Autosaves/Game/FirstPersonBP/Blueprints/FirstPersonCharacter_Auto2.uasset'
[2016.04.02-19.46.25:176][825]LogSavePackage: Total save time: 842.208214ms
[2016.04.02-19.46.25:176][825]LogSavePackage:Display: Finished SavePackage ../../../../../../Users/ray/Documents/FCFM Stuff/Essays, Homework, and Stuff/7mo. Semestre/Videojuegos 2/vj2/Axioma/Saved/Autosaves/Game/FirstPersonBP/Blueprints/FirstPersonCharacter_Auto2.uasset
[2016.04.02-19.46.25:176][825]LogFileHelpers: Auto-saving content packages took 0.981
[2016.04.02-19.58.01:509][887]LogD3D11RHI: Timed out while waiting for GPU to catch up. (0.5 s)
[2016.04.02-20.10.52:869][ 46]LogActorComponent: UnregisterComponent: (/Engine/Transient.CharMoveComp) Not registered. Aborting.
[2016.04.02-20.10.52:869][ 46]LogActorComponent: UnregisterComponent: (/Engine/Transient.ProjectileMovementComponent_40__A6522401) Not registered. Aborting.
[2016.04.02-20.13.09:552][244]BlueprintLog: New page: Compile FirstPersonCharacter
[2016.04.02-20.13.11:033][244]LogActorComponent: UnregisterComponent: (/Engine/Transient.CharacterMovementComponent_0) Not registered. Aborting.
[2016.04.02-20.13.11:264][244]BlueprintEditorCompileResults: Info [4467.78] Compile of FirstPersonCharacter successful! [in 1,710 ms]
[2016.04.02-20.13.13:369][325]LogBlueprintUserMessages: Early PlayInEditor Detection: Level '/Game/FirstPersonBP/Maps/FirstPersonExampleMap.FirstPersonExampleMap:PersistentLevel' has LevelScriptBlueprint '/Game/FirstPersonBP/Maps/FirstPersonExampleMap.FirstPersonExampleMap:PersistentLevel.FirstPersonExampleMap' with GeneratedClass '/Game/FirstPersonBP/Maps/FirstPersonExampleMap.FirstPersonExampleMap_C' with ClassGeneratedBy '/Game/FirstPersonBP/Maps/FirstPersonExampleMap.FirstPersonExampleMap:PersistentLevel.FirstPersonExampleMap'
[2016.04.02-20.13.13:369][325]LogPlayLevel: PlayLevel: No blueprints needed recompiling
[2016.04.02-20.13.13:468][325]PIE: New page: PIE session: FirstPersonExampleMap (Apr 2, 2016, 8:13:13 AM)
[2016.04.02-20.13.13:469][325]LogPlayLevel: Creating play world package: /Game/FirstPersonBP/Maps/UEDPIE_0_FirstPersonExampleMap
[2016.04.02-20.13.16:016][325]LogPlayLevel: PIE: StaticDuplicateObject took: (2.547468s)
[2016.04.02-20.13.16:017][325]LogAIModule: Creating AISystem for world FirstPersonExampleMap
[2016.04.02-20.13.16:018][325]LogPlayLevel: PIE: World Init took: (0.001438s)
[2016.04.02-20.13.16:018][325]LogPlayLevel: PIE: Created PIE world by copying editor world from /Game/FirstPersonBP/Maps/FirstPersonExampleMap.FirstPersonExampleMap to /Game/FirstPersonBP/Maps/UEDPIE_0_FirstPersonExampleMap.FirstPersonExampleMap (2.549279s)
[2016.04.02-20.13.16:018][325]LogActorComponent: UnregisterComponent: (/Engine/Transient.CharMoveComp) Not registered. Aborting.
[2016.04.02-20.13.16:239][325]LogInit: XAudio2 using 'DX-24E150A11 (Sonido Intel(R) para pantallas)' : 2 channels at 48 kHz using 16 bits per sample (channel mask 0x3)
[2016.04.02-20.13.16:315][325]LogInit: FAudioDevice initialized.
[2016.04.02-20.13.16:388][325]LogWorld: Game class is 'FirstPersonGameMode_C'
[2016.04.02-20.13.16:772][325]LogWorld: Bringing World /Game/FirstPersonBP/Maps/UEDPIE_0_FirstPersonExampleMap.FirstPersonExampleMap up for play (max tick rate 0) at 2016.04.02-14.13.16
[2016.04.02-20.13.16:772][325]LogActor:Warning: GameSession /Game/FirstPersonBP/Maps/UEDPIE_0_FirstPersonExampleMap.FirstPersonExampleMap:PersistentLevel.GameSession_2 has natively added scene component(s), but none of them were set as the actor's RootComponent - picking one arbitrarily
[2016.04.02-20.13.16:773][325]LogActor:Warning: GameNetworkManager /Game/FirstPersonBP/Maps/UEDPIE_0_FirstPersonExampleMap.FirstPersonExampleMap:PersistentLevel.GameNetworkManager_2 has natively added scene component(s), but none of them were set as the actor's RootComponent - picking one arbitrarily
[2016.04.02-20.13.16:789][325]LogWorld: Bringing up level for play took: 0.377932
[2016.04.02-20.13.16:911][325]PIE: Info Play in editor start time for /Game/FirstPersonBP/Maps/UEDPIE_0_FirstPersonExampleMap 2.704
[2016.04.02-20.13.16:912][325]LogBlueprintUserMessages: Late PlayInEditor Detection: Level '/Game/FirstPersonBP/Maps/FirstPersonExampleMap.FirstPersonExampleMap:PersistentLevel' has LevelScriptBlueprint '/Game/FirstPersonBP/Maps/FirstPersonExampleMap.FirstPersonExampleMap:PersistentLevel.FirstPersonExampleMap' with GeneratedClass '/Game/FirstPersonBP/Maps/FirstPersonExampleMap.FirstPersonExampleMap_C' with ClassGeneratedBy '/Game/FirstPersonBP/Maps/FirstPersonExampleMap.FirstPersonExampleMap:PersistentLevel.FirstPersonExampleMap'
[2016.04.02-20.13.22:389][505]LogBlueprintUserMessages: [FirstPersonCharacter_C_0] Gravity On
[2016.04.02-20.13.24:583][593]LogBlueprintUserMessages: [FirstPersonCharacter_C_0] Gravity Off
[2016.04.02-20.13.27:045][698]LogBlueprintUserMessages: [FirstPersonCharacter_C_0] Gravity On
[2016.04.02-20.13.28:093][743]LogBlueprintUserMessages: Early EndPlayMap Detection: Level '/Game/FirstPersonBP/Maps/FirstPersonExampleMap.FirstPersonExampleMap:PersistentLevel' has LevelScriptBlueprint '/Game/FirstPersonBP/Maps/FirstPersonExampleMap.FirstPersonExampleMap:PersistentLevel.FirstPersonExampleMap' with GeneratedClass '/Game/FirstPersonBP/Maps/FirstPersonExampleMap.FirstPersonExampleMap_C' with ClassGeneratedBy '/Game/FirstPersonBP/Maps/FirstPersonExampleMap.FirstPersonExampleMap:PersistentLevel.FirstPersonExampleMap'
[2016.04.02-20.13.28:572][743]LogBlueprintUserMessages: Late EndPlayMap Detection: Level '/Game/FirstPersonBP/Maps/FirstPersonExampleMap.FirstPersonExampleMap:PersistentLevel' has LevelScriptBlueprint '/Game/FirstPersonBP/Maps/FirstPersonExampleMap.FirstPersonExampleMap:PersistentLevel.FirstPersonExampleMap' with GeneratedClass '/Game/FirstPersonBP/Maps/FirstPersonExampleMap.FirstPersonExampleMap_C' with ClassGeneratedBy '/Game/FirstPersonBP/Maps/FirstPersonExampleMap.FirstPersonExampleMap:PersistentLevel.FirstPersonExampleMap'
[2016.04.02-20.13.28:794][743]LogParticles: Destroying 0 GPU particle simulations for FXSystem 0x000000D354ABB7E0
[2016.04.02-20.13.52:435][556]BlueprintLog: New page: Compile FirstPersonCharacter
[2016.04.02-20.13.52:661][556]LogActorComponent: UnregisterComponent: (/Engine/Transient.ProjectileMovementComponent_40__A6522401) Not registered. Aborting.
[2016.04.02-20.13.52:661][556]LogActorComponent: UnregisterComponent: (/Engine/Transient.CharMoveComp) Not registered. Aborting.
[2016.04.02-20.13.52:773][556]BlueprintEditorCompileResults: Info [4509.29] Compile of FirstPersonCharacter successful! [in 338 ms]
[2016.04.02-20.13.54:522][629]LogBlueprintUserMessages: Early PlayInEditor Detection: Level '/Game/FirstPersonBP/Maps/FirstPersonExampleMap.FirstPersonExampleMap:PersistentLevel' has LevelScriptBlueprint '/Game/FirstPersonBP/Maps/FirstPersonExampleMap.FirstPersonExampleMap:PersistentLevel.FirstPersonExampleMap' with GeneratedClass '/Game/FirstPersonBP/Maps/FirstPersonExampleMap.FirstPersonExampleMap_C' with ClassGeneratedBy '/Game/FirstPersonBP/Maps/FirstPersonExampleMap.FirstPersonExampleMap:PersistentLevel.FirstPersonExampleMap'
[2016.04.02-20.13.54:522][629]LogPlayLevel: PlayLevel: No blueprints needed recompiling
[2016.04.02-20.13.54:522][629]PIE: New page: PIE session: FirstPersonExampleMap (Apr 2, 2016, 8:13:54 AM)
[2016.04.02-20.13.54:522][629]LogPlayLevel: Creating play world package: /Game/FirstPersonBP/Maps/UEDPIE_0_FirstPersonExampleMap
[2016.04.02-20.13.54:765][629]LogPlayLevel: PIE: StaticDuplicateObject took: (0.242821s)
[2016.04.02-20.13.54:765][629]LogAIModule: Creating AISystem for world FirstPersonExampleMap
[2016.04.02-20.13.54:766][629]LogPlayLevel: PIE: World Init took: (0.001011s)
[2016.04.02-20.13.54:766][629]LogPlayLevel: PIE: Created PIE world by copying editor world from /Game/FirstPersonBP/Maps/FirstPersonExampleMap.FirstPersonExampleMap to /Game/FirstPersonBP/Maps/UEDPIE_0_FirstPersonExampleMap.FirstPersonExampleMap (0.244192s)
[2016.04.02-20.13.54:766][629]LogActorComponent: UnregisterComponent: (/Engine/Transient.CharMoveComp) Not registered. Aborting.
[2016.04.02-20.13.54:851][629]LogInit: XAudio2 using 'DX-24E150A11 (Sonido Intel(R) para pantallas)' : 2 channels at 48 kHz using 16 bits per sample (channel mask 0x3)
[2016.04.02-20.13.54:861][629]LogInit: FAudioDevice initialized.
[2016.04.02-20.13.54:935][629]LogWorld: Game class is 'FirstPersonGameMode_C'
[2016.04.02-20.13.55:273][629]LogWorld: Bringing World /Game/FirstPersonBP/Maps/UEDPIE_0_FirstPersonExampleMap.FirstPersonExampleMap up for play (max tick rate 0) at 2016.04.02-14.13.55
[2016.04.02-20.13.55:273][629]LogActor:Warning: GameSession /Game/FirstPersonBP/Maps/UEDPIE_0_FirstPersonExampleMap.FirstPersonExampleMap:PersistentLevel.GameSession_3 has natively added scene component(s), but none of them were set as the actor's RootComponent - picking one arbitrarily
[2016.04.02-20.13.55:274][629]LogActor:Warning: GameNetworkManager /Game/FirstPersonBP/Maps/UEDPIE_0_FirstPersonExampleMap.FirstPersonExampleMap:PersistentLevel.GameNetworkManager_3 has natively added scene component(s), but none of them were set as the actor's RootComponent - picking one arbitrarily
[2016.04.02-20.13.55:280][629]LogWorld: Bringing up level for play took: 0.344183
[2016.04.02-20.13.55:282][629]PIE: Info Play in editor start time for /Game/FirstPersonBP/Maps/UEDPIE_0_FirstPersonExampleMap 1.095
[2016.04.02-20.13.55:282][629]LogBlueprintUserMessages: Late PlayInEditor Detection: Level '/Game/FirstPersonBP/Maps/FirstPersonExampleMap.FirstPersonExampleMap:PersistentLevel' has LevelScriptBlueprint '/Game/FirstPersonBP/Maps/FirstPersonExampleMap.FirstPersonExampleMap:PersistentLevel.FirstPersonExampleMap' with GeneratedClass '/Game/FirstPersonBP/Maps/FirstPersonExampleMap.FirstPersonExampleMap_C' with ClassGeneratedBy '/Game/FirstPersonBP/Maps/FirstPersonExampleMap.FirstPersonExampleMap:PersistentLevel.FirstPersonExampleMap'
[2016.04.02-20.13.59:258][742]LogBlueprintUserMessages: [FirstPersonCharacter_C_0] Gravity Off
[2016.04.02-20.14.15:374][284]LogBlueprintUserMessages: [FirstPersonCharacter_C_0] Off
[2016.04.02-20.14.18:829][430]LogBlueprintUserMessages: [FirstPersonCharacter_C_0] On
[2016.04.02-20.14.22:397][587]LogBlueprintUserMessages: [FirstPersonCharacter_C_0] Off
[2016.04.02-20.14.28:214][818]LogBlueprintUserMessages: [FirstPersonCharacter_C_0] On
[2016.04.02-20.14.30:617][917]LogBlueprintUserMessages: [FirstPersonCharacter_C_0] Off
[2016.04.02-20.14.31:123][937]LogBlueprintUserMessages: [FirstPersonCharacter_C_0] On
[2016.04.02-20.14.35:406][116]LogBlueprintUserMessages: [FirstPersonCharacter_C_0] Gravity On
[2016.04.02-20.14.36:109][147]LogBlueprintUserMessages: [FirstPersonCharacter_C_0] Gravity Off
[2016.04.02-20.14.36:837][178]LogBlueprintUserMessages: [FirstPersonCharacter_C_0] Gravity On
[2016.04.02-20.14.41:766][382]LogBlueprintUserMessages: Early EndPlayMap Detection: Level '/Game/FirstPersonBP/Maps/FirstPersonExampleMap.FirstPersonExampleMap:PersistentLevel' has LevelScriptBlueprint '/Game/FirstPersonBP/Maps/FirstPersonExampleMap.FirstPersonExampleMap:PersistentLevel.FirstPersonExampleMap' with GeneratedClass '/Game/FirstPersonBP/Maps/FirstPersonExampleMap.FirstPersonExampleMap_C' with ClassGeneratedBy '/Game/FirstPersonBP/Maps/FirstPersonExampleMap.FirstPersonExampleMap:PersistentLevel.FirstPersonExampleMap'
[2016.04.02-20.14.41:855][382]LogBlueprintUserMessages: Late EndPlayMap Detection: Level '/Game/FirstPersonBP/Maps/FirstPersonExampleMap.FirstPersonExampleMap:PersistentLevel' has LevelScriptBlueprint '/Game/FirstPersonBP/Maps/FirstPersonExampleMap.FirstPersonExampleMap:PersistentLevel.FirstPersonExampleMap' with GeneratedClass '/Game/FirstPersonBP/Maps/FirstPersonExampleMap.FirstPersonExampleMap_C' with ClassGeneratedBy '/Game/FirstPersonBP/Maps/FirstPersonExampleMap.FirstPersonExampleMap:PersistentLevel.FirstPersonExampleMap'
[2016.04.02-20.14.42:148][382]LogParticles: Destroying 0 GPU particle simulations for FXSystem 0x000000D30DEE1B20
[2016.04.02-20.14.51:986][649]LogActorComponent: UnregisterComponent: (/Engine/Transient.ProjectileMovementComponent_40__A6522401) Not registered. Aborting.
[2016.04.02-20.14.51:986][649]LogActorComponent: UnregisterComponent: (/Engine/Transient.CharMoveComp) Not registered. Aborting.
[2016.04.02-20.15.47:327][700]BlueprintLog: New page: Compile FirstPersonCharacter
[2016.04.02-20.15.47:580][700]LogActorComponent: UnregisterComponent: (/Engine/Transient.CharacterMovementComponent_1) Not registered. Aborting.
[2016.04.02-20.15.47:701][700]BlueprintEditorCompileResults: Info [4624.22] Compile of FirstPersonCharacter successful! [in 374 ms]
[2016.04.02-20.15.49:754][790]LogBlueprintUserMessages: Early PlayInEditor Detection: Level '/Game/FirstPersonBP/Maps/FirstPersonExampleMap.FirstPersonExampleMap:PersistentLevel' has LevelScriptBlueprint '/Game/FirstPersonBP/Maps/FirstPersonExampleMap.FirstPersonExampleMap:PersistentLevel.FirstPersonExampleMap' with GeneratedClass '/Game/FirstPersonBP/Maps/FirstPersonExampleMap.FirstPersonExampleMap_C' with ClassGeneratedBy '/Game/FirstPersonBP/Maps/FirstPersonExampleMap.FirstPersonExampleMap:PersistentLevel.FirstPersonExampleMap'
[2016.04.02-20.15.49:754][790]LogPlayLevel: PlayLevel: No blueprints needed recompiling
[2016.04.02-20.15.49:754][790]PIE: New page: PIE session: FirstPersonExampleMap (Apr 2, 2016, 8:15:49 AM)
[2016.04.02-20.15.49:754][790]LogPlayLevel: Creating play world package: /Game/FirstPersonBP/Maps/UEDPIE_0_FirstPersonExampleMap
[2016.04.02-20.15.50:019][790]LogPlayLevel: PIE: StaticDuplicateObject took: (0.264733s)
[2016.04.02-20.15.50:020][790]LogAIModule: Creating AISystem for world FirstPersonExampleMap
[2016.04.02-20.15.50:020][790]LogPlayLevel: PIE: World Init took: (0.001234s)
[2016.04.02-20.15.50:020][790]LogPlayLevel: PIE: Created PIE world by copying editor world from /Game/FirstPersonBP/Maps/FirstPersonExampleMap.FirstPersonExampleMap to /Game/FirstPersonBP/Maps/UEDPIE_0_FirstPersonExampleMap.FirstPersonExampleMap (0.266276s)
[2016.04.02-20.15.50:020][790]LogActorComponent: UnregisterComponent: (/Engine/Transient.CharMoveComp) Not registered. Aborting.
[2016.04.02-20.15.50:106][790]LogInit: XAudio2 using 'DX-24E150A11 (Sonido Intel(R) para pantallas)' : 2 channels at 48 kHz using 16 bits per sample (channel mask 0x3)
[2016.04.02-20.15.50:122][790]LogInit: FAudioDevice initialized.
[2016.04.02-20.15.50:164][790]LogWorld: Game class is 'FirstPersonGameMode_C'
[2016.04.02-20.15.50:450][790]LogWorld: Bringing World /Game/FirstPersonBP/Maps/UEDPIE_0_FirstPersonExampleMap.FirstPersonExampleMap up for play (max tick rate 0) at 2016.04.02-14.15.50
[2016.04.02-20.15.50:450][790]LogActor:Warning: GameSession /Game/FirstPersonBP/Maps/UEDPIE_0_FirstPersonExampleMap.FirstPersonExampleMap:PersistentLevel.GameSession_4 has natively added scene component(s), but none of them were set as the actor's RootComponent - picking one arbitrarily
[2016.04.02-20.15.50:450][790]LogActor:Warning: GameNetworkManager /Game/FirstPersonBP/Maps/UEDPIE_0_FirstPersonExampleMap.FirstPersonExampleMap:PersistentLevel.GameNetworkManager_4 has natively added scene component(s), but none of them were set as the actor's RootComponent - picking one arbitrarily
[2016.04.02-20.15.50:457][790]LogWorld: Bringing up level for play took: 0.292412
[2016.04.02-20.15.50:459][790]PIE: Info Play in editor start time for /Game/FirstPersonBP/Maps/UEDPIE_0_FirstPersonExampleMap 0.272
[2016.04.02-20.15.50:459][790]LogBlueprintUserMessages: Late PlayInEditor Detection: Level '/Game/FirstPersonBP/Maps/FirstPersonExampleMap.FirstPersonExampleMap:PersistentLevel' has LevelScriptBlueprint '/Game/FirstPersonBP/Maps/FirstPersonExampleMap.FirstPersonExampleMap:PersistentLevel.FirstPersonExampleMap' with GeneratedClass '/Game/FirstPersonBP/Maps/FirstPersonExampleMap.FirstPersonExampleMap_C' with ClassGeneratedBy '/Game/FirstPersonBP/Maps/FirstPersonExampleMap.FirstPersonExampleMap:PersistentLevel.FirstPersonExampleMap'
[2016.04.02-20.16.12:880][615]LogBlueprintUserMessages: Early EndPlayMap Detection: Level '/Game/FirstPersonBP/Maps/FirstPersonExampleMap.FirstPersonExampleMap:PersistentLevel' has LevelScriptBlueprint '/Game/FirstPersonBP/Maps/FirstPersonExampleMap.FirstPersonExampleMap:PersistentLevel.FirstPersonExampleMap' with GeneratedClass '/Game/FirstPersonBP/Maps/FirstPersonExampleMap.FirstPersonExampleMap_C' with ClassGeneratedBy '/Game/FirstPersonBP/Maps/FirstPersonExampleMap.FirstPersonExampleMap:PersistentLevel.FirstPersonExampleMap'
[2016.04.02-20.16.13:012][615]LogBlueprintUserMessages: Late EndPlayMap Detection: Level '/Game/FirstPersonBP/Maps/FirstPersonExampleMap.FirstPersonExampleMap:PersistentLevel' has LevelScriptBlueprint '/Game/FirstPersonBP/Maps/FirstPersonExampleMap.FirstPersonExampleMap:PersistentLevel.FirstPersonExampleMap' with GeneratedClass '/Game/FirstPersonBP/Maps/FirstPersonExampleMap.FirstPersonExampleMap_C' with ClassGeneratedBy '/Game/FirstPersonBP/Maps/FirstPersonExampleMap.FirstPersonExampleMap:PersistentLevel.FirstPersonExampleMap'
[2016.04.02-20.16.13:547][615]LogParticles: Destroying 0 GPU particle simulations for FXSystem 0x000000D37F3FCAE0
[2016.04.02-20.16.53:054][675]LogSavePackage: Save=36927.386719ms
[2016.04.02-20.16.53:054][675]LogSavePackage: Moving '../../../../../../Users/ray/Documents/FCFM Stuff/Essays, Homework, and Stuff/7mo. Semestre/Videojuegos 2/vj2/Axioma/Saved/FirstPersonExampleMap76BE29034E96D91AA3A86486F54C5186.tmp' to '../../../../../../Users/ray/Documents/FCFM Stuff/Essays, Homework, and Stuff/7mo. Semestre/Videojuegos 2/vj2/Axioma/Content/FirstPersonBP/Maps/FirstPersonExampleMap.umap'
[2016.04.02-20.16.53:123][675]LogSavePackage: Total save time: 37701.985296ms
[2016.04.02-20.16.53:123][675]LogSavePackage:Display: Finished SavePackage ../../../../../../Users/ray/Documents/FCFM Stuff/Essays, Homework, and Stuff/7mo. Semestre/Videojuegos 2/vj2/Axioma/Content/FirstPersonBP/Maps/FirstPersonExampleMap.umap
[2016.04.02-20.16.53:253][675]LogFileHelpers: Saving map 'FirstPersonExampleMap' took 38.382
[2016.04.02-20.16.53:700][675]LogSavePackage: Save=327.263214ms
[2016.04.02-20.16.53:700][675]LogSavePackage: Moving '../../../../../../Users/ray/Documents/FCFM Stuff/Essays, Homework, and Stuff/7mo. Semestre/Videojuegos 2/vj2/Axioma/Saved/FirstPersonCharacterFACF43A04A4A2DB7B99A078F12335DB6.tmp' to '../../../../../../Users/ray/Documents/FCFM Stuff/Essays, Homework, and Stuff/7mo. Semestre/Videojuegos 2/vj2/Axioma/Content/FirstPersonBP/Blueprints/FirstPersonCharacter.uasset'
[2016.04.02-20.16.53:728][675]LogSavePackage: Total save time: 368.609626ms
[2016.04.02-20.16.53:729][675]LogSavePackage:Display: Finished SavePackage ../../../../../../Users/ray/Documents/FCFM Stuff/Essays, Homework, and Stuff/7mo. Semestre/Videojuegos 2/vj2/Axioma/Content/FirstPersonBP/Blueprints/FirstPersonCharacter.uasset
[2016.04.02-20.21.28:884][777]LogEditorTransaction: Undo Move Node
[2016.04.02-20.21.29:092][777]LogActorComponent: UnregisterComponent: (/Engine/Transient.CharMoveComp) Not registered. Aborting.
[2016.04.02-20.21.29:093][777]LogActorComponent: UnregisterComponent: (/Engine/Transient.ProjectileMovementComponent_40__A6522401) Not registered. Aborting.
[2016.04.02-20.22.15:627][ 92]LogActorComponent: UnregisterComponent: (/Engine/Transient.CharacterMovementComponent_2) Not registered. Aborting.
[2016.04.02-20.25.01:825][501]BlueprintLog: New page: Compile FirstPersonCharacter
[2016.04.02-20.25.02:071][501]LogActorComponent: UnregisterComponent: (/Engine/Transient.CharacterMovementComponent_3) Not registered. Aborting.
[2016.04.02-20.25.02:260][501]BlueprintEditorCompileResults: Info [5178.78] Compile of FirstPersonCharacter successful! [in 433 ms]
[2016.04.02-20.27.12:503][997]LogActorComponent: UnregisterComponent: (/Engine/Transient.CharMoveComp) Not registered. Aborting.
[2016.04.02-20.28.13:775][266]BlueprintLog: New page: Compile FirstPersonCharacter
[2016.04.02-20.28.14:026][266]LogActorComponent: UnregisterComponent: (/Engine/Transient.CharacterMovementComponent_4) Not registered. Aborting.
[2016.04.02-20.28.14:131][266]BlueprintEditorCompileResults: Info [5370.65] Compile of FirstPersonCharacter successful! [in 355 ms]
[2016.04.02-20.28.21:622][431]LogActorComponent: UnregisterComponent: (/Engine/Transient.CharMoveComp) Not registered. Aborting.
[2016.04.02-20.28.55:727][ 26]BlueprintLog: New page: Compile FirstPersonCharacter
[2016.04.02-20.28.56:004][ 26]LogActorComponent: UnregisterComponent: (/Engine/Transient.CharacterMovementComponent_5) Not registered. Aborting.
[2016.04.02-20.28.56:302][ 26]BlueprintEditorCompileResults: Info [5412.82] Compile of FirstPersonCharacter successful! [in 574 ms]
[2016.04.02-20.28.59:116][130]LogBlueprintUserMessages: Early PlayInEditor Detection: Level '/Game/FirstPersonBP/Maps/FirstPersonExampleMap.FirstPersonExampleMap:PersistentLevel' has LevelScriptBlueprint '/Game/FirstPersonBP/Maps/FirstPersonExampleMap.FirstPersonExampleMap:PersistentLevel.FirstPersonExampleMap' with GeneratedClass '/Game/FirstPersonBP/Maps/FirstPersonExampleMap.FirstPersonExampleMap_C' with ClassGeneratedBy '/Game/FirstPersonBP/Maps/FirstPersonExampleMap.FirstPersonExampleMap:PersistentLevel.FirstPersonExampleMap'
[2016.04.02-20.28.59:116][130]LogPlayLevel: PlayLevel: No blueprints needed recompiling
[2016.04.02-20.28.59:117][130]PIE: New page: PIE session: FirstPersonExampleMap (Apr 2, 2016, 8:28:59 AM)
[2016.04.02-20.28.59:117][130]LogPlayLevel: Creating play world package: /Game/FirstPersonBP/Maps/UEDPIE_0_FirstPersonExampleMap
[2016.04.02-20.29.00:165][130]LogPlayLevel: PIE: StaticDuplicateObject took: (1.049270s)
[2016.04.02-20.29.00:166][130]LogAIModule: Creating AISystem for world FirstPersonExampleMap
[2016.04.02-20.29.00:166][130]LogPlayLevel: PIE: World Init took: (0.001125s)
[2016.04.02-20.29.00:167][130]LogPlayLevel: PIE: Created PIE world by copying editor world from /Game/FirstPersonBP/Maps/FirstPersonExampleMap.FirstPersonExampleMap to /Game/FirstPersonBP/Maps/UEDPIE_0_FirstPersonExampleMap.FirstPersonExampleMap (1.050728s)
[2016.04.02-20.29.00:167][130]LogActorComponent: UnregisterComponent: (/Engine/Transient.CharMoveComp) Not registered. Aborting.
[2016.04.02-20.29.00:267][130]LogInit: XAudio2 using 'DX-24E150A11 (Sonido Intel(R) para pantallas)' : 2 channels at 48 kHz using 16 bits per sample (channel mask 0x3)
[2016.04.02-20.29.00:273][130]LogInit: FAudioDevice initialized.
[2016.04.02-20.29.00:314][130]LogWorld: Game class is 'FirstPersonGameMode_C'
[2016.04.02-20.29.00:613][130]LogWorld: Bringing World /Game/FirstPersonBP/Maps/UEDPIE_0_FirstPersonExampleMap.FirstPersonExampleMap up for play (max tick rate 0) at 2016.04.02-14.29.00
[2016.04.02-20.29.00:613][130]LogActor:Warning: GameSession /Game/FirstPersonBP/Maps/UEDPIE_0_FirstPersonExampleMap.FirstPersonExampleMap:PersistentLevel.GameSession_5 has natively added scene component(s), but none of them were set as the actor's RootComponent - picking one arbitrarily
[2016.04.02-20.29.00:613][130]LogActor:Warning: GameNetworkManager /Game/FirstPersonBP/Maps/UEDPIE_0_FirstPersonExampleMap.FirstPersonExampleMap:PersistentLevel.GameNetworkManager_5 has natively added scene component(s), but none of them were set as the actor's RootComponent - picking one arbitrarily
[2016.04.02-20.29.00:620][130]LogWorld: Bringing up level for play took: 0.304724
[2016.04.02-20.29.00:622][130]PIE: Info Play in editor start time for /Game/FirstPersonBP/Maps/UEDPIE_0_FirstPersonExampleMap 2.435
[2016.04.02-20.29.00:623][130]LogBlueprintUserMessages: Late PlayInEditor Detection: Level '/Game/FirstPersonBP/Maps/FirstPersonExampleMap.FirstPersonExampleMap:PersistentLevel' has LevelScriptBlueprint '/Game/FirstPersonBP/Maps/FirstPersonExampleMap.FirstPersonExampleMap:PersistentLevel.FirstPersonExampleMap' with GeneratedClass '/Game/FirstPersonBP/Maps/FirstPersonExampleMap.FirstPersonExampleMap_C' with ClassGeneratedBy '/Game/FirstPersonBP/Maps/FirstPersonExampleMap.FirstPersonExampleMap:PersistentLevel.FirstPersonExampleMap'
[2016.04.02-20.29.05:410][288]LogBlueprintUserMessages: [FirstPersonCharacter_C_0] Jetpack On
[2016.04.02-20.29.14:656][606]LogBlueprintUserMessages: [FirstPersonCharacter_C_0] Jetpack Off
[2016.04.02-20.29.15:924][653]LogBlueprintUserMessages: [FirstPersonCharacter_C_0] Jetpack On
[2016.04.02-20.29.17:285][706]LogBlueprintUserMessages: [FirstPersonCharacter_C_0] Jetpack Off
[2016.04.02-20.29.18:558][736]LogBlueprintUserMessages: [FirstPersonCharacter_C_0] Jetpack On
[2016.04.02-20.29.18:656][740]LogBlueprintUserMessages: [FirstPersonCharacter_C_0] Jetpack Off
[2016.04.02-20.29.19:762][753]LogBlueprintUserMessages: [FirstPersonCharacter_C_0] Jetpack On
[2016.04.02-20.29.28:412][ 76]LogBlueprintUserMessages: [FirstPersonCharacter_C_0] Jetpack Off
[2016.04.02-20.29.31:902][207]LogBlueprintUserMessages: [FirstPersonCharacter_C_0] Jetpack On
[2016.04.02-20.29.40:226][515]LogBlueprintUserMessages: [FirstPersonCharacter_C_0] Jetpack Off
[2016.04.02-20.29.44:368][671]LogBlueprintUserMessages: Early EndPlayMap Detection: Level '/Game/FirstPersonBP/Maps/FirstPersonExampleMap.FirstPersonExampleMap:PersistentLevel' has LevelScriptBlueprint '/Game/FirstPersonBP/Maps/FirstPersonExampleMap.FirstPersonExampleMap:PersistentLevel.FirstPersonExampleMap' with GeneratedClass '/Game/FirstPersonBP/Maps/FirstPersonExampleMap.FirstPersonExampleMap_C' with ClassGeneratedBy '/Game/FirstPersonBP/Maps/FirstPersonExampleMap.FirstPersonExampleMap:PersistentLevel.FirstPersonExampleMap'
[2016.04.02-20.29.44:486][671]LogBlueprintUserMessages: Late EndPlayMap Detection: Level '/Game/FirstPersonBP/Maps/FirstPersonExampleMap.FirstPersonExampleMap:PersistentLevel' has LevelScriptBlueprint '/Game/FirstPersonBP/Maps/FirstPersonExampleMap.FirstPersonExampleMap:PersistentLevel.FirstPersonExampleMap' with GeneratedClass '/Game/FirstPersonBP/Maps/FirstPersonExampleMap.FirstPersonExampleMap_C' with ClassGeneratedBy '/Game/FirstPersonBP/Maps/FirstPersonExampleMap.FirstPersonExampleMap:PersistentLevel.FirstPersonExampleMap'
[2016.04.02-20.29.44:825][671]LogParticles: Destroying 0 GPU particle simulations for FXSystem 0x000000D37F4396C0
[2016.04.02-20.30.01:831][205]LogActorComponent: UnregisterComponent: (/Engine/Transient.ProjectileMovementComponent_40__A6522401) Not registered. Aborting.
[2016.04.02-20.30.01:831][205]LogActorComponent: UnregisterComponent: (/Engine/Transient.CharMoveComp) Not registered. Aborting.
[2016.04.02-20.30.17:121][566]BlueprintLog: New page: Compile FirstPersonCharacter
[2016.04.02-20.30.17:307][566]LogActorComponent: UnregisterComponent: (/Engine/Transient.CharacterMovementComponent_6) Not registered. Aborting.
[2016.04.02-20.30.17:403][566]BlueprintEditorCompileResults: Info [5493.92] Compile of FirstPersonCharacter successful! [in 282 ms]
[2016.04.02-20.30.21:753][741]LogBlueprintUserMessages: Early PlayInEditor Detection: Level '/Game/FirstPersonBP/Maps/FirstPersonExampleMap.FirstPersonExampleMap:PersistentLevel' has LevelScriptBlueprint '/Game/FirstPersonBP/Maps/FirstPersonExampleMap.FirstPersonExampleMap:PersistentLevel.FirstPersonExampleMap' with GeneratedClass '/Game/FirstPersonBP/Maps/FirstPersonExampleMap.FirstPersonExampleMap_C' with ClassGeneratedBy '/Game/FirstPersonBP/Maps/FirstPersonExampleMap.FirstPersonExampleMap:PersistentLevel.FirstPersonExampleMap'
[2016.04.02-20.30.21:754][741]LogPlayLevel: PlayLevel: No blueprints needed recompiling
[2016.04.02-20.30.21:754][741]PIE: New page: PIE session: FirstPersonExampleMap (Apr 2, 2016, 8:30:21 AM)
[2016.04.02-20.30.21:754][741]LogPlayLevel: Creating play world package: /Game/FirstPersonBP/Maps/UEDPIE_0_FirstPersonExampleMap
[2016.04.02-20.30.22:000][741]LogPlayLevel: PIE: StaticDuplicateObject took: (0.246497s)
[2016.04.02-20.30.22:001][741]LogAIModule: Creating AISystem for world FirstPersonExampleMap
[2016.04.02-20.30.22:001][741]LogPlayLevel: PIE: World Init took: (0.001171s)
[2016.04.02-20.30.22:002][741]LogPlayLevel: PIE: Created PIE world by copying editor world from /Game/FirstPersonBP/Maps/FirstPersonExampleMap.FirstPersonExampleMap to /Game/FirstPersonBP/Maps/UEDPIE_0_FirstPersonExampleMap.FirstPersonExampleMap (0.248006s)
[2016.04.02-20.30.22:002][741]LogActorComponent: UnregisterComponent: (/Engine/Transient.CharMoveComp) Not registered. Aborting.
[2016.04.02-20.30.22:096][741]LogInit: XAudio2 using 'DX-24E150A11 (Sonido Intel(R) para pantallas)' : 2 channels at 48 kHz using 16 bits per sample (channel mask 0x3)
[2016.04.02-20.30.22:136][741]LogInit: FAudioDevice initialized.
[2016.04.02-20.30.22:177][741]LogWorld: Game class is 'FirstPersonGameMode_C'
[2016.04.02-20.30.22:557][741]LogWorld: Bringing World /Game/FirstPersonBP/Maps/UEDPIE_0_FirstPersonExampleMap.FirstPersonExampleMap up for play (max tick rate 0) at 2016.04.02-14.30.22
[2016.04.02-20.30.22:557][741]LogActor:Warning: GameSession /Game/FirstPersonBP/Maps/UEDPIE_0_FirstPersonExampleMap.FirstPersonExampleMap:PersistentLevel.GameSession_6 has natively added scene component(s), but none of them were set as the actor's RootComponent - picking one arbitrarily
[2016.04.02-20.30.22:557][741]LogActor:Warning: GameNetworkManager /Game/FirstPersonBP/Maps/UEDPIE_0_FirstPersonExampleMap.FirstPersonExampleMap:PersistentLevel.GameNetworkManager_6 has natively added scene component(s), but none of them were set as the actor's RootComponent - picking one arbitrarily
[2016.04.02-20.30.22:563][741]LogWorld: Bringing up level for play took: 0.385104
[2016.04.02-20.30.22:566][741]PIE: Info Play in editor start time for /Game/FirstPersonBP/Maps/UEDPIE_0_FirstPersonExampleMap 0.379
[2016.04.02-20.30.22:566][741]LogBlueprintUserMessages: Late PlayInEditor Detection: Level '/Game/FirstPersonBP/Maps/FirstPersonExampleMap.FirstPersonExampleMap:PersistentLevel' has LevelScriptBlueprint '/Game/FirstPersonBP/Maps/FirstPersonExampleMap.FirstPersonExampleMap:PersistentLevel.FirstPersonExampleMap' with GeneratedClass '/Game/FirstPersonBP/Maps/FirstPersonExampleMap.FirstPersonExampleMap_C' with ClassGeneratedBy '/Game/FirstPersonBP/Maps/FirstPersonExampleMap.FirstPersonExampleMap:PersistentLevel.FirstPersonExampleMap'
[2016.04.02-20.30.24:521][806]LogBlueprintUserMessages: [FirstPersonCharacter_C_0] Jetpack On
[2016.04.02-20.30.26:827][891]LogBlueprintUserMessages: [FirstPersonCharacter_C_0] Jetpack Off
[2016.04.02-20.30.27:874][930]LogBlueprintUserMessages: [FirstPersonCharacter_C_0] Jetpack On
[2016.04.02-20.30.31:305][ 65]LogBlueprintUserMessages: [FirstPersonCharacter_C_0] Jetpack On
[2016.04.02-20.30.33:607][160]LogBlueprintUserMessages: [FirstPersonCharacter_C_0] Jetpack Off
[2016.04.02-20.30.37:967][316]LogBlueprintUserMessages: Early EndPlayMap Detection: Level '/Game/FirstPersonBP/Maps/FirstPersonExampleMap.FirstPersonExampleMap:PersistentLevel' has LevelScriptBlueprint '/Game/FirstPersonBP/Maps/FirstPersonExampleMap.FirstPersonExampleMap:PersistentLevel.FirstPersonExampleMap' with GeneratedClass '/Game/FirstPersonBP/Maps/FirstPersonExampleMap.FirstPersonExampleMap_C' with ClassGeneratedBy '/Game/FirstPersonBP/Maps/FirstPersonExampleMap.FirstPersonExampleMap:PersistentLevel.FirstPersonExampleMap'
[2016.04.02-20.30.38:067][316]LogBlueprintUserMessages: Late EndPlayMap Detection: Level '/Game/FirstPersonBP/Maps/FirstPersonExampleMap.FirstPersonExampleMap:PersistentLevel' has LevelScriptBlueprint '/Game/FirstPersonBP/Maps/FirstPersonExampleMap.FirstPersonExampleMap:PersistentLevel.FirstPersonExampleMap' with GeneratedClass '/Game/FirstPersonBP/Maps/FirstPersonExampleMap.FirstPersonExampleMap_C' with ClassGeneratedBy '/Game/FirstPersonBP/Maps/FirstPersonExampleMap.FirstPersonExampleMap:PersistentLevel.FirstPersonExampleMap'
[2016.04.02-20.30.38:318][316]LogParticles: Destroying 0 GPU particle simulations for FXSystem 0x000000D32B2562A0
[2016.04.02-20.31.16:035][633]LogActorComponent: UnregisterComponent: (/Engine/Transient.ProjectileMovementComponent_40__A6522401) Not registered. Aborting.
[2016.04.02-20.31.16:035][633]LogActorComponent: UnregisterComponent: (/Engine/Transient.CharMoveComp) Not registered. Aborting.
[2016.04.02-20.31.27:235][ 30]BlueprintLog: New page: Compile FirstPersonCharacter
[2016.04.02-20.31.27:463][ 30]LogActorComponent: UnregisterComponent: (/Engine/Transient.CharacterMovementComponent_7) Not registered. Aborting.
[2016.04.02-20.31.27:561][ 30]BlueprintEditorCompileResults: Info [5564.08] Compile of FirstPersonCharacter successful! [in 326 ms]
[2016.04.02-20.31.30:167][150]LogBlueprintUserMessages: Early PlayInEditor Detection: Level '/Game/FirstPersonBP/Maps/FirstPersonExampleMap.FirstPersonExampleMap:PersistentLevel' has LevelScriptBlueprint '/Game/FirstPersonBP/Maps/FirstPersonExampleMap.FirstPersonExampleMap:PersistentLevel.FirstPersonExampleMap' with GeneratedClass '/Game/FirstPersonBP/Maps/FirstPersonExampleMap.FirstPersonExampleMap_C' with ClassGeneratedBy '/Game/FirstPersonBP/Maps/FirstPersonExampleMap.FirstPersonExampleMap:PersistentLevel.FirstPersonExampleMap'
[2016.04.02-20.31.30:167][150]LogPlayLevel: PlayLevel: No blueprints needed recompiling
[2016.04.02-20.31.30:167][150]PIE: New page: PIE session: FirstPersonExampleMap (Apr 2, 2016, 8:31:30 AM)
[2016.04.02-20.31.30:167][150]LogPlayLevel: Creating play world package: /Game/FirstPersonBP/Maps/UEDPIE_0_FirstPersonExampleMap
[2016.04.02-20.31.30:389][150]LogPlayLevel: PIE: StaticDuplicateObject took: (0.221818s)
[2016.04.02-20.31.30:391][150]LogAIModule: Creating AISystem for world FirstPersonExampleMap
[2016.04.02-20.31.30:392][150]LogPlayLevel: PIE: World Init took: (0.003343s)
[2016.04.02-20.31.30:393][150]LogPlayLevel: PIE: Created PIE world by copying editor world from /Game/FirstPersonBP/Maps/FirstPersonExampleMap.FirstPersonExampleMap to /Game/FirstPersonBP/Maps/UEDPIE_0_FirstPersonExampleMap.FirstPersonExampleMap (0.225959s)
[2016.04.02-20.31.30:393][150]LogActorComponent: UnregisterComponent: (/Engine/Transient.CharMoveComp) Not registered. Aborting.
[2016.04.02-20.31.30:485][150]LogInit: XAudio2 using 'DX-24E150A11 (Sonido Intel(R) para pantallas)' : 2 channels at 48 kHz using 16 bits per sample (channel mask 0x3)
[2016.04.02-20.31.30:545][150]LogInit: FAudioDevice initialized.
[2016.04.02-20.31.30:584][150]LogWorld: Game class is 'FirstPersonGameMode_C'
[2016.04.02-20.31.30:879][150]LogWorld: Bringing World /Game/FirstPersonBP/Maps/UEDPIE_0_FirstPersonExampleMap.FirstPersonExampleMap up for play (max tick rate 0) at 2016.04.02-14.31.30
[2016.04.02-20.31.30:879][150]LogActor:Warning: GameSession /Game/FirstPersonBP/Maps/UEDPIE_0_FirstPersonExampleMap.FirstPersonExampleMap:PersistentLevel.GameSession_7 has natively added scene component(s), but none of them were set as the actor's RootComponent - picking one arbitrarily
[2016.04.02-20.31.30:880][150]LogActor:Warning: GameNetworkManager /Game/FirstPersonBP/Maps/UEDPIE_0_FirstPersonExampleMap.FirstPersonExampleMap:PersistentLevel.GameNetworkManager_7 has natively added scene component(s), but none of them were set as the actor's RootComponent - picking one arbitrarily
[2016.04.02-20.31.30:886][150]LogWorld: Bringing up level for play took: 0.301690
[2016.04.02-20.31.30:889][150]PIE: Info Play in editor start time for /Game/FirstPersonBP/Maps/UEDPIE_0_FirstPersonExampleMap 0.702
[2016.04.02-20.31.30:889][150]LogBlueprintUserMessages: Late PlayInEditor Detection: Level '/Game/FirstPersonBP/Maps/FirstPersonExampleMap.FirstPersonExampleMap:PersistentLevel' has LevelScriptBlueprint '/Game/FirstPersonBP/Maps/FirstPersonExampleMap.FirstPersonExampleMap:PersistentLevel.FirstPersonExampleMap' with GeneratedClass '/Game/FirstPersonBP/Maps/FirstPersonExampleMap.FirstPersonExampleMap_C' with ClassGeneratedBy '/Game/FirstPersonBP/Maps/FirstPersonExampleMap.FirstPersonExampleMap:PersistentLevel.FirstPersonExampleMap'
[2016.04.02-20.31.36:346][339]LogBlueprintUserMessages: [FirstPersonCharacter_C_0] Jetpack On
[2016.04.02-20.32.12:657][808]LogBlueprintUserMessages: Early EndPlayMap Detection: Level '/Game/FirstPersonBP/Maps/FirstPersonExampleMap.FirstPersonExampleMap:PersistentLevel' has LevelScriptBlueprint '/Game/FirstPersonBP/Maps/FirstPersonExampleMap.FirstPersonExampleMap:PersistentLevel.FirstPersonExampleMap' with GeneratedClass '/Game/FirstPersonBP/Maps/FirstPersonExampleMap.FirstPersonExampleMap_C' with ClassGeneratedBy '/Game/FirstPersonBP/Maps/FirstPersonExampleMap.FirstPersonExampleMap:PersistentLevel.FirstPersonExampleMap'
[2016.04.02-20.32.12:916][808]LogBlueprintUserMessages: Late EndPlayMap Detection: Level '/Game/FirstPersonBP/Maps/FirstPersonExampleMap.FirstPersonExampleMap:PersistentLevel' has LevelScriptBlueprint '/Game/FirstPersonBP/Maps/FirstPersonExampleMap.FirstPersonExampleMap:PersistentLevel.FirstPersonExampleMap' with GeneratedClass '/Game/FirstPersonBP/Maps/FirstPersonExampleMap.FirstPersonExampleMap_C' with ClassGeneratedBy '/Game/FirstPersonBP/Maps/FirstPersonExampleMap.FirstPersonExampleMap:PersistentLevel.FirstPersonExampleMap'
[2016.04.02-20.32.13:048][808]LogParticles: Destroying 0 GPU particle simulations for FXSystem 0x000000D37F43B560
[2016.04.02-20.32.24:539][192]LogActorComponent: UnregisterComponent: (/Engine/Transient.ProjectileMovementComponent_40__A6522401) Not registered. Aborting.
[2016.04.02-20.32.24:539][192]LogActorComponent: UnregisterComponent: (/Engine/Transient.CharMoveComp) Not registered. Aborting.
[2016.04.02-20.32.59:184][192]LogSavePackage: Save=32693.781250ms
[2016.04.02-20.32.59:184][192]LogSavePackage: Moving '../../../../../../Users/ray/Documents/FCFM Stuff/Essays, Homework, and Stuff/7mo. Semestre/Videojuegos 2/vj2/Axioma/Saved/FirstPersonExampleMapD2CED6834ABF4D2FFAB760A8BDB3C422.tmp' to '../../../../../../Users/ray/Documents/FCFM Stuff/Essays, Homework, and Stuff/7mo. Semestre/Videojuegos 2/vj2/Axioma/Content/FirstPersonBP/Maps/FirstPersonExampleMap.umap'
[2016.04.02-20.32.59:194][192]LogSavePackage: Total save time: 33743.994996ms
[2016.04.02-20.32.59:194][192]LogSavePackage:Display: Finished SavePackage ../../../../../../Users/ray/Documents/FCFM Stuff/Essays, Homework, and Stuff/7mo. Semestre/Videojuegos 2/vj2/Axioma/Content/FirstPersonBP/Maps/FirstPersonExampleMap.umap
[2016.04.02-20.32.59:863][192]LogFileHelpers: Saving map 'FirstPersonExampleMap' took 35.008
[2016.04.02-20.33.00:625][192]LogSavePackage: Save=704.790710ms
[2016.04.02-20.33.00:625][192]LogSavePackage: Moving '../../../../../../Users/ray/Documents/FCFM Stuff/Essays, Homework, and Stuff/7mo. Semestre/Videojuegos 2/vj2/Axioma/Saved/FirstPersonCharacter76C48A32480D50975E60478C58C46FCB.tmp' to '../../../../../../Users/ray/Documents/FCFM Stuff/Essays, Homework, and Stuff/7mo. Semestre/Videojuegos 2/vj2/Axioma/Content/FirstPersonBP/Blueprints/FirstPersonCharacter.uasset'
[2016.04.02-20.33.00:631][192]LogSavePackage: Total save time: 721.564136ms
[2016.04.02-20.33.00:631][192]LogSavePackage:Display: Finished SavePackage ../../../../../../Users/ray/Documents/FCFM Stuff/Essays, Homework, and Stuff/7mo. Semestre/Videojuegos 2/vj2/Axioma/Content/FirstPersonBP/Blueprints/FirstPersonCharacter.uasset
[2016.04.02-20.35.20:301][142]LogActorComponent: UnregisterComponent: (/Engine/Transient.CharMoveComp) Not registered. Aborting.
[2016.04.02-20.37.21:471][707]BlueprintLog: New page: Compile FirstPersonCharacter
[2016.04.02-20.37.21:728][707]LogActorComponent: UnregisterComponent: (/Engine/Transient.CharacterMovementComponent_8) Not registered. Aborting.
[2016.04.02-20.37.21:858][707]BlueprintEditorCompileResults: Info [5918.38] Compile of FirstPersonCharacter successful! [in 386 ms]
[2016.04.02-20.37.27:505][932]LogBlueprintUserMessages: Early PlayInEditor Detection: Level '/Game/FirstPersonBP/Maps/FirstPersonExampleMap.FirstPersonExampleMap:PersistentLevel' has LevelScriptBlueprint '/Game/FirstPersonBP/Maps/FirstPersonExampleMap.FirstPersonExampleMap:PersistentLevel.FirstPersonExampleMap' with GeneratedClass '/Game/FirstPersonBP/Maps/FirstPersonExampleMap.FirstPersonExampleMap_C' with ClassGeneratedBy '/Game/FirstPersonBP/Maps/FirstPersonExampleMap.FirstPersonExampleMap:PersistentLevel.FirstPersonExampleMap'
[2016.04.02-20.37.27:506][932]LogPlayLevel: PlayLevel: No blueprints needed recompiling
[2016.04.02-20.37.27:506][932]PIE: New page: PIE session: FirstPersonExampleMap (Apr 2, 2016, 8:37:27 AM)
[2016.04.02-20.37.27:506][932]LogPlayLevel: Creating play world package: /Game/FirstPersonBP/Maps/UEDPIE_0_FirstPersonExampleMap
[2016.04.02-20.37.27:823][932]LogPlayLevel: PIE: StaticDuplicateObject took: (0.317603s)
[2016.04.02-20.37.27:826][932]LogAIModule: Creating AISystem for world FirstPersonExampleMap
[2016.04.02-20.37.27:827][932]LogPlayLevel: PIE: World Init took: (0.003258s)
[2016.04.02-20.37.27:827][932]LogPlayLevel: PIE: Created PIE world by copying editor world from /Game/FirstPersonBP/Maps/FirstPersonExampleMap.FirstPersonExampleMap to /Game/FirstPersonBP/Maps/UEDPIE_0_FirstPersonExampleMap.FirstPersonExampleMap (0.321339s)
[2016.04.02-20.37.27:827][932]LogActorComponent: UnregisterComponent: (/Engine/Transient.CharMoveComp) Not registered. Aborting.
[2016.04.02-20.37.27:916][932]LogInit: XAudio2 using 'DX-24E150A11 (Sonido Intel(R) para pantallas)' : 2 channels at 48 kHz using 16 bits per sample (channel mask 0x3)
[2016.04.02-20.37.27:980][932]LogInit: FAudioDevice initialized.
[2016.04.02-20.37.28:017][932]LogWorld: Game class is 'FirstPersonGameMode_C'
[2016.04.02-20.37.28:284][932]LogWorld: Bringing World /Game/FirstPersonBP/Maps/UEDPIE_0_FirstPersonExampleMap.FirstPersonExampleMap up for play (max tick rate 0) at 2016.04.02-14.37.28
[2016.04.02-20.37.28:284][932]LogActor:Warning: GameSession /Game/FirstPersonBP/Maps/UEDPIE_0_FirstPersonExampleMap.FirstPersonExampleMap:PersistentLevel.GameSession_8 has natively added scene component(s), but none of them were set as the actor's RootComponent - picking one arbitrarily
[2016.04.02-20.37.28:284][932]LogActor:Warning: GameNetworkManager /Game/FirstPersonBP/Maps/UEDPIE_0_FirstPersonExampleMap.FirstPersonExampleMap:PersistentLevel.GameNetworkManager_8 has natively added scene component(s), but none of them were set as the actor's RootComponent - picking one arbitrarily
[2016.04.02-20.37.28:291][932]LogWorld: Bringing up level for play took: 0.273000
[2016.04.02-20.37.28:294][932]PIE: Info Play in editor start time for /Game/FirstPersonBP/Maps/UEDPIE_0_FirstPersonExampleMap 0.107
[2016.04.02-20.37.28:294][932]LogBlueprintUserMessages: Late PlayInEditor Detection: Level '/Game/FirstPersonBP/Maps/FirstPersonExampleMap.FirstPersonExampleMap:PersistentLevel' has LevelScriptBlueprint '/Game/FirstPersonBP/Maps/FirstPersonExampleMap.FirstPersonExampleMap:PersistentLevel.FirstPersonExampleMap' with GeneratedClass '/Game/FirstPersonBP/Maps/FirstPersonExampleMap.FirstPersonExampleMap_C' with ClassGeneratedBy '/Game/FirstPersonBP/Maps/FirstPersonExampleMap.FirstPersonExampleMap:PersistentLevel.FirstPersonExampleMap'
[2016.04.02-20.37.34:610][ 31]LogBlueprintUserMessages: [FirstPersonCharacter_C_0] Jetpack On
[2016.04.02-20.37.50:391][566]LogBlueprintUserMessages: [FirstPersonCharacter_C_0] Jetpack Off
[2016.04.02-20.37.50:519][572]LogBlueprintUserMessages: [FirstPersonCharacter_C_0] Jetpack On
[2016.04.02-20.37.53:504][692]LogBlueprintUserMessages: [FirstPersonCharacter_C_0] Jetpack Off
[2016.04.02-20.37.55:807][773]LogBlueprintUserMessages: [FirstPersonCharacter_C_0] Jetpack On
[2016.04.02-20.37.59:716][910]LogBlueprintUserMessages: [FirstPersonCharacter_C_0] Jetpack Off
[2016.04.02-20.38.01:819][981]LogBlueprintUserMessages: [FirstPersonCharacter_C_0] Jetpack On
[2016.04.02-20.38.11:734][354]LogBlueprintUserMessages: [FirstPersonCharacter_C_0] Jetpack Off
[2016.04.02-20.38.13:109][409]LogBlueprintUserMessages: Early EndPlayMap Detection: Level '/Game/FirstPersonBP/Maps/FirstPersonExampleMap.FirstPersonExampleMap:PersistentLevel' has LevelScriptBlueprint '/Game/FirstPersonBP/Maps/FirstPersonExampleMap.FirstPersonExampleMap:PersistentLevel.FirstPersonExampleMap' with GeneratedClass '/Game/FirstPersonBP/Maps/FirstPersonExampleMap.FirstPersonExampleMap_C' with ClassGeneratedBy '/Game/FirstPersonBP/Maps/FirstPersonExampleMap.FirstPersonExampleMap:PersistentLevel.FirstPersonExampleMap'
[2016.04.02-20.38.13:226][409]LogBlueprintUserMessages: Late EndPlayMap Detection: Level '/Game/FirstPersonBP/Maps/FirstPersonExampleMap.FirstPersonExampleMap:PersistentLevel' has LevelScriptBlueprint '/Game/FirstPersonBP/Maps/FirstPersonExampleMap.FirstPersonExampleMap:PersistentLevel.FirstPersonExampleMap' with GeneratedClass '/Game/FirstPersonBP/Maps/FirstPersonExampleMap.FirstPersonExampleMap_C' with ClassGeneratedBy '/Game/FirstPersonBP/Maps/FirstPersonExampleMap.FirstPersonExampleMap:PersistentLevel.FirstPersonExampleMap'
[2016.04.02-20.38.13:591][409]LogParticles: Destroying 0 GPU particle simulations for FXSystem 0x000000D31BF77100
[2016.04.02-20.43.35:712][769]LogSavePackage: Save=24136.195313ms
[2016.04.02-20.43.35:712][769]LogSavePackage: Moving '../../../../../../Users/ray/Documents/FCFM Stuff/Essays, Homework, and Stuff/7mo. Semestre/Videojuegos 2/vj2/Axioma/Saved/FirstPersonExampleMap_Auto394A12F454796380820C899BF861ED096.tmp' to '../../../../../../Users/ray/Documents/FCFM Stuff/Essays, Homework, and Stuff/7mo. Semestre/Videojuegos 2/vj2/Axioma/Saved/Autosaves/Game/FirstPersonBP/Maps/FirstPersonExampleMap_Auto3.umap'
[2016.04.02-20.43.35:728][769]LogSavePackage: Total save time: 24761.270490ms
[2016.04.02-20.43.35:728][769]LogSavePackage:Display: Finished SavePackage ../../../../../../Users/ray/Documents/FCFM Stuff/Essays, Homework, and Stuff/7mo. Semestre/Videojuegos 2/vj2/Axioma/Saved/Autosaves/Game/FirstPersonBP/Maps/FirstPersonExampleMap_Auto3.umap
[2016.04.02-20.43.35:734][769]LogFileHelpers: Editor autosave (incl. sublevels) for '/Game/FirstPersonBP/Maps/FirstPersonExampleMap' took 24.893
[2016.04.02-20.43.35:734][769]LogFileHelpers: Editor autosave (incl. sublevels) for all levels took 24.893
[2016.04.02-20.43.35:755][769]OBJ SavePackage: Generating thumbnails for [1] asset(s) in package [/Game/FirstPersonBP/Blueprints/FirstPersonCharacter] ([1] browsable assets)...
[2016.04.02-20.43.36:256][769]OBJ SavePackage:     Rendered thumbnail for [Blueprint /Game/FirstPersonBP/Blueprints/FirstPersonCharacter.FirstPersonCharacter]
[2016.04.02-20.43.36:256][769]OBJ SavePackage: Finished generating thumbnails for package [/Game/FirstPersonBP/Blueprints/FirstPersonCharacter]
[2016.04.02-20.43.36:958][769]LogSavePackage: Save=660.001709ms
[2016.04.02-20.43.36:958][769]LogSavePackage: Moving '../../../../../../Users/ray/Documents/FCFM Stuff/Essays, Homework, and Stuff/7mo. Semestre/Videojuegos 2/vj2/Axioma/Saved/FirstPersonCharacter_Auto3888082934658E7D7D858058E58EC97A1.tmp' to '../../../../../../Users/ray/Documents/FCFM Stuff/Essays, Homework, and Stuff/7mo. Semestre/Videojuegos 2/vj2/Axioma/Saved/Autosaves/Game/FirstPersonBP/Blueprints/FirstPersonCharacter_Auto3.uasset'
[2016.04.02-20.43.36:966][769]LogSavePackage: Total save time: 703.707032ms
[2016.04.02-20.43.36:966][769]LogSavePackage:Display: Finished SavePackage ../../../../../../Users/ray/Documents/FCFM Stuff/Essays, Homework, and Stuff/7mo. Semestre/Videojuegos 2/vj2/Axioma/Saved/Autosaves/Game/FirstPersonBP/Blueprints/FirstPersonCharacter_Auto3.uasset
[2016.04.02-20.43.36:966][769]LogFileHelpers: Auto-saving content packages took 1.231
[2016.04.02-20.44.38:956][705]LogActorComponent: UnregisterComponent: (/Engine/Transient.CharMoveComp) Not registered. Aborting.
[2016.04.02-20.45.13:292][994]BlueprintLog: New page: Compile FirstPersonCharacter
[2016.04.02-20.45.13:655][994]LogActorComponent: UnregisterComponent: (/Engine/Transient.CharacterMovementComponent_9) Not registered. Aborting.
[2016.04.02-20.45.13:752][994]BlueprintEditorCompileResults: Info [6390.27] Compile of FirstPersonCharacter successful! [in 459 ms]
[2016.04.02-20.45.16:962][142]LogBlueprintUserMessages: Early PlayInEditor Detection: Level '/Game/FirstPersonBP/Maps/FirstPersonExampleMap.FirstPersonExampleMap:PersistentLevel' has LevelScriptBlueprint '/Game/FirstPersonBP/Maps/FirstPersonExampleMap.FirstPersonExampleMap:PersistentLevel.FirstPersonExampleMap' with GeneratedClass '/Game/FirstPersonBP/Maps/FirstPersonExampleMap.FirstPersonExampleMap_C' with ClassGeneratedBy '/Game/FirstPersonBP/Maps/FirstPersonExampleMap.FirstPersonExampleMap:PersistentLevel.FirstPersonExampleMap'
[2016.04.02-20.45.16:962][142]LogPlayLevel: PlayLevel: No blueprints needed recompiling
[2016.04.02-20.45.16:962][142]PIE: New page: PIE session: FirstPersonExampleMap (Apr 2, 2016, 8:45:16 AM)
[2016.04.02-20.45.16:963][142]LogPlayLevel: Creating play world package: /Game/FirstPersonBP/Maps/UEDPIE_0_FirstPersonExampleMap
[2016.04.02-20.45.17:284][142]LogPlayLevel: PIE: StaticDuplicateObject took: (0.321604s)
[2016.04.02-20.45.17:285][142]LogAIModule: Creating AISystem for world FirstPersonExampleMap
[2016.04.02-20.45.17:285][142]LogPlayLevel: PIE: World Init took: (0.001231s)
[2016.04.02-20.45.17:285][142]LogPlayLevel: PIE: Created PIE world by copying editor world from /Game/FirstPersonBP/Maps/FirstPersonExampleMap.FirstPersonExampleMap to /Game/FirstPersonBP/Maps/UEDPIE_0_FirstPersonExampleMap.FirstPersonExampleMap (0.323159s)
[2016.04.02-20.45.17:286][142]LogActorComponent: UnregisterComponent: (/Engine/Transient.CharMoveComp) Not registered. Aborting.
[2016.04.02-20.45.17:390][142]LogInit: XAudio2 using 'DX-24E150A11 (Sonido Intel(R) para pantallas)' : 2 channels at 48 kHz using 16 bits per sample (channel mask 0x3)
[2016.04.02-20.45.17:581][142]LogInit: FAudioDevice initialized.
[2016.04.02-20.45.17:622][142]LogWorld: Game class is 'FirstPersonGameMode_C'
[2016.04.02-20.45.17:914][142]LogWorld: Bringing World /Game/FirstPersonBP/Maps/UEDPIE_0_FirstPersonExampleMap.FirstPersonExampleMap up for play (max tick rate 0) at 2016.04.02-14.45.17
[2016.04.02-20.45.17:914][142]LogActor:Warning: GameSession /Game/FirstPersonBP/Maps/UEDPIE_0_FirstPersonExampleMap.FirstPersonExampleMap:PersistentLevel.GameSession_9 has natively added scene component(s), but none of them were set as the actor's RootComponent - picking one arbitrarily
[2016.04.02-20.45.17:915][142]LogActor:Warning: GameNetworkManager /Game/FirstPersonBP/Maps/UEDPIE_0_FirstPersonExampleMap.FirstPersonExampleMap:PersistentLevel.GameNetworkManager_9 has natively added scene component(s), but none of them were set as the actor's RootComponent - picking one arbitrarily
[2016.04.02-20.45.17:921][142]LogWorld: Bringing up level for play took: 0.285837
[2016.04.02-20.45.17:923][142]PIE: Info Play in editor start time for /Game/FirstPersonBP/Maps/UEDPIE_0_FirstPersonExampleMap 1.736
[2016.04.02-20.45.17:924][142]LogBlueprintUserMessages: Late PlayInEditor Detection: Level '/Game/FirstPersonBP/Maps/FirstPersonExampleMap.FirstPersonExampleMap:PersistentLevel' has LevelScriptBlueprint '/Game/FirstPersonBP/Maps/FirstPersonExampleMap.FirstPersonExampleMap:PersistentLevel.FirstPersonExampleMap' with GeneratedClass '/Game/FirstPersonBP/Maps/FirstPersonExampleMap.FirstPersonExampleMap_C' with ClassGeneratedBy '/Game/FirstPersonBP/Maps/FirstPersonExampleMap.FirstPersonExampleMap:PersistentLevel.FirstPersonExampleMap'
[2016.04.02-20.45.29:543][257]LogBlueprintUserMessages: [FirstPersonCharacter_C_0] Jetpack On
[2016.04.02-20.45.48:830][976]LogBlueprintUserMessages: Early EndPlayMap Detection: Level '/Game/FirstPersonBP/Maps/FirstPersonExampleMap.FirstPersonExampleMap:PersistentLevel' has LevelScriptBlueprint '/Game/FirstPersonBP/Maps/FirstPersonExampleMap.FirstPersonExampleMap:PersistentLevel.FirstPersonExampleMap' with GeneratedClass '/Game/FirstPersonBP/Maps/FirstPersonExampleMap.FirstPersonExampleMap_C' with ClassGeneratedBy '/Game/FirstPersonBP/Maps/FirstPersonExampleMap.FirstPersonExampleMap:PersistentLevel.FirstPersonExampleMap'
[2016.04.02-20.45.49:228][976]LogBlueprintUserMessages: Late EndPlayMap Detection: Level '/Game/FirstPersonBP/Maps/FirstPersonExampleMap.FirstPersonExampleMap:PersistentLevel' has LevelScriptBlueprint '/Game/FirstPersonBP/Maps/FirstPersonExampleMap.FirstPersonExampleMap:PersistentLevel.FirstPersonExampleMap' with GeneratedClass '/Game/FirstPersonBP/Maps/FirstPersonExampleMap.FirstPersonExampleMap_C' with ClassGeneratedBy '/Game/FirstPersonBP/Maps/FirstPersonExampleMap.Firs