[2016.04.16-16.19.37:739][  0]Log file open, 04/16/16 11:19:37
[2016.04.16-16.19.37:739][  0]LogInit:Display: Running engine for game: Axioma
[2016.04.16-16.19.37:739][  0]LogPlatformFile: Not using cached read wrapper
[2016.04.16-16.19.37:739][  0]LogInit:Display: RandInit(647699503) SRandInit(647699507).
[2016.04.16-16.19.37:739][  0]LogTaskGraph: Started task graph with 4 named threads and 5 total threads.
[2016.04.16-16.19.37:739][  0]LogStats: Stats thread started at 0.259426
[2016.04.16-16.19.37:739][  0]LogInit: Version: 4.10.4-2872498+++depot+UE4-Releases+4.10
[2016.04.16-16.19.37:739][  0]LogInit: API Version: 2758231
[2016.04.16-16.19.37:739][  0]LogInit: Compiled (64-bit): Feb 18 2016 15:47:04
[2016.04.16-16.19.37:739][  0]LogInit: Compiled with Visual C++: 19.00.23026.00
[2016.04.16-16.19.37:739][  0]LogInit: Build Configuration: Development
[2016.04.16-16.19.37:739][  0]LogInit: Branch Name: ++depot+UE4-Releases+4.10
[2016.04.16-16.19.37:739][  0]LogInit: Command line:  
[2016.04.16-16.19.37:739][  0]LogInit: Base directory: C:/Program Files (x86)/Epic Games/4.10/Engine/Binaries/Win64/
[2016.04.16-16.19.37:739][  0]LogInit: Rocket: 1
[2016.04.16-16.19.37:864][  0]LogInit: Using libcurl 7.41.0
[2016.04.16-16.19.37:864][  0]LogInit:  - built for x86_64-pc-win32
[2016.04.16-16.19.37:864][  0]LogInit:  - supports SSL with WinSSL
[2016.04.16-16.19.37:864][  0]LogInit:  - other features:
[2016.04.16-16.19.37:864][  0]LogInit:      CURL_VERSION_SSL
[2016.04.16-16.19.37:864][  0]LogInit:      CURL_VERSION_IPV6
[2016.04.16-16.19.37:864][  0]LogInit:      CURL_VERSION_ASYNCHDNS
[2016.04.16-16.19.37:864][  0]LogInit:      CURL_VERSION_LARGEFILE
[2016.04.16-16.19.37:864][  0]LogInit:      CURL_VERSION_IDN
[2016.04.16-16.19.37:864][  0]LogInit:  CurlRequestOptions (configurable via config and command line):
[2016.04.16-16.19.37:864][  0]LogInit:  - bVerifyPeer = true  - Libcurl will verify peer certificate
[2016.04.16-16.19.37:864][  0]LogInit:  - bUseHttpProxy = false  - Libcurl will NOT use HTTP proxy
[2016.04.16-16.19.37:864][  0]LogInit:  - bDontReuseConnections = false  - Libcurl will reuse connections
[2016.04.16-16.19.37:864][  0]LogInit:  - CertBundlePath = nullptr  - Libcurl will use whatever was configured at build time.
[2016.04.16-16.19.37:880][  0]LogInit: Presizing for 0 objects not considered by GC, pre-allocating 0 bytes.
[2016.04.16-16.19.37:911][  0]LogInit: Object subsystem initialized
[2016.04.16-16.19.37:911][  0]LogInit: Selected Device Profile: [Windows]
[2016.04.16-16.19.37:911][  0]LogInit: Applying CVar settings loaded from the selected device profile: [Windows]
[2016.04.16-16.19.37:933][  0]LogInit: Computer: LAPTOP-RAY
[2016.04.16-16.19.37:933][  0]LogInit: User: ray
[2016.04.16-16.19.37:933][  0]LogInit: CPU Page size=4096, Cores=2
[2016.04.16-16.19.37:933][  0]LogInit: High frequency timer resolution =2.338336 MHz
[2016.04.16-16.19.37:933][  0]LogMemory: Memory total: Physical=3.9GB (4GB approx)
[2016.04.16-16.19.37:933][  0]LogMemory: Platform Memory Stats for Windows
[2016.04.16-16.19.37:933][  0]LogMemory: Process Physical Memory: 54.95 MB used, 54.95 MB peak
[2016.04.16-16.19.37:933][  0]LogMemory: Process Virtual Memory: 55.38 MB used, 55.38 MB peak
[2016.04.16-16.19.37:933][  0]LogMemory: Physical Memory: 1555.21 MB used, 3976.27 MB total
[2016.04.16-16.19.37:933][  0]LogMemory: Virtual Memory: 358.91 MB used, 134217728.00 MB total
[2016.04.16-16.19.38:196][  0]LogTextLocalizationManager: No specific translations for ('en-US') exist, so ('en') translations will be used.
[2016.04.16-16.19.38:701][  0]LogD3D11RHI: Found D3D11 adapter 0: Intel(R) HD Graphics Family (Feature Level 11_0)
[2016.04.16-16.19.38:702][  0]LogD3D11RHI: Adapter has 32MB of dedicated video memory, 0MB of dedicated system memory, and 1760MB of shared system memory, 1 output[s]
[2016.04.16-16.19.38:703][  0]LogD3D11RHI: Found D3D11 adapter 1: Microsoft Basic Render Driver (Feature Level 11_0)
[2016.04.16-16.19.38:703][  0]LogD3D11RHI: Adapter has 0MB of dedicated video memory, 0MB of dedicated system memory, and 256MB of shared system memory, 0 output[s]
[2016.04.16-16.19.38:703][  0]LogD3D11RHI: Chosen D3D11 Adapter Id = 0
[2016.04.16-16.19.38:708][  0]LogD3D11RHI: !Direct3DDevice
[2016.04.16-16.19.38:708][  0]LogRHI: Texture pool is 638 MB (70% of 912 MB)
[2016.04.16-16.19.38:715][  0]LogD3D11RHI: Async texture creation enabled
[2016.04.16-16.19.38:721][  0]LogShaderCompilers: Guid format shader working directory is -71 characters bigger than the processId version (../../../../../../Users/ray/Documents/FCFM Stuff/Essays, Homework, and Stuff/7mo. Semestre/Videojuegos 2/vj2/Axioma/Intermediate/Shaders/WorkingDirectory/3496/).
[2016.04.16-16.19.38:722][  0]LogShaderCompilers: Cleaned the shader compiler working directory 'C:/Users/ray/AppData/Local/Temp/UnrealShaderWorkingDir/77AB24FA4EF2A530606CF7AFCDD6610A/'.
[2016.04.16-16.19.38:722][  0]LogShaderCompilers:Display: Using Local Shader Compiler.
[2016.04.16-16.19.42:917][  0]LogTemp:Display: Loaded TP AllDesktopTargetPlatform
[2016.04.16-16.19.42:958][  0]LogTemp:Display: Loaded TP WindowsClientTargetPlatform
[2016.04.16-16.19.43:022][  0]LogTemp:Display: Loaded TP WindowsNoEditorTargetPlatform
[2016.04.16-16.19.43:077][  0]LogTemp:Display: Loaded TP WindowsServerTargetPlatform
[2016.04.16-16.19.43:134][  0]LogTemp:Display: Loaded TP WindowsTargetPlatform
[2016.04.16-16.19.43:252][  0]LogTemp:Display: Loaded TP AndroidTargetPlatform
[2016.04.16-16.19.43:345][  0]LogTemp:Display: Loaded TP Android_ASTCTargetPlatform
[2016.04.16-16.19.43:489][  0]LogTemp:Display: Loaded TP Android_ATCTargetPlatform
[2016.04.16-16.19.43:566][  0]LogTemp:Display: Loaded TP Android_DXTTargetPlatform
[2016.04.16-16.19.43:585][  0]LogTemp:Display: Loaded TP Android_ETC1TargetPlatform
[2016.04.16-16.19.43:654][  0]LogTemp:Display: Loaded TP Android_ETC2TargetPlatform
[2016.04.16-16.19.43:765][  0]LogTemp:Display: Loaded TP Android_MultiTargetPlatform
[2016.04.16-16.19.43:765][  0]LogTemp:Display: Loaded TP Android_PVRTCTargetPlatform
[2016.04.16-16.19.43:794][  0]LogTemp:Display: Loaded TP HTML5TargetPlatform
[2016.04.16-16.19.43:993][  0]LogTemp:Display: Loaded TP IOSTargetPlatform
[2016.04.16-16.19.44:029][  0]LogTemp:Display: Loaded TP LinuxNoEditorTargetPlatform
[2016.04.16-16.19.44:083][  0]LogTemp:Display: Loaded TP LinuxServerTargetPlatform
[2016.04.16-16.19.44:157][  0]LogTemp:Display: Loaded TP LinuxTargetPlatform
[2016.04.16-16.19.44:157][  0]LogTargetPlatformManager:Display: Building Assets For Windows
[2016.04.16-16.19.45:428][  0]LogDerivedDataCache:Display: Max Cache Size: 512 MB
[2016.04.16-16.19.47:737][  0]LogDerivedDataCache: Loaded boot cache 2.28s 41MB C:/Users/ray/AppData/Local/UnrealEngine/4.10/DerivedDataCache/Boot.ddc.
[2016.04.16-16.19.47:737][  0]LogDerivedDataCache:Display: Loaded Boot cache: C:/Users/ray/AppData/Local/UnrealEngine/4.10/DerivedDataCache/Boot.ddc
[2016.04.16-16.19.47:738][  0]LogDerivedDataCache: FDerivedDataBackendGraph:  Pak pak cache file ../../../../../../Users/ray/Documents/FCFM Stuff/Essays, Homework, and Stuff/7mo. Semestre/Videojuegos 2/vj2/Axioma/DerivedDataCache/DDC.ddp not found, will not use a pak cache.
[2016.04.16-16.19.47:738][  0]LogDerivedDataCache: Unable to find inner node Pak for hierarchical cache Hierarchy.
[2016.04.16-16.19.47:738][  0]LogDerivedDataCache: FDerivedDataBackendGraph:  CompressedPak pak cache file ../../../../../../Users/ray/Documents/FCFM Stuff/Essays, Homework, and Stuff/7mo. Semestre/Videojuegos 2/vj2/Axioma/DerivedDataCache/Compressed.ddp not found, will not use a pak cache.
[2016.04.16-16.19.47:738][  0]LogDerivedDataCache: Unable to find inner node CompressedPak for hierarchical cache Hierarchy.
[2016.04.16-16.19.47:995][  0]LogDerivedDataCache:Display: Pak cache opened for reading ../../../Engine/DerivedDataCache/Compressed.ddp.
[2016.04.16-16.19.48:062][  0]LogDerivedDataCache: Using Local data cache path C:/Users/ray/AppData/Local/UnrealEngine/Common/DerivedDataCache: Writable
[2016.04.16-16.20.03:698][  0]LogInit: Selected Device Profile: [Windows]
[2016.04.16-16.20.03:768][  0]LogContentStreaming: Texture pool size is 0.000000MB
[2016.04.16-16.20.05:387][  0]LogMeshUtilities: No automatic mesh reduction module available
[2016.04.16-16.20.05:387][  0]LogMeshUtilities: No automatic mesh merging module available
[2016.04.16-16.20.10:028][  0]LogInit: WinSock: version 1.1 (2.2), MaxSocks=32767, MaxUdp=65467
[2016.04.16-16.20.37:732][  0]UdpMessaging: Initializing bridge on interface 0.0.0.0:0 to multicast group 230.0.0.1:6666.
[2016.04.16-16.20.38:923][  0]LogAssetRegistry: FAssetRegistry took 0.0176 seconds to start up
[2016.04.16-16.20.46:178][  0]SourceControl: Info Source control is disabled
[2016.04.16-16.20.46:239][  0]SourceControl: Info Source control is disabled
[2016.04.16-16.20.47:069][  0]SourceControl: Info Source control is disabled
[2016.04.16-16.20.47:645][  0]SourceControl: Info Source control is disabled
[2016.04.16-16.20.54:076][  0]LogObj: 28633 objects as part of root set at end of initial load.
[2016.04.16-16.20.54:076][  0]LogUObjectAllocator: 6099744 out of 0 bytes used by permanent object pool.
[2016.04.16-16.20.55:320][  0]LogEngine: Initializing Engine...
[2016.04.16-16.20.55:366][  0]LogHMD: Can't find Oculus library dev build: is proper Runtime installed? Version: 0.8.0.0
[2016.04.16-16.20.55:468][  0]LogHMD: SteamVR failed to initialize.  Err: 110
[2016.04.16-16.20.56:469][  0]LogAIModule: Creating AISystem for world NewWorld
[2016.04.16-16.20.56:597][  0]LogInit: XAudio2 using 'Altavoces (Realtek High Definition Audio)' : 2 channels at 48 kHz using 32 bits per sample (channel mask 0x3)
[2016.04.16-16.20.56:723][  0]LogInit: FAudioDevice initialized.
[2016.04.16-16.20.56:899][  0]LogDerivedDataCache: Saved boot cache 0.18s 41MB C:/Users/ray/AppData/Local/UnrealEngine/4.10/DerivedDataCache/Boot.ddc.
[2016.04.16-16.20.56:908][  0]LogInit: Texture streaming: Enabled
[2016.04.16-16.20.57:520][  0]LogAnalytics: Creating configured Analytics provider AnalyticsET
[2016.04.16-16.20.57:520][  0]LogAnalytics: [UEEditor.Rocket.Release] APIServer = http://et2.epicgames.com/ET2/. AppVersion = 4.10.4-2872498+++depot+UE4-Releases+4.10
[2016.04.16-16.20.57:521][  0]LogAnalytics: [UEEditor.Rocket.Release] SetUserId f6d84d504b8c91be90ceca84e0ba1004|f68b6959a5b94dccb13faa64bd594851|592e87cd-9efb-44c2-bcd9-891f7d9d6dd4
[2016.04.16-16.20.57:521][  0]LogAnalytics: [UEEditor.Rocket.Release] AnalyticsET::StartSession
[2016.04.16-16.20.57:663][  0]LogWindowsTextInputMethodSystem:Display: IME system now deactivated.
[2016.04.16-16.20.59:419][  0]LogInit: Transaction tracking system initialized
[2016.04.16-16.21.02:494][  0]BlueprintLog: New page: Editor Load
[2016.04.16-16.21.13:064][  0]LocalizationService: Info Localization service is disabled
[2016.04.16-16.21.16:476][  0]LogConsoleResponse:Display: 
[2016.04.16-16.21.22:202][  0]LogCook:Display: Done creating registry. It took  0.00s.
[2016.04.16-16.21.26:568][  0]SourceControl: Info Source control is disabled
[2016.04.16-16.21.26:669][  0]Cmd: MAP LOAD FILE="../../../../../../Users/ray/Documents/FCFM Stuff/Essays, Homework, and Stuff/7mo. Semestre/Videojuegos 2/vj2/Axioma/Content/Axioma.umap" TEMPLATE=0 SHOWPROGRESS=1 FEATURELEVEL=3
[2016.04.16-16.21.26:845][  0]LightingResults: New page: Lighting Build
[2016.04.16-16.21.27:266][  0]MapCheck: New page: Map Check
[2016.04.16-16.21.27:266][  0]LightingResults: New page: Lighting Build
[2016.04.16-16.21.27:325][  0]LogParticles: Destroying 0 GPU particle simulations for FXSystem 0x0000001F34DB7B00
[2016.04.16-16.21.56:618][  0]LogAIModule: Creating AISystem for world Axioma
[2016.04.16-16.23.11:420][  0]LogEditorServer: Finished looking for orphan Actors (0.000 secs)
[2016.04.16-16.23.11:435][  0]Cmd: MAP CHECKDEP NOCLEARLOG
[2016.04.16-16.23.12:076][  0]MapCheck:Warning: Warning FirstPerson_AnimBP_C_0 FirstPerson_AnimBP_C /Game/Axioma.Axioma:PersistentLevel.FirstPersonCharacter_C_0.TRASH_SkeletalMeshComponent_5.FirstPerson_AnimBP_C_0 : Externally referenced 
[2016.04.16-16.23.12:076][  0]MapCheck:Warning: Warning FirstPerson_AnimBP_C_1 FirstPerson_AnimBP_C /Game/Axioma.Axioma:PersistentLevel.FirstPersonCharacter_C_0.Mesh2P.FirstPerson_AnimBP_C_1 : Externally referenced 
[2016.04.16-16.23.12:076][  0]MapCheck:Warning: Warning FirstPerson_AnimBP_C_0 FirstPerson_AnimBP_C /Game/Axioma.Axioma:PersistentLevel.FirstPersonCharacter_C_0.TRASH_SkeletalMeshComponent_5.FirstPerson_AnimBP_C_0 : Externally referenced 
[2016.04.16-16.23.12:076][  0]MapCheck:Warning: Warning FirstPerson_AnimBP_C_1 FirstPerson_AnimBP_C /Game/Axioma.Axioma:PersistentLevel.FirstPersonCharacter_C_0.Mesh2P.FirstPerson_AnimBP_C_1 : Externally referenced 
[2016.04.16-16.23.12:076][  0]MapCheck:Warning: Warning FirstPerson_AnimBP_C_0 FirstPerson_AnimBP_C /Game/Axioma.Axioma:PersistentLevel.FirstPersonCharacter_C_0.TRASH_SkeletalMeshComponent_5.FirstPerson_AnimBP_C_0 : Externally referenced 
[2016.04.16-16.23.12:076][  0]MapCheck:Warning: Warning FirstPerson_AnimBP_C_1 FirstPerson_AnimBP_C /Game/Axioma.Axioma:PersistentLevel.FirstPersonCharacter_C_0.Mesh2P.FirstPerson_AnimBP_C_1 : Externally referenced 
[2016.04.16-16.23.12:076][  0]MapCheck:Warning: Warning FirstPerson_AnimBP_C_0 FirstPerson_AnimBP_C /Game/Axioma.Axioma:PersistentLevel.FirstPersonCharacter_C_0.TRASH_SkeletalMeshComponent_5.FirstPerson_AnimBP_C_0 : Externally referenced 
[2016.04.16-16.23.12:076][  0]MapCheck:Warning: Warning FirstPerson_AnimBP_C_1 FirstPerson_AnimBP_C /Game/Axioma.Axioma:PersistentLevel.FirstPersonCharacter_C_0.Mesh2P.FirstPerson_AnimBP_C_1 : Externally referenced 
[2016.04.16-16.23.12:076][  0]MapCheck:Warning: Warning FirstPerson_AnimBP_C_0 FirstPerson_AnimBP_C /Game/Axioma.Axioma:PersistentLevel.FirstPersonCharacter_C_0.TRASH_SkeletalMeshComponent_5.FirstPerson_AnimBP_C_0 : Externally referenced 
[2016.04.16-16.23.12:076][  0]MapCheck:Warning: Warning FirstPerson_AnimBP_C_1 FirstPerson_AnimBP_C /Game/Axioma.Axioma:PersistentLevel.FirstPersonCharacter_C_0.Mesh2P.FirstPerson_AnimBP_C_1 : Externally referenced 
[2016.04.16-16.23.12:076][  0]MapCheck:Warning: Warning FirstPerson_AnimBP_C_0 FirstPerson_AnimBP_C /Game/Axioma.Axioma:PersistentLevel.FirstPersonCharacter_C_0.TRASH_SkeletalMeshComponent_5.FirstPerson_AnimBP_C_0 : Externally referenced 
[2016.04.16-16.23.12:076][  0]MapCheck:Warning: Warning FirstPerson_AnimBP_C_1 FirstPerson_AnimBP_C /Game/Axioma.Axioma:PersistentLevel.FirstPersonCharacter_C_0.Mesh2P.FirstPerson_AnimBP_C_1 : Externally referenced 
[2016.04.16-16.23.12:076][  0]MapCheck:Warning: Warning Mesh2P SkeletalMeshComponent /Game/Axioma.Axioma:PersistentLevel.FirstPersonCharacter_C_0.Mesh2P : Externally referenced 
[2016.04.16-16.23.12:076][  0]MapCheck:Warning: Warning Landscape_1 Landscape /Game/Axioma.Axioma:PersistentLevel.Landscape_1 : Externally referenced 
[2016.04.16-16.23.12:076][  0]MapCheck:Warning: Warning StaticMeshComponent0 StaticMeshComponent /Game/Axioma.Axioma:PersistentLevel.Cuadro_2.StaticMeshComponent0 : Externally referenced 
[2016.04.16-16.23.12:077][  0]MapCheck:Warning: Warning StaticMeshComponent0 StaticMeshComponent /Game/Axioma.Axioma:PersistentLevel.Cuadro_3.StaticMeshComponent0 : Externally referenced 
[2016.04.16-16.23.12:077][  0]MapCheck:Warning: Warning StaticMeshComponent0 StaticMeshComponent /Game/Axioma.Axioma:PersistentLevel.Bar_20.StaticMeshComponent0 : Externally referenced 
[2016.04.16-16.23.12:077][  0]MapCheck:Warning: Warning StaticMeshComponent0 StaticMeshComponent /Game/Axioma.Axioma:PersistentLevel.Casa_Grande_7.StaticMeshComponent0 : Externally referenced 
[2016.04.16-16.23.12:077][  0]MapCheck:Warning: Warning StaticMeshComponent0 StaticMeshComponent /Game/Axioma.Axioma:PersistentLevel.maya2.StaticMeshComponent0 : Externally referenced 
[2016.04.16-16.23.12:077][  0]MapCheck:Warning: Warning StaticMeshComponent0 StaticMeshComponent /Game/Axioma.Axioma:PersistentLevel.maya3.StaticMeshComponent0 : Externally referenced 
[2016.04.16-16.23.12:077][  0]MapCheck:Warning: Warning StaticMeshComponent0 StaticMeshComponent /Game/Axioma.Axioma:PersistentLevel.maya4.StaticMeshComponent0 : Externally referenced 
[2016.04.16-16.23.12:077][  0]MapCheck:Warning: Warning StaticMeshComponent0 StaticMeshComponent /Game/Axioma.Axioma:PersistentLevel.maya_11.StaticMeshComponent0 : Externally referenced 
[2016.04.16-16.23.12:077][  0]MapCheck:Warning: Warning StaticMeshComponent0 StaticMeshComponent /Game/Axioma.Axioma:PersistentLevel.Cuadro_14.StaticMeshComponent0 : Externally referenced 
[2016.04.16-16.23.12:077][  0]MapCheck:Warning: Warning StaticMeshComponent0 StaticMeshComponent /Game/Axioma.Axioma:PersistentLevel.Cuadro_2.StaticMeshComponent0 : Externally referenced 
[2016.04.16-16.23.12:077][  0]MapCheck:Warning: Warning StaticMeshComponent0 StaticMeshComponent /Game/Axioma.Axioma:PersistentLevel.Cuadro_3.StaticMeshComponent0 : Externally referenced 
[2016.04.16-16.23.12:077][  0]MapCheck:Warning: Warning StaticMeshComponent0 StaticMeshComponent /Game/Axioma.Axioma:PersistentLevel.CupulaTriple_4.StaticMeshComponent0 : Externally referenced 
[2016.04.16-16.23.12:077][  0]MapCheck:Warning: Warning StaticMeshComponent0 StaticMeshComponent /Game/Axioma.Axioma:PersistentLevel.Puerta_Chica2_28.StaticMeshComponent0 : Externally referenced 
[2016.04.16-16.23.12:077][  0]MapCheck:Warning: Warning StaticMeshComponent0 StaticMeshComponent /Game/Axioma.Axioma:PersistentLevel.Puerta_Chica_5.StaticMeshComponent0 : Externally referenced 
[2016.04.16-16.23.12:077][  0]MapCheck:Warning: Warning StaticMeshComponent0 StaticMeshComponent /Game/Axioma.Axioma:PersistentLevel.SM_Stairs_25.StaticMeshComponent0 : Externally referenced 
[2016.04.16-16.23.12:077][  0]MapCheck: Info Map check complete: 0 Error(s), 29 Warning(s), took 643.058ms to complete.
[2016.04.16-16.23.12:083][  0]LogFileHelpers: Loading map 'Axioma' took 105.414
[2016.04.16-16.23.12:950][  0]LogCollectionManager: Loaded 0 collections in 0.029462 seconds
[2016.04.16-16.23.13:023][  0]LogFileCache: Scanning file cache for directory 'C:/Users/ray/Documents/FCFM Stuff/Essays, Homework, and Stuff/7mo. Semestre/Videojuegos 2/vj2/Axioma/Saved/Collections/' took 0.01s
[2016.04.16-16.23.13:023][  0]LogFileCache: Scanning file cache for directory 'C:/Users/ray/Documents/FCFM Stuff/Essays, Homework, and Stuff/7mo. Semestre/Videojuegos 2/vj2/Axioma/Content/Developers/ray/Collections/' took 0.01s
[2016.04.16-16.23.13:023][  0]LogFileCache: Scanning file cache for directory 'C:/Users/ray/Documents/FCFM Stuff/Essays, Homework, and Stuff/7mo. Semestre/Videojuegos 2/vj2/Axioma/Content/Collections/' took 0.01s
[2016.04.16-16.23.13:023][  0]LogCollectionManager: Rebuilt the GUID cache for 0 collections in 0.000005 seconds
[2016.04.16-16.23.13:087][  0]LogContentBrowser: Native class hierarchy populated in 0.0494 seconds. Added 1893 classes and 338 folders.
[2016.04.16-16.23.13:142][  0]LogContentBrowser: Native class hierarchy updated for 'WidgetCarousel' in 0.0014 seconds. Added 0 classes and 0 folders.
[2016.04.16-16.23.15:144][  0]LogContentBrowser: Native class hierarchy updated for 'AddContentDialog' in 0.0021 seconds. Added 0 classes and 0 folders.
[2016.04.16-16.23.15:187][  0]LogContentBrowser: Native class hierarchy updated for 'SceneOutliner' in 0.0017 seconds. Added 1 classes and 2 folders.
[2016.04.16-16.23.15:504][  0]LogCrashTracker: Crashtracker disabled due to settings.
[2016.04.16-16.23.15:561][  0]LogUObjectGlobals:Warning: Failed to find object 'Class None.'
[2016.04.16-16.23.15:623][  0]LogLoad: Full Startup: 219.00 seconds (BP compile: 2.53 seconds)
[2016.04.16-16.23.15:658][  0]LogOcInput: Can't find Oculus library dev build: is proper Runtime installed? Version: 0.8.0.0
[2016.04.16-16.23.15:953][  0]LogContentStreaming: Texture pool size now 200 MB
[2016.04.16-16.23.16:588][  0]LogRenderer: Reallocating scene render targets to support 816x348 (Frame:2).
[2016.04.16-16.23.18:542][  1]Cmd: UpdateLandscapeEditorData -warnings
[2016.04.16-16.23.19:893][  7]LogAssetRegistry: Asset discovery search completed in 160.9878 seconds
[2016.04.16-16.23.19:893][  7]LogCollectionManager: Rebuilt the object cache for 0 collections in 0.000003 seconds (found 0 objects)
[2016.04.16-16.23.19:893][  7]LogCollectionManager: Fixed up redirectors for 0 collections in 0.000193 seconds (updated 0 objects)
[2016.04.16-16.24.16:792][131]LogBlueprintUserMessages: Early PlayInEditor Detection: Level '/Game/Axioma.Axioma:PersistentLevel' has LevelScriptBlueprint '/Game/Axioma.Axioma:PersistentLevel.Axioma' with GeneratedClass '/Game/Axioma.Axioma_C' with ClassGeneratedBy '/Game/Axioma.Axioma:PersistentLevel.Axioma'
[2016.04.16-16.24.16:792][131]LogPlayLevel: PlayLevel: No blueprints needed recompiling
[2016.04.16-16.24.16:793][131]PIE: New page: PIE session: Axioma (Apr 16, 2016, 6:24:16 AM)
[2016.04.16-16.24.16:793][131]LogPlayLevel: Creating play world package: /Game/UEDPIE_0_Axioma
[2016.04.16-16.24.16:997][131]LogPlayLevel: PIE: StaticDuplicateObject took: (0.203522s)
[2016.04.16-16.24.17:001][131]LogAIModule: Creating AISystem for world Axioma
[2016.04.16-16.24.17:001][131]LogPlayLevel: PIE: World Init took: (0.003765s)
[2016.04.16-16.24.17:002][131]LogPlayLevel: PIE: Created PIE world by copying editor world from /Game/Axioma.Axioma to /Game/UEDPIE_0_Axioma.Axioma (0.207957s)
[2016.04.16-16.24.17:060][131]LogInit: XAudio2 using 'Altavoces (Realtek High Definition Audio)' : 2 channels at 48 kHz using 32 bits per sample (channel mask 0x3)
[2016.04.16-16.24.17:116][131]LogInit: FAudioDevice initialized.
[2016.04.16-16.24.17:447][131]LogWorld: Game class is 'FirstPersonGameMode_C'
[2016.04.16-16.24.17:902][131]LogWorld: Bringing World /Game/UEDPIE_0_Axioma.Axioma up for play (max tick rate 60) at 2016.04.16-11.24.17
[2016.04.16-16.24.17:902][131]LogActor:Warning: GameSession /Game/UEDPIE_0_Axioma.Axioma:PersistentLevel.GameSession_0 has natively added scene component(s), but none of them were set as the actor's RootComponent - picking one arbitrarily
[2016.04.16-16.24.17:903][131]LogActor:Warning: GameNetworkManager /Game/UEDPIE_0_Axioma.Axioma:PersistentLevel.GameNetworkManager_0 has natively added scene component(s), but none of them were set as the actor's RootComponent - picking one arbitrarily
[2016.04.16-16.24.17:908][131]LogWorld: Bringing up level for play took: 0.458946
[2016.04.16-16.24.17:913][131]PIE: Info Play in editor start time for /Game/UEDPIE_0_Axioma 1.129
[2016.04.16-16.24.17:913][131]LogBlueprintUserMessages: Late PlayInEditor Detection: Level '/Game/Axioma.Axioma:PersistentLevel' has LevelScriptBlueprint '/Game/Axioma.Axioma:PersistentLevel.Axioma' with GeneratedClass '/Game/Axioma.Axioma_C' with ClassGeneratedBy '/Game/Axioma.Axioma:PersistentLevel.Axioma'
[2016.04.16-16.26.00:474][188]LogBlueprintUserMessages: Early EndPlayMap Detection: Level '/Game/Axioma.Axioma:PersistentLevel' has LevelScriptBlueprint '/Game/Axioma.Axioma:PersistentLevel.Axioma' with GeneratedClass '/Game/Axioma.Axioma_C' with ClassGeneratedBy '/Game/Axioma.Axioma:PersistentLevel.Axioma'
[2016.04.16-16.26.00:622][188]LogBlueprintUserMessages: Late EndPlayMap Detection: Level '/Game/Axioma.Axioma:PersistentLevel' has LevelScriptBlueprint '/Game/Axioma.Axioma:PersistentLevel.Axioma' with GeneratedClass '/Game/Axioma.Axioma_C' with ClassGeneratedBy '/Game/Axioma.Axioma:PersistentLevel.Axioma'
[2016.04.16-16.26.00:735][188]LogParticles: Destroying 0 GPU particle simulations for FXSystem 0x0000001F3ADAA2A0
[2016.04.16-16.26.07:293][422]LogEditorViewport: Clicking on Actor (LMB): Landscape (Landscape2)
[2016.04.16-16.26.13:164][558]LogTexture:Display: Building textures: Texture2D_2 (G8)
[2016.04.16-16.26.18:930][719]LogEditorViewport: Clicking on Actor (LMB): StaticMeshActor (CupulaTriple)
[2016.04.16-16.26.19:655][736]LogEditorViewport: Clicking on Actor (CTRL LMB): Landscape (Landscape2)
[2016.04.16-16.26.38:734][185]LogBlueprintUserMessages: Early PlayInEditor Detection: Level '/Game/Axioma.Axioma:PersistentLevel' has LevelScriptBlueprint '/Game/Axioma.Axioma:PersistentLevel.Axioma' with GeneratedClass '/Game/Axioma.Axioma_C' with ClassGeneratedBy '/Game/Axioma.Axioma:PersistentLevel.Axioma'
[2016.04.16-16.26.38:734][185]LogPlayLevel: PlayLevel: No blueprints needed recompiling
[2016.04.16-16.26.38:735][185]PIE: New page: PIE session: Axioma (Apr 16, 2016, 6:26:38 AM)
[2016.04.16-16.26.38:735][185]LogPlayLevel: Creating play world package: /Game/UEDPIE_0_Axioma
[2016.04.16-16.26.38:901][185]LogPlayLevel: PIE: StaticDuplicateObject took: (0.166525s)
[2016.04.16-16.26.38:909][185]LogAIModule: Creating AISystem for world Axioma
[2016.04.16-16.26.38:910][185]LogPlayLevel: PIE: World Init took: (0.008273s)
[2016.04.16-16.26.38:910][185]LogPlayLevel: PIE: Created PIE world by copying editor world from /Game/Axioma.Axioma to /Game/UEDPIE_0_Axioma.Axioma (0.175600s)
[2016.04.16-16.26.38:945][185]LogInit: XAudio2 using 'Altavoces (Realtek High Definition Audio)' : 2 channels at 48 kHz using 32 bits per sample (channel mask 0x3)
[2016.04.16-16.26.38:955][185]LogInit: FAudioDevice initialized.
[2016.04.16-16.26.39:019][185]LogWorld: Game class is 'FirstPersonGameMode_C'
[2016.04.16-16.26.39:168][185]LogWorld: Bringing World /Game/UEDPIE_0_Axioma.Axioma up for play (max tick rate 60) at 2016.04.16-11.26.39
[2016.04.16-16.26.39:169][185]LogActor:Warning: GameSession /Game/UEDPIE_0_Axioma.Axioma:PersistentLevel.GameSession_1 has natively added scene component(s), but none of them were set as the actor's RootComponent - picking one arbitrarily
[2016.04.16-16.26.39:169][185]LogActor:Warning: GameNetworkManager /Game/UEDPIE_0_Axioma.Axioma:PersistentLevel.GameNetworkManager_1 has natively added scene component(s), but none of them were set as the actor's RootComponent - picking one arbitrarily
[2016.04.16-16.26.39:171][185]LogWorld: Bringing up level for play took: 0.152305
[2016.04.16-16.26.39:174][185]PIE: Info Play in editor start time for /Game/UEDPIE_0_Axioma 0.389
[2016.04.16-16.26.39:174][185]LogBlueprintUserMessages: Late PlayInEditor Detection: Level '/Game/Axioma.Axioma:PersistentLevel' has LevelScriptBlueprint '/Game/Axioma.Axioma:PersistentLevel.Axioma' with GeneratedClass '/Game/Axioma.Axioma_C' with ClassGeneratedBy '/Game/Axioma.Axioma:PersistentLevel.Axioma'
[2016.04.16-16.26.41:088][275]LogBlueprintUserMessages: Early EndPlayMap Detection: Level '/Game/Axioma.Axioma:PersistentLevel' has LevelScriptBlueprint '/Game/Axioma.Axioma:PersistentLevel.Axioma' with GeneratedClass '/Game/Axioma.Axioma_C' with ClassGeneratedBy '/Game/Axioma.Axioma:PersistentLevel.Axioma'
[2016.04.16-16.26.41:154][275]LogBlueprintUserMessages: Late EndPlayMap Detection: Level '/Game/Axioma.Axioma:PersistentLevel' has LevelScriptBlueprint '/Game/Axioma.Axioma:PersistentLevel.Axioma' with GeneratedClass '/Game/Axioma.Axioma_C' with ClassGeneratedBy '/Game/Axioma.Axioma:PersistentLevel.Axioma'
[2016.04.16-16.26.41:195][275]LogParticles: Destroying 0 GPU particle simulations for FXSystem 0x0000001F316EB100
[2016.04.16-16.26.53:583][610]Cmd: CAMERA ALIGN ACTIVEVIEWPORTONLY
[2016.04.16-16.27.00:352][791]LogBlueprintUserMessages: Early PlayInEditor Detection: Level '/Game/Axioma.Axioma:PersistentLevel' has LevelScriptBlueprint '/Game/Axioma.Axioma:PersistentLevel.Axioma' with GeneratedClass '/Game/Axioma.Axioma_C' with ClassGeneratedBy '/Game/Axioma.Axioma:PersistentLevel.Axioma'
[2016.04.16-16.27.00:352][791]LogPlayLevel: PlayLevel: No blueprints needed recompiling
[2016.04.16-16.27.00:353][791]PIE: New page: PIE session: Axioma (Apr 16, 2016, 6:27:00 AM)
[2016.04.16-16.27.00:353][791]LogPlayLevel: Creating play world package: /Game/UEDPIE_0_Axioma
[2016.04.16-16.27.00:516][791]LogPlayLevel: PIE: StaticDuplicateObject took: (0.163129s)
[2016.04.16-16.27.00:524][791]LogAIModule: Creating AISystem for world Axioma
[2016.04.16-16.27.00:524][791]LogPlayLevel: PIE: World Init took: (0.008049s)
[2016.04.16-16.27.00:525][791]LogPlayLevel: PIE: Created PIE world by copying editor world from /Game/Axioma.Axioma to /Game/UEDPIE_0_Axioma.Axioma (0.171831s)
[2016.04.16-16.27.00:596][791]LogInit: XAudio2 using 'Altavoces (Realtek High Definition Audio)' : 2 channels at 48 kHz using 32 bits per sample (channel mask 0x3)
[2016.04.16-16.27.00:605][791]LogInit: FAudioDevice initialized.
[2016.04.16-16.27.00:642][791]LogWorld: Game class is 'FirstPersonGameMode_C'
[2016.04.16-16.27.00:810][791]LogWorld: Bringing World /Game/UEDPIE_0_Axioma.Axioma up for play (max tick rate 60) at 2016.04.16-11.27.00
[2016.04.16-16.27.00:810][791]LogActor:Warning: GameSession /Game/UEDPIE_0_Axioma.Axioma:PersistentLevel.GameSession_2 has natively added scene component(s), but none of them were set as the actor's RootComponent - picking one arbitrarily
[2016.04.16-16.27.00:810][791]LogActor:Warning: GameNetworkManager /Game/UEDPIE_0_Axioma.Axioma:PersistentLevel.GameNetworkManager_2 has natively added scene component(s), but none of them were set as the actor's RootComponent - picking one arbitrarily
[2016.04.16-16.27.00:815][791]LogWorld: Bringing up level for play took: 0.172379
[2016.04.16-16.27.00:818][791]PIE: Info Play in editor start time for /Game/UEDPIE_0_Axioma 0.034
[2016.04.16-16.27.00:818][791]LogBlueprintUserMessages: Late PlayInEditor Detection: Level '/Game/Axioma.Axioma:PersistentLevel' has LevelScriptBlueprint '/Game/Axioma.Axioma:PersistentLevel.Axioma' with GeneratedClass '/Game/Axioma.Axioma_C' with ClassGeneratedBy '/Game/Axioma.Axioma:PersistentLevel.Axioma'
[2016.04.16-16.27.42:736][813]LogBlueprintUserMessages: Early EndPlayMap Detection: Level '/Game/Axioma.Axioma:PersistentLevel' has LevelScriptBlueprint '/Game/Axioma.Axioma:PersistentLevel.Axioma' with GeneratedClass '/Game/Axioma.Axioma_C' with ClassGeneratedBy '/Game/Axioma.Axioma:PersistentLevel.Axioma'
[2016.04.16-16.27.42:839][813]LogBlueprintUserMessages: Late EndPlayMap Detection: Level '/Game/Axioma.Axioma:PersistentLevel' has LevelScriptBlueprint '/Game/Axioma.Axioma:PersistentLevel.Axioma' with GeneratedClass '/Game/Axioma.Axioma_C' with ClassGeneratedBy '/Game/Axioma.Axioma:PersistentLevel.Axioma'
[2016.04.16-16.27.42:878][813]LogParticles: Destroying 0 GPU particle simulations for FXSystem 0x0000001F46EB4D60
[2016.04.16-16.27.52:633][974]LogRenderer: Reallocating scene render targets to support 1016x608 (Frame:11993).
[2016.04.16-16.31.03:879][803]LogEditorViewport: Clicking on Actor (LMB): StaticMeshActor (CupulaTriple)
[2016.04.16-16.31.04:606][823]LogEditorViewport: Clicking on Actor (LMB): StaticMeshActor (CupulaTriple)
[2016.04.16-16.32.01:645][461]LogMaterial:Warning: Material /Game/Components/Models/Street_Road/lambert1.lambert1 needed to have new flag set bUsedWithSplineMeshes !
[2016.04.16-16.32.01:675][461]LogMaterial: Missing cached shader map for material lambert1, compiling. 
[2016.04.16-16.32.02:195][461]LogMaterial: 0.019177 seconds spent updating 1 materials, 1 interfaces, 0 instances, 0 with static permutations.
[2016.04.16-16.32.02:195][461]LogMaterial:Warning: Material /Game/Components/Models/Street_Road/Road_Single.Road_Single needed to have new flag set bUsedWithSplineMeshes !
[2016.04.16-16.32.02:223][461]LogMaterial: Missing cached shader map for material Road_Single, compiling. 
[2016.04.16-16.32.02:266][461]LogMaterial: 0.000664 seconds spent updating 1 materials, 1 interfaces, 0 instances, 0 with static permutations.
[2016.04.16-16.32.02:266][461]LogMaterial:Warning: Material /Game/Components/Models/Street_Road/Sidewalk.Sidewalk needed to have new flag set bUsedWithSplineMeshes !
[2016.04.16-16.32.02:327][461]LogMaterial: Missing cached shader map for material Sidewalk, compiling. 
[2016.04.16-16.32.02:374][461]LogMaterial: 0.000824 seconds spent updating 1 materials, 1 interfaces, 0 instances, 0 with static permutations.
[2016.04.16-16.32.02:374][461]LogMaterial:Warning: Material /Game/Components/Models/Street_Road/Road_Double.Road_Double needed to have new flag set bUsedWithSplineMeshes !
[2016.04.16-16.32.02:382][461]LogMaterial: Missing cached shader map for material Road_Double, compiling. 
[2016.04.16-16.32.02:429][461]LogMaterial: 0.000835 seconds spent updating 1 materials, 1 interfaces, 0 instances, 0 with static permutations.
[2016.04.16-16.33.28:017][975]LogBlueprintUserMessages: Early PlayInEditor Detection: Level '/Game/Axioma.Axioma:PersistentLevel' has LevelScriptBlueprint '/Game/Axioma.Axioma:PersistentLevel.Axioma' with GeneratedClass '/Game/Axioma.Axioma_C' with ClassGeneratedBy '/Game/Axioma.Axioma:PersistentLevel.Axioma'
[2016.04.16-16.33.28:017][975]LogPlayLevel: PlayLevel: No blueprints needed recompiling
[2016.04.16-16.33.28:017][975]PIE: New page: PIE session: Axioma (Apr 16, 2016, 6:33:28 AM)
[2016.04.16-16.33.28:018][975]LogPlayLevel: Creating play world package: /Game/UEDPIE_0_Axioma
[2016.04.16-16.33.28:292][975]LogPlayLevel: PIE: StaticDuplicateObject took: (0.273975s)
[2016.04.16-16.33.28:295][975]LogAIModule: Creating AISystem for world Axioma
[2016.04.16-16.33.28:296][975]LogPlayLevel: PIE: World Init took: (0.003632s)
[2016.04.16-16.33.28:298][975]LogPlayLevel: PIE: Created PIE world by copying editor world from /Game/Axioma.Axioma to /Game/UEDPIE_0_Axioma.Axioma (0.279134s)
[2016.04.16-16.33.28:352][975]LogParticles: Destroying 0 GPU particle simulations for FXSystem 0x0000001F24B0DB20
[2016.04.16-16.33.28:354][975]LogParticles: Destroying 0 GPU particle simulations for FXSystem 0x0000001F245C7560
[2016.04.16-16.33.28:355][975]LogParticles: Destroying 0 GPU particle simulations for FXSystem 0x0000001F25D46200
[2016.04.16-16.33.28:356][975]LogParticles: Destroying 0 GPU particle simulations for FXSystem 0x0000001F381F3C40
[2016.04.16-16.33.28:358][975]LogParticles: Destroying 0 GPU particle simulations for FXSystem 0x0000001F4702BEC0
[2016.04.16-16.33.28:385][975]LogParticles: Destroying 0 GPU particle simulations for FXSystem 0x0000001F25D44220
[2016.04.16-16.33.28:385][975]LogInit: XAudio2 using 'Altavoces (Realtek High Definition Audio)' : 2 channels at 48 kHz using 32 bits per sample (channel mask 0x3)
[2016.04.16-16.33.28:433][975]LogInit: FAudioDevice initialized.
[2016.04.16-16.33.28:491][975]LogWorld: Game class is 'FirstPersonGameMode_C'
[2016.04.16-16.33.28:737][975]LogWorld: Bringing World /Game/UEDPIE_0_Axioma.Axioma up for play (max tick rate 60) at 2016.04.16-11.33.28
[2016.04.16-16.33.28:737][975]LogActor:Warning: GameSession /Game/UEDPIE_0_Axioma.Axioma:PersistentLevel.GameSession_3 has natively added scene component(s), but none of them were set as the actor's RootComponent - picking one arbitrarily
[2016.04.16-16.33.28:737][975]LogActor:Warning: GameNetworkManager /Game/UEDPIE_0_Axioma.Axioma:PersistentLevel.GameNetworkManager_3 has natively added scene component(s), but none of them were set as the actor's RootComponent - picking one arbitrarily
[2016.04.16-16.33.28:742][975]LogWorld: Bringing up level for play took: 0.250731
[2016.04.16-16.33.28:745][975]PIE: Info Play in editor start time for /Game/UEDPIE_0_Axioma -0.039
[2016.04.16-16.33.28:745][975]LogBlueprintUserMessages: Late PlayInEditor Detection: Level '/Game/Axioma.Axioma:PersistentLevel' has LevelScriptBlueprint '/Game/Axioma.Axioma:PersistentLevel.Axioma' with GeneratedClass '/Game/Axioma.Axioma_C' with ClassGeneratedBy '/Game/Axioma.Axioma:PersistentLevel.Axioma'
[2016.04.16-16.35.39:831][611]LogBlueprintUserMessages: Early EndPlayMap Detection: Level '/Game/Axioma.Axioma:PersistentLevel' has LevelScriptBlueprint '/Game/Axioma.Axioma:PersistentLevel.Axioma' with GeneratedClass '/Game/Axioma.Axioma_C' with ClassGeneratedBy '/Game/Axioma.Axioma:PersistentLevel.Axioma'
[2016.04.16-16.35.39:897][611]LogBlueprintUserMessages: Late EndPlayMap Detection: Level '/Game/Axioma.Axioma:PersistentLevel' has LevelScriptBlueprint '/Game/Axioma.Axioma:PersistentLevel.Axioma' with GeneratedClass '/Game/Axioma.Axioma_C' with ClassGeneratedBy '/Game/Axioma.Axioma:PersistentLevel.Axioma'
[2016.04.16-16.35.39:938][611]LogParticles: Destroying 0 GPU particle simulations for FXSystem 0x0000001F455E4900
[2016.04.16-16.35.44:543][746]Cmd: TRANSACTION UNDO
[2016.04.16-16.35.44:543][746]LogEditorTransaction: Undo Add Landscape Spline Control Point
[2016.04.16-16.35.44:959][747]Cmd: UpdateLandscapeEditorData
[2016.04.16-16.35.46:216][783]Cmd: TRANSACTION UNDO
[2016.04.16-16.35.46:216][783]LogEditorTransaction: Undo Add Landscape Spline Control Point
[2016.04.16-16.35.46:307][784]Cmd: UpdateLandscapeEditorData
[2016.04.16-16.35.46:477][789]Cmd: TRANSACTION UNDO
[2016.04.16-16.35.46:477][789]LogEditorTransaction: Undo Add Landscape Spline Control Point
[2016.04.16-16.35.46:556][790]Cmd: UpdateLandscapeEditorData
[2016.04.16-16.35.46:694][794]Cmd: TRANSACTION UNDO
[2016.04.16-16.35.46:695][794]LogEditorTransaction: Undo Add Landscape Spline Control Point
[2016.04.16-16.35.46:774][795]Cmd: UpdateLandscapeEditorData
[2016.04.16-16.35.46:907][799]Cmd: TRANSACTION UNDO
[2016.04.16-16.35.46:907][799]LogEditorTransaction: Undo Add Landscape Spline Control Point
[2016.04.16-16.35.46:992][800]Cmd: UpdateLandscapeEditorData
[2016.04.16-16.35.47:125][804]Cmd: TRANSACTION UNDO
[2016.04.16-16.35.47:125][804]LogEditorTransaction: Undo Edit Forward Axis
[2016.04.16-16.35.47:335][809]Cmd: TRANSACTION UNDO
[2016.04.16-16.35.47:336][809]LogEditorTransaction: Undo Edit Mesh
[2016.04.16-16.35.47:401][810]Cmd: UpdateLandscapeEditorData
[2016.04.16-16.35.47:549][810]Cmd: TRANSACTION UNDO
[2016.04.16-16.35.47:549][810]LogEditorTransaction: Undo Add Child
[2016.04.16-16.35.47:821][819]Cmd: TRANSACTION UNDO
[2016.04.16-16.35.47:821][819]LogEditorTransaction: Undo Add Landscape Spline Control Point
[2016.04.16-16.35.47:911][820]Cmd: UpdateLandscapeEditorData
[2016.04.16-16.35.48:104][825]Cmd: TRANSACTION UNDO
[2016.04.16-16.35.48:104][825]LogEditorTransaction: Undo Add Landscape Spline Control Point
[2016.04.16-16.35.48:438][835]Cmd: TRANSACTION UNDO
[2016.04.16-16.35.48:438][835]LogEditorTransaction: Undo Clicking on Actors
[2016.04.16-16.35.48:764][841]Cmd: TRANSACTION UNDO
[2016.04.16-16.35.48:764][841]LogEditorTransaction: Undo Clicking on Actors
[2016.04.16-16.35.49:160][848]Cmd: TRANSACTION UNDO
[2016.04.16-16.35.49:160][848]LogEditorTransaction: Undo Move Actors
[2016.04.16-16.35.49:948][861]Cmd: TRANSACTION UNDO
[2016.04.16-16.35.49:948][861]LogEditorTransaction: Undo Move Actors
[2016.04.16-16.35.50:520][872]Cmd: TRANSACTION UNDO
[2016.04.16-16.35.50:520][872]LogEditorTransaction: Undo Clicking on Actors
[2016.04.16-16.35.51:185][891]Cmd: TRANSACTION UNDO
[2016.04.16-16.35.51:185][891]LogEditorTransaction: Undo Scale Actors
[2016.04.16-16.35.51:243][891]LogActorComponent: ~FComponentReregisterContext: (/Game/Axioma.Axioma:PersistentLevel.Landscape_2.LandscapeHeightfieldCollisionComponent_28) Component already registered.
[2016.04.16-16.35.51:319][891]LogActorComponent: ~FComponentReregisterContext: (/Game/Axioma.Axioma:PersistentLevel.Landscape_2.LandscapeHeightfieldCollisionComponent_25) Component already registered.
[2016.04.16-16.35.51:354][891]LogActorComponent: ~FComponentReregisterContext: (/Game/Axioma.Axioma:PersistentLevel.Landscape_2.LandscapeHeightfieldCollisionComponent_26) Component already registered.
[2016.04.16-16.35.51:386][891]LogActorComponent: ~FComponentReregisterContext: (/Game/Axioma.Axioma:PersistentLevel.Landscape_2.LandscapeHeightfieldCollisionComponent_27) Component already registered.
[2016.04.16-16.35.51:429][892]Cmd: UpdateLandscapeEditorData
[2016.04.16-16.35.53:853][965]LogBlueprintUserMessages: Early PlayInEditor Detection: Level '/Game/Axioma.Axioma:PersistentLevel' has LevelScriptBlueprint '/Game/Axioma.Axioma:PersistentLevel.Axioma' with GeneratedClass '/Game/Axioma.Axioma_C' with ClassGeneratedBy '/Game/Axioma.Axioma:PersistentLevel.Axioma'
[2016.04.16-16.35.53:854][965]LogPlayLevel: PlayLevel: No blueprints needed recompiling
[2016.04.16-16.35.53:854][965]PIE: New page: PIE session: Axioma (Apr 16, 2016, 6:35:53 AM)
[2016.04.16-16.35.53:855][965]LogPlayLevel: Creating play world package: /Game/UEDPIE_0_Axioma
[2016.04.16-16.35.54:022][965]LogPlayLevel: PIE: StaticDuplicateObject took: (0.167217s)
[2016.04.16-16.35.54:030][965]LogAIModule: Creating AISystem for world Axioma
[2016.04.16-16.35.54:031][965]LogPlayLevel: PIE: World Init took: (0.009420s)
[2016.04.16-16.35.54:032][965]LogPlayLevel: PIE: Created PIE world by copying editor world from /Game/Axioma.Axioma to /Game/UEDPIE_0_Axioma.Axioma (0.177384s)
[2016.04.16-16.35.54:078][965]LogInit: XAudio2 using 'Altavoces (Realtek High Definition Audio)' : 2 channels at 48 kHz using 32 bits per sample (channel mask 0x3)
[2016.04.16-16.35.54:090][965]LogInit: FAudioDevice initialized.
[2016.04.16-16.35.54:131][965]LogWorld: Game class is 'FirstPersonGameMode_C'
[2016.04.16-16.35.54:302][965]LogWorld: Bringing World /Game/UEDPIE_0_Axioma.Axioma up for play (max tick rate 0) at 2016.04.16-11.35.54
[2016.04.16-16.35.54:302][965]LogActor:Warning: GameSession /Game/UEDPIE_0_Axioma.Axioma:PersistentLevel.GameSession_4 has natively added scene component(s), but none of them were set as the actor's RootComponent - picking one arbitrarily
[2016.04.16-16.35.54:302][965]LogActor:Warning: GameNetworkManager /Game/UEDPIE_0_Axioma.Axioma:PersistentLevel.GameNetworkManager_4 has natively added scene component(s), but none of them were set as the actor's RootComponent - picking one arbitrarily
[2016.04.16-16.35.54:305][965]LogWorld: Bringing up level for play took: 0.173518
[2016.04.16-16.35.54:307][965]PIE: Info Play in editor start time for /Game/UEDPIE_0_Axioma -0.477
[2016.04.16-16.35.54:308][965]LogBlueprintUserMessages: Late PlayInEditor Detection: Level '/Game/Axioma.Axioma:PersistentLevel' has LevelScriptBlueprint '/Game/Axioma.Axioma:PersistentLevel.Axioma' with GeneratedClass '/Game/Axioma.Axioma_C' with ClassGeneratedBy '/Game/Axioma.Axioma:PersistentLevel.Axioma'
[2016.04.16-16.35.56:563][ 51]LogBlueprintUserMessages: Early EndPlayMap Detection: Level '/Game/Axioma.Axioma:PersistentLevel' has LevelScriptBlueprint '/Game/Axioma.Axioma:PersistentLevel.Axioma' with GeneratedClass '/Game/Axioma.Axioma_C' with ClassGeneratedBy '/Game/Axioma.Axioma:PersistentLevel.Axioma'
[2016.04.16-16.35.56:629][ 51]LogBlueprintUserMessages: Late EndPlayMap Detection: Level '/Game/Axioma.Axioma:PersistentLevel' has LevelScriptBlueprint '/Game/Axioma.Axioma:PersistentLevel.Axioma' with GeneratedClass '/Game/Axioma.Axioma_C' with ClassGeneratedBy '/Game/Axioma.Axioma:PersistentLevel.Axioma'
[2016.04.16-16.35.56:683][ 51]LogParticles: Destroying 0 GPU particle simulations for FXSystem 0x0000001F5B620EA0
[2016.04.16-16.36.36:905][264]LogEditorViewport: Clicking on Actor (LMB): Landscape (Landscape2)
[2016.04.16-16.38.20:155][410]LogWindowsTextInputMethodSystem:Display: IME system now deactivated.
[2016.04.16-16.38.21:067][411]Cmd: QUIT_EDITOR
[2016.04.16-16.38.23:764][411]LogExit: Preparing to exit.
[2016.04.16-16.38.26:979][411]LogExit: Editor shut down
[2016.04.16-16.38.26:986][411]LogExit: Transaction tracking system shut down
[2016.04.16-16.38.28:064][411]LogParticles: Destroying 0 GPU particle simulations for FXSystem 0x0000001F38811F80
[2016.04.16-16.38.28:078][411]LogParticles: Destroying 0 GPU particle simulations for FXSystem 0x0000001F455E7F60
[2016.04.16-16.38.28:078][411]LogParticles: Destroying 0 GPU particle simulations for FXSystem 0x0000001F46627600
[2016.04.16-16.38.28:078][411]LogParticles: Destroying 0 GPU particle simulations for FXSystem 0x0000001F4639DDA0
[2016.04.16-16.38.28:078][411]LogParticles: Destroying 0 GPU particle simulations for FXSystem 0x0000001F4702A7A0
[2016.04.16-16.38.37:314][411]LogExit: Object subsystem successfully closed.
[2016.04.16-16.38.38:252][411]LogD3D11RHI: Shutdown
[2016.04.16-16.38.38:252][411]LogD3D11RHI: CleanupD3DDevice
[2016.04.16-16.38.38:908][411]LogD3D11RHI: ~FD3D11DynamicRHI
[2016.04.16-16.38.43:161][411]LogModuleManager: Shutting down and abandoning module StaticMeshEditor (199)
[2016.04.16-16.38.43:161][411]LogModuleManager: Shutting down and abandoning module CrashTracker (198)
[2016.04.16-16.38.43:161][411]LogModuleManager: Shutting down and abandoning module SceneOutliner (197)
[2016.04.16-16.38.43:161][411]LogModuleManager: Shutting down and abandoning module SuperSearch (196)
[2016.04.16-16.38.43:161][411]LogModuleManager: Shutting down and abandoning module WidgetCarousel (195)
[2016.04.16-16.38.43:216][411]LogModuleManager: Shutting down and abandoning module AddContentDialog (194)
[2016.04.16-16.38.43:312][411]LogModuleManager: Shutting down and abandoning module EditorWidgets (193)
[2016.04.16-16.38.43:312][411]LogModuleManager: Shutting down and abandoning module CollectionManager (192)
[2016.04.16-16.38.43:394][411]LogModuleManager: Shutting down and abandoning module StatsViewer (191)
[2016.04.16-16.38.43:463][411]LogModuleManager: Shutting down and abandoning module FoliageEdit (190)
[2016.04.16-16.38.43:503][411]LogModuleManager: Shutting down and abandoning module LandscapeEditor (189)
[2016.04.16-16.38.43:552][411]LogModuleManager: Shutting down and abandoning module ActorPickerMode (188)
[2016.04.16-16.38.43:552][411]LogModuleManager: Shutting down and abandoning module GeometryMode (187)
[2016.04.16-16.38.43:553][411]LogModuleManager: Shutting down and abandoning module TextureAlignMode (186)
[2016.04.16-16.38.43:553][411]LogModuleManager: Shutting down and abandoning module BspMode (185)
[2016.04.16-16.38.43:553][411]LogModuleManager: Shutting down and abandoning module PlacementMode (184)
[2016.04.16-16.38.43:553][411]LogModuleManager: Shutting down and abandoning module AutomationWorker (183)
[2016.04.16-16.38.43:553][411]LogModuleManager: Shutting down and abandoning module CharacterAI (182)
[2016.04.16-16.38.43:553][411]LogModuleManager: Shutting down and abandoning module SmartSnapping (181)
[2016.04.16-16.38.43:553][411]LogModuleManager: Shutting down and abandoning module ViewportSnapping (180)
[2016.04.16-16.38.43:553][411]LogModuleManager: Shutting down and abandoning module LogVisualizer (179)
[2016.04.16-16.38.43:695][411]LogModuleManager: Shutting down and abandoning module GameProjectGeneration (178)
[2016.04.16-16.38.44:156][411]LogModuleManager: Shutting down and abandoning module IntroTutorials (177)
[2016.04.16-16.38.44:700][411]LogModuleManager: Shutting down and abandoning module EditorLiveStreaming (176)
[2016.04.16-16.38.44:700][411]LogModuleManager: Shutting down and abandoning module IOSPlatformEditor (175)
[2016.04.16-16.38.44:774][411]LogModuleManager: Shutting down and abandoning module HTML5PlatformEditor (174)
[2016.04.16-16.38.44:774][411]LogModuleManager: Shutting down and abandoning module AndroidDeviceDetection (173)
[2016.04.16-16.38.45:826][411]LogModuleManager: Shutting down and abandoning module AndroidPlatformEditor (172)
[2016.04.16-16.38.45:826][411]LogModuleManager: Shutting down and abandoning module IOSRuntimeSettings (171)
[2016.04.16-16.38.45:826][411]LogModuleManager: Shutting down and abandoning module AndroidRuntimeSettings (170)
[2016.04.16-16.38.45:826][411]LogModuleManager: Shutting down and abandoning module MergeActors (169)
[2016.04.16-16.38.46:166][411]LogModuleManager: Shutting down and abandoning module SizeMap (168)
[2016.04.16-16.38.46:166][411]LogModuleManager: Shutting down and abandoning module TreeMap (167)
[2016.04.16-16.38.46:358][411]LogModuleManager: Shutting down and abandoning module ReferenceViewer (166)
[2016.04.16-16.38.46:500][411]LogModuleManager: Shutting down and abandoning module LocalizationService (165)
[2016.04.16-16.38.46:575][411]LogModuleManager: Shutting down and abandoning module LocalizationDashboard (164)
[2016.04.16-16.38.46:877][411]LogModuleManager: Shutting down and abandoning module HardwareTargeting (163)
[2016.04.16-16.38.47:245][411]LogModuleManager: Shutting down and abandoning module DeviceProfileEditor (162)
[2016.04.16-16.38.47:478][411]LogModuleManager: Shutting down and abandoning module UndoHistory (161)
[2016.04.16-16.38.47:594][411]LogModuleManager: Shutting down and abandoning module GameplayTagsEditor (160)
[2016.04.16-16.38.47:692][411]LogModuleManager: Shutting down and abandoning module UserFeedback (159)
[2016.04.16-16.38.47:692][411]LogModuleManager: Shutting down and abandoning module XmlParser (158)
[2016.04.16-16.38.47:761][411]LogModuleManager: Shutting down and abandoning module Blutility (157)
[2016.04.16-16.38.47:762][411]LogModuleManager: Shutting down and abandoning module ProjectTargetPlatformEditor (156)
[2016.04.16-16.38.47:880][411]LogModuleManager: Shutting down and abandoning module ProjectSettingsViewer (155)
[2016.04.16-16.38.47:881][411]LogModuleManager: Shutting down and abandoning module InputBindingEditor (154)
[2016.04.16-16.38.48:414][411]LogModuleManager: Shutting down and abandoning module EditorSettingsViewer (153)
[2016.04.16-16.38.48:414][411]LogModuleManager: Shutting down and abandoning module SettingsEditor (152)
[2016.04.16-16.38.48:699][411]LogModuleManager: Shutting down and abandoning module ProjectLauncher (151)
[2016.04.16-16.38.48:997][411]LogModuleManager: Shutting down and abandoning module SessionFrontend (150)
[2016.04.16-16.38.49:281][411]LogModuleManager: Shutting down and abandoning module ProfilerClient (149)
[2016.04.16-16.38.49:456][411]LogModuleManager: Shutting down and abandoning module TargetDeviceServices (148)
[2016.04.16-16.38.49:512][411]LogModuleManager: Shutting down and abandoning module DeviceManager (147)
[2016.04.16-16.38.49:608][411]LogModuleManager: Shutting down and abandoning module AutomationController (146)
[2016.04.16-16.38.50:155][411]LogModuleManager: Shutting down and abandoning module AutomationWindow (145)
[2016.04.16-16.38.50:403][411]LogModuleManager: Shutting down and abandoning module Layers (144)
[2016.04.16-16.38.51:149][411]LogModuleManager: Shutting down and abandoning module ComponentVisualizers (143)
[2016.04.16-16.38.51:149][411]LogModuleManager: Shutting down and abandoning module DetailCustomizations (142)
[2016.04.16-16.38.51:304][411]LogModuleManager: Shutting down and abandoning module PackagesDialog (141)
[2016.04.16-16.38.51:305][411]LogModuleManager: Shutting down and abandoning module Persona (140)
[2016.04.16-16.38.51:740][411]LogModuleManager: Shutting down and abandoning module Kismet (139)
[2016.04.16-16.38.51:772][411]LogModuleManager: Shutting down and abandoning module GraphEditor (138)
[2016.04.16-16.38.51:902][411]LogModuleManager: Shutting down and abandoning module ClassViewer (137)
[2016.04.16-16.38.51:921][411]LogModuleManager: Shutting down and abandoning module Toolbox (136)
[2016.04.16-16.38.51:921][411]LogModuleManager: Shutting down and abandoning module ModuleUI (135)
[2016.04.16-16.38.51:981][411]LogModuleManager: Shutting down and abandoning module MovieSceneTools (134)
[2016.04.16-16.38.52:061][411]LogModuleManager: Shutting down and abandoning module OutputLog (133)
[2016.04.16-16.38.52:061][411]LogModuleManager: Shutting down and abandoning module GammaUI (132)
[2016.04.16-16.38.52:079][411]LogModuleManager: Shutting down and abandoning module Documentation (131)
[2016.04.16-16.38.52:079][411]LogModuleManager: Shutting down and abandoning module GameLiveStreaming (130)
[2016.04.16-16.38.52:091][411]LogModuleManager: Shutting down and abandoning module StreamingPauseRendering (129)
[2016.04.16-16.38.52:091][411]LogModuleManager: Shutting down and abandoning module AnalyticsET (128)
[2016.04.16-16.38.52:091][411]LogModuleManager: Shutting down and abandoning module Analytics (127)
[2016.04.16-16.38.52:091][411]LogModuleManager: Shutting down and abandoning module AITestSuite (126)
[2016.04.16-16.38.52:138][411]LogModuleManager: Shutting down and abandoning module GameplayDebugger (125)
[2016.04.16-16.38.52:162][411]LogModuleManager: Shutting down and abandoning module AIModule (124)
[2016.04.16-16.38.52:163][411]LogModuleManager: Shutting down and abandoning module ProfilerService (123)
[2016.04.16-16.38.52:382][411]LogModuleManager: Shutting down and abandoning module TaskGraph (122)
[2016.04.16-16.38.52:420][411]LogModuleManager: Shutting down and abandoning module SlateRemote (121)
[2016.04.16-16.38.52:421][411]LogModuleManager: Shutting down and abandoning module SteamVRController (120)
[2016.04.16-16.38.52:421][411]LogModuleManager: Shutting down and abandoning module SteamVR (119)
[2016.04.16-16.38.52:421][411]LogModuleManager: Shutting down and abandoning module ProceduralMeshComponent (118)
[2016.04.16-16.38.52:421][411]LogModuleManager: Shutting down and abandoning module OculusLibrary (117)
[2016.04.16-16.38.52:421][411]LogModuleManager: Shutting down and abandoning module OculusInput (116)
[2016.04.16-16.38.52:421][411]LogModuleManager: Shutting down and abandoning module LeapMotionController (115)
[2016.04.16-16.38.52:672][411]LogModuleManager: Shutting down and abandoning module CustomMeshComponent (114)
[2016.04.16-16.38.52:672][411]LogModuleManager: Shutting down and abandoning module CableComponent (113)
[2016.04.16-16.38.52:682][411]LogModuleManager: Shutting down and abandoning module ArchVisCharacter (112)
[2016.04.16-16.38.52:682][411]LogModuleManager: Shutting down and abandoning module MessagingDebugger (111)
[2016.04.16-16.38.52:730][411]LogModuleManager: Shutting down and abandoning module MediaPlayerEditor (110)
[2016.04.16-16.38.52:755][411]LogModuleManager: Shutting down and abandoning module HTML5Networking (109)
[2016.04.16-16.38.52:755][411]LogModuleManager: Shutting down and abandoning module SpeedTreeImporter (108)
[2016.04.16-16.38.52:755][411]LogModuleManager: Shutting down and abandoning module PluginBrowser (107)
[2016.04.16-16.38.52:772][411]LogModuleManager: Shutting down and abandoning module EpicSurvey (106)
[2016.04.16-16.38.52:796][411]LogModuleManager: Shutting down and abandoning module DesktopPlatform (105)
[2016.04.16-16.38.52:808][411]LogModuleManager: Shutting down and abandoning module VisualStudioSourceCodeAccess (104)
[2016.04.16-16.38.52:830][411]LogModuleManager: Shutting down and abandoning module UObjectPlugin (103)
[2016.04.16-16.38.52:830][411]LogModuleManager: Shutting down and abandoning module SubversionSourceControl (102)
[2016.04.16-16.38.52:838][411]LogModuleManager: Shutting down and abandoning module PerforceSourceControl (101)
[2016.04.16-16.38.52:902][411]LogModuleManager: Shutting down and abandoning module SourceControl (100)
[2016.04.16-16.38.52:933][411]LogModuleManager: Shutting down and abandoning module GitSourceControl (99)
[2016.04.16-16.38.52:958][411]LogModuleManager: Shutting down and abandoning module LightPropagationVolumeEditor (98)
[2016.04.16-16.38.52:958][411]LogModuleManager: Shutting down and abandoning module PaperTiledImporter (97)
[2016.04.16-16.38.52:966][411]LogModuleManager: Shutting down and abandoning module PaperSpriteSheetImporter (96)
[2016.04.16-16.38.52:966][411]LogModuleManager: Shutting down and abandoning module MeshPaint (95)
[2016.04.16-16.38.52:966][411]LogModuleManager: Shutting down and abandoning module SlateReflector (94)
[2016.04.16-16.38.52:990][411]LogModuleManager: Shutting down and abandoning module HotReload (93)
[2016.04.16-16.38.53:004][411]LogModuleManager: Shutting down and abandoning module MainFrame (92)
[2016.04.16-16.38.53:004][411]LogModuleManager: Shutting down and abandoning module LevelEditor (91)
[2016.04.16-16.38.53:043][411]LogModuleManager: Shutting down and abandoning module DirectoryWatcher (90)
[2016.04.16-16.38.53:046][411]LogModuleManager: Shutting down and abandoning module AssetRegistry (89)
[2016.04.16-16.38.53:323][411]LogModuleManager: Shutting down and abandoning module ContentBrowser (88)
[2016.04.16-16.38.53:325][411]LogModuleManager: Shutting down and abandoning module Paper2DEditor (87)
[2016.04.16-16.38.53:349][411]LogModuleManager: Shutting down and abandoning module UdpMessaging (86)
[2016.04.16-16.38.53:450][411]LogModuleManager: Shutting down and abandoning module LightPropagationVolumeRuntime (85)
[2016.04.16-16.38.53:450][411]LogModuleManager: Shutting down and abandoning module Paper2D (84)
[2016.04.16-16.38.53:484][411]LogModuleManager: Shutting down and abandoning module WindowsMoviePlayer (83)
[2016.04.16-16.38.53:526][411]LogModuleManager: Shutting down and abandoning module Media (82)
[2016.04.16-16.38.53:526][411]LogModuleManager: Shutting down and abandoning module WmfMedia (81)
[2016.04.16-16.38.53:578][411]LogModuleManager: Shutting down and abandoning module OnlineBlueprintSupport (80)
[2016.04.16-16.38.53:578][411]LogModuleManager: Shutting down and abandoning module GameplayTasksEditor (79)
[2016.04.16-16.38.53:578][411]LogModuleManager: Shutting down and abandoning module PropertyEditor (78)
[2016.04.16-16.38.53:578][411]LogModuleManager: Shutting down and abandoning module BehaviorTreeEditor (77)
[2016.04.16-16.38.53:622][411]LogModuleManager: Shutting down and abandoning module FunctionalTesting (76)
[2016.04.16-16.38.53:622][411]LogModuleManager: Shutting down and abandoning module CollisionAnalyzer (75)
[2016.04.16-16.38.53:633][411]LogModuleManager: Shutting down and abandoning module WorkspaceMenuStructure (74)
[2016.04.16-16.38.53:633][411]LogModuleManager: Shutting down and abandoning module MessageLog (73)
[2016.04.16-16.38.53:633][411]LogModuleManager: Shutting down and abandoning module Sequencer (72)
[2016.04.16-16.38.53:674][411]LogModuleManager: Shutting down and abandoning module AssetTools (71)
[2016.04.16-16.38.53:721][411]LogModuleManager: Shutting down and abandoning module UMGEditor (70)
[2016.04.16-16.38.53:759][411]LogModuleManager: Shutting down and abandoning module UMG (69)
[2016.04.16-16.38.53:781][411]LogModuleManager: Shutting down and abandoning module Slate (68)
[2016.04.16-16.38.53:781][411]LogModuleManager: Shutting down and abandoning module EditorStyle (67)
[2016.04.16-16.38.53:800][411]LogModuleManager: Shutting down and abandoning module SessionServices (66)
[2016.04.16-16.38.53:800][411]LogModuleManager: Shutting down and abandoning module SourceCodeAccess (65)
[2016.04.16-16.38.53:800][411]LogModuleManager: Shutting down and abandoning module HeadMountedDisplay (64)
[2016.04.16-16.38.53:800][411]LogModuleManager: Shutting down and abandoning module XAudio2 (63)
[2016.04.16-16.38.53:800][411]LogModuleManager: Shutting down and abandoning module Networking (61)
[2016.04.16-16.38.53:800][411]LogModuleManager: Shutting down and abandoning module Core (60)
[2016.04.16-16.38.53:800][411]LogModuleManager: Shutting down and abandoning module KismetCompiler (59)
[2016.04.16-16.38.53:800][411]LogModuleManager: Shutting down and abandoning module PhysXFormats (58)
[2016.04.16-16.38.53:800][411]LogModuleManager: Shutting down and abandoning module MeshUtilities (57)
[2016.04.16-16.38.53:828][411]LogModuleManager: Shutting down and abandoning module DerivedDataCache (56)
[2016.04.16-16.38.53:893][411]LogDerivedDataCache: Shutdown
[2016.04.16-16.38.53:893][411]LogModuleManager: Shutting down and abandoning module ShaderFormatOpenGL (55)
[2016.04.16-16.38.53:928][411]LogModuleManager: Shutting down and abandoning module ShaderFormatD3D (54)
[2016.04.16-16.38.53:936][411]LogModuleManager: Shutting down and abandoning module MetalShaderFormat (53)
[2016.04.16-16.38.53:978][411]LogModuleManager: Shutting down and abandoning module TextureFormatUncompressed (52)
[2016.04.16-16.38.53:979][411]LogModuleManager: Shutting down and abandoning module TextureFormatPVR (51)
[2016.04.16-16.38.53:997][411]LogModuleManager: Shutting down and abandoning module TextureFormatIntelISPCTexComp (50)
[2016.04.16-16.38.53:999][411]LogModuleManager: Shutting down and abandoning module TextureFormatDXT (49)
[2016.04.16-16.38.54:004][411]LogModuleManager: Shutting down and abandoning module ImageWrapper (48)
[2016.04.16-16.38.54:004][411]LogModuleManager: Shutting down and abandoning module TextureFormatASTC (47)
[2016.04.16-16.38.54:004][411]LogModuleManager: Shutting down and abandoning module TextureFormatAndroid (46)
[2016.04.16-16.38.54:004][411]LogModuleManager: Shutting down and abandoning module AudioFormatOpus (45)
[2016.04.16-16.38.54:015][411]LogModuleManager: Shutting down and abandoning module AudioFormatOgg (44)
[2016.04.16-16.38.54:018][411]LogModuleManager: Shutting down and abandoning module AudioFormatADPCM (43)
[2016.04.16-16.38.54:049][411]LogModuleManager: Shutting down and abandoning module LinuxTargetPlatform (42)
[2016.04.16-16.38.54:049][411]LogModuleManager: Shutting down and abandoning module LinuxServerTargetPlatform (41)
[2016.04.16-16.38.54:080][411]LogModuleManager: Shutting down and abandoning module LinuxNoEditorTargetPlatform (40)
[2016.04.16-16.38.54:082][411]LogModuleManager: Shutting down and abandoning module Messaging (39)
[2016.04.16-16.38.54:082][411]LogModuleManager: Shutting down and abandoning module IOSTargetPlatform (38)
[2016.04.16-16.38.54:082][411]LogModuleManager: Shutting down and abandoning module HTML5TargetPlatform (37)
[2016.04.16-16.38.54:082][411]LogModuleManager: Shutting down and abandoning module Android_PVRTCTargetPlatform (36)
[2016.04.16-16.38.54:082][411]LogModuleManager: Shutting down and abandoning module Android_MultiTargetPlatform (35)
[2016.04.16-16.38.54:083][411]LogModuleManager: Shutting down and abandoning module Android_ETC2TargetPlatform (34)
[2016.04.16-16.38.54:083][411]LogModuleManager: Shutting down and abandoning module Android_ETC1TargetPlatform (33)
[2016.04.16-16.38.54:083][411]LogModuleManager: Shutting down and abandoning module Android_DXTTargetPlatform (32)
[2016.04.16-16.38.54:083][411]LogModuleManager: Shutting down and abandoning module Android_ATCTargetPlatform (31)
[2016.04.16-16.38.54:083][411]LogModuleManager: Shutting down and abandoning module Android_ASTCTargetPlatform (30)
[2016.04.16-16.38.54:083][411]LogModuleManager: Shutting down and abandoning module AndroidTargetPlatform (29)
[2016.04.16-16.38.54:083][411]LogModuleManager: Shutting down and abandoning module WindowsTargetPlatform (28)
[2016.04.16-16.38.54:083][411]LogModuleManager: Shutting down and abandoning module WindowsServerTargetPlatform (27)
[2016.04.16-16.38.54:104][411]LogModuleManager: Shutting down and abandoning module WindowsNoEditorTargetPlatform (26)
[2016.04.16-16.38.54:105][411]LogModuleManager: Shutting down and abandoning module WindowsClientTargetPlatform (25)
[2016.04.16-16.38.54:107][411]LogModuleManager: Shutting down and abandoning module AllDesktopTargetPlatform (24)
[2016.04.16-16.38.54:107][411]LogModuleManager: Shutting down and abandoning module TargetPlatform (23)
[2016.04.16-16.38.54:107][411]LogModuleManager: Shutting down and abandoning module InputCore (22)
[2016.04.16-16.38.54:107][411]LogModuleManager: Shutting down and abandoning module Settings (21)
[2016.04.16-16.38.54:107][411]LogModuleManager: Shutting down and abandoning module OnlineSubsystem (19)
[2016.04.16-16.38.54:107][411]LogModuleManager: Shutting down and abandoning module HTTP (18)
[2016.04.16-16.38.56:114][411]LogModuleManager: Shutting down and abandoning module XMPP (17)
[2016.04.16-16.38.56:152][411]LogModuleManager: Shutting down and abandoning module OculusRift (16)
[2016.04.16-16.38.56:173][411]LogModuleManager: Shutting down and abandoning module ExampleDeviceProfileSelector (15)
[2016.04.16-16.38.56:173][411]LogModuleManager: Shutting down and abandoning module TextureCompressor (14)
[2016.04.16-16.38.56:173][411]LogModuleManager: Shutting down and abandoning module ShaderCore (13)
[2016.04.16-16.38.56:173][411]LogModuleManager: Shutting down and abandoning module Landscape (12)
[2016.04.16-16.38.56:173][411]LogModuleManager: Shutting down and abandoning module SlateRHIRenderer (11)
[2016.04.16-16.38.56:208][411]LogModuleManager: Shutting down and abandoning module OpenGLDrv (10)
[2016.04.16-16.38.56:225][411]LogModuleManager: Shutting down and abandoning module D3D11RHI (9)
[2016.04.16-16.38.56:225][411]LogModuleManager: Shutting down and abandoning module AnimGraphRuntime (8)
[2016.04.16-16.38.56:235][411]LogModuleManager: Shutting down and abandoning module Renderer (7)
[2016.04.16-16.38.56:235][411]LogModuleManager: Shutting down and abandoning module Engine (6)
[2016.04.16-16.38.56:235][411]LogModuleManager: Shutting down and abandoning module CoreUObject (5)
[2016.04.16-16.38.56:235][411]LogModuleManager: Shutting down and abandoning module NetworkFile (4)
[2016.04.16-16.38.56:270][411]LogModuleManager: Shutting down and abandoning module StreamingFile (3)
[2016.04.16-16.38.56:289][411]LogModuleManager: Shutting down and abandoning module SandboxFile (2)
[2016.04.16-16.38.56:304][411]LogModuleManager: Shutting down and abandoning module PakFile (1)
[2016.04.16-16.38.56:346][411]LogExit: Exiting.
[2016.04.16-16.38.56:401][411]Log file closed, 04/16/16 11:38:56
