[2016.04.02-18.58.46:567][  0]Log file open, 04/02/16 12:58:46
[2016.04.02-18.58.46:567][  0]LogInit:Display: Running engine for game: Axioma
[2016.04.02-18.58.46:567][  0]LogPlatformFile: Not using cached read wrapper
[2016.04.02-18.58.46:567][  0]LogInit:Display: RandInit(-171146524) SRandInit(-171146523).
[2016.04.02-18.58.46:567][  0]LogTaskGraph: Started task graph with 4 named threads and 5 total threads.
[2016.04.02-18.58.46:567][  0]LogStats: Stats thread started at 0.376677
[2016.04.02-18.58.46:567][  0]LogInit: Version: 4.10.4-2872498+++depot+UE4-Releases+4.10
[2016.04.02-18.58.46:567][  0]LogInit: API Version: 2758231
[2016.04.02-18.58.46:567][  0]LogInit: Compiled (64-bit): Feb 18 2016 15:47:04
[2016.04.02-18.58.46:568][  0]LogInit: Compiled with Visual C++: 19.00.23026.00
[2016.04.02-18.58.46:568][  0]LogInit: Build Configuration: Development
[2016.04.02-18.58.46:568][  0]LogInit: Branch Name: ++depot+UE4-Releases+4.10
[2016.04.02-18.58.46:568][  0]LogInit: Command line:  
[2016.04.02-18.58.46:568][  0]LogInit: Base directory: C:/Program Files (x86)/Epic Games/4.10/Engine/Binaries/Win64/
[2016.04.02-18.58.46:568][  0]LogInit: Rocket: 1
[2016.04.02-18.58.46:606][  0]LogInit: Using libcurl 7.41.0
[2016.04.02-18.58.46:606][  0]LogInit:  - built for x86_64-pc-win32
[2016.04.02-18.58.46:606][  0]LogInit:  - supports SSL with WinSSL
[2016.04.02-18.58.46:606][  0]LogInit:  - other features:
[2016.04.02-18.58.46:606][  0]LogInit:      CURL_VERSION_SSL
[2016.04.02-18.58.46:606][  0]LogInit:      CURL_VERSION_IPV6
[2016.04.02-18.58.46:606][  0]LogInit:      CURL_VERSION_ASYNCHDNS
[2016.04.02-18.58.46:606][  0]LogInit:      CURL_VERSION_LARGEFILE
[2016.04.02-18.58.46:606][  0]LogInit:      CURL_VERSION_IDN
[2016.04.02-18.58.46:606][  0]LogInit:  CurlRequestOptions (configurable via config and command line):
[2016.04.02-18.58.46:606][  0]LogInit:  - bVerifyPeer = true  - Libcurl will verify peer certificate
[2016.04.02-18.58.46:606][  0]LogInit:  - bUseHttpProxy = false  - Libcurl will NOT use HTTP proxy
[2016.04.02-18.58.46:606][  0]LogInit:  - bDontReuseConnections = false  - Libcurl will reuse connections
[2016.04.02-18.58.46:606][  0]LogInit:  - CertBundlePath = nullptr  - Libcurl will use whatever was configured at build time.
[2016.04.02-18.58.46:617][  0]LogInit: Presizing for 0 objects not considered by GC, pre-allocating 0 bytes.
[2016.04.02-18.58.46:635][  0]LogInit: Object subsystem initialized
[2016.04.02-18.58.46:637][  0]LogInit: Selected Device Profile: [Windows]
[2016.04.02-18.58.46:637][  0]LogInit: Applying CVar settings loaded from the selected device profile: [Windows]
[2016.04.02-18.58.46:678][  0]LogInit: Computer: LAPTOP-RAY
[2016.04.02-18.58.46:678][  0]LogInit: User: ray
[2016.04.02-18.58.46:678][  0]LogInit: CPU Page size=4096, Cores=2
[2016.04.02-18.58.46:678][  0]LogInit: High frequency timer resolution =2.338341 MHz
[2016.04.02-18.58.46:678][  0]LogMemory: Memory total: Physical=3.9GB (4GB approx)
[2016.04.02-18.58.46:678][  0]LogMemory: Platform Memory Stats for Windows
[2016.04.02-18.58.46:678][  0]LogMemory: Process Physical Memory: 54.92 MB used, 54.92 MB peak
[2016.04.02-18.58.46:678][  0]LogMemory: Process Virtual Memory: 55.47 MB used, 55.47 MB peak
[2016.04.02-18.58.46:678][  0]LogMemory: Physical Memory: 2739.17 MB used, 3976.27 MB total
[2016.04.02-18.58.46:678][  0]LogMemory: Virtual Memory: 364.53 MB used, 134217728.00 MB total
[2016.04.02-18.58.46:861][  0]LogTextLocalizationManager: No specific translations for ('en-US') exist, so ('en') translations will be used.
[2016.04.02-18.58.49:141][  0]LogD3D11RHI: Found D3D11 adapter 0: Intel(R) HD Graphics Family (Feature Level 11_0)
[2016.04.02-18.58.49:141][  0]LogD3D11RHI: Adapter has 32MB of dedicated video memory, 0MB of dedicated system memory, and 1760MB of shared system memory, 2 output[s]
[2016.04.02-18.58.49:143][  0]LogD3D11RHI: Found D3D11 adapter 1: Microsoft Basic Render Driver (Feature Level 11_0)
[2016.04.02-18.58.49:143][  0]LogD3D11RHI: Adapter has 0MB of dedicated video memory, 0MB of dedicated system memory, and 256MB of shared system memory, 0 output[s]
[2016.04.02-18.58.49:143][  0]LogD3D11RHI: Chosen D3D11 Adapter Id = 0
[2016.04.02-18.58.49:251][  0]LogD3D11RHI: !Direct3DDevice
[2016.04.02-18.58.49:252][  0]LogRHI: Texture pool is 638 MB (70% of 912 MB)
[2016.04.02-18.58.49:260][  0]LogD3D11RHI: Async texture creation enabled
[2016.04.02-18.58.50:301][  0]LogShaderCompilers: Guid format shader working directory is -71 characters bigger than the processId version (../../../../../../Users/ray/Documents/FCFM Stuff/Essays, Homework, and Stuff/7mo. Semestre/Videojuegos 2/vj2/Axioma/Intermediate/Shaders/WorkingDirectory/7088/).
[2016.04.02-18.58.50:302][  0]LogShaderCompilers: Cleaned the shader compiler working directory 'C:/Users/ray/AppData/Local/Temp/UnrealShaderWorkingDir/48155BAE4769975598762C9CF11448C0/'.
[2016.04.02-18.58.50:313][  0]LogShaderCompilers:Display: Using Local Shader Compiler.
[2016.04.02-18.59.02:804][  0]LogTemp:Display: Loaded TP AllDesktopTargetPlatform
[2016.04.02-18.59.03:069][  0]LogTemp:Display: Loaded TP WindowsClientTargetPlatform
[2016.04.02-18.59.03:227][  0]LogTemp:Display: Loaded TP WindowsNoEditorTargetPlatform
[2016.04.02-18.59.03:480][  0]LogTemp:Display: Loaded TP WindowsServerTargetPlatform
[2016.04.02-18.59.03:942][  0]LogTemp:Display: Loaded TP WindowsTargetPlatform
[2016.04.02-18.59.04:177][  0]LogTemp:Display: Loaded TP AndroidTargetPlatform
[2016.04.02-18.59.04:398][  0]LogTemp:Display: Loaded TP Android_ASTCTargetPlatform
[2016.04.02-18.59.04:608][  0]LogTemp:Display: Loaded TP Android_ATCTargetPlatform
[2016.04.02-18.59.04:793][  0]LogTemp:Display: Loaded TP Android_DXTTargetPlatform
[2016.04.02-18.59.05:213][  0]LogTemp:Display: Loaded TP Android_ETC1TargetPlatform
[2016.04.02-18.59.05:320][  0]LogTemp:Display: Loaded TP Android_ETC2TargetPlatform
[2016.04.02-18.59.05:707][  0]LogTemp:Display: Loaded TP Android_MultiTargetPlatform
[2016.04.02-18.59.05:707][  0]LogTemp:Display: Loaded TP Android_PVRTCTargetPlatform
[2016.04.02-18.59.05:788][  0]LogTemp:Display: Loaded TP HTML5TargetPlatform
[2016.04.02-18.59.06:570][  0]LogTemp:Display: Loaded TP IOSTargetPlatform
[2016.04.02-18.59.06:803][  0]LogTemp:Display: Loaded TP LinuxNoEditorTargetPlatform
[2016.04.02-18.59.07:032][  0]LogTemp:Display: Loaded TP LinuxServerTargetPlatform
[2016.04.02-18.59.07:307][  0]LogTemp:Display: Loaded TP LinuxTargetPlatform
[2016.04.02-18.59.07:341][  0]LogTargetPlatformManager:Display: Building Assets For Windows
[2016.04.02-18.59.09:932][  0]LogDerivedDataCache:Display: Max Cache Size: 512 MB
[2016.04.02-18.59.12:007][  0]LogDerivedDataCache: Loaded boot cache 2.05s 41MB C:/Users/ray/AppData/Local/UnrealEngine/4.10/DerivedDataCache/Boot.ddc.
[2016.04.02-18.59.12:007][  0]LogDerivedDataCache:Display: Loaded Boot cache: C:/Users/ray/AppData/Local/UnrealEngine/4.10/DerivedDataCache/Boot.ddc
[2016.04.02-18.59.12:007][  0]LogDerivedDataCache: FDerivedDataBackendGraph:  Pak pak cache file ../../../../../../Users/ray/Documents/FCFM Stuff/Essays, Homework, and Stuff/7mo. Semestre/Videojuegos 2/vj2/Axioma/DerivedDataCache/DDC.ddp not found, will not use a pak cache.
[2016.04.02-18.59.12:007][  0]LogDerivedDataCache: Unable to find inner node Pak for hierarchical cache Hierarchy.
[2016.04.02-18.59.12:007][  0]LogDerivedDataCache: FDerivedDataBackendGraph:  CompressedPak pak cache file ../../../../../../Users/ray/Documents/FCFM Stuff/Essays, Homework, and Stuff/7mo. Semestre/Videojuegos 2/vj2/Axioma/DerivedDataCache/Compressed.ddp not found, will not use a pak cache.
[2016.04.02-18.59.12:007][  0]LogDerivedDataCache: Unable to find inner node CompressedPak for hierarchical cache Hierarchy.
[2016.04.02-18.59.12:722][  0]LogDerivedDataCache:Display: Pak cache opened for reading ../../../Engine/DerivedDataCache/Compressed.ddp.
[2016.04.02-18.59.12:861][  0]LogDerivedDataCache: Using Local data cache path C:/Users/ray/AppData/Local/UnrealEngine/Common/DerivedDataCache: Writable
[2016.04.02-18.59.38:710][  0]LogInit: Selected Device Profile: [Windows]
[2016.04.02-18.59.39:797][  0]LogContentStreaming: Texture pool size is 0.000000MB
[2016.04.02-18.59.52:588][  0]LogMeshUtilities: No automatic mesh reduction module available
[2016.04.02-18.59.52:589][  0]LogMeshUtilities: No automatic mesh merging module available
[2016.04.02-19.00.03:189][  0]LogInit: WinSock: version 1.1 (2.2), MaxSocks=32767, MaxUdp=65467
[2016.04.02-19.00.45:491][  0]UdpMessaging: Initializing bridge on interface 0.0.0.0:0 to multicast group 230.0.0.1:6666.
[2016.04.02-19.00.47:002][  0]LogAssetRegistry: FAssetRegistry took 0.0176 seconds to start up
[2016.04.02-19.01.00:234][  0]SourceControl: Info Source control is disabled
[2016.04.02-19.01.00:260][  0]SourceControl: Info Source control is disabled
[2016.04.02-19.01.01:399][  0]SourceControl: Info Source control is disabled
[2016.04.02-19.01.02:007][  0]SourceControl: Info Source control is disabled
[2016.04.02-19.01.10:476][  0]LogObj: 28633 objects as part of root set at end of initial load.
[2016.04.02-19.01.10:476][  0]LogUObjectAllocator: 6099752 out of 0 bytes used by permanent object pool.
[2016.04.02-19.01.12:217][  0]LogEngine: Initializing Engine...
[2016.04.02-19.01.12:271][  0]LogHMD: Can't find Oculus library dev build: is proper Runtime installed? Version: 0.8.0.0
[2016.04.02-19.01.12:342][  0]LogHMD: SteamVR failed to initialize.  Err: 110
[2016.04.02-19.01.14:391][  0]LogAIModule: Creating AISystem for world NewWorld
[2016.04.02-19.01.15:429][  0]LogInit: XAudio2 using 'DX-24E150A11 (Sonido Intel(R) para pantallas)' : 2 channels at 48 kHz using 16 bits per sample (channel mask 0x3)
[2016.04.02-19.01.15:550][  0]LogInit: FAudioDevice initialized.
[2016.04.02-19.01.15:584][  0]LogDerivedDataCache: Saved boot cache 0.03s 41MB C:/Users/ray/AppData/Local/UnrealEngine/4.10/DerivedDataCache/Boot.ddc.
[2016.04.02-19.01.15:589][  0]LogInit: Texture streaming: Enabled
[2016.04.02-19.01.15:865][  0]LogAnalytics: Creating configured Analytics provider AnalyticsET
[2016.04.02-19.01.15:865][  0]LogAnalytics: [UEEditor.Rocket.Release] APIServer = http://et2.epicgames.com/ET2/. AppVersion = 4.10.4-2872498+++depot+UE4-Releases+4.10
[2016.04.02-19.01.15:866][  0]LogAnalytics: [UEEditor.Rocket.Release] SetUserId f6d84d504b8c91be90ceca84e0ba1004|f68b6959a5b94dccb13faa64bd594851|592e87cd-9efb-44c2-bcd9-891f7d9d6dd4
[2016.04.02-19.01.15:903][  0]LogAnalytics: [UEEditor.Rocket.Release] AnalyticsET::StartSession
[2016.04.02-19.01.16:236][  0]LogWindowsTextInputMethodSystem:Display: IME system now deactivated.
[2016.04.02-19.01.19:860][  0]LogInit: Transaction tracking system initialized
[2016.04.02-19.01.23:808][  0]BlueprintLog: New page: Editor Load
[2016.04.02-19.01.37:416][  0]LocalizationService: Info Localization service is disabled
[2016.04.02-19.01.44:542][  0]LogConsoleResponse:Display: 
[2016.04.02-19.01.54:575][  0]LogCook:Display: Done creating registry. It took  0.00s.
[2016.04.02-19.02.04:798][  0]SourceControl: Info Source control is disabled
[2016.04.02-19.02.05:575][  0]LightingResults: New page: Lighting Build
[2016.04.02-19.02.07:044][  0]MapCheck: New page: Map Check
[2016.04.02-19.02.07:044][  0]LightingResults: New page: Lighting Build
[2016.04.02-19.02.10:169][  0]LogParticles: Destroying 0 GPU particle simulations for FXSystem 0x000000D37D473B00
[2016.04.02-19.02.56:456][  0]LogAIModule: Creating AISystem for world FirstPersonExampleMap
[2016.04.02-19.04.23:726][  0]LogBlueprintUserMessages: [Wind_Turbine__Rotor__Blueprint_C_7] 153.621017
[2016.04.02-19.04.23:727][  0]LogBlueprintUserMessages: [Wind_Turbine__Rotor__Blueprint_C_8] 163.311264
[2016.04.02-19.04.23:728][  0]LogBlueprintUserMessages: [Wind_Turbine__Rotor__Blueprint3_44] 110.492874
[2016.04.02-19.04.23:728][  0]LogBlueprintUserMessages: [Wind_Turbine__Rotor__Blueprint4] 155.84581
[2016.04.02-19.04.23:729][  0]LogBlueprintUserMessages: [Wind_Turbine__Rotor__Blueprint5] 39.530014
[2016.04.02-19.04.23:729][  0]LogBlueprintUserMessages: [Wind_Turbine__Rotor__Blueprint6] 114.585403
[2016.04.02-19.04.23:730][  0]LogBlueprintUserMessages: [Wind_Turbine__Rotor__Blueprint7] 107.625351
[2016.04.02-19.04.24:034][  0]LogEditorServer: Finished looking for orphan Actors (0.022 secs)
[2016.04.02-19.04.24:247][  0]Cmd: MAP CHECKDEP NOCLEARLOG
[2016.04.02-19.04.24:510][  0]MapCheck: Info Map check complete: 0 Error(s), 0 Warning(s), took 261.984ms to complete.
[2016.04.02-19.04.24:546][  0]LogFileHelpers: Loading map 'FirstPersonExampleMap' took 139.456
[2016.04.02-19.04.29:938][  0]LogCollectionManager: Loaded 0 collections in 0.002197 seconds
[2016.04.02-19.04.30:915][  0]LogFileCache: Scanning file cache for directory 'C:/Users/ray/Documents/FCFM Stuff/Essays, Homework, and Stuff/7mo. Semestre/Videojuegos 2/vj2/Axioma/Saved/Collections/' took 0.06s
[2016.04.02-19.04.30:915][  0]LogFileCache: Scanning file cache for directory 'C:/Users/ray/Documents/FCFM Stuff/Essays, Homework, and Stuff/7mo. Semestre/Videojuegos 2/vj2/Axioma/Content/Developers/ray/Collections/' took 0.01s
[2016.04.02-19.04.30:915][  0]LogFileCache: Scanning file cache for directory 'C:/Users/ray/Documents/FCFM Stuff/Essays, Homework, and Stuff/7mo. Semestre/Videojuegos 2/vj2/Axioma/Content/Collections/' took 0.01s
[2016.04.02-19.04.30:915][  0]LogCollectionManager: Rebuilt the GUID cache for 0 collections in 0.000002 seconds
[2016.04.02-19.04.30:956][  0]LogContentBrowser: Native class hierarchy populated in 0.0213 seconds. Added 1893 classes and 338 folders.
[2016.04.02-19.04.31:328][  0]LogContentBrowser: Native class hierarchy updated for 'WidgetCarousel' in 0.0023 seconds. Added 0 classes and 0 folders.
[2016.04.02-19.04.33:323][  0]LogContentBrowser: Native class hierarchy updated for 'AddContentDialog' in 0.0006 seconds. Added 0 classes and 0 folders.
[2016.04.02-19.04.33:516][  0]LogContentBrowser: Native class hierarchy updated for 'SceneOutliner' in 0.0007 seconds. Added 1 classes and 2 folders.
[2016.04.02-19.04.35:068][  0]LogCrashTracker: Crashtracker disabled due to settings.
[2016.04.02-19.04.35:981][  0]LogUObjectGlobals:Warning: Failed to find object 'Class None.'
[2016.04.02-19.04.36:168][  0]LogLoad: Full Startup: 352.69 seconds (BP compile: 12.84 seconds)
[2016.04.02-19.04.36:449][  0]LogOcInput: Can't find Oculus library dev build: is proper Runtime installed? Version: 0.8.0.0
[2016.04.02-19.04.39:269][  0]LogContentStreaming: Texture pool size now 200 MB
[2016.04.02-19.04.41:505][  0]LogRenderer: Reallocating scene render targets to support 816x348 (Frame:2).
[2016.04.02-19.04.48:459][  1]Cmd: UpdateLandscapeEditorData -warnings
[2016.04.02-19.04.52:767][ 13]LogAssetRegistry: Asset discovery search completed in 245.7775 seconds
[2016.04.02-19.04.52:819][ 13]LogCollectionManager: Rebuilt the object cache for 0 collections in 0.000002 seconds (found 0 objects)
[2016.04.02-19.04.52:886][ 13]LogCollectionManager: Fixed up redirectors for 0 collections in 0.095156 seconds (updated 0 objects)
[2016.04.02-19.12.46:722][473]LogEditorViewport: Clicking on Actor (LMB): StaticMeshActor (Floor2)
[2016.04.02-19.12.52:099][549]LogEditorViewport: Clicking on Actor (LMB): StaticMeshActor (Floor2)
[2016.04.02-19.12.59:131][935]LogEditorViewport: Clicking on Actor (LMB): FirstPersonCharacter_C (FirstPersonCharacter)
[2016.04.02-19.13.08:948][315]LogEditorViewport: Clicking on Actor (LMB): StaticMeshActor (Floor2)
[2016.04.02-19.13.21:612][956]LogActorFactory: Actor Factory created SM_Door
[2016.04.02-19.13.23:039][998]LogActorFactory: Actor Factory created SM_Door
[2016.04.02-19.13.25:100][ 24]LogActorFactory: Actor Factory created SM_DoorFrame
[2016.04.02-19.13.25:416][ 31]LogActorFactory: Actor Factory created SM_DoorFrame
[2016.04.02-19.13.41:811][682]Cmd: DELETE
[2016.04.02-19.13.41:811][682]Cmd: ACTOR DELETE
[2016.04.02-19.13.41:878][682]LogEditorActor: Deleted Actor: StaticMeshActor
[2016.04.02-19.13.42:353][682]LogEditorActor: Deleted 1 Actors (0.517 secs)
[2016.04.02-19.13.44:878][818]LogEditorViewport: Clicking on Actor (LMB): StaticMeshActor (SM_DoorFrame)
[2016.04.02-19.13.45:459][848]Cmd: DELETE
[2016.04.02-19.13.45:459][848]Cmd: ACTOR DELETE
[2016.04.02-19.13.45:465][848]LogEditorActor: Deleted Actor: StaticMeshActor
[2016.04.02-19.13.45:510][848]LogEditorActor: Deleted 1 Actors (0.050 secs)
[2016.04.02-19.13.50:808][ 82]LogActorFactory: Actor Factory created SM_DoorFrame
[2016.04.02-19.13.52:005][126]LogActorFactory: Actor Factory created SM_DoorFrame
[2016.04.02-19.13.52:786][164]LogEditorViewport: Clicking on Actor (LMB): StaticMeshActor (SM_Door)
[2016.04.02-19.14.33:606][424]LogRenderer: Reallocating scene render targets to support 1016x608 (Frame:3077).
[2016.04.02-19.15.15:699][613]LogSavePackage: Save=233.167023ms
[2016.04.02-19.15.15:699][613]LogSavePackage: Moving '../../../../../../Users/ray/Documents/FCFM Stuff/Essays, Homework, and Stuff/7mo. Semestre/Videojuegos 2/vj2/Axioma/Saved/SM_Door6B75C36942EA5E4025E396A202AAB6ED.tmp' to '../../../../../../Users/ray/Documents/FCFM Stuff/Essays, Homework, and Stuff/7mo. Semestre/Videojuegos 2/vj2/Axioma/Content/StarterContent/Props/SM_Door.uasset'
[2016.04.02-19.15.15:704][613]LogSavePackage: Total save time: 293.882288ms
[2016.04.02-19.15.15:704][613]LogSavePackage:Display: Finished SavePackage ../../../../../../Users/ray/Documents/FCFM Stuff/Essays, Homework, and Stuff/7mo. Semestre/Videojuegos 2/vj2/Axioma/Content/StarterContent/Props/SM_Door.uasset
[2016.04.02-19.16.58:227][495]LogParticles: Destroying 0 GPU particle simulations for FXSystem 0x000000D36AE8B240
[2016.04.02-19.17.05:444][495]LogSavePackage: Save=7100.236328ms
[2016.04.02-19.17.05:444][495]LogSavePackage: Moving '../../../../../../Users/ray/Documents/FCFM Stuff/Essays, Homework, and Stuff/7mo. Semestre/Videojuegos 2/vj2/Axioma/Saved/FirstPersonExampleMap_Auto11613A6564C10783AD1A5D1B72458143D.tmp' to '../../../../../../Users/ray/Documents/FCFM Stuff/Essays, Homework, and Stuff/7mo. Semestre/Videojuegos 2/vj2/Axioma/Saved/Autosaves/Game/FirstPersonBP/Maps/FirstPersonExampleMap_Auto1.umap'
[2016.04.02-19.17.05:558][495]LogSavePackage: Total save time: 7301.093809ms
[2016.04.02-19.17.05:558][495]LogSavePackage:Display: Finished SavePackage ../../../../../../Users/ray/Documents/FCFM Stuff/Essays, Homework, and Stuff/7mo. Semestre/Videojuegos 2/vj2/Axioma/Saved/Autosaves/Game/FirstPersonBP/Maps/FirstPersonExampleMap_Auto1.umap
[2016.04.02-19.17.05:607][495]LogFileHelpers: Editor autosave (incl. sublevels) for '/Game/FirstPersonBP/Maps/FirstPersonExampleMap' took 7.422
[2016.04.02-19.17.05:607][495]LogFileHelpers: Editor autosave (incl. sublevels) for all levels took 7.422
[2016.04.02-19.17.09:864][714]LogContentBrowser: Native class hierarchy updated for 'Matinee' in 0.0008 seconds. Added 15 classes and 2 folders.
[2016.04.02-19.17.10:073][714]LogInit: Transaction tracking system initialized
[2016.04.02-19.17.10:106][714]EditorErrors: New page: Matinee Initialization
[2016.04.02-19.17.59:161][933]LogEditorViewport: Clicking on Actor (LMB): StaticMeshActor (SM_DoorFrame)
[2016.04.02-19.23.34:745][853]LogLinker:Warning: Asset '../../../Engine/Content/ArtTools/RenderToTexture/Macros/RenderToTextureMacros.uasset' has been saved with empty engine version. The asset will be loaded but may be incompatible.
[2016.04.02-19.23.36:890][853]LogContentBrowser: Native class hierarchy updated for 'BlueprintGraph' in 0.0210 seconds. Added 107 classes and 0 folders.
[2016.04.02-19.25.25:990][502]LogExit: Transaction tracking system shut down
[2016.04.02-19.25.31:651][502]LogSavePackage: Save=5548.606445ms
[2016.04.02-19.25.31:651][502]LogSavePackage: Moving '../../../../../../Users/ray/Documents/FCFM Stuff/Essays, Homework, and Stuff/7mo. Semestre/Videojuegos 2/vj2/Axioma/Saved/FirstPersonExampleMap37B0B3A34E1B0DCE9A727E855B5C380B.tmp' to '../../../../../../Users/ray/Documents/FCFM Stuff/Essays, Homework, and Stuff/7mo. Semestre/Videojuegos 2/vj2/Axioma/Content/FirstPersonBP/Maps/FirstPersonExampleMap.umap'
[2016.04.02-19.25.31:669][502]LogSavePackage: Total save time: 5620.602813ms
[2016.04.02-19.25.31:669][502]LogSavePackage:Display: Finished SavePackage ../../../../../../Users/ray/Documents/FCFM Stuff/Essays, Homework, and Stuff/7mo. Semestre/Videojuegos 2/vj2/Axioma/Content/FirstPersonBP/Maps/FirstPersonExampleMap.umap
[2016.04.02-19.25.31:770][502]LogFileHelpers: Saving map 'FirstPersonExampleMap' took 6.020
[2016.04.02-19.28.51:271][842]LogEditorTransaction: Undo Move Node
[2016.04.02-19.29.34:328][511]BlueprintLog: New page: Compile FirstPersonExampleMap
[2016.04.02-19.29.34:508][511]BlueprintEditorCompileResults: Info [1851.00] Compile of FirstPersonExampleMap successful! [in 159 ms]
[2016.04.02-19.29.42:956][700]LogBlueprintUserMessages: Early PlayInEditor Detection: Level '/Game/FirstPersonBP/Maps/FirstPersonExampleMap.FirstPersonExampleMap:PersistentLevel' has LevelScriptBlueprint '/Game/FirstPersonBP/Maps/FirstPersonExampleMap.FirstPersonExampleMap:PersistentLevel.FirstPersonExampleMap' with GeneratedClass '/Game/FirstPersonBP/Maps/FirstPersonExampleMap.FirstPersonExampleMap_C' with ClassGeneratedBy '/Game/FirstPersonBP/Maps/FirstPersonExampleMap.FirstPersonExampleMap:PersistentLevel.FirstPersonExampleMap'
[2016.04.02-19.29.42:956][700]LogPlayLevel: PlayLevel: No blueprints needed recompiling
[2016.04.02-19.29.43:178][700]PIE: New page: PIE session: FirstPersonExampleMap (Apr 2, 2016, 7:29:42 AM)
[2016.04.02-19.29.43:266][700]LogPlayLevel: Creating play world package: /Game/FirstPersonBP/Maps/UEDPIE_0_FirstPersonExampleMap
[2016.04.02-19.29.44:501][700]LogPlayLevel: PIE: StaticDuplicateObject took: (1.235293s)
[2016.04.02-19.29.44:502][700]LogAIModule: Creating AISystem for world FirstPersonExampleMap
[2016.04.02-19.29.44:503][700]LogPlayLevel: PIE: World Init took: (0.001244s)
[2016.04.02-19.29.44:526][700]LogPlayLevel: PIE: Created PIE world by copying editor world from /Game/FirstPersonBP/Maps/FirstPersonExampleMap.FirstPersonExampleMap to /Game/FirstPersonBP/Maps/UEDPIE_0_FirstPersonExampleMap.FirstPersonExampleMap (1.281888s)
[2016.04.02-19.29.44:669][700]LogInit: XAudio2 using 'DX-24E150A11 (Sonido Intel(R) para pantallas)' : 2 channels at 48 kHz using 16 bits per sample (channel mask 0x3)
[2016.04.02-19.29.44:703][700]LogInit: FAudioDevice initialized.
[2016.04.02-19.29.45:016][700]LogWorld: Game class is 'FirstPersonGameMode_C'
[2016.04.02-19.29.45:559][700]LogWorld: Bringing World /Game/FirstPersonBP/Maps/UEDPIE_0_FirstPersonExampleMap.FirstPersonExampleMap up for play (max tick rate 60) at 2016.04.02-13.29.45
[2016.04.02-19.29.45:559][700]LogActor:Warning: GameSession /Game/FirstPersonBP/Maps/UEDPIE_0_FirstPersonExampleMap.FirstPersonExampleMap:PersistentLevel.GameSession_0 has natively added scene component(s), but none of them were set as the actor's RootComponent - picking one arbitrarily
[2016.04.02-19.29.45:565][700]LogActor:Warning: GameNetworkManager /Game/FirstPersonBP/Maps/UEDPIE_0_FirstPersonExampleMap.FirstPersonExampleMap:PersistentLevel.GameNetworkManager_0 has natively added scene component(s), but none of them were set as the actor's RootComponent - picking one arbitrarily
[2016.04.02-19.29.45:779][700]LogWorld: Bringing up level for play took: 0.494414
[2016.04.02-19.29.46:271][700]PIE: Info Play in editor start time for /Game/FirstPersonBP/Maps/UEDPIE_0_FirstPersonExampleMap 4.084
[2016.04.02-19.29.46:271][700]LogBlueprintUserMessages: Late PlayInEditor Detection: Level '/Game/FirstPersonBP/Maps/FirstPersonExampleMap.FirstPersonExampleMap:PersistentLevel' has LevelScriptBlueprint '/Game/FirstPersonBP/Maps/FirstPersonExampleMap.FirstPersonExampleMap:PersistentLevel.FirstPersonExampleMap' with GeneratedClass '/Game/FirstPersonBP/Maps/FirstPersonExampleMap.FirstPersonExampleMap_C' with ClassGeneratedBy '/Game/FirstPersonBP/Maps/FirstPersonExampleMap.FirstPersonExampleMap:PersistentLevel.FirstPersonExampleMap'
[2016.04.02-19.30.27:654][937]LogBlueprintUserMessages: Early EndPlayMap Detection: Level '/Game/FirstPersonBP/Maps/FirstPersonExampleMap.FirstPersonExampleMap:PersistentLevel' has LevelScriptBlueprint '/Game/FirstPersonBP/Maps/FirstPersonExampleMap.FirstPersonExampleMap:PersistentLevel.FirstPersonExampleMap' with GeneratedClass '/Game/FirstPersonBP/Maps/FirstPersonExampleMap.FirstPersonExampleMap_C' with ClassGeneratedBy '/Game/FirstPersonBP/Maps/FirstPersonExampleMap.FirstPersonExampleMap:PersistentLevel.FirstPersonExampleMap'
[2016.04.02-19.30.28:082][937]LogBlueprintUserMessages: Late EndPlayMap Detection: Level '/Game/FirstPersonBP/Maps/FirstPersonExampleMap.FirstPersonExampleMap:PersistentLevel' has LevelScriptBlueprint '/Game/FirstPersonBP/Maps/FirstPersonExampleMap.FirstPersonExampleMap:PersistentLevel.FirstPersonExampleMap' with GeneratedClass '/Game/FirstPersonBP/Maps/FirstPersonExampleMap.FirstPersonExampleMap_C' with ClassGeneratedBy '/Game/FirstPersonBP/Maps/FirstPersonExampleMap.FirstPersonExampleMap:PersistentLevel.FirstPersonExampleMap'
[2016.04.02-19.30.28:380][937]LogParticles: Destroying 0 GPU particle simulations for FXSystem 0x000000D36C76F920
[2016.04.02-19.30.56:979][673]LogSavePackage: Save=6210.838867ms
[2016.04.02-19.30.56:980][673]LogSavePackage: Moving '../../../../../../Users/ray/Documents/FCFM Stuff/Essays, Homework, and Stuff/7mo. Semestre/Videojuegos 2/vj2/Axioma/Saved/FirstPersonExampleMapF328A52D461A7B8AA8660B936E0CD688.tmp' to '../../../../../../Users/ray/Documents/FCFM Stuff/Essays, Homework, and Stuff/7mo. Semestre/Videojuegos 2/vj2/Axioma/Content/FirstPersonBP/Maps/FirstPersonExampleMap.umap'
[2016.04.02-19.30.56:988][673]LogSavePackage: Total save time: 6308.703050ms
[2016.04.02-19.30.56:988][673]LogSavePackage:Display: Finished SavePackage ../../../../../../Users/ray/Documents/FCFM Stuff/Essays, Homework, and Stuff/7mo. Semestre/Videojuegos 2/vj2/Axioma/Content/FirstPersonBP/Maps/FirstPersonExampleMap.umap
[2016.04.02-19.30.57:305][673]LogFileHelpers: Saving map 'FirstPersonExampleMap' took 6.877
[2016.04.02-19.31.16:569][444]LogInit: Transaction tracking system initialized
[2016.04.02-19.31.16:569][444]EditorErrors: New page: Matinee Initialization
[2016.04.02-19.32.14:951][868]LogEditorTransaction: Undo Track Delete
[2016.04.02-19.32.57:810][968]LogParticles: Destroying 0 GPU particle simulations for FXSystem 0x000000D311E92D40
[2016.04.02-19.32.57:810][968]LogExit: Transaction tracking system shut down
[2016.04.02-19.33.03:960][968]LogSavePackage: Save=5873.158203ms
[2016.04.02-19.33.03:960][968]LogSavePackage: Moving '../../../../../../Users/ray/Documents/FCFM Stuff/Essays, Homework, and Stuff/7mo. Semestre/Videojuegos 2/vj2/Axioma/Saved/FirstPersonExampleMap5EE3EB7744C1221F62856FA001D48720.tmp' to '../../../../../../Users/ray/Documents/FCFM Stuff/Essays, Homework, and Stuff/7mo. Semestre/Videojuegos 2/vj2/Axioma/Content/FirstPersonBP/Maps/FirstPersonExampleMap.umap'
[2016.04.02-19.33.03:968][968]LogSavePackage: Total save time: 5888.396088ms
[2016.04.02-19.33.03:968][968]LogSavePackage:Display: Finished SavePackage ../../../../../../Users/ray/Documents/FCFM Stuff/Essays, Homework, and Stuff/7mo. Semestre/Videojuegos 2/vj2/Axioma/Content/FirstPersonBP/Maps/FirstPersonExampleMap.umap
[2016.04.02-19.33.04:026][968]LogFileHelpers: Saving map 'FirstPersonExampleMap' took 6.174
[2016.04.02-19.33.06:167][ 63]LogBlueprintUserMessages: Early PlayInEditor Detection: Level '/Game/FirstPersonBP/Maps/FirstPersonExampleMap.FirstPersonExampleMap:PersistentLevel' has LevelScriptBlueprint '/Game/FirstPersonBP/Maps/FirstPersonExampleMap.FirstPersonExampleMap:PersistentLevel.FirstPersonExampleMap' with GeneratedClass '/Game/FirstPersonBP/Maps/FirstPersonExampleMap.FirstPersonExampleMap_C' with ClassGeneratedBy '/Game/FirstPersonBP/Maps/FirstPersonExampleMap.FirstPersonExampleMap:PersistentLevel.FirstPersonExampleMap'
[2016.04.02-19.33.06:167][ 63]LogPlayLevel: PlayLevel: No blueprints needed recompiling
[2016.04.02-19.33.06:168][ 63]PIE: New page: PIE session: FirstPersonExampleMap (Apr 2, 2016, 7:33:06 AM)
[2016.04.02-19.33.06:168][ 63]LogPlayLevel: Creating play world package: /Game/FirstPersonBP/Maps/UEDPIE_0_FirstPersonExampleMap
[2016.04.02-19.33.06:387][ 63]LogPlayLevel: PIE: StaticDuplicateObject took: (0.219376s)
[2016.04.02-19.33.06:396][ 63]LogAIModule: Creating AISystem for world FirstPersonExampleMap
[2016.04.02-19.33.