[2016.04.08-17.29.25:420][  0]Log file open, 04/08/16 12:29:25
[2016.04.08-17.29.25:420][  0]LogInit:Display: Running engine for game: Axioma
[2016.04.08-17.29.25:420][  0]LogPlatformFile: Not using cached read wrapper
[2016.04.08-17.29.25:420][  0]LogInit:Display: RandInit(1943265932) SRandInit(1943265933).
[2016.04.08-17.29.25:420][  0]LogTaskGraph: Started task graph with 4 named threads and 5 total threads.
[2016.04.08-17.29.25:420][  0]LogStats: Stats thread started at 0.075456
[2016.04.08-17.29.25:420][  0]LogInit: Version: 4.10.4-2872498+++depot+UE4-Releases+4.10
[2016.04.08-17.29.25:420][  0]LogInit: API Version: 2758231
[2016.04.08-17.29.25:420][  0]LogInit: Compiled (64-bit): Feb 18 2016 15:47:04
[2016.04.08-17.29.25:420][  0]LogInit: Compiled with Visual C++: 19.00.23026.00
[2016.04.08-17.29.25:420][  0]LogInit: Build Configuration: Development
[2016.04.08-17.29.25:420][  0]LogInit: Branch Name: ++depot+UE4-Releases+4.10
[2016.04.08-17.29.25:420][  0]LogInit: Command line:  
[2016.04.08-17.29.25:420][  0]LogInit: Base directory: C:/Program Files (x86)/Epic Games/4.10/Engine/Binaries/Win64/
[2016.04.08-17.29.25:420][  0]LogInit: Rocket: 1
[2016.04.08-17.29.25:420][  0]LogInit: Using libcurl 7.41.0
[2016.04.08-17.29.25:420][  0]LogInit:  - built for x86_64-pc-win32
[2016.04.08-17.29.25:420][  0]LogInit:  - supports SSL with WinSSL
[2016.04.08-17.29.25:420][  0]LogInit:  - other features:
[2016.04.08-17.29.25:420][  0]LogInit:      CURL_VERSION_SSL
[2016.04.08-17.29.25:420][  0]LogInit:      CURL_VERSION_IPV6
[2016.04.08-17.29.25:420][  0]LogInit:      CURL_VERSION_ASYNCHDNS
[2016.04.08-17.29.25:420][  0]LogInit:      CURL_VERSION_LARGEFILE
[2016.04.08-17.29.25:420][  0]LogInit:      CURL_VERSION_IDN
[2016.04.08-17.29.25:420][  0]LogInit:  CurlRequestOptions (configurable via config and command line):
[2016.04.08-17.29.25:420][  0]LogInit:  - bVerifyPeer = true  - Libcurl will verify peer certificate
[2016.04.08-17.29.25:420][  0]LogInit:  - bUseHttpProxy = false  - Libcurl will NOT use HTTP proxy
[2016.04.08-17.29.25:420][  0]LogInit:  - bDontReuseConnections = false  - Libcurl will reuse connections
[2016.04.08-17.29.25:420][  0]LogInit:  - CertBundlePath = nullptr  - Libcurl will use whatever was configured at build time.
[2016.04.08-17.29.25:435][  0]LogInit: Presizing for 0 objects not considered by GC, pre-allocating 0 bytes.
[2016.04.08-17.29.25:435][  0]LogInit: Object subsystem initialized
[2016.04.08-17.29.25:451][  0]LogInit: Selected Device Profile: [Windows]
[2016.04.08-17.29.25:451][  0]LogInit: Applying CVar settings loaded from the selected device profile: [Windows]
[2016.04.08-17.29.25:466][  0]LogInit: Computer: LAPTOP-RAY
[2016.04.08-17.29.25:466][  0]LogInit: User: ray
[2016.04.08-17.29.25:466][  0]LogInit: CPU Page size=4096, Cores=2
[2016.04.08-17.29.25:466][  0]LogInit: High frequency timer resolution =2.338334 MHz
[2016.04.08-17.29.25:466][  0]LogMemory: Memory total: Physical=3.9GB (4GB approx)
[2016.04.08-17.29.25:466][  0]LogMemory: Platform Memory Stats for Windows
[2016.04.08-17.29.25:466][  0]LogMemory: Process Physical Memory: 54.96 MB used, 54.96 MB peak
[2016.04.08-17.29.25:466][  0]LogMemory: Process Virtual Memory: 55.41 MB used, 55.41 MB peak
[2016.04.08-17.29.25:466][  0]LogMemory: Physical Memory: 1436.49 MB used, 3976.27 MB total
[2016.04.08-17.29.25:466][  0]LogMemory: Virtual Memory: 364.53 MB used, 134217728.00 MB total
[2016.04.08-17.29.25:534][  0]LogTextLocalizationManager: No specific translations for ('en-US') exist, so ('en') translations will be used.
[2016.04.08-17.29.25:944][  0]LogD3D11RHI: Found D3D11 adapter 0: Intel(R) HD Graphics Family (Feature Level 11_0)
[2016.04.08-17.29.25:944][  0]LogD3D11RHI: Adapter has 32MB of dedicated video memory, 0MB of dedicated system memory, and 1760MB of shared system memory, 1 output[s]
[2016.04.08-17.29.25:946][  0]LogD3D11RHI: Found D3D11 adapter 1: Microsoft Basic Render Driver (Feature Level 11_0)
[2016.04.08-17.29.25:946][  0]LogD3D11RHI: Adapter has 0MB of dedicated video memory, 0MB of dedicated system memory, and 256MB of shared system memory, 0 output[s]
[2016.04.08-17.29.25:946][  0]LogD3D11RHI: Chosen D3D11 Adapter Id = 0
[2016.04.08-17.29.25:952][  0]LogD3D11RHI: !Direct3DDevice
[2016.04.08-17.29.25:952][  0]LogRHI: Texture pool is 638 MB (70% of 912 MB)
[2016.04.08-17.29.25:960][  0]LogD3D11RHI: Async texture creation enabled
[2016.04.08-17.29.25:965][  0]LogShaderCompilers: Guid format shader working directory is -71 characters bigger than the processId version (../../../../../../Users/ray/Documents/FCFM Stuff/Essays, Homework, and Stuff/7mo. Semestre/Videojuegos 2/vj2/Axioma/Intermediate/Shaders/WorkingDirectory/4804/).
[2016.04.08-17.29.25:965][  0]LogShaderCompilers: Cleaned the shader compiler working directory 'C:/Users/ray/AppData/Local/Temp/UnrealShaderWorkingDir/417DBD3C4AC070A6E9EA6FB06445A96E/'.
[2016.04.08-17.29.25:965][  0]LogShaderCompilers:Display: Using Local Shader Compiler.
[2016.04.08-17.29.29:147][  0]LogTemp:Display: Loaded TP AllDesktopTargetPlatform
[2016.04.08-17.29.29:153][  0]LogTemp:Display: Loaded TP WindowsClientTargetPlatform
[2016.04.08-17.29.29:158][  0]LogTemp:Display: Loaded TP WindowsNoEditorTargetPlatform
[2016.04.08-17.29.29:163][  0]LogTemp:Display: Loaded TP WindowsServerTargetPlatform
[2016.04.08-17.29.29:182][  0]LogTemp:Display: Loaded TP WindowsTargetPlatform
[2016.04.08-17.29.29:198][  0]LogTemp:Display: Loaded TP AndroidTargetPlatform
[2016.04.08-17.29.29:203][  0]LogTemp:Display: Loaded TP Android_ASTCTargetPlatform
[2016.04.08-17.29.29:206][  0]LogTemp:Display: Loaded TP Android_ATCTargetPlatform
[2016.04.08-17.29.29:211][  0]LogTemp:Display: Loaded TP Android_DXTTargetPlatform
[2016.04.08-17.29.29:233][  0]LogTemp:Display: Loaded TP Android_ETC1TargetPlatform
[2016.04.08-17.29.29:237][  0]LogTemp:Display: Loaded TP Android_ETC2TargetPlatform
[2016.04.08-17.29.29:276][  0]LogTemp:Display: Loaded TP Android_MultiTargetPlatform
[2016.04.08-17.29.29:276][  0]LogTemp:Display: Loaded TP Android_PVRTCTargetPlatform
[2016.04.08-17.29.29:277][  0]LogTemp:Display: Loaded TP HTML5TargetPlatform
[2016.04.08-17.29.29:401][  0]LogTemp:Display: Loaded TP IOSTargetPlatform
[2016.04.08-17.29.29:446][  0]LogTemp:Display: Loaded TP LinuxNoEditorTargetPlatform
[2016.04.08-17.29.29:454][  0]LogTemp:Display: Loaded TP LinuxServerTargetPlatform
[2016.04.08-17.29.29:485][  0]LogTemp:Display: Loaded TP LinuxTargetPlatform
[2016.04.08-17.29.29:485][  0]LogTargetPlatformManager:Display: Building Assets For Windows
[2016.04.08-17.29.29:942][  0]LogDerivedDataCache:Display: Max Cache Size: 512 MB
[2016.04.08-17.29.30:005][  0]LogDerivedDataCache: Loaded boot cache 0.06s 41MB C:/Users/ray/AppData/Local/UnrealEngine/4.10/DerivedDataCache/Boot.ddc.
[2016.04.08-17.29.30:005][  0]LogDerivedDataCache:Display: Loaded Boot cache: C:/Users/ray/AppData/Local/UnrealEngine/4.10/DerivedDataCache/Boot.ddc
[2016.04.08-17.29.30:005][  0]LogDerivedDataCache: FDerivedDataBackendGraph:  Pak pak cache file ../../../../../../Users/ray/Documents/FCFM Stuff/Essays, Homework, and Stuff/7mo. Semestre/Videojuegos 2/vj2/Axioma/DerivedDataCache/DDC.ddp not found, will not use a pak cache.
[2016.04.08-17.29.30:005][  0]LogDerivedDataCache: Unable to find inner node Pak for hierarchical cache Hierarchy.
[2016.04.08-17.29.30:005][  0]LogDerivedDataCache: FDerivedDataBackendGraph:  CompressedPak pak cache file ../../../../../../Users/ray/Documents/FCFM Stuff/Essays, Homework, and Stuff/7mo. Semestre/Videojuegos 2/vj2/Axioma/DerivedDataCache/Compressed.ddp not found, will not use a pak cache.
[2016.04.08-17.29.30:005][  0]LogDerivedDataCache: Unable to find inner node CompressedPak for hierarchical cache Hierarchy.
[2016.04.08-17.29.30:121][  0]LogDerivedDataCache:Display: Pak cache opened for reading ../../../Engine/DerivedDataCache/Compressed.ddp.
[2016.04.08-17.29.30:134][  0]LogDerivedDataCache: Using Local data cache path C:/Users/ray/AppData/Local/UnrealEngine/Common/DerivedDataCache: Writable
[2016.04.08-17.29.33:466][  0]LogInit: Selected Device Profile: [Windows]
[2016.04.08-17.29.33:470][  0]LogContentStreaming: Texture pool size is 0.000000MB
[2016.04.08-17.29.33:631][  0]LogMeshUtilities: No automatic mesh reduction module available
[2016.04.08-17.29.33:631][  0]LogMeshUtilities: No automatic mesh merging module available
[2016.04.08-17.29.33:988][  0]LogInit: WinSock: version 1.1 (2.2), MaxSocks=32767, MaxUdp=65467
[2016.04.08-17.29.45:312][  0]UdpMessaging: Initializing bridge on interface 0.0.0.0:0 to multicast group 230.0.0.1:6666.
[2016.04.08-17.29.45:626][  0]LogAssetRegistry: FAssetRegistry took 0.0111 seconds to start up
[2016.04.08-17.29.46:217][  0]SourceControl: Info Source control is disabled
[2016.04.08-17.29.46:218][  0]SourceControl: Info Source control is disabled
[2016.04.08-17.29.46:284][  0]SourceControl: Info Source control is disabled
[2016.04.08-17.29.46:336][  0]SourceControl: Info Source control is disabled
[2016.04.08-17.29.48:045][  0]LogObj: 28633 objects as part of root set at end of initial load.
[2016.04.08-17.29.48:045][  0]LogUObjectAllocator: 6099744 out of 0 bytes used by permanent object pool.
[2016.04.08-17.29.48:275][  0]LogEngine: Initializing Engine...
[2016.04.08-17.29.48:280][  0]LogHMD: Can't find Oculus library dev build: is proper Runtime installed? Version: 0.8.0.0
[2016.04.08-17.29.48:297][  0]LogHMD: SteamVR failed to initialize.  Err: 110
[2016.04.08-17.29.48:478][  0]LogAIModule: Creating AISystem for world NewWorld
[2016.04.08-17.29.48:482][  0]LogInit: XAudio2 using 'Altavoces (Realtek High Definition Audio)' : 2 channels at 48 kHz using 32 bits per sample (channel mask 0x3)
[2016.04.08-17.29.48:504][  0]LogInit: FAudioDevice initialized.
[2016.04.08-17.29.48:534][  0]LogDerivedDataCache: Saved boot cache 0.03s 41MB C:/Users/ray/AppData/Local/UnrealEngine/4.10/DerivedDataCache/Boot.ddc.
[2016.04.08-17.29.48:594][  0]LogInit: Texture streaming: Enabled
[2016.04.08-17.29.48:610][  0]LogAnalytics: Creating configured Analytics provider AnalyticsET
[2016.04.08-17.29.48:610][  0]LogAnalytics: [UEEditor.Rocket.Release] APIServer = http://et2.epicgames.com/ET2/. AppVersion = 4.10.4-2872498+++depot+UE4-Releases+4.10
[2016.04.08-17.29.48:610][  0]LogAnalytics: [UEEditor.Rocket.Release] SetUserId f6d84d504b8c91be90ceca84e0ba1004|f68b6959a5b94dccb13faa64bd594851|592e87cd-9efb-44c2-bcd9-891f7d9d6dd4
[2016.04.08-17.29.48:610][  0]LogAnalytics: [UEEditor.Rocket.Release] AnalyticsET::StartSession
[2016.04.08-17.29.48:639][  0]LogWindowsTextInputMethodSystem:Display: IME system now deactivated.
[2016.04.08-17.29.48:836][  0]LogInit: Transaction tracking system initialized
[2016.04.08-17.29.48:861][  0]BlueprintLog: New page: Editor Load
[2016.04.08-17.29.48:937][  0]LocalizationService: Info Localization service is disabled
[2016.04.08-17.29.49:175][  0]LogConsoleResponse:Display: 
[2016.04.08-17.29.49:306][  0]LogCook:Display: Done creating registry. It took  0.00s.
[2016.04.08-17.29.49:391][  0]SourceControl: Info Source control is disabled
[2016.04.08-17.29.49:391][  0]LightingResults: New page: Lighting Build
[2016.04.08-17.29.49:395][  0]MapCheck: New page: Map Check
[2016.04.08-17.29.49:395][  0]LightingResults: New page: Lighting Build
[2016.04.08-17.29.49:426][  0]LogParticles: Destroying 0 GPU particle simulations for FXSystem 0x0000005B11A9FB00
[2016.04.08-17.29.51:379][  0]LogAIModule: Creating AISystem for world FirstPersonExampleMap
[2016.04.08-17.29.52:128][  0]LogBlueprintUserMessages: [Wind_Turbine__Rotor__Blueprint_C_7] 151.610458
[2016.04.08-17.29.52:129][  0]LogBlueprintUserMessages: [Wind_Turbine__Rotor__Blueprint_C_8] 42.63924
[2016.04.08-17.29.52:129][  0]LogBlueprintUserMessages: [Wind_Turbine__Rotor__Blueprint3_44] 117.897881
[2016.04.08-17.29.52:130][  0]LogBlueprintUserMessages: [Wind_Turbine__Rotor__Blueprint4] 132.669449
[2016.04.08-17.29.52:131][  0]LogBlueprintUserMessages: [Wind_Turbine__Rotor__Blueprint5] 4.268319
[2016.04.08-17.29.52:132][  0]LogBlueprintUserMessages: [Wind_Turbine__Rotor__Blueprint6] 111.503647
[2016.04.08-17.29.52:133][  0]LogBlueprintUserMessages: [Wind_Turbine__Rotor__Blueprint7] 154.780106
[2016.04.08-17.29.52:143][  0]LogEditorServer: Finished looking for orphan Actors (0.000 secs)
[2016.04.08-17.29.52:143][  0]Cmd: MAP CHECKDEP NOCLEARLOG
[2016.04.08-17.29.52:277][  0]MapCheck: Info Map check complete: 0 Error(s), 0 Warning(s), took 133.373ms to complete.
[2016.04.08-17.29.52:277][  0]LogFileHelpers: Loading map 'FirstPersonExampleMap' took 2.886
[2016.04.08-17.29.52:416][  0]LogCollectionManager: Loaded 0 collections in 0.002584 seconds
[2016.04.08-17.29.52:458][  0]LogFileCache: Scanning file cache for directory 'C:/Users/ray/Documents/FCFM Stuff/Essays, Homework, and Stuff/7mo. Semestre/Videojuegos 2/vj2/Axioma/Saved/Collections/' took 0.01s
[2016.04.08-17.29.52:458][  0]LogFileCache: Scanning file cache for directory 'C:/Users/ray/Documents/FCFM Stuff/Essays, Homework, and Stuff/7mo. Semestre/Videojuegos 2/vj2/Axioma/Content/Developers/ray/Collections/' took 0.01s
[2016.04.08-17.29.52:458][  0]LogFileCache: Scanning file cache for directory 'C:/Users/ray/Documents/FCFM Stuff/Essays, Homework, and Stuff/7mo. Semestre/Videojuegos 2/vj2/Axioma/Content/Collections/' took 0.01s
[2016.04.08-17.29.52:458][  0]LogCollectionManager: Rebuilt the GUID cache for 0 collections in 0.000003 seconds
[2016.04.08-17.29.52:472][  0]LogContentBrowser: Native class hierarchy populated in 0.0134 seconds. Added 1893 classes and 338 folders.
[2016.04.08-17.29.52:480][  0]LogContentBrowser: Native class hierarchy updated for 'WidgetCarousel' in 0.0006 seconds. Added 0 classes and 0 folders.
[2016.04.08-17.29.52:564][  0]LogContentBrowser: Native class hierarchy updated for 'AddContentDialog' in 0.0007 seconds. Added 0 classes and 0 folders.
[2016.04.08-17.29.52:570][  0]LogContentBrowser: Native class hierarchy updated for 'SceneOutliner' in 0.0007 seconds. Added 1 classes and 2 folders.
[2016.04.08-17.29.52:603][  0]LogCrashTracker: Crashtracker disabled due to settings.
[2016.04.08-17.29.52:607][  0]LogUObjectGlobals:Warning: Failed to find object 'Class None.'
[2016.04.08-17.29.52:647][  0]LogLoad: Full Startup: 27.76 seconds (BP compile: 0.31 seconds)
[2016.04.08-17.29.52:672][  0]LogOcInput: Can't find Oculus library dev build: is proper Runtime installed? Version: 0.8.0.0
[2016.04.08-17.29.52:807][  0]LogContentStreaming: Texture pool size now 200 MB
[2016.04.08-17.29.53:025][  0]LogRenderer: Reallocating scene render targets to support 816x348 (Frame:2).
[2016.04.08-17.29.53:654][  1]Cmd: UpdateLandscapeEditorData -warnings
[2016.04.08-17.29.54:630][ 10]LogAssetRegistry: Asset discovery search completed in 9.0161 seconds
[2016.04.08-17.29.54:631][ 10]LogCollectionManager: Rebuilt the object cache for 0 collections in 0.000005 seconds (found 0 objects)
[2016.04.08-17.29.54:631][ 10]LogCollectionManager: Fixed up redirectors for 0 collections in 0.000063 seconds (updated 0 objects)
[2016.04.08-17.30.05:909][592]LogEditorViewport: Clicking on Actor (LMB): Wind_Turbine__Rotor__Blueprint_C (Wind_Turbine__Rotor__Blueprint4)
[2016.04.08-17.30.31:155][519]LogEditorActor: Deleted Actor: Wind_Turbine__Rotor__Blueprint_C
[2016.04.08-17.30.31:185][519]LogEditorActor: Deleted Actor: Wind_Turbine__Rotor__Blueprint_C
[2016.04.08-17.30.31:188][519]LogEditorActor: Deleted Actor: Wind_Turbine__Rotor__Blueprint_C
[2016.04.08-17.30.31:192][519]LogEditorActor: Deleted Actor: Wind_Turbine__Rotor__Blueprint_C
[2016.04.08-17.30.31:194][519]LogEditorActor: Deleted Actor: Wind_Turbine__Rotor__Blueprint_C
[2016.04.08-17.30.31:196][519]LogEditorActor: Deleted Actor: Wind_Turbine__Rotor__Blueprint_C
[2016.04.08-17.30.31:198][519]LogEditorActor: Deleted Actor: Wind_Turbine__Rotor__Blueprint_C
[2016.04.08-17.30.31:199][519]LogActorComponent: UnregisterComponent: (/Engine/Transient.ProjectileMovementComponent_40__A6522401) Not registered. Aborting.
[2016.04.08-17.30.31:199][519]LogActorComponent: UnregisterComponent: (/Engine/Transient.CharMoveComp) Not registered. Aborting.
[2016.04.08-17.30.31:254][519]LogEditorActor: Deleted 7 Actors (0.266 secs)
[2016.04.08-17.30.36:402][981]LogEditorActor: Deleted Actor: Traffic_Light_Defective_Blueprint_C
[2016.04.08-17.30.36:408][981]LogEditorActor: Deleted Actor: Traffic_Light_Normal_Blueprint_C
[2016.04.08-17.30.36:442][981]LogEditorActor: Deleted 2 Actors (0.044 secs)
[2016.04.08-17.30.45:098][755]LogEditorActor: Deleted Actor: Street_Lamp_Normal_Blueprint_C
[2016.04.08-17.30.45:101][755]LogEditorActor: Deleted Actor: Street_Lamp_Normal_Blueprint_C
[2016.04.08-17.30.45:105][755]LogEditorActor: Deleted Actor: Street_Lamp_Normal_Blueprint_C
[2016.04.08-17.30.45:109][755]LogEditorActor: Deleted Actor: Street_Lamp_Normal_Blueprint_C
[2016.04.08-17.30.45:111][755]LogEditorActor: Deleted Actor: Street_Lamp_Normal_Blueprint_C
[2016.04.08-17.30.45:114][755]LogEditorActor: Deleted Actor: Street_Lamp_Normal_Blueprint_C
[2016.04.08-17.30.45:116][755]LogEditorActor: Deleted Actor: Street_Lamp_Normal_Blueprint_C
[2016.04.08-17.30.45:144][755]LogEditorActor: Deleted 7 Actors (0.049 secs)
[2016.04.08-17.30.48:654][ 83]LogEditorActor: Deleted Actor: Street_Lamp_Flickering_Blueprint_C
[2016.04.08-17.30.48:689][ 83]LogEditorActor: Deleted 1 Actors (0.039 secs)
[2016.04.08-17.31.02:787][ 24]Cmd: DELETE
[2016.04.08-17.31.02:787][ 24]Cmd: ACTOR DELETE
[2016.04.08-17.31.02:918][ 24]LogEditorActor: Deleted Actor: Emitter
[2016.04.08-17.31.02:947][ 24]LogEditorActor: Deleted 1 Actors (0.032 secs)
[2016.04.08-17.31.26:673][ 68]Cmd: TRANSACTION UNDO
[2016.04.08-17.31.26:673][ 68]LogEditorTransaction: Undo Delete Folder
[2016.04.08-17.31.26:830][ 68]LogActorComponent: ~FComponentReregisterContext: (/Game/FirstPersonBP/Maps/FirstPersonExampleMap.FirstPersonExampleMap:PersistentLevel.Cube06.StaticMeshComponent0) Component already registered.
[2016.04.08-17.31.26:831][ 68]LogActorComponent: ~FComponentReregisterContext: (/Game/FirstPersonBP/Maps/FirstPersonExampleMap.FirstPersonExampleMap:PersistentLevel.Cube11.StaticMeshComponent0) Component already registered.
[2016.04.08-17.31.33:807][670]LogEditorActor: Deleted Actor: StaticMeshActor
[2016.04.08-17.31.33:810][670]LogEditorActor: Deleted Actor: StaticMeshActor
[2016.04.08-17.31.33:814][670]LogEditorActor: Deleted Actor: StaticMeshActor
[2016.04.08-17.31.33:817][670]LogEditorActor: Deleted Actor: StaticMeshActor
[2016.04.08-17.31.33:820][670]LogEditorActor: Deleted Actor: StaticMeshActor
[2016.04.08-17.31.33:822][670]LogEditorActor: Deleted Actor: StaticMeshActor
[2016.04.08-17.31.33:825][670]LogEditorActor: Deleted Actor: StaticMeshActor
[2016.04.08-17.31.33:827][670]LogEditorActor: Deleted Actor: StaticMeshActor
[2016.04.08-17.31.33:829][670]LogEditorActor: Deleted Actor: StaticMeshActor
[2016.04.08-17.31.33:831][670]LogEditorActor: Deleted Actor: StaticMeshActor
[2016.04.08-17.31.33:833][670]LogEditorActor: Deleted Actor: StaticMeshActor
[2016.04.08-17.31.33:835][670]LogEditorActor: Deleted Actor: StaticMeshActor
[2016.04.08-17.31.33:837][670]LogEditorActor: Deleted Actor: StaticMeshActor
[2016.04.08-17.31.33:840][670]LogEditorActor: Deleted Actor: StaticMeshActor
[2016.04.08-17.31.33:872][670]LogEditorActor: Deleted 14 Actors (0.067 secs)
[2016.04.08-17.31.43:636][306]LogEditorViewport: Clicking on Actor (LMB): SphereReflectionCapture (SphereReflectionCapture)
[2016.04.08-17.31.56:946][256]LogNavigationPoint: PostEditMove Clear paths rebuilt
[2016.04.08-17.31.58:697][391]Cmd: TRANSACTION UNDO
[2016.04.08-17.31.58:697][391]LogEditorTransaction: Undo Clicking on Actors
[2016.04.08-17.31.59:385][439]Cmd: TRANSACTION UNDO
[2016.04.08-17.31.59:385][439]LogEditorTransaction: Undo Move Actors
[2016.04.08-17.31.59:524][439]LogActorComponent: ~FComponentReregisterContext: (/Game/FirstPersonBP/Maps/FirstPersonExampleMap.FirstPersonExampleMap:PersistentLevel.NetworkPlayerStart.CollisionCapsule) Component already registered.
[2016.04.08-17.32.00:006][475]Cmd: TRANSACTION UNDO
[2016.04.08-17.32.00:006][475]LogEditorTransaction: Undo Clicking on Actors
[2016.04.08-17.32.06:939][794]LogNavigationPoint: PostEditMove Clear paths rebuilt
[2016.04.08-17.32.13:903][169]Cmd: TRANSACTION UNDO
[2016.04.08-17.32.13:903][169]LogEditorTransaction: Undo Clicking on Actors
[2016.04.08-17.32.21:839][474]LogNavigationPoint: PostEditMove Clear paths rebuilt
[2016.04.08-17.32.26:868][615]LogNavigationPoint: PostEditMove Clear paths rebuilt
[2016.04.08-17.32.32:614][828]LogNavigationPoint: PostEditMove Clear paths rebuilt
[2016.04.08-17.32.35:331][952]LogNavigationPoint: PostEditMove Clear paths rebuilt
[2016.04.08-17.32.42:982][207]LogNavigationPoint: PostEditMove Clear paths rebuilt
[2016.04.08-17.32.49:318][356]LogNavigationPoint: PostEditMove Clear paths rebuilt
[2016.04.08-17.32.52:193][470]LogNavigationPoint: PostEditMove Clear paths rebuilt
[2016.04.08-17.33.06:004][336]Cmd: TRANSACTION UNDO
[2016.04.08-17.33.06:004][336]LogEditorTransaction: Undo Move Actors
[2016.04.08-17.33.06:453][363]Cmd: TRANSACTION UNDO
[2016.04.08-17.33.06:453][363]LogEditorTransaction: Undo Clicking on Actors
[2016.04.08-17.33.06:988][403]Cmd: TRANSACTION UNDO
[2016.04.08-17.33.06:988][403]LogEditorTransaction: Undo Clicking on Actors
[2016.04.08-17.33.09:675][570]LogNavigationPoint: PostEditMove Clear paths rebuilt
[2016.04.08-17.33.13:609][777]LogEditorViewport: Clicking on Actor (LMB): PlayerStart (NetworkPlayerStart)
[2016.04.08-17.33.24:810][437]Cmd: TRANSACTION UNDO
[2016.04.08-17.33.24:810][437]LogEditorTransaction: Undo Clicking on Actors
[2016.04.08-17.33.25:240][454]Cmd: TRANSACTION UNDO
[2016.04.08-17.33.25:240][454]LogEditorTransaction: Undo Move Actors
[2016.04.08-17.33.25:725][491]Cmd: TRANSACTION UNDO
[2016.04.08-17.33.25:725][491]LogEditorTransaction: Undo Move Actors
[2016.04.08-17.33.26:165][526]Cmd: TRANSACTION UNDO
[2016.04.08-17.33.26:165][526]LogEditorTransaction: Undo Move Actors
[2016.04.08-17.33.36:129][126]LogNavigationPoint: PostEditMove Clear paths rebuilt
[2016.04.08-17.33.42:045][434]LogEditorViewport: Clicking on Actor (LMB): Landscape (Landscape1)
[2016.04.08-17.33.55:042][782]LogSavePackage: Save=4870.120605ms
[2016.04.08-17.33.55:042][782]LogSavePackage: Moving '../../../../../../Users/ray/Documents/FCFM Stuff/Essays, Homework, and Stuff/7mo. Semestre/Videojuegos 2/vj2/Axioma/Saved/FirstPersonExampleMapC7C0563D4ABAA3E5CBA80EBF3CA01246.tmp' to '../../../../../../Users/ray/Documents/FCFM Stuff/Essays, Homework, and Stuff/7mo. Semestre/Videojuegos 2/vj2/Axioma/Content/FirstPersonBP/Maps/FirstPersonExampleMap.umap'
[2016.04.08-17.33.55:085][782]LogSavePackage: Total save time: 5641.490482ms
[2016.04.08-17.33.55:086][782]LogSavePackage:Display: Finished SavePackage ../../../../../../Users/ray/Documents/FCFM Stuff/Essays, Homework, and Stuff/7mo. Semestre/Videojuegos 2/vj2/Axioma/Content/FirstPersonBP/Maps/FirstPersonExampleMap.umap
[2016.04.08-17.33.55:149][782]LogFileHelpers: Saving map 'FirstPersonExampleMap' took 6.002
[2016.04.08-17.37.21:923][582]LogBlueprintUserMessages: Early PlayInEditor Detection: Level '/Game/FirstPersonBP/Maps/FirstPersonExampleMap.FirstPersonExampleMap:PersistentLevel' has LevelScriptBlueprint '/Game/FirstPersonBP/Maps/FirstPersonExampleMap.FirstPersonExampleMap:PersistentLevel.FirstPersonExampleMap' with GeneratedClass '/Game/FirstPersonBP/Maps/FirstPersonExampleMap.FirstPersonExampleMap_C' with ClassGeneratedBy '/Game/FirstPersonBP/Maps/FirstPersonExampleMap.FirstPersonExampleMap:PersistentLevel.FirstPersonExampleMap'
[2016.04.08-17.37.21:923][582]LogPlayLevel: PlayLevel: No blueprints needed recompiling
[2016.04.08-17.37.21:924][582]PIE: New page: PIE session: FirstPersonExampleMap (Apr 8, 2016, 7:37:21 AM)
[2016.04.08-17.37.21:924][582]LogPlayLevel: Creating play world package: /Game/FirstPersonBP/Maps/UEDPIE_0_FirstPersonExampleMap
[2016.04.08-17.37.22:183][582]LogPlayLevel: PIE: StaticDuplicateObject took: (0.259237s)
[2016.04.08-17.37.22:190][582]LogAIModule: Creating AISystem for world FirstPersonExampleMap
[2016.04.08-17.37.22:191][582]LogPlayLevel: PIE: World Init took: (0.003878s)
[2016.04.08-17.37.22:191][582]LogPlayLevel: PIE: Created PIE world by copying editor world from /Game/FirstPersonBP/Maps/FirstPersonExampleMap.FirstPersonExampleMap to /Game/FirstPersonBP/Maps/UEDPIE_0_FirstPersonExampleMap.FirstPersonExampleMap (0.268029s)
[2016.04.08-17.37.22:230][582]LogInit: XAudio2 using 'Altavoces (Realtek High Definition Audio)' : 2 channels at 48 kHz using 32 bits per sample (channel mask 0x3)
[2016.04.08-17.37.22:242][582]LogInit: FAudioDevice initialized.
[2016.04.08-17.37.22:319][582]LogWorld: Game class is 'FirstPersonGameMode_C'
[2016.04.08-17.37.22:505][582]LogWorld: Bringing World /Game/FirstPersonBP/Maps/UEDPIE_0_FirstPersonExampleMap.FirstPersonExampleMap up for play (max tick rate 0) at 2016.04.08-12.37.22
[2016.04.08-17.37.22:505][582]LogActor:Warning: GameSession /Game/FirstPersonBP/Maps/UEDPIE_0_FirstPersonExampleMap.FirstPersonExampleMap:PersistentLevel.GameSession_0 has natively added scene component(s), but none of them were set as the actor's RootComponent - picking one arbitrarily
[2016.04.08-17.37.22:506][582]LogActor:Warning: GameNetworkManager /Game/FirstPersonBP/Maps/UEDPIE_0_FirstPersonExampleMap.FirstPersonExampleMap:PersistentLevel.GameNetworkManager_0 has natively added scene component(s), but none of them were set as the actor's RootComponent - picking one arbitrarily
[2016.04.08-17.37.22:509][582]LogWorld: Bringing up level for play took: 0.189825
[2016.04.08-17.37.22:512][582]PIE: Info Play in editor start time for /Game/FirstPersonBP/Maps/UEDPIE_0_FirstPersonExampleMap 1.153
[2016.04.08-17.37.22:512][582]LogBlueprintUserMessages: Late PlayInEditor Detection: Level '/Game/FirstPersonBP/Maps/FirstPersonExampleMap.FirstPersonExampleMap:PersistentLevel' has LevelScriptBlueprint '/Game/FirstPersonBP/Maps/FirstPersonExampleMap.FirstPersonExampleMap:PersistentLevel.FirstPersonExampleMap' with GeneratedClass '/Game/FirstPersonBP/Maps/FirstPersonExampleMap.FirstPersonExampleMap_C' with ClassGeneratedBy '/Game/FirstPersonBP/Maps/FirstPersonExampleMap.FirstPersonExampleMap:PersistentLevel.FirstPersonExampleMap'
[2016.04.08-17.37.25:230][745]LogBlueprintUserMessages: Early EndPlayMap Detection: Level '/Game/FirstPersonBP/Maps/FirstPersonExampleMap.FirstPersonExampleMap:PersistentLevel' has LevelScriptBlueprint '/Game/FirstPersonBP/Maps/FirstPersonExampleMap.FirstPersonExampleMap:PersistentLevel.FirstPersonExampleMap' with GeneratedClass '/Game/FirstPersonBP/Maps/FirstPersonExampleMap.FirstPersonExampleMap_C' with ClassGeneratedBy '/Game/FirstPersonBP/Maps/FirstPersonExampleMap.FirstPersonExampleMap:PersistentLevel.FirstPersonExampleMap'
[2016.04.08-17.37.25:295][745]LogBlueprintUserMessages: Late EndPlayMap Detection: Level '/Game/FirstPersonBP/Maps/FirstPersonExampleMap.FirstPersonExampleMap:PersistentLevel' has LevelScriptBlueprint '/Game/FirstPersonBP/Maps/FirstPersonExampleMap.FirstPersonExampleMap:PersistentLevel.FirstPersonExampleMap' with GeneratedClass '/Game/FirstPersonBP/Maps/FirstPersonExampleMap.FirstPersonExampleMap_C' with ClassGeneratedBy '/Game/FirstPersonBP/Maps/FirstPersonExampleMap.FirstPersonExampleMap:PersistentLevel.FirstPersonExampleMap'
[2016.04.08-17.37.25:356][745]LogParticles: Destroying 0 GPU particle simulations for FXSystem 0x0000005B2E8B14E0
[2016.04.08-17.37.32:608][ 79]LogEditorViewport: Clicking on Actor (LMB): StaticMeshActor (SM_Door)
[2016.04.08-17.37.59:490][479]LogBlueprintUserMessages: Early PlayInEditor Detection: Level '/Game/FirstPersonBP/Maps/FirstPersonExampleMap.FirstPersonExampleMap:PersistentLevel' has LevelScriptBlueprint '/Game/FirstPersonBP/Maps/FirstPersonExampleMap.FirstPersonExampleMap:PersistentLevel.FirstPersonExampleMap' with GeneratedClass '/Game/FirstPersonBP/Maps/FirstPersonExampleMap.FirstPersonExampleMap_C' with ClassGeneratedBy '/Game/FirstPersonBP/Maps/FirstPersonExampleMap.FirstPersonExampleMap:PersistentLevel.FirstPersonExampleMap'
[2016.04.08-17.37.59:490][479]LogPlayLevel: PlayLevel: No blueprints needed recompiling
[2016.04.08-17.37.59:490][479]PIE: New page: PIE session: FirstPersonExampleMap (Apr 8, 2016, 7:37:59 AM)
[2016.04.08-17.37.59:490][479]LogPlayLevel: Creating play world package: /Game/FirstPersonBP/Maps/UEDPIE_0_FirstPersonExampleMap
[2016.04.08-17.37.59:635][479]LogPlayLevel: PIE: StaticDuplicateObject took: (0.145469s)
[2016.04.08-17.37.59:690][479]LogAIModule: Creating AISystem for world FirstPersonExampleMap
[2016.04.08-17.37.59:690][479]LogPlayLevel: PIE: World Init took: (0.054360s)
[2016.04.08-17.37.59:690][479]LogPlayLevel: PIE: Created PIE world by copying editor world from /Game/FirstPersonBP/Maps/FirstPersonExampleMap.FirstPersonExampleMap to /Game/FirstPersonBP/Maps/UEDPIE_0_FirstPersonExampleMap.FirstPersonExampleMap (0.200302s)
[2016.04.08-17.37.59:725][479]LogInit: XAudio2 using 'Altavoces (Realtek High Definition Audio)' : 2 channels at 48 kHz using 32 bits per sample (channel mask 0x3)
[2016.04.08-17.37.59:735][479]LogInit: FAudioDevice initialized.
[2016.04.08-17.37.59:771][479]LogWorld: Game class is 'FirstPersonGameMode_C'
[2016.04.08-17.37.59:975][479]LogWorld: Bringing World /Game/FirstPersonBP/Maps/UEDPIE_0_FirstPersonExampleMap.FirstPersonExampleMap up for play (max tick rate 0) at 2016.04.08-12.37.59
[2016.04.08-17.37.59:975][479]LogActor:Warning: GameSession /Game/FirstPersonBP/Maps/UEDPIE_0_FirstPersonExampleMap.FirstPersonExampleMap:PersistentLevel.GameSession_1 has natively added scene component(s), but none of them were set as the actor's RootComponent - picking one arbitrarily
[2016.04.08-17.37.59:975][479]LogActor:Warning: GameNetworkManager /Game/FirstPersonBP/Maps/UEDPIE_0_FirstPersonExampleMap.FirstPersonExampleMap:PersistentLevel.GameNetworkManager_1 has natively added scene component(s), but none of them were set as the actor's RootComponent - picking one arbitrarily
[2016.04.08-17.37.59:979][479]LogWorld: Bringing up level for play took: 0.205859
[2016.04.08-17.38.00:012][479]PIE: Info Play in editor start time for /Game/FirstPersonBP/Maps/UEDPIE_0_FirstPersonExampleMap 0.653
[2016.04.08-17.38.00:012][479]LogBlueprintUserMessages: Late PlayInEditor Detection: Level '/Game/FirstPersonBP/Maps/FirstPersonExampleMap.FirstPersonExampleMap:PersistentLevel' has LevelScriptBlueprint '/Game/FirstPersonBP/Maps/FirstPersonExampleMap.FirstPersonExampleMap:PersistentLevel.FirstPersonExampleMap' with GeneratedClass '/Game/FirstPersonBP/Maps/FirstPersonExampleMap.FirstPersonExampleMap_C' with ClassGeneratedBy '/Game/FirstPersonBP/Maps/FirstPersonExampleMap.FirstPersonExampleMap:PersistentLevel.FirstPersonExampleMap'
[2016.04.08-17.38.19:448][670]LogBlueprintUserMessages: [FirstPersonCharacter_C_1] Gravity Off
[2016.04.08-17.38.28:479][245]LogBlueprintUserMessages: Early EndPlayMap Detection: Level '/Game/FirstPersonBP/Maps/FirstPersonExampleMap.FirstPersonExampleMap:PersistentLevel' has LevelScriptBlueprint '/Game/FirstPersonBP/Maps/FirstPersonExampleMap.FirstPersonExampleMap:PersistentLevel.FirstPersonExampleMap' with GeneratedClass '/Game/FirstPersonBP/Maps/FirstPersonExampleMap.FirstPersonExampleMap_C' with ClassGeneratedBy '/Game/FirstPersonBP/Maps/FirstPersonExampleMap.FirstPersonExampleMap:PersistentLevel.FirstPersonExampleMap'
[2016.04.08-17.38.28:525][245]LogBlueprintUserMessages: Late EndPlayMap Detection: Level '/Game/FirstPersonBP/Maps/FirstPersonExampleMap.FirstPersonExampleMap:PersistentLevel' has LevelScriptBlueprint '/Game/FirstPersonBP/Maps/FirstPersonExampleMap.FirstPersonExampleMap:PersistentLevel.FirstPersonExampleMap' with GeneratedClass '/Game/FirstPersonBP/Maps/FirstPersonExampleMap.FirstPersonExampleMap_C' with ClassGeneratedBy '/Game/FirstPersonBP/Maps/FirstPersonExampleMap.FirstPersonExampleMap:PersistentLevel.FirstPersonExampleMap'
[2016.04.08-17.38.28:664][245]LogParticles: Destroying 0 GPU particle simulations for FXSystem 0x0000005B01B1DC60
[2016.04.08-17.38.39:198][739]Cmd: DELETE
[2016.04.08-17.38.39:198][739]Cmd: ACTOR DELETE
[2016.04.08-17.38.43:874][739]LogEditorActor: Deleted Actor: StaticMeshActor
[2016.04.08-17.38.46:651][739]LogEditorActor: Deleted 1 Actors (7.453 secs)
[2016.04.08-17.38.56:473][377]Cmd: DELETE
[2016.04.08-17.38.56:473][377]Cmd: ACTOR DELETE
[2016.04.08-17.38.58:298][377]LogEditorActor: Deleted Actor: StaticMeshActor
[2016.04.08-17.38.59:506][377]LogEditorActor: Deleted Actor: TriggerBox
[2016.04.08-17.38.59:507][377]LogActorComponent: UnregisterComponent: (/Engine/Transient.ProjectileMovementComponent_40__A6522401) Not registered. Aborting.
[2016.04.08-17.38.59:507][377]LogActorComponent: UnregisterComponent: (/Engine/Transient.CharMoveComp) Not registered. Aborting.
[2016.04.08-17.38.59:542][377]LogEditorActor: Deleted 2 Actors (3.069 secs)
[2016.04.08-17.39.02:255][539]LogEditorViewport: Clicking on Actor (LMB): StaticMeshActor (House1)
[2016.04.08-17.39.11:242][983]LogBlueprint:Error: [compiler FirstPersonExampleMap] Error Couldn't find object for bound event node  OnActorEndOverlap (None) 
[2016.04.08-17.39.11:243][983]LogBlueprint:Error: [compiler FirstPersonExampleMap] Error Couldn't find object for bound event node  OnActorBeginOverlap (None) 
[2016.04.08-17.39.11:389][983]LogBlueprint:Warning: [compiler FirstPersonExampleMap] Warning [0586.48] Compile of FirstPersonExampleMap failed. 2 Fatal Issue(s) 0 Warning(s) [in 207 ms]
[2016.04.08-17.39.11:389][983]LogBlueprint:Warning: [compiler FirstPersonExampleMap] Warning [0586.50] Compile of FirstPersonExampleMap failed. 2 Fatal Issue(s) 1 Warning(s) [in 0 ms]
[2016.04.08-17.39.11:390][983]LogBlueprint:Warning: [compiler FirstPersonExampleMap] Warning [0586.50] Compile of FirstPersonExampleMap failed. 2 Fatal Issue(s) 2 Warning(s) [in 0 ms]
[2016.04.08-17.39.11:390][983]LogBlueprint:Warning: [compiler FirstPersonExampleMap] Warning [0586.50] Compile of FirstPersonExampleMap failed. 2 Fatal Issue(s) 3 Warning(s) [in 0 ms]
[2016.04.08-17.39.11:390][983]LogBlueprint:Warning: [compiler FirstPersonExampleMap] Warning [0586.50] Compile of FirstPersonExampleMap failed. 2 Fatal Issue(s) 4 Warning(s) [in 0 ms]
[2016.04.08-17.39.11:390][983]LogBlueprint:Warning: [compiler FirstPersonExampleMap] Warning [0586.50] Compile of FirstPersonExampleMap failed. 2 Fatal Issue(s) 5 Warning(s) [in 0 ms]
[2016.04.08-17.39.15:291][983]LogSavePackage: Save=4132.819824ms
[2016.04.08-17.39.15:291][983]LogSavePackage: Moving '../../../../../../Users/ray/Documents/FCFM Stuff/Essays, Homework, and Stuff/7mo. Semestre/Videojuegos 2/vj2/Axioma/Saved/FirstPersonExampleMapA96D29D54FB136274EFB9BBB456F262E.tmp' to '../../../../../../Users/ray/Documents/FCFM Stuff/Essays, Homework, and Stuff/7mo. Semestre/Videojuegos 2/vj2/Axioma/Content/FirstPersonBP/Maps/FirstPersonExampleMap.umap'
[2016.04.08-17.39.15:732][983]LogSavePackage: Total save time: 4599.942524ms
[2016.04.08-17.39.15:733][983]LogSavePackage:Display: Finished SavePackage ../../../../../../Users/ray/Documents/FCFM Stuff/Essays, Homework, and Stuff/7mo. Semestre/Videojuegos 2/vj2/Axioma/Content/FirstPersonBP/Maps/FirstPersonExampleMap.umap
[2016.04.08-17.39.16:384][983]LogFileHelpers: Saving map 'FirstPersonExampleMap' took 5.397
[2016.04.08-17.39.43:358][200]LogEditorViewport: Clicking on Actor (LMB): Landscape (Landscape1)
[2016.04.08-17.39.45:066][299]LogEditorViewport: Clicking on Actor (LMB): Landscape (Landscape1)
[2016.04.08-17.39.51:860][482]LogMaterial: 0.009773 seconds spent updating 1 materials, 1 interfaces, 1 instances, 1 with static permutations.
[2016.04.08-17.39.52:069][482]LogMaterial: 0.008412 seconds spent updating 1 materials, 1 interfaces, 1 instances, 1 with static permutations.
[2016.04.08-17.39.52:357][482]LogMaterial: 0.008483 seconds spent updating 1 materials, 1 interfaces, 1 instances, 1 with static permutations.
[2016.04.08-17.39.52:555][482]LogTexture:Display: Building textures: Texture2D_2 (G8)
[2016.04.08-17.40.53:002][223]LogBlueprint:Error: [compiler FirstPersonExampleMap] Error Couldn't find object for bound event node  OnActorEndOverlap (None) 
[2016.04.08-17.40.53:002][223]LogBlueprint:Error: [compiler FirstPersonExampleMap] Error Couldn't find object for bound event node  OnActorBeginOverlap (None) 
[2016.04.08-17.40.53:118][223]LogBlueprint:Warning: [compiler FirstPersonExampleMap] Warning [0688.23] Compile of FirstPersonExampleMap failed. 2 Fatal Issue(s) 0 Warning(s) [in 119 ms]
[2016.04.08-17.40.53:118][223]LogBlueprint:Warning: [compiler FirstPersonExampleMap] Warning [0688.23] Compile of FirstPersonExampleMap failed. 2 Fatal Issue(s) 1 Warning(s) [in 0 ms]
[2016.04.08-17.40.53:118][223]LogBlueprint:Warning: [compiler FirstPersonExampleMap] Warning [0688.23] Compile of FirstPersonExampleMap failed. 2 Fatal Issue(s) 2 Warning(s) [in 0 ms]
[2016.04.08-17.40.53:118][223]LogBlueprint:Warning: [compiler FirstPersonExampleMap] Warning [0688.23] Compile of FirstPersonExampleMap failed. 2 Fatal Issue(s) 3 Warning(s) [in 0 ms]
[2016.04.08-17.40.53:118][223]LogBlueprint:Warning: [compiler FirstPersonExampleMap] Warning [0688.23] Compile of FirstPersonExampleMap failed. 2 Fatal Issue(s) 4 Warning(s) [in 0 ms]
[2016.04.08-17.40.53:119][223]LogBlueprint:Warning: [compiler FirstPersonExampleMap] Warning [0688.23] Compile of FirstPersonExampleMap failed. 2 Fatal Issue(s) 5 Warning(s) [in 0 ms]
[2016.04.08-17.40.57:314][223]LogSavePackage: Save=4318.303711ms
[2016.04.08-17.40.57:314][223]LogSavePackage: Moving '../../../../../../Users/ray/Documents/FCFM Stuff/Essays, Homework, and Stuff/7mo. Semestre/Videojuegos 2/vj2/Axioma/Saved/FirstPersonExampleMap1DFD1C744F9B74FA2521608BCB2AD7EB.tmp' to '../../../../../../Users/ray/Documents/FCFM Stuff/Essays, Homework, and Stuff/7mo. Semestre/Videojuegos 2/vj2/Axioma/Content/FirstPersonBP/Maps/FirstPersonExampleMap.umap'
[2016.04.08-17.40.57:608][223]LogSavePackage: Total save time: 4619.673662ms
[2016.04.08-17.40.57:608][223]LogSavePackage:Display: Finished SavePackage ../../../../../../Users/ray/Documents/FCFM Stuff/Essays, Homework, and Stuff/7mo. Semestre/Videojuegos 2/vj2/Axioma/Content/FirstPersonBP/Maps/FirstPersonExampleMap.umap
[2016.04.08-17.40.57:647][223]LogFileHelpers: Saving map 'FirstPersonExampleMap' took 4.823
[2016.04.08-17.41.09:852][523]Cmd: DELETE
[2016.04.08-17.41.09:852][523]Cmd: ACTOR DELETE
[2016.04.08-17.41.12:700][616]LogEditorViewport: Clicking on Actor (LMB): Landscape (Landscape1)
[2016.04.08-17.41.20:880][861]LogEditorViewport: Clicking on Actor (LMB): Landscape (Landscape1)
[2016.04.08-17.42.37:761][264]LogEditorViewport: Clicking on Actor (LMB): Landscape (Landscape1)
[2016.04.08-17.43.07:151][279]Cmd: DELETE
[2016.04.08-17.43.07:151][279]Cmd: ACTOR DELETE
[2016.04.08-17.43.12:006][390]Cmd: DELETE
[2016.04.08-17.43.12:006][390]Cmd: ACTOR DELETE
[2016.04.08-17.43.14:807][480]Cmd: DELETE
[2016.04.08-17.43.14:807][480]Cmd: ACTOR DELETE
[2016.04.08-17.43.17:512][567]Cmd: DELETE
[2016.04.08-17.43.17:512][567]Cmd: ACTOR DELETE
[2016.04.08-17.43.20:090][659]Cmd: DELETE
[2016.04.08-17.43.20:090][659]Cmd: ACTOR DELETE
[2016.04.08-17.43.20:665][678]Cmd: DELETE
[2016.04.08-17.43.20:665][678]Cmd: ACTOR DELETE
[2016.04.08-17.43.25:131][862]LogEditorViewport: Clicking on Actor (LMB): StaticMeshActor (House1)
[2016.04.08-17.43.26:791][936]LogEditorViewport: Clicking on Actor (LMB): StaticMeshActor (House1)
[2016.04.08-17.43.27:484][966]LogEditorViewport: Clicking on Actor (LMB): StaticMeshActor (House1)
[2016.04.08-17.43.29:665][105]LogEditorViewport: Clicking on Actor (LMB): StaticMeshActor (House1)
[2016.04.08-17.43.30:675][185]Cmd: DELETE
[2016.04.08-17.43.30:675][185]Cmd: ACTOR DELETE
[2016.04.08-17.43.30:679][185]LogEditorActor: Deleted Actor: StaticMeshActor
[2016.04.08-17.43.30:680][185]LogActorComponent: UnregisterComponent: (/Engine/Transient.ProjectileMovementComponent_40__A6522401) Not registered. Aborting.
[2016.04.08-17.43.30:680][185]LogActorComponent: UnregisterComponent: (/Engine/Transient.CharMoveComp) Not registered. Aborting.
[2016.04.08-17.43.30:717][185]LogEditorActor: Deleted 1 Actors (0.042 secs)
[2016.04.08-17.43.36:128][407]LogBlueprint:Error: [compiler FirstPersonExampleMap] Error Couldn't find object for bound event node  OnActorEndOverlap (None) 
[2016.04.08-17.43.36:128][407]LogBlueprint:Error: [compiler FirstPersonExampleMap] Error Couldn't find object for bound event node  OnActorBeginOverlap (None) 
[2016.04.08-17.43.36:209][407]LogBlueprint:Warning: [compiler FirstPersonExampleMap] Warning [0851.32] Compile of FirstPersonExampleMap failed. 2 Fatal Issue(s) 0 Warning(s) [in 84 ms]
[2016.04.08-17.43.36:209][407]LogBlueprint:Warning: [compiler FirstPersonExampleMap] Warning [0851.32] Compile of FirstPersonExampleMap failed. 2 Fatal Issue(s) 1 Warning(s) [in 0 ms]
[2016.04.08-17.43.36:209][407]LogBlueprint:Warning: [compiler FirstPersonExampleMap] Warning [0851.32] Compile of FirstPersonExampleMap failed. 2 Fatal Issue(s) 2 Warning(s) [in 0 ms]
[2016.04.08-17.43.36:209][407]LogBlueprint:Warning: [compiler FirstPersonExampleMap] Warning [0851.32] Compile of FirstPersonExampleMap failed. 2 Fatal Issue(s) 3 Warning(s) [in 0 ms]
[2016.04.08-17.43.36:209][407]LogBlueprint:Warning: [compiler FirstPersonExampleMap] Warning [0851.32] Compile of FirstPersonExampleMap failed. 2 Fatal Issue(s) 4 Warning(s) [in 0 ms]
[2016.04.08-17.43.36:209][407]LogBlueprint:Warning: [compiler FirstPersonExampleMap] Warning [0851.32] Compile of FirstPersonExampleMap failed. 2 Fatal Issue(s) 5 Warning(s) [in 0 ms]
[2016.04.08-17.43.36:245][407]LogTexture:Display: Building textures: Texture2D_381 (BGRA8)
[2016.04.08-17.43.36:264][407]LogTexture:Display: Building textures: Texture2D_382 (BGRA8)
[2016.04.08-17.43.36:279][407]LogTexture:Display: Building textures: Texture2D_383 (BGRA8)
[2016.04.08-17.43.36:322][407]LogTexture:Display: Building textures: Texture2D_384 (BGRA8)
[2016.04.08-17.43.41:297][407]LogSavePackage: Save=5174.152344ms
[2016.04.08-17.43.41:297][407]LogSavePackage: Moving '../../../../../../Users/ray/Documents/FCFM Stuff/Essays, Homework, and Stuff/7mo. Semestre/Videojuegos 2/vj2/Axioma/Saved/FirstPersonExampleMap14FFFC9348B89DECFB47C78CAE9D594B.tmp' to '../../../../../../Users/ray/Documents/FCFM Stuff/Essays, Homework, and Stuff/7mo. Semestre/Videojuegos 2/vj2/Axioma/Content/FirstPersonBP/Maps/FirstPersonExampleMap.umap'
[2016.04.08-17.43.41:309][407]LogSavePackage: Total save time: 5191.266946ms
[2016.04.08-17.43.41:309][407]LogSavePackage:Display: Finished SavePackage ../../../../../../Users/ray/Documents/FCFM Stuff/Essays, Homework, and Stuff/7mo. Semestre/Videojuegos 2/vj2/Axioma/Content/FirstPersonBP/Maps/FirstPersonExampleMap.umap
[2016.04.08-17.43.42:872][407]LogFileHelpers: Saving map 'FirstPersonExampleMap' took 6.901
[2016.04.08-17.44.09:510][413]LogActorFactory: Actor Factory created Cupula
[2016.04.08-17.44.10:872][450]LogActorFactory: Actor Factory created Cupula
[2016.04.08-17.45.46:993][755]LogActorComponent: UnregisterComponent: (/Engine/Transient.ProjectileMovementComponent_40__A6522401) Not registered. Aborting.
[2016.04.08-17.45.46:993][755]LogActorComponent: UnregisterComponent: (/Engine/Transient.CharMoveComp) Not registered. Aborting.
[2016.04.08-17.45.47:220][755]LogBlueprint:Error: [compiler FirstPersonExampleMap] Error Couldn't find object for bound event node  OnActorEndOverlap (None) 
[2016.04.08-17.45.47:220][755]LogBlueprint:Error: [compiler FirstPersonExampleMap] Error Couldn't find object for bound event node  OnActorBeginOverlap (None) 
[2016.04.08-17.45.47:297][755]LogBlueprint:Warning: [compiler FirstPersonExampleMap] Warning [0982.41] Compile of FirstPersonExampleMap failed. 2 Fatal Issue(s) 0 Warning(s) [in 80 ms]
[2016.04.08-17.45.47:298][755]LogBlueprint:Warning: [compiler FirstPersonExampleMap] Warning [0982.41] Compile of FirstPersonExampleMap failed. 2 Fatal Issue(s) 1 Warning(s) [in 0 ms]
[2016.04.08-17.45.47:298][755]LogBlueprint:Warning: [compiler FirstPersonExampleMap] Warning [0982.41] Compile of FirstPersonExampleMap failed. 2 Fatal Issue(s) 2 Warning(s) [in 0 ms]
[2016.04.08-17.45.47:298][755]LogBlueprint:Warning: [compiler FirstPersonExampleMap] Warning [0982.41] Compile of FirstPersonExampleMap failed. 2 Fatal Issue(s) 3 Warning(s) [in 0 ms]
[2016.04.08-17.45.47:298][755]LogBlueprint:Warning: [compiler FirstPersonExampleMap] Warning [0982.41] Compile of FirstPersonExampleMap failed. 2 Fatal Issue(s) 4 Warning(s) [in 0 ms]
[2016.04.08-17.45.47:298][755]LogBlueprint:Warning: [compiler FirstPersonExampleMap] Warning [0982.41] Compile of FirstPersonExampleMap failed. 2 Fatal Issue(s) 5 Warning(s) [in 0 ms]
[2016.04.08-17.45.51:036][755]LogSavePackage: Save=3821.150391ms
[2016.04.08-17.45.51:036][755]LogSavePackage: Moving '../../../../../../Users/ray/Documents/FCFM Stuff/Essays, Homework, and Stuff/7mo. Semestre/Videojuegos 2/vj2/Axioma/Saved/FirstPersonExampleMap3DDC0BB94DDF8D86BAA37B870ABB3D7D.tmp' to '../../../../../../Users/ray/Documents/FCFM Stuff/Essays, Homework, and Stuff/7mo. Semestre/Videojuegos 2/vj2/Axioma/Content/FirstPersonBP/Maps/FirstPersonExampleMap.umap'
[2016.04.08-17.45.51:044][755]LogSavePackage: Total save time: 3855.608311ms
[2016.04.08-17.45.51:044][755]LogSavePackage:Display: Finished SavePackage ../../../../../../Users/ray/Documents/FCFM Stuff/Essays, Homework, and Stuff/7mo. Semestre/Videojuegos 2/vj2/Axioma/Content/FirstPersonBP/Maps/FirstPersonExampleMap.umap
[2016.04.08-17.45.51:088][755]LogFileHelpers: Saving map 'FirstPersonExampleMap' took 4.042
[2016.04.08-17.45.52:596][866]LogBlueprintUserMessages: Early PlayInEditor Detection: Level '/Game/FirstPersonBP/Maps/FirstPersonExampleMap.FirstPersonExampleMap:PersistentLevel' has LevelScriptBlueprint '/Game/FirstPersonBP/Maps/FirstPersonExampleMap.FirstPersonExampleMap:PersistentLevel.FirstPersonExampleMap' with GeneratedClass '/Game/FirstPersonBP/Maps/FirstPersonExampleMap.FirstPersonExampleMap_C' with ClassGeneratedBy '/Game/FirstPersonBP/Maps/FirstPersonExampleMap.FirstPersonExampleMap:PersistentLevel.FirstPersonExampleMap'
[2016.04.08-17.45.52:596][866]BlueprintLog: New page: Pre-Play auto-recompile
[2016.04.08-17.45.52:596][866]LogPlayLevel: [PlayLevel] Compiling FirstPersonExampleMap before play...
[2016.04.08-17.45.52:601][866]LogBlueprint:Error: [compiler FirstPersonExampleMap] Error Couldn't find object for bound event node  OnActorEndOverlap (None) 
[2016.04.08-17.45.52:601][866]LogBlueprint:Error: [compiler FirstPersonExampleMap] Error Couldn't find object for bound event node  OnActorBeginOverlap (None) 
[2016.04.08-17.45.52:682][866]LogBlueprint:Warning: [compiler FirstPersonExampleMap] Warning [0987.79] Compile of FirstPersonExampleMap failed. 2 Fatal Issue(s) 0 Warning(s) [in 83 ms]
[2016.04.08-17.45.52:682][866]LogBlueprint:Warning: [compiler FirstPersonExampleMap] Warning [0987.79] Compile of FirstPersonExampleMap failed. 2 Fatal Issue(s) 1 Warning(s) [in 0 ms]
[2016.04.08-17.45.52:682][866]LogBlueprint:Warning: [compiler FirstPersonExampleMap] Warning [0987.79] Compile of FirstPersonExampleMap failed. 2 Fatal Issue(s) 2 Warning(s) [in 0 ms]
[2016.04.08-17.45.52:682][866]LogBlueprint:Warning: [compiler FirstPersonExampleMap] Warning [0987.79] Compile of FirstPersonExampleMap failed. 2 Fatal Issue(s) 3 Warning(s) [in 0 ms]
[2016.04.08-17.45.52:682][866]LogBlueprint:Warning: [compiler FirstPersonExampleMap] Warning [0987.79] Compile of FirstPersonExampleMap failed. 2 Fatal Issue(s) 4 Warning(s) [in 0 ms]
[2016.04.08-17.45.52:682][866]LogBlueprint:Warning: [compiler FirstPersonExampleMap] Warning [0987.79] Compile of FirstPersonExampleMap failed. 2 Fatal Issue(s) 5 Warning(s) [in 0 ms]
[2016.04.08-17.45.52:685][866]LogPlayLevel: PlayLevel: Blueprint regeneration took 88 ms (1 blueprints)
[2016.04.08-17.45.52:714][866]BlueprintLog: Info Blueprint FirstPersonExampleMap failed to compile
[2016.04.08-17.45.57:992][866]PIE: New page: PIE session: FirstPersonExampleMap (Apr 8, 2016, 7:45:57 AM)
[2016.04.08-17.45.57:992][866]LogPlayLevel: Creating play world package: /Game/FirstPersonBP/Maps/UEDPIE_0_FirstPersonExampleMap
[2016.04.08-17.45.58:144][866]LogPlayLevel: PIE: StaticDuplicateObject took: (0.151970s)
[2016.04.08-17.45.58:152][866]LogAIModule: Creating AISystem for world FirstPersonExampleMap
[2016.04.08-17.45.58:153][866]LogPlayLevel: PIE: World Init took: (0.008342s)
[2016.04.08-17.45.58:154][866]LogPlayLevel: PIE: Created PIE world by copying editor world from /Game/FirstPersonBP/Maps/FirstPersonExampleMap.FirstPersonExampleMap to /Game/FirstPersonBP/Maps/UEDPIE_0_FirstPersonExampleMap.FirstPersonExampleMap (0.161198s)
[2016.04.08-17.45.58:193][866]LogInit: XAudio2 using 'Altavoces (Realtek High Definition Audio)' : 2 channels at 48 kHz using 32 bits per sample (channel mask 0x3)
[2016.04.08-17.45.58:204][866]LogInit: FAudioDevice initialized.
[2016.04.08-17.45.58:242][866]LogWorld: Game class is 'FirstPersonGameMode_C'
[2016.04.08-17.45.58:432][866]LogWorld: Bringing World /Game/FirstPersonBP/Maps/UEDPIE_0_FirstPersonExampleMap.FirstPersonExampleMap up for play (max tick rate 0) at 2016.04.08-12.45.58
[2016.04.08-17.45.58:432][866]LogActor:Warning: GameSession /Game/FirstPersonBP/Maps/UEDPIE_0_FirstPersonExampleMap.FirstPersonExampleMap:PersistentLevel.GameSession_2 has natively added scene component(s), but none of them were set as the actor's RootComponent - picking one arbitrarily
[2016.04.08-17.45.58:432][866]LogActor:Warning: GameNetworkManager /Game/FirstPersonBP/Maps/UEDPIE_0_FirstPersonExampleMap.FirstPersonExampleMap:PersistentLevel.GameNetworkManager_2 has natively added scene component(s), but none of them were set as the actor's RootComponent - picking one arbitrarily
[2016.04.08-17.45.58:435][866]LogWorld: Bringing up level for play took: 0.191654
[2016.04.08-17.45.58:446][866]PIE: Info Play in editor start time for /Game/FirstPersonBP/Maps/UEDPIE_0_FirstPersonExampleMap 5.088
[2016.04.08-17.45.58:446][866]LogBlueprintUserMessages: Late PlayInEditor Detection: Level '/Game/FirstPersonBP/Maps/FirstPersonExampleMap.FirstPersonExampleMap:PersistentLevel' has LevelScriptBlueprint '/Game/FirstPersonBP/Maps/FirstPersonExampleMap.FirstPersonExampleMap:PersistentLevel.FirstPersonExampleMap' with GeneratedClass '/Game/FirstPersonBP/Maps/FirstPersonExampleMap.FirstPersonExampleMap_C' with ClassGeneratedBy '/Game/FirstPersonBP/Maps/FirstPersonExampleMap.FirstPersonExampleMap:PersistentLevel.FirstPersonExampleMap'
[2016.04.08-17.46.06:118][374]LogBlueprintUserMessages: Early EndPlayMap Detection: Level '/Game/FirstPersonBP/Maps/FirstPersonExampleMap.FirstPersonExampleMap:PersistentLevel' has LevelScriptBlueprint '/Game/FirstPersonBP/Maps/FirstPersonExampleMap.FirstPersonExampleMap:PersistentLevel.FirstPersonExampleMap' with GeneratedClass '/Game/FirstPersonBP/Maps/FirstPersonExampleMap.FirstPersonExampleMap_C' with ClassGeneratedBy '/Game/FirstPersonBP/Maps/FirstPersonExampleMap.FirstPersonExampleMap:PersistentLevel.FirstPersonExampleMap'
[2016.04.08-17.46.06:180][374]LogBlueprintUserMessages: Late EndPlayMap Detection: Level '/Game/FirstPersonBP/Maps/FirstPersonExampleMap.FirstPersonExampleMap:PersistentLevel' has LevelScriptBlueprint '/Game/FirstPersonBP/Maps/FirstPersonExampleMap.FirstPersonExampleMap:PersistentLevel.FirstPersonExampleMap' with GeneratedClass '/Game/FirstPersonBP/Maps/FirstPersonExampleMap.FirstPersonExampleMap_C' with ClassGeneratedBy '/Game/FirstPersonBP/Maps/FirstPersonExampleMap.FirstPersonExampleMap:PersistentLevel.FirstPersonExampleMap'
[2016.04.08-17.46.06:236][374]LogParticles: Destroying 0 GPU particle simulations for FXSystem 0x0000005B42C0C180
[2016.04.08-17.46.12:853][616]LogRenderer: Reallocating scene render targets to support 1016x608 (Frame:19043).
[2016.04.08-17.46.23:708][162]LogSavePackage: Save=53.840897ms
[2016.04.08-17.46.23:708][162]LogSavePackage: Moving '../../../../../../Users/ray/Documents/FCFM Stuff/Essays, Homework, and Stuff/7mo. Semestre/Videojuegos 2/vj2/Axioma/Saved/Cupula962CE6564425A3A86EA2DB85B1DCF5E7.tmp' to '../../../../../../Users/ray/Documents/FCFM Stuff/Essays, Homework, and Stuff/7mo. Semestre/Videojuegos 2/vj2/Axioma/Content/FirstPersonBP/Models/Cupula/Cupula.uasset'
[2016.04.08-17.46.23:712][162]LogSavePackage: Total save time: 65.479957ms
[2016.04.08-17.46.23:712][162]LogSavePackage:Display: Finished SavePackage ../../../../../../Users/ray/Documents/FCFM Stuff/Essays, Homework, and Stuff/7mo. Semestre/Videojuegos 2/vj2/Axioma/Content/FirstPersonBP/Models/Cupula/Cupula.uasset
[2016.04.08-17.46.26:518][345]LogBlueprintUserMessages: Early PlayInEditor Detection: Level '/Game/FirstPersonBP/Maps/FirstPersonExampleMap.FirstPersonExampleMap:PersistentLevel' has LevelScriptBlueprint '/Game/FirstPersonBP/Maps/FirstPersonExampleMap.FirstPersonExampleMap:PersistentLevel.FirstPersonExampleMap' with GeneratedClass '/Game/FirstPersonBP/Maps/FirstPersonExampleMap.FirstPersonExampleMap_C' with ClassGeneratedBy '/Game/FirstPersonBP/Maps/FirstPersonExampleMap.FirstPersonExampleMap:PersistentLevel.FirstPersonExampleMap'
[2016.04.08-17.46.26:518][345]BlueprintLog: New page: Pre-Play auto-recompile
[2016.04.08-17.46.26:518][345]LogPlayLevel: [PlayLevel] Compiling FirstPersonExampleMap before play...
[2016.04.08-17.46.26:524][345]LogBlueprint:Error: [compiler FirstPersonExampleMap] Error Couldn't find object for bound event node  OnActorEndOverlap (None) 
[2016.04.08-17.46.26:524][345]LogBlueprint:Error: [compiler FirstPersonExampleMap] Error Couldn't find object for bound event node  OnActorBeginOverlap (None) 
[2016.04.08-17.46.26:608][345]LogBlueprint:Warning: [compiler FirstPersonExampleMap] Warning [1021.72] Compile of FirstPersonExampleMap failed. 2 Fatal Issue(s) 0 Warning(s) [in 88 ms]
[2016.04.08-17.46.26:608][345]LogBlueprint:Warning: [compiler FirstPersonExampleMap] Warning [1021.72] Compile of FirstPersonExampleMap failed. 2 Fatal Issue(s) 1 Warning(s) [in 0 ms]
[2016.04.08-17.46.26:609][345]LogBlueprint:Warning: [compiler FirstPersonExampleMap] Warning [1021.72] Compile of FirstPersonExampleMap failed. 2 Fatal Issue(s) 2 Warning(s) [in 0 ms]
[2016.04.08-17.46.26:609][345]LogBlueprint:Warning: [compiler FirstPersonExampleMap] Warning [1021.72] Compile of FirstPersonExampleMap failed. 2 Fatal Issue(s) 3 Warning(s) [in 0 ms]
[2016.04.08-17.46.26:609][345]LogBlueprint:Warning: [compiler FirstPersonExampleMap] Warning [1021.72] Compile of FirstPersonExampleMap failed. 2 Fatal Issue(s) 4 Warning(s) [in 0 ms]
[2016.04.08-17.46.26:609][345]LogBlueprint:Warning: [compiler FirstPersonExampleMap] Warning [1021.72] Compile of FirstPersonExampleMap failed. 2 Fatal Issue(s) 5 Warning(s) [in 0 ms]
[2016.04.08-17.46.26:611][345]LogPlayLevel: PlayLevel: Blueprint regeneration took 92 ms (1 blueprints)
[2016.04.08-17.46.26:791][345]LogParticles: Destroying 0 GPU particle simulations for FXSystem 0x0000005B7F0E6AC0
[2016.04.08-17.46.26:791][345]BlueprintLog: Info Blueprint FirstPersonExampleMap failed to compile
[2016.04.08-17.46.28:306][345]PIE: New page: PIE session: FirstPersonExampleMap (Apr 8, 2016, 7:46:28 AM)
[2016.04.08-17.46.28:306][345]LogPlayLevel: Creating play world package: /Game/FirstPersonBP/Maps/UEDPIE_0_FirstPersonExampleMap
[2016.04.08-17.46.28:449][345]LogPlayLevel: PIE: StaticDuplicateObject took: (0.142884s)
[2016.04.08-17.46.28:451][345]LogAIModule: Creating AISystem for world FirstPersonExampleMap
[2016.04.08-17.46.28:452][345]LogPlayLevel: PIE: World Init took: (0.002261s)
[2016.04.08-17.46.28:452][345]LogPlayLevel: PIE: Created PIE world by copying editor world from /Game/FirstPersonBP/Maps/FirstPersonExampleMap.FirstPersonExampleMap to /Game/FirstPersonBP/Maps/UEDPIE_0_FirstPersonExampleMap.FirstPersonExampleMap (0.145879s)
[2016.04.08-17.46.28:493][345]LogInit: XAudio2 using 'Altavoces (Realtek High Definition Audio)' : 2 channels at 48 kHz using 32 bits per sample (channel mask 0x3)
[2016.04.08-17.46.28:503][345]LogInit: FAudioDevice initialized.
[2016.04.08-17.46.28:540][345]LogWorld: Game class is 'FirstPersonGameMode_C'
[2016.04.08-17.46.28:724][345]LogWorld: Bringing World /Game/FirstPersonBP/Maps/UEDPIE_0_FirstPersonExampleMap.FirstPersonExampleMap up for play (max tick rate 0) at 2016.04.08-12.46.28
[2016.04.08-17.46.28:724][345]LogActor:Warning: GameSession /Game/FirstPersonBP/Maps/UEDPIE_0_FirstPersonExampleMap.FirstPersonExampleMap:PersistentLevel.GameSession_3 has natively added scene component(s), but none of them were set as the actor's RootComponent - picking one arbitrarily
[2016.04.08-17.46.28:725][345]LogActor:Warning: GameNetworkManager /Game/FirstPersonBP/Maps/UEDPIE_0_FirstPersonExampleMap.FirstPersonExampleMap:PersistentLevel.GameNetworkManager_3 has natively added scene component(s), but none of them were set as the actor's RootComponent - picking one arbitrarily
