[2016.04.08-17.23.44:261][  0]Log file open, 04/08/16 12:23:44
[2016.04.08-17.23.44:261][  0]LogInit:Display: Running engine for game: Axioma
[2016.04.08-17.23.44:261][  0]LogPlatformFile: Not using cached read wrapper
[2016.04.08-17.23.44:261][  0]LogInit:Display: RandInit(1145123871) SRandInit(1145123872).
[2016.04.08-17.23.44:261][  0]LogTaskGraph: Started task graph with 4 named threads and 5 total threads.
[2016.04.08-17.23.44:261][  0]LogStats: Stats thread started at 0.062739
[2016.04.08-17.23.44:261][  0]LogInit: Version: 4.10.4-2872498+++depot+UE4-Releases+4.10
[2016.04.08-17.23.44:261][  0]LogInit: API Version: 2758231
[2016.04.08-17.23.44:261][  0]LogInit: Compiled (64-bit): Feb 18 2016 15:47:04
[2016.04.08-17.23.44:261][  0]LogInit: Compiled with Visual C++: 19.00.23026.00
[2016.04.08-17.23.44:261][  0]LogInit: Build Configuration: Development
[2016.04.08-17.23.44:261][  0]LogInit: Branch Name: ++depot+UE4-Releases+4.10
[2016.04.08-17.23.44:261][  0]LogInit: Command line:  
[2016.04.08-17.23.44:261][  0]LogInit: Base directory: C:/Program Files (x86)/Epic Games/4.10/Engine/Binaries/Win64/
[2016.04.08-17.23.44:261][  0]LogInit: Rocket: 1
[2016.04.08-17.23.44:270][  0]LogInit: Using libcurl 7.41.0
[2016.04.08-17.23.44:270][  0]LogInit:  - built for x86_64-pc-win32
[2016.04.08-17.23.44:270][  0]LogInit:  - supports SSL with WinSSL
[2016.04.08-17.23.44:270][  0]LogInit:  - other features:
[2016.04.08-17.23.44:270][  0]LogInit:      CURL_VERSION_SSL
[2016.04.08-17.23.44:270][  0]LogInit:      CURL_VERSION_IPV6
[2016.04.08-17.23.44:270][  0]LogInit:      CURL_VERSION_ASYNCHDNS
[2016.04.08-17.23.44:270][  0]LogInit:      CURL_VERSION_LARGEFILE
[2016.04.08-17.23.44:270][  0]LogInit:      CURL_VERSION_IDN
[2016.04.08-17.23.44:270][  0]LogInit:  CurlRequestOptions (configurable via config and command line):
[2016.04.08-17.23.44:270][  0]LogInit:  - bVerifyPeer = true  - Libcurl will verify peer certificate
[2016.04.08-17.23.44:270][  0]LogInit:  - bUseHttpProxy = false  - Libcurl will NOT use HTTP proxy
[2016.04.08-17.23.44:270][  0]LogInit:  - bDontReuseConnections = false  - Libcurl will reuse connections
[2016.04.08-17.23.44:271][  0]LogInit:  - CertBundlePath = nullptr  - Libcurl will use whatever was configured at build time.
[2016.04.08-17.23.44:278][  0]LogInit: Presizing for 0 objects not considered by GC, pre-allocating 0 bytes.
[2016.04.08-17.23.44:290][  0]LogInit: Object subsystem initialized
[2016.04.08-17.23.44:291][  0]LogInit: Selected Device Profile: [Windows]
[2016.04.08-17.23.44:291][  0]LogInit: Applying CVar settings loaded from the selected device profile: [Windows]
[2016.04.08-17.23.44:312][  0]LogInit: Computer: LAPTOP-RAY
[2016.04.08-17.23.44:312][  0]LogInit: User: ray
[2016.04.08-17.23.44:312][  0]LogInit: CPU Page size=4096, Cores=2
[2016.04.08-17.23.44:312][  0]LogInit: High frequency timer resolution =2.338334 MHz
[2016.04.08-17.23.44:312][  0]LogMemory: Memory total: Physical=3.9GB (4GB approx)
[2016.04.08-17.23.44:313][  0]LogMemory: Platform Memory Stats for Windows
[2016.04.08-17.23.44:313][  0]LogMemory: Process Physical Memory: 54.98 MB used, 54.98 MB peak
[2016.04.08-17.23.44:313][  0]LogMemory: Process Virtual Memory: 55.42 MB used, 55.42 MB peak
[2016.04.08-17.23.44:313][  0]LogMemory: Physical Memory: 1874.33 MB used, 3976.27 MB total
[2016.04.08-17.23.44:313][  0]LogMemory: Virtual Memory: 364.53 MB used, 134217728.00 MB total
[2016.04.08-17.23.44:592][  0]LogTextLocalizationManager: No specific translations for ('en-US') exist, so ('en') translations will be used.
[2016.04.08-17.23.45:089][  0]LogD3D11RHI: Found D3D11 adapter 0: Intel(R) HD Graphics Family (Feature Level 11_0)
[2016.04.08-17.23.45:089][  0]LogD3D11RHI: Adapter has 32MB of dedicated video memory, 0MB of dedicated system memory, and 1760MB of shared system memory, 1 output[s]
[2016.04.08-17.23.45:155][  0]LogD3D11RHI: Found D3D11 adapter 1: Microsoft Basic Render Driver (Feature Level 11_0)
[2016.04.08-17.23.45:155][  0]LogD3D11RHI: Adapter has 0MB of dedicated video memory, 0MB of dedicated system memory, and 256MB of shared system memory, 0 output[s]
[2016.04.08-17.23.45:156][  0]LogD3D11RHI: Chosen D3D11 Adapter Id = 0
[2016.04.08-17.23.45:166][  0]LogD3D11RHI: !Direct3DDevice
[2016.04.08-17.23.45:166][  0]LogRHI: Texture pool is 638 MB (70% of 912 MB)
[2016.04.08-17.23.45:174][  0]LogD3D11RHI: Async texture creation enabled
[2016.04.08-17.23.45:179][  0]LogShaderCompilers: Guid format shader working directory is -71 characters bigger than the processId version (../../../../../../Users/ray/Documents/FCFM Stuff/Essays, Homework, and Stuff/7mo. Semestre/Videojuegos 2/vj2/Axioma/Intermediate/Shaders/WorkingDirectory/4992/).
[2016.04.08-17.23.45:179][  0]LogShaderCompilers: Cleaned the shader compiler working directory 'C:/Users/ray/AppData/Local/Temp/UnrealShaderWorkingDir/214642944C1BCE22269DEEB64D500546/'.
[2016.04.08-17.23.45:179][  0]LogShaderCompilers:Display: Using Local Shader Compiler.
[2016.04.08-17.23.53:741][  0]LogTemp:Display: Loaded TP AllDesktopTargetPlatform
[2016.04.08-17.23.53:765][  0]LogTemp:Display: Loaded TP WindowsClientTargetPlatform
[2016.04.08-17.23.53:797][  0]LogTemp:Display: Loaded TP WindowsNoEditorTargetPlatform
[2016.04.08-17.23.53:829][  0]LogTemp:Display: Loaded TP WindowsServerTargetPlatform
[2016.04.08-17.23.53:952][  0]LogTemp:Display: Loaded TP WindowsTargetPlatform
[2016.04.08-17.23.54:110][  0]LogTemp:Display: Loaded TP AndroidTargetPlatform
[2016.04.08-17.23.54:268][  0]LogTemp:Display: Loaded TP Android_ASTCTargetPlatform
[2016.04.08-17.23.54:448][  0]LogTemp:Display: Loaded TP Android_ATCTargetPlatform
[2016.04.08-17.23.54:531][  0]LogTemp:Display: Loaded TP Android_DXTTargetPlatform
[2016.04.08-17.23.54:579][  0]LogTemp:Display: Loaded TP Android_ETC1TargetPlatform
[2016.04.08-17.23.54:616][  0]LogTemp:Display: Loaded TP Android_ETC2TargetPlatform
[2016.04.08-17.23.54:655][  0]LogTemp:Display: Loaded TP Android_MultiTargetPlatform
[2016.04.08-17.23.54:655][  0]LogTemp:Display: Loaded TP Android_PVRTCTargetPlatform
[2016.04.08-17.23.54:662][  0]LogTemp:Display: Loaded TP HTML5TargetPlatform
[2016.04.08-17.23.54:813][  0]LogTemp:Display: Loaded TP IOSTargetPlatform
[2016.04.08-17.23.54:869][  0]LogTemp:Display: Loaded TP LinuxNoEditorTargetPlatform
[2016.04.08-17.23.54:934][  0]LogTemp:Display: Loaded TP LinuxServerTargetPlatform
[2016.04.08-17.23.54:977][  0]LogTemp:Display: Loaded TP LinuxTargetPlatform
[2016.04.08-17.23.54:977][  0]LogTargetPlatformManager:Display: Building Assets For Windows
[2016.04.08-17.23.58:962][  0]LogDerivedDataCache:Display: Max Cache Size: 512 MB
[2016.04.08-17.24.02:897][  0]LogDerivedDataCache: Loaded boot cache 3.91s 41MB C:/Users/ray/AppData/Local/UnrealEngine/4.10/DerivedDataCache/Boot.ddc.
[2016.04.08-17.24.02:897][  0]LogDerivedDataCache:Display: Loaded Boot cache: C:/Users/ray/AppData/Local/UnrealEngine/4.10/DerivedDataCache/Boot.ddc
[2016.04.08-17.24.02:897][  0]LogDerivedDataCache: FDerivedDataBackendGraph:  Pak pak cache file ../../../../../../Users/ray/Documents/FCFM Stuff/Essays, Homework, and Stuff/7mo. Semestre/Videojuegos 2/vj2/Axioma/DerivedDataCache/DDC.ddp not found, will not use a pak cache.
[2016.04.08-17.24.02:897][  0]LogDerivedDataCache: Unable to find inner node Pak for hierarchical cache Hierarchy.
[2016.04.08-17.24.02:897][  0]LogDerivedDataCache: FDerivedDataBackendGraph:  CompressedPak pak cache file ../../../../../../Users/ray/Documents/FCFM Stuff/Essays, Homework, and Stuff/7mo. Semestre/Videojuegos 2/vj2/Axioma/DerivedDataCache/Compressed.ddp not found, will not use a pak cache.
[2016.04.08-17.24.02:897][  0]LogDerivedDataCache: Unable to find inner node CompressedPak for hierarchical cache Hierarchy.
[2016.04.08-17.24.03:169][  0]LogDerivedDataCache:Display: Pak cache opened for reading ../../../Engine/DerivedDataCache/Compressed.ddp.
[2016.04.08-17.24.03:209][  0]LogDerivedDataCache: Using Local data cache path C:/Users/ray/AppData/Local/UnrealEngine/Common/DerivedDataCache: Writable
[2016.04.08-17.24.14:794][  0]LogInit: Selected Device Profile: [Windows]
[2016.04.08-17.24.14:825][  0]LogContentStreaming: Texture pool size is 0.000000MB
[2016.04.08-17.24.15:857][  0]LogMeshUtilities: No automatic mesh reduction module available
[2016.04.08-17.24.15:857][  0]LogMeshUtilities: No automatic mesh merging module available
[2016.04.08-17.24.17:596][  0]LogInit: WinSock: version 1.1 (2.2), MaxSocks=32767, MaxUdp=65467
[2016.04.08-17.24.42:570][  0]UdpMessaging: Initializing bridge on interface 0.0.0.0:0 to multicast group 230.0.0.1:6666.
[2016.04.08-17.24.44:835][  0]LogAssetRegistry: FAssetRegistry took 0.0115 seconds to start up
[2016.04.08-17.24.52:024][  0]SourceControl: Info Source control is disabled
[2016.04.08-17.24.52:025][  0]SourceControl: Info Source control is disabled
[2016.04.08-17.24.52:580][  0]SourceControl: Info Source control is disabled
[2016.04.08-17.24.53:040][  0]SourceControl: Info Source control is disabled
[2016.04.08-17.25.01:482][  0]LogObj: 28633 objects as part of root set at end of initial load.
[2016.04.08-17.25.01:482][  0]LogUObjectAllocator: 6099744 out of 0 bytes used by permanent object pool.
[2016.04.08-17.25.05:846][  0]LogAutomationTest:Warning: Smoke tests took > 1s to run: 3.06s
[2016.04.08-17.25.05:889][  0]LogEngine: Initializing Engine...
[2016.04.08-17.25.05:920][  0]LogHMD: Can't find Oculus library dev build: is proper Runtime installed? Version: 0.8.0.0
[2016.04.08-17.25.05:959][  0]LogHMD: SteamVR failed to initialize.  Err: 110
[2016.04.08-17.25.06:374][  0]LogAIModule: Creating AISystem for world NewWorld
[2016.04.08-17.25.07:215][  0]LogInit: XAudio2 using 'Altavoces (Realtek High Definition Audio)' : 2 channels at 48 kHz using 32 bits per sample (channel mask 0x3)
[2016.04.08-17.25.07:246][  0]LogInit: FAudioDevice initialized.
[2016.04.08-17.25.07:283][  0]LogDerivedDataCache: Saved boot cache 0.04s 41MB C:/Users/ray/AppData/Local/UnrealEngine/4.10/DerivedDataCache/Boot.ddc.
[2016.04.08-17.25.07:287][  0]LogInit: Texture streaming: Enabled
[2016.04.08-17.25.07:689][  0]LogAnalytics: Creating configured Analytics provider AnalyticsET
[2016.04.08-17.25.07:689][  0]LogAnalytics: [UEEditor.Rocket.Release] APIServer = http://et2.epicgames.com/ET2/. AppVersion = 4.10.4-2872498+++depot+UE4-Releases+4.10
[2016.04.08-17.25.07:689][  0]LogAnalytics: [UEEditor.Rocket.Release] SetUserId f6d84d504b8c91be90ceca84e0ba1004|f68b6959a5b94dccb13faa64bd594851|592e87cd-9efb-44c2-bcd9-891f7d9d6dd4
[2016.04.08-17.25.07:689][  0]LogAnalytics: [UEEditor.Rocket.Release] AnalyticsET::StartSession
[2016.04.08-17.25.08:447][  0]LogWindowsTextInputMethodSystem:Display: IME system now deactivated.
[2016.04.08-17.25.10:687][  0]LogInit: Transaction tracking system initialized
[2016.04.08-17.25.13:528][  0]BlueprintLog: New page: Editor Load
[2016.04.08-17.25.21:013][  0]LocalizationService: Info Localization service is disabled
[2016.04.08-17.25.25:926][  0]LogConsoleResponse:Display: 
[2016.04.08-17.25.29:760][  0]LogCook:Display: Done creating registry. It took  0.00s.
[2016.04.08-17.25.34:370][  0]SourceControl: Info Source control is disabled
[2016.04.08-17.25.34:578][  0]LightingResults: New page: Lighting Build
[2016.04.08-17.25.34:857][  0]MapCheck: New page: Map Check
[2016.04.08-17.25.34:857][  0]LightingResults: New page: Lighting Build
[2016.04.08-17.25.34:881][  0]LogParticles: Destroying 0 GPU particle simulations for FXSystem 0x00000089E038FB00
[2016.04.08-17.25.53:808][  0]LogAIModule: Creating AISystem for world FirstPersonExampleMap
[2016.04.08-17.26.47:123][  0]LogBlueprintUserMessages: [Wind_Turbine__Rotor__Blueprint_C_7] 67.947021
[2016.04.08-17.26.47:124][  0]LogBlueprintUserMessages: [Wind_Turbine__Rotor__Blueprint_C_8] 85.272987
[2016.04.08-17.26.47:124][  0]LogBlueprintUserMessages: [Wind_Turbine__Rotor__Blueprint3_44] 145.161285
[2016.04.08-17.26.47:125][  0]LogBlueprintUserMessages: [Wind_Turbine__Rotor__Blueprint4] 79.417099
[2016.04.08-17.26.47:126][  0]LogBlueprintUserMessages: [Wind_Turbine__Rotor__Blueprint5] 159.921875
[2016.04.08-17.26.47:127][  0]LogBlueprintUserMessages: [Wind_Turbine__Rotor__Blueprint6] 49.830009
[2016.04.08-17.26.47:128][  0]LogBlueprintUserMessages: [Wind_Turbine__Rotor__Blueprint7] 149.001129
[2016.04.08-17.26.47:149][  0]LogEditorServer: Finished looking for orphan Actors (0.008 secs)
[2016.04.08-17.26.47:157][  0]Cmd: MAP CHECKDEP NOCLEARLOG
[2016.04.08-17.26.47:303][  0]MapCheck: Info Map check complete: 0 Error(s), 0 Warning(s), took 146.027ms to complete.
[2016.04.08-17.26.47:303][  0]LogFileHelpers: Loading map 'FirstPersonExampleMap' took 72.843
[2016.04.08-17.26.48:399][  0]LogCollectionManager: Loaded 0 collections in 0.001948 seconds
[2016.04.08-17.26.48:612][  0]LogFileCache: Scanning file cache for directory 'C:/Users/ray/Documents/FCFM Stuff/Essays, Homework, and Stuff/7mo. Semestre/Videojuegos 2/vj2/Axioma/Saved/Collections/' took 0.01s
[2016.04.08-17.26.48:612][  0]LogFileCache: Scanning file cache for directory 'C:/Users/ray/Documents/FCFM Stuff/Essays, Homework, and Stuff/7mo. Semestre/Videojuegos 2/vj2/Axioma/Content/Developers/ray/Collections/' took 0.01s
[2016.04.08-17.26.48:612][  0]LogFileCache: Scanning file cache for directory 'C:/Users/ray/Documents/FCFM Stuff/Essays, Homework, and Stuff/7mo. Semestre/Videojuegos 2/vj2/Axioma/Content/Collections/' took 0.01s
[2016.04.08-17.26.48:612][  0]LogCollectionManager: Rebuilt the GUID cache for 0 collections in 0.000147 seconds
[2016.04.08-17.26.48:689][  0]LogContentBrowser: Native class hierarchy populated in 0.0761 seconds. Added 1893 classes and 338 folders.
[2016.04.08-17.26.48:828][  0]LogContentBrowser: Native class hierarchy updated for 'WidgetCarousel' in 0.0006 seconds. Added 0 classes and 0 folders.
[2016.04.08-17.26.50:777][  0]LogContentBrowser: Native class hierarchy updated for 'AddContentDialog' in 0.0006 seconds. Added 0 classes and 0 folders.
[2016.04.08-17.26.50:881][  0]LogContentBrowser: Native class hierarchy updated for 'SceneOutliner' in 0.0007 seconds. Added 1 classes and 2 folders.
[2016.04.08-17.26.51:456][  0]LogCrashTracker: Crashtracker disabled due to settings.
[2016.04.08-17.26.51:647][  0]LogUObjectGlobals:Warning: Failed to find object 'Class None.'
[2016.04.08-17.26.51:786][  0]LogLoad: Full Startup: 188.23 seconds (BP compile: 2.26 seconds)
[2016.04.08-17.26.51:809][  0]LogOcInput: Can't find Oculus library dev build: is proper Runtime installed? Version: 0.8.0.0
[2016.04.08-17.26.53:510][  0]LogContentStreaming: Texture pool size now 200 MB
[2016.04.08-17.26.53:964][  0]LogRenderer: Reallocating scene render targets to support 816x348 (Frame:2).
[2016.04.08-17.26.55:639][  1]Cmd: UpdateLandscapeEditorData -warnings
[2016.04.08-17.26.57:095][ 10]LogAssetRegistry: Asset discovery search completed in 132.2721 seconds
[2016.04.08-17.26.57:164][ 10]LogCollectionManager: Rebuilt the object cache for 0 collections in 0.000001 seconds (found 0 objects)
[2016.04.08-17.26.57:186][ 10]LogCollectionManager: Fixed up redirectors for 0 collections in 0.090375 seconds (updated 0 objects)
[2016.04.08-17.27.03:045][159]LogBlueprintUserMessages: Early PlayInEditor Detection: Level '/Game/FirstPersonBP/Maps/FirstPersonExampleMap.FirstPersonExampleMap:PersistentLevel' has LevelScriptBlueprint '/Game/FirstPersonBP/Maps/FirstPersonExampleMap.FirstPersonExampleMap:PersistentLevel.FirstPersonExampleMap' with GeneratedClass '/Game/FirstPersonBP/Maps/FirstPersonExampleMap.FirstPersonExampleMap_C' with ClassGeneratedBy '/Game/FirstPersonBP/Maps/FirstPersonExampleMap.FirstPersonExampleMap:PersistentLevel.FirstPersonExampleMap'
[2016.04.08-17.27.03:045][159]LogPlayLevel: PlayLevel: No blueprints needed recompiling
[2016.04.08-17.27.03:132][159]PIE: New page: PIE session: FirstPersonExampleMap (Apr 8, 2016, 7:27:03 AM)
[2016.04.08-17.27.03:132][159]LogPlayLevel: Creating play world package: /Game/FirstPersonBP/Maps/UEDPIE_0_FirstPersonExampleMap
[2016.04.08-17.27.03:850][159]LogPlayLevel: PIE: StaticDuplicateObject took: (0.717826s)
[2016.04.08-17.27.03:919][159]LogAIModule: Creating AISystem for world FirstPersonExampleMap
[2016.04.08-17.27.03:919][159]LogPlayLevel: PIE: World Init took: (0.001335s)
[2016.04.08-17.27.03:982][159]LogPlayLevel: PIE: Created PIE world by copying editor world from /Game/FirstPersonBP/Maps/FirstPersonExampleMap.FirstPersonExampleMap to /Game/FirstPersonBP/Maps/UEDPIE_0_FirstPersonExampleMap.FirstPersonExampleMap (0.849323s)
[2016.04.08-17.27.04:289][159]LogActorComponent: UnregisterComponent: (/Engine/Transient.ProjectileMovementComponent_40__A6522401) Not registered. Aborting.
[2016.04.08-17.27.04:289][159]LogActorComponent: UnregisterComponent: (/Engine/Transient.CharMoveComp) Not registered. Aborting.
[2016.04.08-17.27.05:722][159]LogInit: XAudio2 using 'Altavoces (Realtek High Definition Audio)' : 2 channels at 48 kHz using 32 bits per sample (channel mask 0x3)
[2016.04.08-17.27.05:733][159]LogInit: FAudioDevice initialized.
[2016.04.08-17.27.07:268][159]LogWorld: Game class is 'FirstPersonGameMode_C'
[2016.04.08-17.27.08:485][159]LogWorld: Bringing World /Game/FirstPersonBP/Maps/UEDPIE_0_FirstPersonExampleMap.FirstPersonExampleMap up for play (max tick rate 0) at 2016.04.08-12.27.08
[2016.04.08-17.27.08:485][159]LogActor:Warning: GameSession /Game/FirstPersonBP/Maps/UEDPIE_0_FirstPersonExampleMap.FirstPersonExampleMap:PersistentLevel.GameSession_0 has natively added scene component(s), but none of them were set as the actor's RootComponent - picking one arbitrarily
[2016.04.08-17.27.08:562][159]LogActor:Warning: GameNetworkManager /Game/FirstPersonBP/Maps/UEDPIE_0_FirstPersonExampleMap.FirstPersonExampleMap:PersistentLevel.GameNetworkManager_0 has natively added scene component(s), but none of them were set as the actor's RootComponent - picking one arbitrarily
[2016.04.08-17.27.09:529][159]LogWorld: Bringing up level for play took: 1.312129
[2016.04.08-17.27.11:224][159]PIE: Info Play in editor start time for /Game/FirstPersonBP/Maps/UEDPIE_0_FirstPersonExampleMap 7.865
[2016.04.08-17.27.11:224][159]LogBlueprintUserMessages: Late PlayInEditor Detection: Level '/Game/FirstPersonBP/Maps/FirstPersonExampleMap.FirstPersonExampleMap:PersistentLevel' has LevelScriptBlueprint '/Game/FirstPersonBP/Maps/FirstPersonExampleMap.FirstPersonExampleMap:PersistentLevel.FirstPersonExampleMap' with GeneratedClass '/Game/FirstPersonBP/Maps/FirstPersonExampleMap.FirstPersonExampleMap_C' with ClassGeneratedBy '/Game/FirstPersonBP/Maps/FirstPersonExampleMap.FirstPersonExampleMap:PersistentLevel.FirstPersonExampleMap'
[2016.04.08-17.27.19:834][309]LogCharacterMovement:Warning: GetSimulationTimeStep() - Max iterations 8 hit while remaining time 0.066769 > MaxSimulationTimeStep (0.050) for 'FirstPersonCharacter_C_1'
[2016.04.08-17.27.54:018][187]LogBlueprintUserMessages: Early EndPlayMap Detection: Level '/Game/FirstPersonBP/Maps/FirstPersonExampleMap.FirstPersonExampleMap:PersistentLevel' has LevelScriptBlueprint '/Game/FirstPersonBP/Maps/FirstPersonExampleMap.FirstPersonExampleMap:PersistentLevel.FirstPersonExampleMap' with GeneratedClass '/Game/FirstPersonBP/Maps/FirstPersonExampleMap.FirstPersonExampleMap_C' with ClassGeneratedBy '/Game/FirstPersonBP/Maps/FirstPersonExampleMap.FirstPersonExampleMap:PersistentLevel.FirstPersonExampleMap'
[2016.04.08-17.27.54:558][187]LogBlueprintUserMessages: Late EndPlayMap Detection: Level '/Game/FirstPersonBP/Maps/FirstPersonExampleMap.FirstPersonExampleMap:PersistentLevel' has LevelScriptBlueprint '/Game/FirstPersonBP/Maps/FirstPersonExampleMap.FirstPersonExampleMap:PersistentLevel.FirstPersonExampleMap' with GeneratedClass '/Game/FirstPersonBP/Maps/FirstPersonExampleMap.FirstPersonExampleMap_C' with ClassGeneratedBy '/Game/FirstPersonBP/Maps/FirstPersonExampleMap.FirstPersonExampleMap:PersistentLevel.FirstPersonExampleMap'
[2016.04.08-17.27.54:800][187]LogParticles: Destroying 0 GPU particle simulations for FXSystem 0x00000089EFC22E80
[2016.04.08-17.28.31:048][391]LogActorComponent: UnregisterComponent: (/Engine/Transient.ProjectileMovementComponent_40__A6522401) Not registered. Aborting.
[2016.04.08-17.28.31:048][391]LogActorComponent: UnregisterComponent: (/Engine/Transient.CharMoveComp) Not regist