[2016.04.08-15.50.32:293][  0]Log file open, 04/08/16 10:50:32
[2016.04.08-15.50.32:293][  0]LogInit:Display: Running engine for game: Axioma
[2016.04.08-15.50.32:293][  0]LogPlatformFile: Not using cached read wrapper
[2016.04.08-15.50.32:293][  0]LogInit:Display: RandInit(934781431) SRandInit(934781432).
[2016.04.08-15.50.32:293][  0]LogTaskGraph: Started task graph with 4 named threads and 5 total threads.
[2016.04.08-15.50.32:293][  0]LogStats: Stats thread started at 0.182400
[2016.04.08-15.50.32:293][  0]LogInit: Version: 4.10.4-2872498+++depot+UE4-Releases+4.10
[2016.04.08-15.50.32:293][  0]LogInit: API Version: 2758231
[2016.04.08-15.50.32:293][  0]LogInit: Compiled (64-bit): Feb 18 2016 15:47:04
[2016.04.08-15.50.32:293][  0]LogInit: Compiled with Visual C++: 19.00.23026.00
[2016.04.08-15.50.32:293][  0]LogInit: Build Configuration: Development
[2016.04.08-15.50.32:293][  0]LogInit: Branch Name: ++depot+UE4-Releases+4.10
[2016.04.08-15.50.32:293][  0]LogInit: Command line:  
[2016.04.08-15.50.32:293][  0]LogInit: Base directory: C:/Program Files (x86)/Epic Games/4.10/Engine/Binaries/Win64/
[2016.04.08-15.50.32:293][  0]LogInit: Rocket: 1
[2016.04.08-15.50.32:293][  0]LogInit: Using libcurl 7.41.0
[2016.04.08-15.50.32:293][  0]LogInit:  - built for x86_64-pc-win32
[2016.04.08-15.50.32:293][  0]LogInit:  - supports SSL with WinSSL
[2016.04.08-15.50.32:293][  0]LogInit:  - other features:
[2016.04.08-15.50.32:293][  0]LogInit:      CURL_VERSION_SSL
[2016.04.08-15.50.32:293][  0]LogInit:      CURL_VERSION_IPV6
[2016.04.08-15.50.32:293][  0]LogInit:      CURL_VERSION_ASYNCHDNS
[2016.04.08-15.50.32:293][  0]LogInit:      CURL_VERSION_LARGEFILE
[2016.04.08-15.50.32:293][  0]LogInit:      CURL_VERSION_IDN
[2016.04.08-15.50.32:293][  0]LogInit:  CurlRequestOptions (configurable via config and command line):
[2016.04.08-15.50.32:293][  0]LogInit:  - bVerifyPeer = true  - Libcurl will verify peer certificate
[2016.04.08-15.50.32:293][  0]LogInit:  - bUseHttpProxy = false  - Libcurl will NOT use HTTP proxy
[2016.04.08-15.50.32:293][  0]LogInit:  - bDontReuseConnections = false  - Libcurl will reuse connections
[2016.04.08-15.50.32:293][  0]LogInit:  - CertBundlePath = nullptr  - Libcurl will use whatever was configured at build time.
[2016.04.08-15.50.32:309][  0]LogInit: Presizing for 0 objects not considered by GC, pre-allocating 0 bytes.
[2016.04.08-15.50.32:309][  0]LogInit: Object subsystem initialized
[2016.04.08-15.50.32:309][  0]LogInit: Selected Device Profile: [Windows]
[2016.04.08-15.50.32:309][  0]LogInit: Applying CVar settings loaded from the selected device profile: [Windows]
[2016.04.08-15.50.32:332][  0]LogInit: Computer: LAPTOP-RAY
[2016.04.08-15.50.32:332][  0]LogInit: User: ray
[2016.04.08-15.50.32:332][  0]LogInit: CPU Page size=4096, Cores=2
[2016.04.08-15.50.32:332][  0]LogInit: High frequency timer resolution =2.338334 MHz
[2016.04.08-15.50.32:332][  0]LogMemory: Memory total: Physical=3.9GB (4GB approx)
[2016.04.08-15.50.32:332][  0]LogMemory: Platform Memory Stats for Windows
[2016.04.08-15.50.32:332][  0]LogMemory: Process Physical Memory: 54.90 MB used, 54.90 MB peak
[2016.04.08-15.50.32:332][  0]LogMemory: Process Virtual Memory: 55.39 MB used, 55.39 MB peak
[2016.04.08-15.50.32:332][  0]LogMemory: Physical Memory: 1672.72 MB used, 3976.27 MB total
[2016.04.08-15.50.32:332][  0]LogMemory: Virtual Memory: 364.53 MB used, 134217728.00 MB total
[2016.04.08-15.50.32:447][  0]LogTextLocalizationManager: No specific translations for ('en-US') exist, so ('en') translations will be used.
[2016.04.08-15.50.33:030][  0]LogD3D11RHI: Found D3D11 adapter 0: Intel(R) HD Graphics Family (Feature Level 11_0)
[2016.04.08-15.50.33:030][  0]LogD3D11RHI: Adapter has 32MB of dedicated video memory, 0MB of dedicated system memory, and 1760MB of shared system memory, 1 output[s]
[2016.04.08-15.50.33:031][  0]LogD3D11RHI: Found D3D11 adapter 1: Microsoft Basic Render Driver (Feature Level 11_0)
[2016.04.08-15.50.33:031][  0]LogD3D11RHI: Adapter has 0MB of dedicated video memory, 0MB of dedicated system memory, and 256MB of shared system memory, 0 output[s]
[2016.04.08-15.50.33:032][  0]LogD3D11RHI: Chosen D3D11 Adapter Id = 0
[2016.04.08-15.50.33:038][  0]LogD3D11RHI: !Direct3DDevice
[2016.04.08-15.50.33:038][  0]LogRHI: Texture pool is 638 MB (70% of 912 MB)
[2016.04.08-15.50.33:045][  0]LogD3D11RHI: Async texture creation enabled
[2016.04.08-15.50.33:051][  0]LogShaderCompilers: Guid format shader working directory is -71 characters bigger than the processId version (../../../../../../Users/ray/Documents/FCFM Stuff/Essays, Homework, and Stuff/7mo. Semestre/Videojuegos 2/vj2/Axioma/Intermediate/Shaders/WorkingDirectory/8268/).
[2016.04.08-15.50.33:051][  0]LogShaderCompilers: Cleaned the shader compiler working directory 'C:/Users/ray/AppData/Local/Temp/UnrealShaderWorkingDir/91176A0641A3098F486750AA59EE7193/'.
[2016.04.08-15.50.33:051][  0]LogShaderCompilers:Display: Using Local Shader Compiler.
[2016.04.08-15.50.38:806][  0]LogTemp:Display: Loaded TP AllDesktopTargetPlatform
[2016.04.08-15.50.38:925][  0]LogTemp:Display: Loaded TP WindowsClientTargetPlatform
[2016.04.08-15.50.39:045][  0]LogTemp:Display: Loaded TP WindowsNoEditorTargetPlatform
[2016.04.08-15.50.39:165][  0]LogTemp:Display: Loaded TP WindowsServerTargetPlatform
[2016.04.08-15.50.39:218][  0]LogTemp:Display: Loaded TP WindowsTargetPlatform
[2016.04.08-15.50.39:292][  0]LogTemp:Display: Loaded TP AndroidTargetPlatform
[2016.04.08-15.50.39:328][  0]LogTemp:Display: Loaded TP Android_ASTCTargetPlatform
[2016.04.08-15.50.39:368][  0]LogTemp:Display: Loaded TP Android_ATCTargetPlatform
[2016.04.08-15.50.39:392][  0]LogTemp:Display: Loaded TP Android_DXTTargetPlatform
[2016.04.08-15.50.39:430][  0]LogTemp:Display: Loaded TP Android_ETC1TargetPlatform
[2016.04.08-15.50.39:476][  0]LogTemp:Display: Loaded TP Android_ETC2TargetPlatform
[2016.04.08-15.50.39:560][  0]LogTemp:Display: Loaded TP Android_MultiTargetPlatform
[2016.04.08-15.50.39:560][  0]LogTemp:Display: Loaded TP Android_PVRTCTargetPlatform
[2016.04.08-15.50.39:568][  0]LogTemp:Display: Loaded TP HTML5TargetPlatform
[2016.04.08-15.50.39:736][  0]LogTemp:Display: Loaded TP IOSTargetPlatform
[2016.04.08-15.50.39:774][  0]LogTemp:Display: Loaded TP LinuxNoEditorTargetPlatform
[2016.04.08-15.50.39:785][  0]LogTemp:Display: Loaded TP LinuxServerTargetPlatform
[2016.04.08-15.50.39:836][  0]LogTemp:Display: Loaded TP LinuxTargetPlatform
[2016.04.08-15.50.39:836][  0]LogTargetPlatformManager:Display: Building Assets For Windows
[2016.04.08-15.50.41:877][  0]LogDerivedDataCache:Display: Max Cache Size: 512 MB
[2016.04.08-15.50.43:005][  0]LogDerivedDataCache: Loaded boot cache 1.11s 41MB C:/Users/ray/AppData/Local/UnrealEngine/4.10/DerivedDataCache/Boot.ddc.
[2016.04.08-15.50.43:005][  0]LogDerivedDataCache:Display: Loaded Boot cache: C:/Users/ray/AppData/Local/UnrealEngine/4.10/DerivedDataCache/Boot.ddc
[2016.04.08-15.50.43:005][  0]LogDerivedDataCache: FDerivedDataBackendGraph:  Pak pak cache file ../../../../../../Users/ray/Documents/FCFM Stuff/Essays, Homework, and Stuff/7mo. Semestre/Videojuegos 2/vj2/Axioma/DerivedDataCache/DDC.ddp not found, will not use a pak cache.
[2016.04.08-15.50.43:005][  0]LogDerivedDataCache: Unable to find inner node Pak for hierarchical cache Hierarchy.
[2016.04.08-15.50.43:005][  0]LogDerivedDataCache: FDerivedDataBackendGraph:  CompressedPak pak cache file ../../../../../../Users/ray/Documents/FCFM Stuff/Essays, Homework, and Stuff/7mo. Semestre/Videojuegos 2/vj2/Axioma/DerivedDataCache/Compressed.ddp not found, will not use a pak cache.
[2016.04.08-15.50.43:005][  0]LogDerivedDataCache: Unable to find inner node CompressedPak for hierarchical cache Hierarchy.
[2016.04.08-15.50.43:722][  0]LogDerivedDataCache:Display: Pak cache opened for reading ../../../Engine/DerivedDataCache/Compressed.ddp.
[2016.04.08-15.50.43:778][  0]LogDerivedDataCache: Using Local data cache path C:/Users/ray/AppData/Local/UnrealEngine/Common/DerivedDataCache: Writable
[2016.04.08-15.51.00:022][  0]LogInit: Selected Device Profile: [Windows]
[2016.04.08-15.51.01:037][  0]LogContentStreaming: Texture pool size is 0.000000MB
[2016.04.08-15.51.04:728][  0]LogMeshUtilities: No automatic mesh reduction module available
[2016.04.08-15.51.04:728][  0]LogMeshUtilities: No automatic mesh merging module available
[2016.04.08-15.51.10:792][  0]LogInit: WinSock: version 1.1 (2.2), MaxSocks=32767, MaxUdp=65467
[2016.04.08-15.51.29:149][  0]UdpMessaging: Initializing bridge on interface 0.0.0.0:0 to multicast group 230.0.0.1:6666.
[2016.04.08-15.51.30:403][  0]LogAssetRegistry: FAssetRegistry took 0.0148 seconds to start up
[2016.04.08-15.51.37:992][  0]SourceControl: Info Source control is disabled
[2016.04.08-15.51.38:014][  0]SourceControl: Info Source control is disabled
[2016.04.08-15.51.38:283][  0]SourceControl: Info Source control is disabled
[2016.04.08-15.51.38:455][  0]SourceControl: Info Source control is disabled
[2016.04.08-15.51.40:756][  0]LogObj: 28633 objects as part of root set at end of initial load.
[2016.04.08-15.51.40:756][  0]LogUObjectAllocator: 6099752 out of 0 bytes used by permanent object pool.
[2016.04.08-15.51.42:227][  0]LogEngine: Initializing Engine...
[2016.04.08-15.51.42:263][  0]LogHMD: Can't find Oculus library dev build: is proper Runtime installed? Version: 0.8.0.0
[2016.04.08-15.51.42:374][  0]LogHMD: SteamVR failed to initialize.  Err: 110
[2016.04.08-15.51.44:023][  0]LogAIModule: Creating AISystem for world NewWorld
[2016.04.08-15.51.44:521][  0]LogInit: XAudio2 using 'Altavoces (Realtek High Definition Audio)' : 2 channels at 48 kHz using 32 bits per sample (channel mask 0x3)
[2016.04.08-15.51.44:569][  0]LogInit: FAudioDevice initialized.
[2016.04.08-15.51.44:602][  0]LogDerivedDataCache: Saved boot cache 0.03s 41MB C:/Users/ray/AppData/Local/UnrealEngine/4.10/DerivedDataCache/Boot.ddc.
[2016.04.08-15.51.44:608][  0]LogInit: Texture streaming: Enabled
[2016.04.08-15.51.45:786][  0]LogAnalytics: Creating configured Analytics provider AnalyticsET
[2016.04.08-15.51.45:885][  0]LogAnalytics: [UEEditor.Rocket.Release] APIServer = http://et2.epicgames.com/ET2/. AppVersion = 4.10.4-2872498+++depot+UE4-Releases+4.10
[2016.04.08-15.51.45:885][  0]LogAnalytics: [UEEditor.Rocket.Release] SetUserId f6d84d504b8c91be90ceca84e0ba1004|f68b6959a5b94dccb13faa64bd594851|592e87cd-9efb-44c2-bcd9-891f7d9d6dd4
[2016.04.08-15.51.46:210][  0]LogAnalytics: [UEEditor.Rocket.Release] AnalyticsET::StartSession
[2016.04.08-15.51.46:738][  0]LogWindowsTextInputMethodSystem:Display: IME system now deactivated.
[2016.04.08-15.51.48:351][  0]LogInit: Transaction tracking system initialized
[2016.04.08-15.51.51:404][  0]BlueprintLog: New page: Editor Load
[2016.04.08-15.52.01:503][  0]LocalizationService: Info Localization service is disabled
[2016.04.08-15.52.05:810][  0]LogConsoleResponse:Display: 
[2016.04.08-15.52.11:755][  0]LogCook:Display: Done creating registry. It took  0.00s.
[2016.04.08-15.52.18:349][  0]SourceControl: Info Source control is disabled
[2016.04.08-15.52.18:681][  0]LightingResults: New page: Lighting Build
[2016.04.08-15.52.19:350][  0]MapCheck: New page: Map Check
[2016.04.08-15.52.19:350][  0]LightingResults: New page: Lighting Build
[2016.04.08-15.52.20:308][  0]LogParticles: Destroying 0 GPU particle simulations for FXSystem 0x00000029BB537B00
[2016.04.08-15.52.43:621][  0]LogAIModule: Creating AISystem for world FirstPersonExampleMap
[2016.04.08-15.53.15:382][  0]LogBlueprintUserMessages: [Wind_Turbine__Rotor__Blueprint_C_7] 41.161533
[2016.04.08-15.53.15:382][  0]LogBlueprintUserMessages: [Wind_Turbine__Rotor__Blueprint_C_8] 76.494644
[2016.04.08-15.53.15:383][  0]LogBlueprintUserMessages: [Wind_Turbine__Rotor__Blueprint3_44] 95.045624
[2016.04.08-15.53.15:383][  0]LogBlueprintUserMessages: [Wind_Turbine__Rotor__Blueprint4] 54.224674
[2016.04.08-15.53.15:384][  0]LogBlueprintUserMessages: [Wind_Turbine__Rotor__Blueprint5] 39.45311
[2016.04.08-15.53.15:384][  0]LogBlueprintUserMessages: [Wind_Turbine__Rotor__Blueprint6] 43.183079
[2016.04.08-15.53.15:385][  0]LogBlueprintUserMessages: [Wind_Turbine__Rotor__Blueprint7] 75.698112
[2016.04.08-15.53.15:571][  0]LogEditorServer: Finished looking for orphan Actors (0.000 secs)
[2016.04.08-15.53.15:645][  0]Cmd: MAP CHECKDEP NOCLEARLOG
[2016.04.08-15.53.15:772][  0]MapCheck: Info Map check complete: 0 Error(s), 0 Warning(s), took 126.626ms to complete.
[2016.04.08-15.53.15:772][  0]LogFileHelpers: Loading map 'FirstPersonExampleMap' took 57.301
[2016.04.08-15.53.18:288][  0]LogCollectionManager: Loaded 0 collections in 0.029510 seconds
[2016.04.08-15.53.18:817][  0]LogFileCache: Scanning file cache for directory 'C:/Users/ray/Documents/FCFM Stuff/Essays, Homework, and Stuff/7mo. Semestre/Videojuegos 2/vj2/Axioma/Saved/Collections/' took 0.01s
[2016.04.08-15.53.18:817][  0]LogFileCache: Scanning file cache for directory 'C:/Users/ray/Documents/FCFM Stuff/Essays, Homework, and Stuff/7mo. Semestre/Videojuegos 2/vj2/Axioma/Content/Developers/ray/Collections/' took 0.01s
[2016.04.08-15.53.18:817][  0]LogFileCache: Scanning file cache for directory 'C:/Users/ray/Documents/FCFM Stuff/Essays, Homework, and Stuff/7mo. Semestre/Videojuegos 2/vj2/Axioma/Content/Collections/' took 0.01s
[2016.04.08-15.53.18:817][  0]LogCollectionManager: Rebuilt the GUID cache for 0 collections in 0.000002 seconds
[2016.04.08-15.53.18:912][  0]LogContentBrowser: Native class hierarchy populated in 0.0867 seconds. Added 1893 classes and 338 folders.
[2016.04.08-15.53.19:084][  0]LogContentBrowser: Native class hierarchy updated for 'WidgetCarousel' in 0.0004 seconds. Added 0 classes and 0 folders.
[2016.04.08-15.53.20:685][  0]LogContentBrowser: Native class hierarchy updated for 'AddContentDialog' in 0.0012 seconds. Added 0 classes and 0 folders.
[2016.04.08-15.53.20:877][  0]LogContentBrowser: Native class hierarchy updated for 'SceneOutliner' in 0.0006 seconds. Added 1 classes and 2 folders.
[2016.04.08-15.53.21:684][  0]LogCrashTracker: Crashtracker disabled due to settings.
[2016.04.08-15.53.21:997][  0]LogUObjectGlobals:Warning: Failed to find object 'Class None.'
[2016.04.08-15.53.22:134][  0]LogLoad: Full Startup: 170.40 seconds (BP compile: 3.41 seconds)
[2016.04.08-15.53.22:229][  0]LogOcInput: Can't find Oculus library dev build: is proper Runtime installed? Version: 0.8.0.0
[2016.04.08-15.53.22:761][  0]LogContentStreaming: Texture pool size now 200 MB
[2016.04.08-15.53.23:565][  0]LogRenderer: Reallocating scene render targets to support 816x348 (Frame:2).
[2016.04.08-15.53.25:711][  1]Cmd: UpdateLandscapeEditorData -warnings
[2016.04.08-15.53.27:602][  9]LogAssetRegistry: Asset discovery search completed in 117.2106 seconds
[2016.04.08-15.53.27:626][  9]LogCollectionManager: Rebuilt the object cache for 0 collections in 0.000000 seconds (found 0 objects)
[2016.04.08-15.53.27:626][  9]LogCollectionManager: Fixed up redirectors for 0 collections in 0.000043 seconds (updated 0 objects)
[2016.04.08-16.12.38:370][263]LogEditorViewport: Clicking on Actor (LMB): Landscape (Landscape1)
[2016.04.08-16.13.27:189][599]LogActorComponent: UnregisterComponent: (/Engine/Transient.ProjectileMovementComponent_40__A6522401) Not registered. Aborting.
[2016.04.08-16.13.27:189][599]LogActorComponent: UnregisterComponent: (/Engine/Transient.CharMoveComp) Not registered. Aborting.
[2016.04.08-16.13.44:289][170]LogPackageName:Error: DoesPackageExist: DoesPackageExist FAILED: '/Game/FirstPersonBP/Models/New Flashlight/FlashlightTexture' is not a standard unreal filename or a long path name. Reason: Name may not contain the following characters:  
[2016.04.08-16.13.44:292][170]LogLinker:Warning: Can't find file '/Game/FirstPersonBP/Models/New Flashlight/FlashlightTexture'
[2016.04.08-16.13.44:292][170]LogPackageName:Error: DoesPackageExist: DoesPackageExist FAILED: '/Game/FirstPersonBP/Models/New Flashlight/FlashlightTexture' is not a standard unreal filename or a long path name. Reason: Name may not contain the following characters:  
[2016.04.08-16.13.44:292][170]LogLinker:Warning: Can't find file for asset '/Game/FirstPersonBP/Models/New Flashlight/FlashlightTexture' while loading ../../../../../../Users/ray/Documents/FCFM Stuff/Essays, Homework, and Stuff/7mo. Semestre/Videojuegos 2/vj2/Axioma/Content/FirstPersonBP/Models/New_Flashlight/None.uasset.
[2016.04.08-16.13.44:313][170]LoadErrors:Error: Error /Game/FirstPersonBP/Models/New_Flashlight/None : Can't find file for asset. /Game/FirstPersonBP/Models/New Flashlight/FlashlightTexture
[2016.04.08-16.13.44:313][170]LogPackageName:Error: DoesPackageExist: DoesPackageExist FAILED: '/Game/FirstPersonBP/Models/New Flashlight/FlashlightTexture' is not a standard unreal filename or a long path name. Reason: Name may not contain the following characters:  
[2016.04.08-16.13.44:313][170]LogLinker:Warning: Can't find file '/Game/FirstPersonBP/Models/New Flashlight/FlashlightTexture'
[2016.04.08-16.13.44:313][170]LogPackageName:Error: DoesPackageExist: DoesPackageExist FAILED: '/Game/FirstPersonBP/Models/New Flashlight/FlashlightTexture' is not a standard unreal filename or a long path name. Reason: Name may not contain the following characters:  
[2016.04.08-16.13.44:313][170]LogLinker:Warning: Can't find file for asset '/Game/FirstPersonBP/Models/New Flashlight/FlashlightTexture' while loading ../../../../../../Users/ray/Documents/FCFM Stuff/Essays, Homework, and Stuff/7mo. Semestre/Videojuegos 2/vj2/Axioma/Content/FirstPersonBP/Models/New_Flashlight/None.uasset.
[2016.04.08-16.13.44:326][170]LogPackageName:Error: DoesPackageExist: DoesPackageExist FAILED: '/Game/FirstPersonBP/Models/New Flashlight/FlashlightTexture' is not a standard unreal filename or a long path name. Reason: Name may not contain the following characters:  
[2016.04.08-16.13.44:326][170]LogLinker:Warning: Can't find file '/Game/FirstPersonBP/Models/New Flashlight/FlashlightTexture'
[2016.04.08-16.13.44:326][170]LoadErrors: Info Failed to load /Game/FirstPersonBP/Models/New Flashlight/FlashlightTexture.FlashlightTexture Referenced by MaterialExpressionTextureSample_0
[2016.04.08-16.13.44:326][170]LogPackageName:Error: DoesPackageExist: DoesPackageExist FAILED: '/Game/FirstPersonBP/Models/New Flashlight/FlashlightTexture' is not a standard unreal filename or a long path name. Reason: Name may not contain the following characters:  
[2016.04.08-16.13.44:326][170]LogLinker:Warning: Can't find file for asset '/Game/FirstPersonBP/Models/New Flashlight/FlashlightTexture' while loading NULL.
[2016.04.08-16.13.44:422][170]LogMaterial: Missing cached shader map for material Material_0, compiling. 
[2016.04.08-16.13.44:496][170]LogMaterial:Warning: Failed to compile Material /Game/FirstPersonBP/Models/New_Flashlight/None.Material_0 for platform PCD3D_SM5, Default Material will be used in game.
[2016.04.08-16.13.44:496][170]LogMaterial:Warning: 	(Node TextureSample) TextureSample> Missing input texture
[2016.04.08-16.14.28:241][238]LogFactory: FactoryCreateBinary: StaticMesh with FbxFactory (0 0 C:\Users\ray\SkyDrive\Axioma\Modelos Videojuegos\Fire Hydrant\Fire Hydrant.fbx)
[2016.04.08-16.14.29:066][238]LogFbx: ItemName: GlobalSettings, ItemCount : 1
[2016.04.08-16.14.29:066][238]LogFbx: ItemName: AnimationStack, ItemCount : 1
[2016.04.08-16.14.29:066][238]LogFbx: ItemName: AnimationLayer, ItemCount : 1
[2016.04.08-16.14.29:066][238]LogFbx: ItemName: NodeAttribute, ItemCount : 76
[2016.04.08-16.14.29:066][238]LogFbx: ItemName: Model, ItemCount : 77
[2016.04.08-16.14.29:066][238]LogFbx: ItemName: Material, ItemCount : 2
[2016.04.08-16.14.29:066][238]LogFbx: ItemName: Texture, ItemCount : 1
[2016.04.08-16.14.29:066][238]LogFbx: ItemName: Geometry, ItemCount : 1
[2016.04.08-16.14.29:066][238]LogFbx: ItemName: CollectionExclusive, ItemCount : 1
[2016.04.08-16.14.29:066][238]LogFbx: ItemName: Video, ItemCount : 1
[2016.04.08-16.14.29:432][238]LogFbx: Loading FBX Scene from C:\Users\ray\SkyDrive\Axioma\Modelos Videojuegos\Fire Hydrant\Fire Hydrant.fbx
[2016.04.08-16.14.30:131][238]LogFbx: FBX Scene Loaded Succesfully
[2016.04.08-16.15.10:580][238]LogFbx: Loading FBX Scene from C:\Users\ray\SkyDrive\Axioma\Modelos Videojuegos\Fire Hydrant\Fire Hydrant.fbx
[2016.04.08-16.15.10:944][238]LogFbx: FBX Scene Loaded Succesfully
[2016.04.08-16.15.11:116][238]LogLinker:Warning: Can't find file '/Game/FirstPersonBP/Models/Fire_Hydrant/Fire_Hydrant_Metal'
[2016.04.08-16.15.11:116][238]LogLinker:Warning: Can't find file '/Game/FirstPersonBP/Models/Fire_Hydrant/Fire_Hydrant_Metal'
[2016.04.08-16.15.11:244][238]LogMaterial: Missing cached shader map for material Fire_Hydrant_Metal, compiling. 
[2016.04.08-16.15.11:496][238]LogLinker:Warning: Can't find file '/Game/FirstPersonBP/Models/Fire_Hydrant/Fire_Hydrant_Body'
[2016.04.08-16.15.11:496][238]LogLinker:Warning: Can't find file '/Game/FirstPersonBP/Models/Fire_Hydrant/Fire_Hydrant_Body'
[2016.04.08-16.15.11:500][238]LogLinker:Warning: Can't find file '/Game/FirstPersonBP/Models/Fire_Hydrant/Fire_Hydrant_Body__Normal_'
[2016.04.08-16.15.11:500][238]LogLinker:Warning: Can't find file '/Game/FirstPersonBP/Models/Fire_Hydrant/Fire_Hydrant_Body__Normal_'
[2016.04.08-16.15.11:500][238]LogUObjectGlobals:Warning: Failed to find object 'Texture /Game/FirstPersonBP/Models/Fire_Hydrant/Fire_Hydrant_Body__Normal_.Fire_Hydrant_Body__Normal_'
[2016.04.08-16.15.11:806][238]LogTexture:Display: Building textures: Fire_Hydrant_Body__Normal_ (BC5)
[2016.04.08-16.15.12:205][238]LogMaterial: Missing cached shader map for material Fire_Hydrant_Body, compiling. 
[2016.04.08-16.15.12:899][238]LogStaticMesh: Building static mesh Fire_Hydrant...
[2016.04.08-16.15.13:167][238]LogStaticMesh: Built static mesh [0.292651.2s] /Game/FirstPersonBP/Models/Fire_Hydrant/Fire_Hydrant.Fire_Hydrant
[2016.04.08-16.15.13:335][238]FBXImport:Warning: Warning Warning: The imported mesh is very small. This is most likely an issue with the units used when exporting to FBX. 
[2016.04.08-16.16.28:629][474]LogSavePackage: Save=53389.019531ms
[2016.04.08-16.16.28:629][474]LogSavePackage: Moving '../../../../../../Users/ray/Documents/FCFM Stuff/Essays, Homework, and Stuff/7mo. Semestre/Videojuegos 2/vj2/Axioma/Saved/FirstPersonExampleMap_Auto1CAB96AE84ED55DD3CA6C9AA0217960FC.tmp' to '../../../../../../Users/ray/Documents/FCFM Stuff/Essays, Homework, and Stuff/7mo. Semestre/Videojuegos 2/vj2/Axioma/Saved/Autosaves/Game/FirstPersonBP/Maps/FirstPersonExampleMap_Auto1.umap'
[2016.04.08-16.16.29:393][474]LogSavePackage: Total save time: 54242.017180ms
[2016.04.08-16.16.29:393][474]LogSavePackage:Display: Finished SavePackage ../../../../../../Users/ray/Documents/FCFM Stuff/Essays, Homework, and Stuff/7mo. Semestre/Videojuegos 2/vj2/Axioma/Saved/Autosaves/Game/FirstPersonBP/Maps/FirstPersonExampleMap_Auto1.umap
[2016.04.08-16.16.29:566][474]LogFileHelpers: Editor autosave (incl. sublevels) for '/Game/FirstPersonBP/Maps/FirstPersonExampleMap' took 54.583
[2016.04.08-16.16.29:566][474]LogFileHelpers: Editor autosave (incl. sublevels) for all levels took 54.583
[2016.04.08-16.16.29:572][474]OBJ SavePackage: Generating thumbnails for [1] asset(s) in package [/Game/FirstPersonBP/Models/Fire_Hydrant/Fire_Hydrant_Body__Normal_] ([1] browsable assets)...
[2016.04.08-16.16.29:586][474]OBJ SavePackage:     Rendered thumbnail for [Texture2D /Game/FirstPersonBP/Models/Fire_Hydrant/Fire_Hydrant_Body__Normal_.Fire_Hydrant_Body__Normal_]
[2016.04.08-16.16.29:586][474]OBJ SavePackage: Finished generating thumbnails for package [/Game/FirstPersonBP/Models/Fire_Hydrant/Fire_Hydrant_Body__Normal_]
[2016.04.08-16.16.30:349][474]LogSavePackage: Save=760.262207ms
[2016.04.08-16.16.30:349][474]LogSavePackage: Moving '../../../../../../Users/ray/Documents/FCFM Stuff/Essays, Homework, and Stuff/7mo. Semestre/Videojuegos 2/vj2/Axioma/Saved/Fire_Hydrant_Body__Normal__Auto131C6B3BD469738B273F9BE930EABEAEA.tmp' to '../../../../../../Users/ray/Documents/FCFM Stuff/Essays, Homework, and Stuff/7mo. Semestre/Videojuegos 2/vj2/Axioma/Saved/Autosaves/Game/FirstPersonBP/Models/Fire_Hydrant/Fire_Hydrant_Body__Normal__Auto1.uasset'
[2016.04.08-16.16.30:350][474]LogSavePackage: Total save time: 762.256801ms
[2016.04.08-16.16.30:351][474]LogSavePackage:Display: Finished SavePackage ../../../../../../Users/ray/Documents/FCFM Stuff/Essays, Homework, and Stuff/7mo. Semestre/Videojuegos 2/vj2/Axioma/Saved/Autosaves/Game/FirstPersonBP/Models/Fire_Hydrant/Fire_Hydrant_Body__Normal__Auto1.uasset
[2016.04.08-16.16.30:354][474]OBJ SavePackage: Generating thumbnails for [1] asset(s) in package [/Game/FirstPersonBP/Models/Fire_Hydrant/Fire_Hydrant_Body] ([1] browsable assets)...
[2016.04.08-16.16.30:389][474]OBJ SavePackage:     Rendered thumbnail for [Material /Game/FirstPersonBP/Models/Fire_Hydrant/Fire_Hydrant_Body.Fire_Hydrant_Body]
[2016.04.08-16.16.30:389][474]OBJ SavePackage: Finished generating thumbnails for package [/Game/FirstPersonBP/Models/Fire_Hydrant/Fire_Hydrant_Body]
[2016.04.08-16.16.30:407][474]LogSavePackage: Save=15.744970ms
[2016.04.08-16.16.30:407][474]LogSavePackage: Moving '../../../../../../Users/ray/Documents/FCFM Stuff/Essays, Homework, and Stuff/7mo. Semestre/Videojuegos 2/vj2/Axioma/Saved/Fire_Hydrant_Body_Auto113B1163049B6F424B061A9BA42D41740.tmp' to '../../../../../../Users/ray/Documents/FCFM Stuff/Essays, Homework, and Stuff/7mo. Semestre/Videojuegos 2/vj2/Axioma/Saved/Autosaves/Game/FirstPersonBP/Models/Fire_Hydrant/Fire_Hydrant_Body_Auto1.uasset'
[2016.04.08-16.16.30:409][474]LogSavePackage: Total save time: 17.739981ms
[2016.04.08-16.16.30:409][474]LogSavePackage:Display: Finished SavePackage ../../../../../../Users/ray/Documents/FCFM Stuff/Essays, Homework, and Stuff/7mo. Semestre/Videojuegos 2/vj2/Axioma/Saved/Autosaves/Game/FirstPersonBP/Models/Fire_Hydrant/Fire_Hydrant_Body_Auto1.uasset
[2016.04.08-16.16.30:413][474]OBJ SavePackage: Generating thumbnails for [1] asset(s) in package [/Game/FirstPersonBP/Models/Fire_Hydrant/Fire_Hydrant_Metal] ([1] browsable assets)...
[2016.04.08-16.16.30:435][474]OBJ SavePackage:     Rendered thumbnail for [Material /Game/FirstPersonBP/Models/Fire_Hydrant/Fire_Hydrant_Metal.Fire_Hydrant_Metal]
[2016.04.08-16.16.30:435][474]OBJ SavePackage: Finished generating thumbnails for package [/Game/FirstPersonBP/Models/Fire_Hydrant/Fire_Hydrant_Metal]
[2016.04.08-16.16.30:451][474]LogSavePackage: Save=13.558371ms
[2016.04.08-16.16.30:451][474]LogSavePackage: Moving '../../../../../../Users/ray/Documents/FCFM Stuff/Essays, Homework, and Stuff/7mo. Semestre/Videojuegos 2/vj2/Axioma/Saved/Fire_Hydrant_Metal_Auto107E18F0B4D7339D1F6E873AC04789C71.tmp' to '../../../../../../Users/ray/Documents/FCFM Stuff/Essays, Homework, and Stuff/7mo. Semestre/Videojuegos 2/vj2/Axioma/Saved/Autosaves/Game/FirstPersonBP/Models/Fire_Hydrant/Fire_Hydrant_Metal_Auto1.uasset'
[2016.04.08-16.16.30:511][474]LogSavePackage: Total save time: 73.454432ms
[2016.04.08-16.16.30:511][474]LogSavePackage:Display: Finished SavePackage ../../../../../../Users/ray/Documents/FCFM Stuff/Essays, Homework, and Stuff/7mo. Semestre/Videojuegos 2/vj2/Axioma/Saved/Autosaves/Game/FirstPersonBP/Models/Fire_Hydrant/Fire_Hydrant_Metal_Auto1.uasset
[2016.04.08-16.16.30:514][474]OBJ SavePackage: Generating thumbnails for [1] asset(s) in package [/Game/FirstPersonBP/Models/Fire_Hydrant/Fire_Hydrant] ([1] browsable assets)...
[2016.04.08-16.16.30:538][474]OBJ SavePackage:     Rendered thumbnail for [StaticMesh /Game/FirstPersonBP/Models/Fire_Hydrant/Fire_Hydrant.Fire_Hydrant]
[2016.04.08-16.16.30:538][474]OBJ SavePackage: Finished generating thumbnails for package [/Game/FirstPersonBP/Models/Fire_Hydrant/Fire_Hydrant]
[2016.04.08-16.16.30:553][474]LogSavePackage: Save=11.960652ms
[2016.04.08-16.16.30:553][474]LogSavePackage: Moving '../../../../../../Users/ray/Documents/FCFM Stuff/Essays, Homework, and Stuff/7mo. Semestre/Videojuegos 2/vj2/Axioma/Saved/Fire_Hydrant_Auto1553409E64887836E836522AD88554FBC.tmp' to '../../../../../../Users/ray/Documents/FCFM Stuff/Essays, Homework, and Stuff/7mo. Semestre/Videojuegos 2/vj2/Axioma/Saved/Autosaves/Game/FirstPersonBP/Models/Fire_Hydrant/Fire_Hydrant_Auto1.uasset'
[2016.04.08-16.16.30:555][474]LogSavePackage: Total save time: 13.965070ms
[2016.04.08-16.16.30:555][474]LogSavePackage:Display: Finished SavePackage ../../../../../../Users/ray/Documents/FCFM Stuff/Essays, Homework, and Stuff/7mo. Semestre/Videojuegos 2/vj2/Axioma/Saved/Autosaves/Game/FirstPersonBP/Models/Fire_Hydrant/Fire_Hydrant_Auto1.uasset
[2016.04.08-16.16.30:555][474]LogFileHelpers: Auto-saving content packages took 0.988
[2016.04.08-16.16.49:419][738]LogRenderer: Reallocating scene render targets to support 1016x608 (Frame:1317).
[2016.04.08-16.16.57:935][147]LogStaticMesh: Building static mesh Fire_Hydrant...
[2016.04.08-16.16.58:017][147]LogStaticMesh: Built static mesh [0.081947.2s] /Game/FirstPersonBP/Models/Fire_Hydrant/Fire_Hydrant.Fire_Hydrant
[2016.04.08-16.17.26:065][211]LogSavePackage: Save=15.293367ms
[2016.04.08-16.17.26:065][211]LogSavePackage: Moving '../../../../../../Users/ray/Documents/FCFM Stuff/Essays, Homework, and Stuff/7mo. Semestre/Videojuegos 2/vj2/Axioma/Saved/Fire_HydrantC884B4D84CCE3522F276A2AE34F3AB2D.tmp' to '../../../../../../Users/ray/Documents/FCFM Stuff/Essays, Homework, and Stuff/7mo. Semestre/Videojuegos 2/vj2/Axioma/Content/FirstPersonBP/Models/Fire_Hydrant/Fire_Hydrant.uasset'
[2016.04.08-16.17.26:069][211]LogSavePackage: Total save time: 20.157941ms
[2016.04.08-16.17.26:069][211]LogSavePackage:Display: Finished SavePackage ../../../../../../Users/ray/Documents/FCFM Stuff/Essays, Homework, and Stuff/7mo. Semestre/Videojuegos 2/vj2/Axioma/Content/FirstPersonBP/Models/Fire_Hydrant/Fire_Hydrant.uasset
[2016.04.08-16.17.35:128][530]LogSavePackage: Save=3842.642334ms
[2016.04.08-16.17.35:128][530]LogSavePackage: Moving '../../../../../../Users/ray/Documents/FCFM Stuff/Essays, Homework, and Stuff/7mo. Semestre/Videojuegos 2/vj2/Axioma/Saved/FirstPersonExampleMap1AB0AD754448ABF10DA2B196FBECFA78.tmp' to '../../../../../../Users/ray/Documents/FCFM Stuff/Essays, Homework, and Stuff/7mo. Semestre/Videojuegos 2/vj2/Axioma/Content/FirstPersonBP/Maps/FirstPersonExampleMap.umap'
[2016.04.08-16.17.35:137][530]LogSavePackage: Total save time: 3856.163405ms
[2016.04.08-16.17.35:137][530]LogSavePackage:Display: Finished SavePackage ../../../../../../Users/ray/Documents/FCFM Stuff/Essays, Homework, and Stuff/7mo. Semestre/Videojuegos 2/vj2/Axioma/Content/FirstPersonBP/Maps/FirstPersonExampleMap.umap
[2016.04.08-16.17.35:256][530]LogFileHelpers: Saving map 'FirstPersonExampleMap' took 4.114
[2016.04.08-16.17.35:309][530]LogSavePackage: Save=28.448032ms
[2016.04.08-16.17.35:309][530]LogSavePackage: Moving '../../../../../../Users/ray/Documents/FCFM Stuff/Essays, Homework, and Stuff/7mo. Semestre/Videojuegos 2/vj2/Axioma/Saved/Fire_Hydrant_Body__Normal_D38338104D5D8B33535695B1B2AA13BD.tmp' to '../../../../../../Users/ray/Documents/FCFM Stuff/Essays, Homework, and Stuff/7mo. Semestre/Videojuegos 2/vj2/Axioma/Content/FirstPersonBP/Models/Fire_Hydrant/Fire_Hydrant_Body__Normal_.uasset'
[2016.04.08-16.17.35:313][530]LogSavePackage: Total save time: 33.507191ms
[2016.04.08-16.17.35:313][530]LogSavePackage:Display: Finished SavePackage ../../../../../../Users/ray/Documents/FCFM Stuff/Essays, Homework, and Stuff/7mo. Semestre/Videojuegos 2/vj2/Axioma/Content/FirstPersonBP/Models/Fire_Hydrant/Fire_Hydrant_Body__Normal_.uasset
[2016.04.08-16.17.35:360][530]LogSavePackage: Save=15.682961ms
[2016.04.08-16.17.35:360][530]LogSavePackage: Moving '../../../../../../Users/ray/Documents/FCFM Stuff/Essays, Homework, and Stuff/7mo. Semestre/Videojuegos 2/vj2/Axioma/Saved/Fire_Hydrant_Body778E0B99414954A8478A91AC5555C2DF.tmp' to '../../../../../../Users/ray/Documents/FCFM Stuff/Essays, Homework, and Stuff/7mo. Semestre/Videojuegos 2/vj2/Axioma/Content/FirstPersonBP/Models/Fire_Hydrant/Fire_Hydrant_Body.uasset'
[2016.04.08-16.17.35:364][530]LogSavePackage: Total save time: 20.535987ms
[2016.04.08-16.17.35:364][530]LogSavePackage:Display: Finished SavePackage ../../../../../../Users/ray/Documents/FCFM Stuff/Essays, Homework, and Stuff/7mo. Semestre/Videojuegos 2/vj2/Axioma/Content/FirstPersonBP/Models/Fire_Hydrant/Fire_Hydrant_Body.uasset
[2016.04.08-16.17.35:408][530]LogSavePackage: Save=14.709190ms
[2016.04.08-16.17.35:408][530]LogSavePackage: Moving '../../../../../../Users/ray/Docum