[2016.04.08-19.45.11:995][  0]Log file open, 04/08/16 14:45:11
[2016.04.08-19.45.11:995][  0]LogInit:Display: Running engine for game: Axioma
[2016.04.08-19.45.11:995][  0]LogPlatformFile: Not using cached read wrapper
[2016.04.08-19.45.11:995][  0]LogInit:Display: RandInit(-482316784) SRandInit(-482316783).
[2016.04.08-19.45.11:995][  0]LogTaskGraph: Started task graph with 4 named threads and 5 total threads.
[2016.04.08-19.45.11:995][  0]LogStats: Stats thread started at 0.082282
[2016.04.08-19.45.11:995][  0]LogInit: Version: 4.10.4-2872498+++depot+UE4-Releases+4.10
[2016.04.08-19.45.11:995][  0]LogInit: API Version: 2758231
[2016.04.08-19.45.11:995][  0]LogInit: Compiled (64-bit): Feb 18 2016 15:47:04
[2016.04.08-19.45.11:995][  0]LogInit: Compiled with Visual C++: 19.00.23026.00
[2016.04.08-19.45.11:995][  0]LogInit: Build Configuration: Development
[2016.04.08-19.45.11:995][  0]LogInit: Branch Name: ++depot+UE4-Releases+4.10
[2016.04.08-19.45.11:995][  0]LogInit: Command line:  
[2016.04.08-19.45.11:995][  0]LogInit: Base directory: C:/Program Files (x86)/Epic Games/4.10/Engine/Binaries/Win64/
[2016.04.08-19.45.11:995][  0]LogInit: Rocket: 1
[2016.04.08-19.45.12:008][  0]LogInit: Using libcurl 7.41.0
[2016.04.08-19.45.12:008][  0]LogInit:  - built for x86_64-pc-win32
[2016.04.08-19.45.12:008][  0]LogInit:  - supports SSL with WinSSL
[2016.04.08-19.45.12:008][  0]LogInit:  - other features:
[2016.04.08-19.45.12:008][  0]LogInit:      CURL_VERSION_SSL
[2016.04.08-19.45.12:008][  0]LogInit:      CURL_VERSION_IPV6
[2016.04.08-19.45.12:008][  0]LogInit:      CURL_VERSION_ASYNCHDNS
[2016.04.08-19.45.12:008][  0]LogInit:      CURL_VERSION_LARGEFILE
[2016.04.08-19.45.12:008][  0]LogInit:      CURL_VERSION_IDN
[2016.04.08-19.45.12:008][  0]LogInit:  CurlRequestOptions (configurable via config and command line):
[2016.04.08-19.45.12:008][  0]LogInit:  - bVerifyPeer = true  - Libcurl will verify peer certificate
[2016.04.08-19.45.12:008][  0]LogInit:  - bUseHttpProxy = false  - Libcurl will NOT use HTTP proxy
[2016.04.08-19.45.12:008][  0]LogInit:  - bDontReuseConnections = false  - Libcurl will reuse connections
[2016.04.08-19.45.12:008][  0]LogInit:  - CertBundlePath = nullptr  - Libcurl will use whatever was configured at build time.
[2016.04.08-19.45.12:017][  0]LogInit: Presizing for 0 objects not considered by GC, pre-allocating 0 bytes.
[2016.04.08-19.45.12:031][  0]LogInit: Object subsystem initialized
[2016.04.08-19.45.12:033][  0]LogInit: Selected Device Profile: [Windows]
[2016.04.08-19.45.12:033][  0]LogInit: Applying CVar settings loaded from the selected device profile: [Windows]
[2016.04.08-19.45.12:048][  0]LogInit: Computer: LAPTOP-RAY
[2016.04.08-19.45.12:048][  0]LogInit: User: ray
[2016.04.08-19.45.12:048][  0]LogInit: CPU Page size=4096, Cores=2
[2016.04.08-19.45.12:048][  0]LogInit: High frequency timer resolution =2.338334 MHz
[2016.04.08-19.45.12:048][  0]LogMemory: Memory total: Physical=3.9GB (4GB approx)
[2016.04.08-19.45.12:048][  0]LogMemory: Platform Memory Stats for Windows
[2016.04.08-19.45.12:048][  0]LogMemory: Process Physical Memory: 55.49 MB used, 55.49 MB peak
[2016.04.08-19.45.12:048][  0]LogMemory: Process Virtual Memory: 55.48 MB used, 55.48 MB peak
[2016.04.08-19.45.12:048][  0]LogMemory: Physical Memory: 2595.32 MB used, 3976.27 MB total
[2016.04.08-19.45.12:048][  0]LogMemory: Virtual Memory: 364.53 MB used, 134217728.00 MB total
[2016.04.08-19.45.12:088][  0]LogTextLocalizationManager: No specific translations for ('en-US') exist, so ('en') translations will be used.
[2016.04.08-19.45.12:882][  0]LogD3D11RHI: Found D3D11 adapter 0: Intel(R) HD Graphics Family (Feature Level 11_0)
[2016.04.08-19.45.12:882][  0]LogD3D11RHI: Adapter has 32MB of dedicated video memory, 0MB of dedicated system memory, and 1760MB of shared system memory, 1 output[s]
[2016.04.08-19.45.12:884][  0]LogD3D11RHI: Found D3D11 adapter 1: Microsoft Basic Render Driver (Feature Level 11_0)
[2016.04.08-19.45.12:884][  0]LogD3D11RHI: Adapter has 0MB of dedicated video memory, 0MB of dedicated system memory, and 256MB of shared system memory, 0 output[s]
[2016.04.08-19.45.12:884][  0]LogD3D11RHI: Chosen D3D11 Adapter Id = 0
[2016.04.08-19.45.12:891][  0]LogD3D11RHI: !Direct3DDevice
[2016.04.08-19.45.12:891][  0]LogRHI: Texture pool is 638 MB (70% of 912 MB)
[2016.04.08-19.45.12:900][  0]LogD3D11RHI: Async texture creation enabled
[2016.04.08-19.45.12:904][  0]LogShaderCompilers: Guid format shader working directory is -71 characters bigger than the processId version (../../../../../../Users/ray/Documents/FCFM Stuff/Essays, Homework, and Stuff/7mo. Semestre/Videojuegos 2/vj2/Axioma/Intermediate/Shaders/WorkingDirectory/3188/).
[2016.04.08-19.45.12:905][  0]LogShaderCompilers: Cleaned the shader compiler working directory 'C:/Users/ray/AppData/Local/Temp/UnrealShaderWorkingDir/D0F95016489530DD1A5DEB8B84627AEF/'.
[2016.04.08-19.45.12:905][  0]LogShaderCompilers:Display: Using Local Shader Compiler.
[2016.04.08-19.45.14:038][  0]LogTemp:Display: Loaded TP AllDesktopTargetPlatform
[2016.04.08-19.45.14:045][  0]LogTemp:Display: Loaded TP WindowsClientTargetPlatform
[2016.04.08-19.45.14:051][  0]LogTemp:Display: Loaded TP WindowsNoEditorTargetPlatform
[2016.04.08-19.45.14:058][  0]LogTemp:Display: Loaded TP WindowsServerTargetPlatform
[2016.04.08-19.45.14:064][  0]LogTemp:Display: Loaded TP WindowsTargetPlatform
[2016.04.08-19.45.14:069][  0]LogTemp:Display: Loaded TP AndroidTargetPlatform
[2016.04.08-19.45.14:072][  0]LogTemp:Display: Loaded TP Android_ASTCTargetPlatform
[2016.04.08-19.45.14:076][  0]LogTemp:Display: Loaded TP Android_ATCTargetPlatform
[2016.04.08-19.45.14:080][  0]LogTemp:Display: Loaded TP Android_DXTTargetPlatform
[2016.04.08-19.45.14:083][  0]LogTemp:Display: Loaded TP Android_ETC1TargetPlatform
[2016.04.08-19.45.14:087][  0]LogTemp:Display: Loaded TP Android_ETC2TargetPlatform
[2016.04.08-19.45.14:095][  0]LogTemp:Display: Loaded TP Android_MultiTargetPlatform
[2016.04.08-19.45.14:095][  0]LogTemp:Display: Loaded TP Android_PVRTCTargetPlatform
[2016.04.08-19.45.14:096][  0]LogTemp:Display: Loaded TP HTML5TargetPlatform
[2016.04.08-19.45.14:114][  0]LogTemp:Display: Loaded TP IOSTargetPlatform
[2016.04.08-19.45.14:118][  0]LogTemp:Display: Loaded TP LinuxNoEditorTargetPlatform
[2016.04.08-19.45.14:122][  0]LogTemp:Display: Loaded TP LinuxServerTargetPlatform
[2016.04.08-19.45.14:128][  0]LogTemp:Display: Loaded TP LinuxTargetPlatform
[2016.04.08-19.45.14:128][  0]LogTargetPlatformManager:Display: Building Assets For Windows
[2016.04.08-19.45.14:243][  0]LogDerivedDataCache:Display: Max Cache Size: 512 MB
[2016.04.08-19.45.14:315][  0]LogDerivedDataCache: Loaded boot cache 0.07s 41MB C:/Users/ray/AppData/Local/UnrealEngine/4.10/DerivedDataCache/Boot.ddc.
[2016.04.08-19.45.14:315][  0]LogDerivedDataCache:Display: Loaded Boot cache: C:/Users/ray/AppData/Local/UnrealEngine/4.10/DerivedDataCache/Boot.ddc
[2016.04.08-19.45.14:315][  0]LogDerivedDataCache: FDerivedDataBackendGraph:  Pak pak cache file ../../../../../../Users/ray/Documents/FCFM Stuff/Essays, Homework, and Stuff/7mo. Semestre/Videojuegos 2/vj2/Axioma/DerivedDataCache/DDC.ddp not found, will not use a pak cache.
[2016.04.08-19.45.14:315][  0]LogDerivedDataCache: Unable to find inner node Pak for hierarchical cache Hierarchy.
[2016.04.08-19.45.14:315][  0]LogDerivedDataCache: FDerivedDataBackendGraph:  CompressedPak pak cache file ../../../../../../Users/ray/Documents/FCFM Stuff/Essays, Homework, and Stuff/7mo. Semestre/Videojuegos 2/vj2/Axioma/DerivedDataCache/Compressed.ddp not found, will not use a pak cache.
[2016.04.08-19.45.14:315][  0]LogDerivedDataCache: Unable to find inner node CompressedPak for hierarchical cache Hierarchy.
[2016.04.08-19.45.14:403][  0]LogDerivedDataCache:Display: Pak cache opened for reading ../../../Engine/DerivedDataCache/Compressed.ddp.
[2016.04.08-19.45.14:416][  0]LogDerivedDataCache: Using Local data cache path C:/Users/ray/AppData/Local/UnrealEngine/Common/DerivedDataCache: Writable
[2016.04.08-19.45.14:673][  0]LogInit: Selected Device Profile: [Windows]
[2016.04.08-19.45.14:677][  0]LogContentStreaming: Texture pool size is 0.000000MB
[2016.04.08-19.45.14:819][  0]LogMeshUtilities: No automatic mesh reduction module available
[2016.04.08-19.45.14:819][  0]LogMeshUtilities: No automatic mesh merging module available
[2016.04.08-19.45.15:104][  0]LogInit: WinSock: version 1.1 (2.2), MaxSocks=32767, MaxUdp=65467
[2016.04.08-19.45.16:130][  0]UdpMessaging: Initializing bridge on interface 0.0.0.0:0 to multicast group 230.0.0.1:6666.
[2016.04.08-19.45.16:250][  0]LogAssetRegistry: FAssetRegistry took 0.0111 seconds to start up
[2016.04.08-19.45.16:522][  0]SourceControl: Info Source control is disabled
[2016.04.08-19.45.16:524][  0]SourceControl: Info Source control is disabled
[2016.04.08-19.45.16:546][  0]SourceControl: Info Source control is disabled
[2016.04.08-19.45.16:566][  0]SourceControl: Info Source control is disabled
[2016.04.08-19.45.16:964][  0]LogObj: 28633 objects as part of root set at end of initial load.
[2016.04.08-19.45.16:964][  0]LogUObjectAllocator: 6099744 out of 0 bytes used by permanent object pool.
[2016.04.08-19.45.17:032][  0]LogEngine: Initializing Engine...
[2016.04.08-19.45.17:036][  0]LogHMD: Can't find Oculus library dev build: is proper Runtime installed? Version: 0.8.0.0
[2016.04.08-19.45.17:036][  0]LogHMD: SteamVR failed to initialize.  Err: 110
[2016.04.08-19.45.17:176][  0]LogAIModule: Creating AISystem for world NewWorld
[2016.04.08-19.45.17:180][  0]LogInit: XAudio2 using 'Altavoces (Realtek High Definition Audio)' : 2 channels at 48 kHz using 32 bits per sample (channel mask 0x3)
[2016.04.08-19.45.17:193][  0]LogInit: FAudioDevice initialized.
[2016.04.08-19.45.17:227][  0]LogDerivedDataCache: Saved boot cache 0.03s 41MB C:/Users/ray/AppData/Local/UnrealEngine/4.10/DerivedDataCache/Boot.ddc.
[2016.04.08-19.45.17:233][  0]LogInit: Texture streaming: Enabled
[2016.04.08-19.45.17:241][  0]LogAnalytics: Creating configured Analytics provider AnalyticsET
[2016.04.08-19.45.17:241][  0]LogAnalytics: [UEEditor.Rocket.Release] APIServer = http://et2.epicgames.com/ET2/. AppVersion = 4.10.4-2872498+++depot+UE4-Releases+4.10
[2016.04.08-19.45.17:241][  0]LogAnalytics: [UEEditor.Rocket.Release] SetUserId f6d84d504b8c91be90ceca84e0ba1004|f68b6959a5b94dccb13faa64bd594851|592e87cd-9efb-44c2-bcd9-891f7d9d6dd4
[2016.04.08-19.45.17:241][  0]LogAnalytics: [UEEditor.Rocket.Release] AnalyticsET::StartSession
[2016.04.08-19.45.17:256][  0]LogWindowsTextInputMethodSystem:Display: IME system now deactivated.
[2016.04.08-19.45.17:281][  0]LogInit: Transaction tracking system initialized
[2016.04.08-19.45.17:324][  0]BlueprintLog: New page: Editor Load
[2016.04.08-19.45.17:435][  0]LocalizationService: Info Localization service is disabled
[2016.04.08-19.45.17:714][  0]LogConsoleResponse:Display: 
[2016.04.08-19.45.17:888][  0]LogCook:Display: Done creating registry. It took  0.00s.
[2016.04.08-19.45.17:984][  0]SourceControl: Info Source control is disabled
[2016.04.08-19.45.17:984][  0]LogEditorServer:Warning: Can't find file '../../../../../../Users/ray/Documents/FCFM Stuff/Essays, Homework, and Stuff/7mo. Semestre/Videojuegos 2/vj2/Axioma/Content/FirstPersonBP/Maps/FirstPersonExampleMap.umap'
[2016.04.08-19.45.17:984][  0]Cmd: MAP CHECKDEP NOCLEARLOG
[2016.04.08-19.45.18:072][  0]MapCheck: Info Map check complete: 0 Error(s), 0 Warning(s), took 88.195ms to complete.
[2016.04.08-19.45.18:072][  0]LogFileHelpers: Loading map 'FirstPersonExampleMap' took 0.089
[2016.04.08-19.45.18:230][  0]LogCollectionManager: Loaded 0 collections in 0.002601 seconds
[2016.04.08-19.45.18:277][  0]LogFileCache: Scanning file cache for directory 'C:/Users/ray/Documents/FCFM Stuff/Essays, Homework, and Stuff/7mo. Semestre/Videojuegos 2/vj2/Axioma/Saved/Collections/' took 0.01s
[2016.04.08-19.45.18:277][  0]LogFileCache: Scanning file cache for directory 'C:/Users/ray/Documents/FCFM Stuff/Essays, Homework, and Stuff/7mo. Semestre/Videojuegos 2/vj2/Axioma/Content/Developers/ray/Collections/' took 0.01s
[2016.04.08-19.45.18:277][  0]LogFileCache: Scanning file cache for directory 'C:/Users/ray/Documents/FCFM Stuff/Essays, Homework, and Stuff/7mo. Semestre/Videojuegos 2/vj2/Axioma/Content/Collections/' took 0.01s
[2016.04.08-19.45.18:277][  0]LogCollectionManager: Rebuilt the GUID cache for 0 collections in 0.000002 seconds
[2016.04.08-19.45.18:292][  0]LogContentBrowser: Native class hierarchy populated in 0.0146 seconds. Added 1893 classes and 338 folders.
[2016.04.08-19.45.18:300][  0]LogContentBrowser: Native class hierarchy updated for 'WidgetCarousel' in 0.0006 seconds. Added 0 classes and 0 folders.
[2016.04.08-19.45.18:381][  0]LogContentBrowser: Native class hierarchy updated for 'AddContentDialog' in 0.0005 seconds. Added 0 classes and 0 folders.
[2016.04.08-19.45.18:386][  0]LogContentBrowser: Native class hierarchy updated for 'SceneOutliner' in 0.0005 seconds. Added 1 classes and 2 folders.
[2016.04.08-19.45.18:414][  0]LogCrashTracker: Crashtracker disabled due to settings.
[2016.04.08-19.45.18:419][  0]LogUObjectGlobals:Warning: Failed to find object 'Class None.'
[2016.04.08-19.45.18:444][  0]LogLoad: Full Startup: 7.07 seconds (BP compile: 0.00 seconds)
[2016.04.08-19.45.18:456][  0]LogOcInput: Can't find Oculus library dev build: is proper Runtime installed? Version: 0.8.0.0
[2016.04.08-19.45.18:515][  0]LogContentStreaming: Texture pool size now 200 MB
[2016.04.08-19.45.18:737][  0]LogRenderer: Reallocating scene render targets to support 816x348 (Frame:2).
[2016.04.08-19.45.19:138][  2]LogAssetRegistry: Asset discovery search completed in 2.8988 seconds
[2016.04.08-19.45.19:138][  2]LogCollectionManager: Rebuilt the object cache for 0 collections in 0.000001 seconds (found 0 objects)
[2016.04.08-19.45.19:138][  2]LogCollectionManager: Fixed up redirectors for 0 collections in 0.000020 seconds (updated 0 objects)
[2016.04.08-19.45.25:045][168]LogPlayLevel: PlayLevel: No blueprints needed recompiling
[2016.04.08-19.45.25:231][168]PIE: New page: PIE session: Untitled_0 (Apr 8, 2016, 9:45:25 AM)
[2016.04.08-19.45.25:231][168]LogPlayLevel: Creating play world package: /Temp/UEDPIE_0_Untitled_0
[2016.04.08-19.45.25:232][168]LogPlayLevel: PIE: StaticDuplicateObject took: (0.000776s)
[2016.04.08-19.45.25:232][168]LogAIModule: Creating AISystem for world NewWorld
[2016.04.08-19.45.25:233][168]LogPlayLevel: PIE: World Init took: (0.000749s)
[2016.04.08-19.45.25:233][168]LogPlayLevel: PIE: Created PIE world by copying editor world from /Temp/Untitled_0.NewWorld to /Temp/UEDPIE_0_Untitled_0.NewWorld (0.001751s)
[2016.04.08-19.45.25:258][168]LogInit: XAudio2 using 'Altavoces (Realtek High Definition Audio)' : 2 channels at 48 kHz using 32 bits per sample (channel mask 0x3)
[2016.04.08-19.45.25:267][168]LogInit: FAudioDevice initialized.
[2016.04.08-19.45.25:442][168]LogWorld: Game class is 'FirstPersonGameMode_C'
[2016.04.08-19.45.25:444][168]LogWorld: Bringing World /Temp/UEDPIE_0_Untitled_0.NewWorld up for play (max tick rate 0) at 2016.04.08-14.45.25
[2016.04.08-19.45.25:444][168]LogActor:Warning: GameSession /Temp/UEDPIE_0_Untitled_0.NewWorld:PersistentLevel.GameSession_0 has natively added scene component(s), but none of them were set as the actor's RootComponent - picking one arbitrarily
[2016.04.08-19.45.25:444][168]LogActor:Warning: GameNetworkManager /Temp/UEDPIE_0_Untitled_0.NewWorld:PersistentLevel.GameNetworkManager_0 has natively added scene component(s), but none of them were set as the actor's RootComponent - picking one arbitrarily
[2016.04.08-19.45.25:445][168]LogWorld: Bringing up level for play took: 0.001410
[2016.04.08-19.45.25:574][168]PIE: Info Play in editor start time for /Temp/UEDPIE_0_Untitled_0 0.216
[2016.04.08-19.45.36:023][544]LogParticles: Destroying 0 GPU particle simulations for FXSystem 0x000000A30CA587C0
[2016.04.08-19.47.16:606][ 80]LogWindowsTextInputMethodSystem:Display: IME system now deactivated.
[2016.04.08-19.47.16:859][ 81]Cmd: QUIT_EDITOR
[2016.04.08-19.47.17:661][ 81]LogExit: Preparing to exit.
[2016.04.08-19.47.18:313][ 81]LogExit: Editor shut down
[2016.04.08-19.47.18:315][ 81]LogParticles: Destroying 0 GPU particle simulations for FXSystem 0x000000A31B47BB00
[2016.04.08-19.47.18:315][ 81]LogExit: Transaction tracking system shut down
[2016.04.08-19.47.18:316][ 81]LogParticles: Destroying 0 GPU particle simulations for FXSystem 0x000000A30DDB9300
[2016.04.08-19.47.18:316][ 81]LogParticles: Destroying 0 GPU particle simulations for FXSystem 0x000000A32A07FA60
[2016.04.08-19.47.18:503][ 81]LogExit: Object subsystem successfully closed.
[2016.04.08-19.47.18:516][ 81]LogD3D11RHI: Shutdown
[2016.04.08-19.47.18:516][ 81]LogD3D11RHI: CleanupD3DDevice
[2016.04.08-19.47.18:570][ 81]LogD3D11RHI: ~FD3D11DynamicRHI
[2016.04.08-19.47.18:603][ 81]LogModuleManager: Shutting down and abandoning module CrashTracker (197)
[2016.04.08-19.47.18:603][ 81]LogModuleManager: Shutting down and abandoning module SceneOutliner (196)
[2016.04.08-19.47.18:603][ 81]LogModuleManager: Shutting down and abandoning module SuperSearch (195)
[2016.04.08-19.47.18:603][ 81]LogModuleManager: Shutting down and abandoning module WidgetCarousel (194)
[2016.04.08-19.47.18:603][ 81]LogModuleManager: Shutting down and abandoning module AddContentDialog (193)
[2016.04.08-19.47.18:604][ 81]LogModuleManager: Shutting down and abandoning module EditorWidgets (192)
[2016.04.08-19.47.18:604][ 81]LogModuleManager: Shutting down and abandoning module CollectionManager (191)
[2016.04.08-19.47.18:604][ 81]LogModuleManager: Shutting down and abandoning module FoliageEdit (190)
[2016.04.08-19.47.18:604][ 81]LogModuleManager: Shutting down and abandoning module LandscapeEditor (189)
[2016.04.08-19.47.18:605][ 81]LogModuleManager: Shutting down and abandoning module ActorPickerMode (188)
[2016.04.08-19.47.18:605][ 81]LogModuleManager: Shutting down and abandoning module GeometryMode (187)
[2016.04.08-19.47.18:605][ 81]LogModuleManager: Shutting down and abandoning module TextureAlignMode (186)
[2016.04.08-19.47.18:605][ 81]LogModuleManager: Shutting down and abandoning module BspMode (185)
[2016.04.08-19.47.18:605][ 81]LogModuleManager: Shutting down and abandoning module PlacementMode (184)
[2016.04.08-19.47.18:605][ 81]LogModuleManager: Shutting down and abandoning module AutomationWorker (183)
[2016.04.08-19.47.18:605][ 81]LogModuleManager: Shutting down and abandoning module CharacterAI (182)
[2016.04.08-19.47.18:605][ 81]LogModuleManager: Shutting down and abandoning module SmartSnapping (181)
[2016.04.08-19.47.18:605][ 81]LogModuleManager: Shutting down and abandoning module ViewportSnapping (180)
[2016.04.08-19.47.18:605][ 81]LogModuleManager: Shutting down and abandoning module LogVisualizer (179)
[2016.04.08-19.47.18:605][ 81]LogModuleManager: Shutting down and abandoning module GameProjectGeneration (178)
[2016.04.08-19.47.18:605][ 81]LogModuleManager: Shutting down and abandoning module IntroTutorials (177)
[2016.04.08-19.47.18:605][ 81]LogModuleManager: Shutting down and abandoning module EditorLiveStreaming (176)
[2016.04.08-19.47.18:605][ 81]LogModuleManager: Shutting down and abandoning module IOSPlatformEditor (175)
[2016.04.08-19.47.18:605][ 81]LogModuleManager: Shutting down and abandoning module HTML5PlatformEditor (174)
[2016.04.08-19.47.18:605][ 81]LogModuleManager: Shutting down and abandoning module AndroidDeviceDetection (173)
[2016.04.08-19.47.19:574][ 81]LogModuleManager: Shutting down and abandoning module AndroidPlatformEditor (172)
[2016.04.08-19.47.19:574][ 81]LogModuleManager: Shutting down and abandoning module IOSRuntimeSettings (171)
[2016.04.08-19.47.19:574][ 81]LogModuleManager: Shutting down and abandoning module AndroidRuntimeSettings (170)
[2016.04.08-19.47.19:574][ 81]LogModuleManager: Shutting down and abandoning module MergeActors (169)
[2016.04.08-19.47.19:574][ 81]LogModuleManager: Shutting down and abandoning module SizeMap (168)
[2016.04.08-19.47.19:574][ 81]LogModuleManager: Shutting down and abandoning module TreeMap (167)
[2016.04.08-19.47.19:574][ 81]LogModuleManager: Shutting down and abandoning module ReferenceViewer (166)
[2016.04.08-19.47.19:574][ 81]LogModuleManager: Shutting down and abandoning module LocalizationService (165)
[2016.04.08-19.47.19:574][ 81]LogModuleManager: Shutting down and abandoning module LocalizationDashboard (164)
[2016.04.08-19.47.19:574][ 81]LogModuleManager: Shutting down and abandoning module HardwareTargeting (163)
[2016.04.08-19.47.19:574][ 81]LogModuleManager: Shutting down and abandoning module DeviceProfileEditor (162)
[2016.04.08-19.47.19:574][ 81]LogModuleManager: Shutting down and abandoning module UndoHistory (161)
[2016.04.08-19.47.19:574][ 81]LogModuleManager: Shutting down and abandoning module GameplayTagsEditor (160)
[2016.04.08-19.47.19:574][ 81]LogModuleManager: Shutting down and abandoning module UserFeedback (159)
[2016.04.08-19.47.19:574][ 81]LogModuleManager: Shutting down and abandoning module XmlParser (158)
[2016.04.08-19.47.19:574][ 81]LogModuleManager: Shutting down and abandoning module Blutility (157)
[2016.04.08-19.47.19:574][ 81]LogModuleManager: Shutting down and abandoning module ProjectTargetPlatformEditor (156)
[2016.04.08-19.47.19:574][ 81]LogModuleManager: Shutting down and abandoning module ProjectSettingsViewer (155)
[2016.04.08-19.47.19:575][ 81]LogModuleManager: Shutting down and abandoning module InputBindingEditor (154)
[2016.04.08-19.47.19:575][ 81]LogModuleManager: Shutting down and abandoning module EditorSettingsViewer (153)
[2016.04.08-19.47.19:575][ 81]LogModuleManager: Shutting down and abandoning module SettingsEditor (152)
[2016.04.08-19.47.19:575][ 81]LogModuleManager: Shutting down and abandoning module ProjectLauncher (151)
[2016.04.08-19.47.19:575][ 81]LogModuleManager: Shutting down and abandoning module SessionFrontend (150)
[2016.04.08-19.47.19:575][ 81]LogModuleManager: Shutting down and abandoning module ProfilerClient (149)
[2016.04.08-19.47.19:575][ 81]LogModuleManager: Shutting down and abandoning module TargetDeviceServices (148)
[2016.04.08-19.47.19:575][ 81]LogModuleManager: Shutting down and abandoning module DeviceManager (147)
[2016.04.08-19.47.19:575][ 81]LogModuleManager: Shutting down and abandoning module AutomationController (146)
[2016.04.08-19.47.19:575][ 81]LogModuleManager: Shutting down and abandoning module AutomationWindow (145)
[2016.04.08-19.47.19:575][ 81]LogModuleManager: Shutting down and abandoning module Layers (144)
[2016.04.08-19.47.19:575][ 81]LogModuleManager: Shutting down and abandoning module ComponentVisualizers (143)
[2016.04.08-19.47.19:575][ 81]LogModuleManager: Shutting down and abandoning module DetailCustomizations (142)
[2016.04.08-19.47.19:575][ 81]LogModuleManager: Shutting down and abandoning module PackagesDialog (141)
[2016.04.08-19.47.19:575][ 81]LogModuleManager: Shutting down and abandoning module Persona (140)
[2016.04.08-19.47.19:575][ 81]LogModuleManager: Shutting down and abandoning module Kismet (139)
[2016.04.08-19.47.19:575][ 81]LogModuleManager: Shutting down and abandoning module GraphEditor (138)
[2016.04.08-19.47.19:575][ 81]LogModuleManager: Shutting down and abandoning module ClassViewer (137)
[2016.04.08-19.47.19:575][ 81]LogModuleManager: Shutting down and abandoning module Toolbox (136)
[2016.04.08-19.47.19:575][ 81]LogModuleManager: Shutting down and abandoning module ModuleUI (135)
[2016.04.08-19.47.19:575][ 81]LogModuleManager: Shutting down and abandoning module MovieSceneTools (134)
[2016.04.08-19.47.19:576][ 81]LogModuleManager: Shutting down and abandoning module OutputLog (133)
[2016.04.08-19.47.19:576][ 81]LogModuleManager: Shutting down and abandoning module GammaUI (132)
[2016.04.08-19.47.19:576][ 81]LogModuleManager: Shutting down and abandoning module Documentation (131)
[2016.04.08-19.47.19:576][ 81]LogModuleManager: Shutting down and abandoning module GameLiveStreaming (130)
[2016.04.08-19.47.19:576][ 81]LogModuleManager: Shutting down and abandoning module StreamingPauseRendering (129)
[2016.04.08-19.47.19:576][ 81]LogModuleManager: Shutting down and abandoning module AnalyticsET (128)
[2016.04.08-19.47.19:576][ 81]LogModuleManager: Shutting down and abandoning module Analytics (127)
[2016.04.08-19.47.19:576][ 81]LogModuleManager: Shutting down and abandoning module AITestSuite (126)
[2016.04.08-19.47.19:576][ 81]LogModuleManager: Shutting down and abandoning module GameplayDebugger (125)
[2016.04.08-19.47.19:576][ 81]LogModuleManager: Shutting down and abandoning module AIModule (124)
[2016.04.08-19.47.19:576][ 81]LogModuleManager: Shutting down and abandoning module ProfilerService (123)
[2016.04.08-19.47.19:811][ 81]LogModuleManager: Shutting down and abandoning module TaskGraph (122)
[2016.04.08-19.47.19:811][ 81]LogModuleManager: Shutting down and abandoning module SlateRemote (121)
[2016.04.08-19.47.19:811][ 81]LogModuleManager: Shutting down and abandoning module SteamVRController (120)
[2016.04.08-19.47.19:811][ 81]LogModuleManager: Shutting down and abandoning module SteamVR (119)
[2016.04.08-19.47.19:811][ 81]LogModuleManager: Shutting down and abandoning module ProceduralMeshComponent (118)
[2016.04.08-19.47.19:811][ 81]LogModuleManager: Shutting down and abandoning module OculusLibrary (117)
[2016.04.08-19.47.19:811][ 81]LogModuleManager: Shutting down and abandoning module OculusInput (116)
[2016.04.08-19.47.19:811][ 81]LogModuleManager: Shutting down and abandoning module LeapMotionController (115)
[2016.04.08-19.47.19:837][ 81]LogModuleManager: Shutting down and abandoning module CustomMeshComponent (114)
[2016.04.08-19.47.19:837][ 81]LogModuleManager: Shutting down and abandoning module CableComponent (113)
[2016.04.08-19.47.19:837][ 81]LogModuleManager: Shutting down and abandoning module ArchVisCharacter (112)
[2016.04.08-19.47.19:837][ 81]LogModuleManager: Shutting down and abandoning module MessagingDebugger (111)
[2016.04.08-19.47.19:837][ 81]LogModuleManager: Shutting down and abandoning module MediaPlayerEditor (110)
[2016.04.08-19.47.19:837][ 81]LogModuleManager: Shutting down and abandoning module HTML5Networking (109)
[2016.04.08-19.47.19:837][ 81]LogModuleManager: Shutting down and abandoning module SpeedTreeImporter (108)
[2016.04.08-19.47.19:837][ 81]LogModuleManager: Shutting down and abandoning module PluginBrowser (107)
[2016.04.08-19.47.19:837][ 81]LogModuleManager: Shutting down and abandoning module EpicSurvey (106)
[2016.04.08-19.47.19:837][ 81]LogModuleManager: Shutting down and abandoning module DesktopPlatform (105)
[2016.04.08-19.47.19:837][ 81]LogModuleManager: Shutting down and abandoning module VisualStudioSourceCodeAccess (104)
[2016.04.08-19.47.19:837][ 81]LogModuleManager: Shutting down and abandoning module UObjectPlugin (103)
[2016.04.08-19.47.19:837][ 81]LogModuleManager: Shutting down and abandoning module SubversionSourceControl (102)
[2016.04.08-19.47.19:837][ 81]LogModuleManager: Shutting down and abandoning module PerforceSourceControl (101)
[2016.04.08-19.47.19:838][ 81]LogModuleManager: Shutting down and abandoning module SourceControl (100)
[2016.04.08-19.47.19:838][ 81]LogModuleManager: Shutting down and abandoning module GitSourceControl (99)
[2016.04.08-19.47.19:838][ 81]LogModuleManager: Shutting down and abandoning module LightPropagationVolumeEditor (98)
[2016.04.08-19.47.19:838][ 81]LogModuleManager: Shutting down and abandoning module PaperTiledImporter (97)
[2016.04.08-19.47.19:838][ 81]LogModuleManager: Shutting down and abandoning module PaperSpriteSheetImporter (96)
[2016.04.08-19.47.19:838][ 81]LogModuleManager: Shutting down and abandoning module MeshPaint (95)
[2016.04.08-19.47.19:838][ 81]LogModuleManager: Shutting down and abandoning module SlateReflector (94)
[2016.04.08-19.47.19:838][ 81]LogModuleManager: Shutting down and abandoning module HotReload (93)
[2016.04.08-19.47.19:838][ 81]LogModuleManager: Shutting down and abandoning module MainFrame (92)
[2016.04.08-19.47.19:838][ 81]LogModuleManager: Shutting down and abandoning module LevelEditor (91)
[2016.04.08-19.47.19:839][ 81]LogModuleManager: Shutting down and abandoning module DirectoryWatcher (90)
[2016.04.08-19.47.19:840][ 81]LogModuleManager: Shutting down and abandoning module AssetRegistry (89)
[2016.04.08-19.47.19:934][ 81]LogModuleManager: Shutting down and abandoning module ContentBrowser (88)
[2016.04.08-19.47.19:935][ 81]LogModuleManager: Shutting down and abandoning module Paper2DEditor (87)
[2016.04.08-19.47.19:935][ 81]LogModuleManager: Shutting down and abandoning module UdpMessaging (86)
[2016.04.08-19.47.20:036][ 81]LogModuleManager: Shutting down and abandoning module LightPropagationVolumeRuntime (85)
[2016.04.08-19.47.20:036][ 81]LogModuleManager: Shutting down and abandoning module Paper2D (84)
[2016.04.08-19.47.20:036][ 81]LogModuleManager: Shutting down and abandoning module WindowsMoviePlayer (83)
[2016.04.08-19.47.20:038][ 81]LogModuleManager: Shutting down and abandoning module Media (82)
[2016.04.08-19.47.20:038][ 81]LogModuleManager: Shutting down and abandoning module WmfMedia (81)
[2016.04.08-19.47.20:038][ 81]LogModuleManager: Shutting down and abandoning module OnlineBlueprintSupport (80)
[2016.04.08-19.47.20:038][ 81]LogModuleManager: Shutting down and abandoning module GameplayTasksEditor (79)
[2016.04.08-19.47.20:038][ 81]LogModuleManager: Shutting down and abandoning module PropertyEditor (78)
[2016.04.08-19.47.20:039][ 81]LogModuleManager: Shutting down and abandoning module BehaviorTreeEditor (77)
[2016.04.08-19.47.20:039][ 81]LogModuleManager: Shutting down and abandoning module FunctionalTesting (76)
[2016.04.08-19.47.20:039][ 81]LogModuleManager: Shutting down and abandoning module CollisionAnalyzer (75)
[2016.04.08-19.47.20:039][ 81]LogModuleManager: Shutting down and abandoning module WorkspaceMenuStructure (74)
[2016.04.08-19.47.20:039][ 81]LogModuleManager: Shutting down and abandoning module MessageLog (73)
[2016.04.08-19.47.20:039][ 81]LogModuleManager: Shutting down and abandoning module Sequencer (72)
[2016.04.08-19.47.20:039][ 81]LogModuleManager: Shutting down and abandoning module AssetTools (71)
[2016.04.08-19.47.20:039][ 81]LogModuleManager: Shutting down and abandoning module UMGEditor (70)
[2016.04.08-19.47.20:039][ 81]LogModuleManager: Shutting down and abandoning module UMG (69)
[2016.04.08-19.47.20:039][ 81]LogModuleManager: Shutting down and abandoning module Slate (68)
[2016.04.08-19.47.20:039][ 81]LogModuleManager: Shutting down and abandoning module EditorStyle (67)
[2016.04.08-19.47.20:042][ 81]LogModuleManager: Shutting down and abandoning module SessionServices (66)
[2016.04.08-19.47.20:042][ 81]LogModuleManager: Shutting down and abandoning module SourceCodeAccess (65)
[2016.04.08-19.47.20:042][ 81]LogModuleManager: Shutting down and abandoning module HeadMountedDisplay (64)
[2016.04.08-19.47.20:042][ 81]LogModuleManager: Shutting down and abandoning module XAudio2 (63)
[2016.04.08-19.47.20:042][ 81]LogModuleManager: Shutting down and abandoning module Networking (61)
[2016.04.08-19.47.20:042][ 81]LogModuleManager: Shutting down and abandoning module Core (60)
[2016.04.08-19.47.20:042][ 81]LogModuleManager: Shutting down and abandoning module KismetCompiler (59)
[2016.04.08-19.47.20:042][ 81]LogModuleManager: Shutting down and abandoning module PhysXFormats (58)
[2016.04.08-19.47.20:042][ 81]LogModuleManager: Shutting down and abandoning module MeshUtilities (57)
[2016.04.08-19.47.20:042][ 81]LogModuleManager: Shutting down and abandoning module DerivedDataCache (56)
[2016.04.08-19.47.20:104][ 81]LogDerivedDataCache: Shutdown
[2016.04.08-19.47.20:104][ 81]LogModuleManager: Shutting down and abandoning module ShaderFormatOpenGL (55)
[2016.04.08-19.47.20:104][ 81]LogModuleManager: Shutting down and abandoning module ShaderFormatD3D (54)
[2016.04.08-19.47.20:104][ 81]LogModuleManager: Shutting down and abandoning module MetalShaderFormat (53)
[2016.04.08-19.47.20:104][ 81]LogModuleManager: Shutting down and abandoning module TextureFormatUncompressed (52)
[2016.04.08-19.47.20:104][ 81]LogModuleManager: Shutting down and abandoning module TextureFormatPVR (51)
[2016.04.08-19.47.20:104][ 81]LogModuleManager: Shutting down and abandoning module TextureFormatIntelISPCTexComp (50)
[2016.04.08-19.47.20:104][ 81]LogModuleManager: Shutting down and abandoning module TextureFormatDXT (49)
[2016.04.08-19.47.20:104][ 81]LogModuleManager: Shutting down and abandoning module ImageWrapper (48)
[2016.04.08-19.47.20:104][ 81]LogModuleManager: Shutting down and abandoning module TextureFormatASTC (47)
[2016.04.08-19.47.20:104][ 81]LogModuleManager: Shutting down and abandoning module TextureFormatAndroid (46)
[2016.04.08-19.47.20:104][ 81]LogModuleManager: Shutting down and abandoning module AudioFormatOpus (45)
[2016.04.08-19.47.20:104][ 81]LogModuleManager: Shutting down and abandoning module AudioFormatOgg (44)
[2016.04.08-19.47.20:104][ 81]LogModuleManager: Shutting down and abandoning module AudioFormatADPCM (43)
[2016.04.08-19.47.20:104][ 81]LogModuleManager: Shutting down and abandoning module LinuxTargetPlatform (42)
[2016.04.08-19.47.20:104][ 81]LogModuleManager: Shutting down and abandoning module LinuxServerTargetPlatform (41)
[2016.04.08-19.47.20:104][ 81]LogModuleManager: Shutting down and abandoning module LinuxNoEditorTargetPlatform (40)
[2016.04.08-19.47.20:104][ 81]LogModuleManager: Shutting down and abandoning module Messaging (39)
[2016.04.08-19.47.20:104][ 81]LogModuleManager: Shutting down and abandoning module IOSTargetPlatform (38)
[2016.04.08-19.47.20:104][ 81]LogModuleManager: Shutting down and abandoning module HTML5TargetPlatform (37)
[2016.04.08-19.47.20:104][ 81]LogModuleManager: Shutting down and abandoning module Android_PVRTCTargetPlatform (36)
[2016.04.08-19.47.20:104][ 81]LogModuleManager: Shutting down and abandoning module Android_MultiTargetPlatform (35)
[2016.04.08-19.47.20:104][ 81]LogModuleManager: Shutting down and abandoning module Android_ETC2TargetPlatform (34)
[2016.04.08-19.47.20:104][ 81]LogModuleManager: Shutting down and abandoning module Android_ETC1TargetPlatform (33)
[2016.04.08-19.47.20:104][ 81]LogModuleManager: Shutting down and abandoning module Android_DXTTargetPlatform (32)
[2016.04.08-19.47.20:104][ 81]LogModuleManager: Shutting down and abandoning module Android_ATCTargetPlatform (31)
[2016.04.08-19.47.20:104][ 81]LogModuleManager: Shutting down and abandoning module Android_ASTCTargetPlatform (30)
[2016.04.08-19.47.20:104][ 81]LogModuleManager: Shutting down and abandoning module AndroidTargetPlatform (29)
[2016.04.08-19.47.20:104][ 81]LogModuleManager: Shutting down and abandoning module WindowsTargetPlatform (28)
[2016.04.08-19.47.20:104][ 81]LogModuleManager: Shutting down and abandoning module WindowsServerTargetPlatform (27)
[2016.04.08-19.47.20:104][ 81]LogModuleManager: Shutting down and abandoning module WindowsNoEditorTargetPlatform (26)
[2016.04.08-19.47.20:104][ 81]LogModuleManager: Shutting down and abandoning module WindowsClientTargetPlatform (25)
[2016.04.08-19.47.20:104][ 81]LogModuleManager: Shutting down and abandoning module AllDesktopTargetPlatform (24)
[2016.04.08-19.47.20:104][ 81]LogModuleManager: Shutting down and abandoning module TargetPlatform (23)
[2016.04.08-19.47.20:104][ 81]LogModuleManager: Shutting down and abandoning module InputCore (22)
[2016.04.08-19.47.20:104][ 81]LogModuleManager: Shutting down and abandoning module Settings (21)
[2016.04.08-19.47.20:105][ 81]LogModuleManager: Shutting down and abandoning module OnlineSubsystem (19)
[2016.04.08-19.47.20:105][ 81]LogModuleManager: Shutting down and abandoning module HTTP (18)
[2016.04.08-19.47.22:109][ 81]LogModuleManager: Shutting down and abandoning module XMPP (17)
[2016.04.08-19.47.22:109][ 81]LogModuleManager: Shutting down and abandoning module OculusRift (16)
[2016.04.08-19.47.22:109][ 81]LogModuleManager: Shutting down and abandoning module ExampleDeviceProfileSelector (15)
[2016.04.08-19.47.22:109][ 81]LogModuleManager: Shutting down and abandoning module TextureCompressor (14)
[2016.04.08-19.47.22:109][ 81]LogModuleManager: Shutting down and abandoning module ShaderCore (13)
[2016.04.08-19.47.22:109][ 81]LogModuleManager: Shutting down and abandoning module Landscape (12)
[2016.04.08-19.47.22:109][ 81]LogModuleManager: Shutting down and abandoning module SlateRHIRenderer (11)
[2016.04.08-19.47.22:111][ 81]LogModuleManager: Shutting down and abandoning module OpenGLDrv (10)
[2016.04.08-19.47.22:111][ 81]LogModuleManager: Shutting down and abandoning module D3D11RHI (9)
[2016.04.08-19.47.22:111][ 81]LogModuleManager: Shutting down and abandoning module AnimGraphRuntime (8)
[2016.04.08-19.47.22:111][ 81]LogModuleManager: Shutting down and abandoning module Renderer (7)
[2016.04.08-19.47.22:111][ 81]LogModuleManager: Shutting down and abandoning module Engine (6)
[2016.04.08-19.47.22:111][ 81]LogModuleManager: Shutting down and abandoning module CoreUObject (5)
[2016.04.08-19.47.22:111][ 81]LogModuleManager: Shutting down and abandoning module NetworkFile (4)
[2016.04.08-19.47.22:111][ 81]LogModuleManager: Shutting down and abandoning module StreamingFile (3)
[2016.04.08-19.47.22:111][ 81]LogModuleManager: Shutting down and abandoning module SandboxFile (2)
[2016.04.08-19.47.22:112][ 81]LogModuleManager: Shutting down and abandoning module PakFile (1)
[2016.04.08-19.47.22:113][ 81]LogExit: Exiting.
[2016.04.08-19.47.22:114][ 81]Log file closed, 04/08/16 14:47:22
