[2016.03.26-19.32.45:709][  0]Log file open, 03/26/16 13:32:45
[2016.03.26-19.32.45:709][  0]LogInit:Display: Running engine for game: Axioma
[2016.03.26-19.32.45:709][  0]LogPlatformFile: Not using cached read wrapper
[2016.03.26-19.32.45:709][  0]LogInit:Display: RandInit(1053474604) SRandInit(1053474605).
[2016.03.26-19.32.45:709][  0]LogTaskGraph: Started task graph with 4 named threads and 5 total threads.
[2016.03.26-19.32.45:709][  0]LogStats: Stats thread started at 0.073950
[2016.03.26-19.32.45:709][  0]LogInit: Version: 4.10.4-2872498+++depot+UE4-Releases+4.10
[2016.03.26-19.32.45:709][  0]LogInit: API Version: 2758231
[2016.03.26-19.32.45:709][  0]LogInit: Compiled (64-bit): Feb 18 2016 15:47:04
[2016.03.26-19.32.45:709][  0]LogInit: Compiled with Visual C++: 19.00.23026.00
[2016.03.26-19.32.45:709][  0]LogInit: Build Configuration: Development
[2016.03.26-19.32.45:709][  0]LogInit: Branch Name: ++depot+UE4-Releases+4.10
[2016.03.26-19.32.45:709][  0]LogInit: Command line:  
[2016.03.26-19.32.45:709][  0]LogInit: Base directory: C:/Program Files (x86)/Epic Games/4.10/Engine/Binaries/Win64/
[2016.03.26-19.32.45:709][  0]LogInit: Rocket: 1
[2016.03.26-19.32.45:909][  0]LogInit: Using libcurl 7.41.0
[2016.03.26-19.32.45:909][  0]LogInit:  - built for x86_64-pc-win32
[2016.03.26-19.32.45:909][  0]LogInit:  - supports SSL with WinSSL
[2016.03.26-19.32.45:909][  0]LogInit:  - other features:
[2016.03.26-19.32.45:909][  0]LogInit:      CURL_VERSION_SSL
[2016.03.26-19.32.45:909][  0]LogInit:      CURL_VERSION_IPV6
[2016.03.26-19.32.45:909][  0]LogInit:      CURL_VERSION_ASYNCHDNS
[2016.03.26-19.32.45:909][  0]LogInit:      CURL_VERSION_LARGEFILE
[2016.03.26-19.32.45:909][  0]LogInit:      CURL_VERSION_IDN
[2016.03.26-19.32.45:909][  0]LogInit:  CurlRequestOptions (configurable via config and command line):
[2016.03.26-19.32.45:909][  0]LogInit:  - bVerifyPeer = true  - Libcurl will verify peer certificate
[2016.03.26-19.32.45:909][  0]LogInit:  - bUseHttpProxy = false  - Libcurl will NOT use HTTP proxy
[2016.03.26-19.32.45:909][  0]LogInit:  - bDontReuseConnections = false  - Libcurl will reuse connections
[2016.03.26-19.32.45:909][  0]LogInit:  - CertBundlePath = nullptr  - Libcurl will use whatever was configured at build time.
[2016.03.26-19.32.45:925][  0]LogInit: Presizing for 0 objects not considered by GC, pre-allocating 0 bytes.
[2016.03.26-19.32.45:940][  0]LogInit: Object subsystem initialized
[2016.03.26-19.32.45:940][  0]LogInit: Selected Device Profile: [Windows]
[2016.03.26-19.32.45:940][  0]LogInit: Applying CVar settings loaded from the selected device profile: [Windows]
[2016.03.26-19.32.45:969][  0]LogInit: Computer: LAPTOP-RAY
[2016.03.26-19.32.45:969][  0]LogInit: User: ray
[2016.03.26-19.32.45:969][  0]LogInit: CPU Page size=4096, Cores=2
[2016.03.26-19.32.45:969][  0]LogInit: High frequency timer resolution =2.338335 MHz
[2016.03.26-19.32.45:969][  0]LogMemory: Memory total: Physical=3.9GB (4GB approx)
[2016.03.26-19.32.45:969][  0]LogMemory: Platform Memory Stats for Windows
[2016.03.26-19.32.45:969][  0]LogMemory: Process Physical Memory: 54.41 MB used, 54.41 MB peak
[2016.03.26-19.32.45:969][  0]LogMemory: Process Virtual Memory: 56.37 MB used, 56.37 MB peak
[2016.03.26-19.32.45:969][  0]LogMemory: Physical Memory: 3032.18 MB used, 3976.27 MB total
[2016.03.26-19.32.45:969][  0]LogMemory: Virtual Memory: 365.46 MB used, 134217728.00 MB total
[2016.03.26-19.32.46:218][  0]LogTextLocalizationManager: No specific translations for ('en-US') exist, so ('en') translations will be used.
[2016.03.26-19.32.47:487][  0]LogD3D11RHI: Found D3D11 adapter 0: Intel(R) HD Graphics Family (Feature Level 11_0)
[2016.03.26-19.32.47:487][  0]LogD3D11RHI: Adapter has 32MB of dedicated video memory, 0MB of dedicated system memory, and 1760MB of shared system memory, 1 output[s]
[2016.03.26-19.32.47:491][  0]LogD3D11RHI: Found D3D11 adapter 1: Microsoft Basic Render Driver (Feature Level 11_0)
[2016.03.26-19.32.47:491][  0]LogD3D11RHI: Adapter has 0MB of dedicated video memory, 0MB of dedicated system memory, and 256MB of shared system memory, 0 output[s]
[2016.03.26-19.32.47:492][  0]LogD3D11RHI: Chosen D3D11 Adapter Id = 0
[2016.03.26-19.32.47:514][  0]LogD3D11RHI: !Direct3DDevice
[2016.03.26-19.32.47:514][  0]LogRHI: Texture pool is 638 MB (70% of 912 MB)
[2016.03.26-19.32.47:535][  0]LogD3D11RHI: Async texture creation enabled
[2016.03.26-19.32.47:860][  0]LogShaderCompilers: Guid format shader working directory is 2 characters bigger than the processId version (../../../../../../Users/ray/Desktop/Axioma/Intermediate/Shaders/WorkingDirectory/8532/).
[2016.03.26-19.32.47:860][  0]LogShaderCompilers: Cleaned the shader compiler working directory 'C:/Users/ray/AppData/Local/Temp/UnrealShaderWorkingDir/DB9EAE884EA82F834338C8A8E9AF5058/'.
[2016.03.26-19.32.47:861][  0]LogShaderCompilers:Display: Using Local Shader Compiler.
[2016.03.26-19.32.57:592][  0]LogTemp:Display: Loaded TP AllDesktopTargetPlatform
[2016.03.26-19.32.57:607][  0]LogTemp:Display: Loaded TP WindowsClientTargetPlatform
[2016.03.26-19.32.57:620][  0]LogTemp:Display: Loaded TP WindowsNoEditorTargetPlatform
[2016.03.26-19.32.57:684][  0]LogTemp:Display: Loaded TP WindowsServerTargetPlatform
[2016.03.26-19.32.57:751][  0]LogTemp:Display: Loaded TP WindowsTargetPlatform
[2016.03.26-19.32.57:878][  0]LogTemp:Display: Loaded TP AndroidTargetPlatform
[2016.03.26-19.32.57:933][  0]LogTemp:Display: Loaded TP Android_ASTCTargetPlatform
[2016.03.26-19.32.57:995][  0]LogTemp:Display: Loaded TP Android_ATCTargetPlatform
[2016.03.26-19.32.58:076][  0]LogTemp:Display: Loaded TP Android_DXTTargetPlatform
[2016.03.26-19.32.58:121][  0]LogTemp:Display: Loaded TP Android_ETC1TargetPlatform
[2016.03.26-19.32.58:189][  0]LogTemp:Display: Loaded TP Android_ETC2TargetPlatform
[2016.03.26-19.32.58:286][  0]LogTemp:Display: Loaded TP Android_MultiTargetPlatform
[2016.03.26-19.32.58:286][  0]LogTemp:Display: Loaded TP Android_PVRTCTargetPlatform
[2016.03.26-19.32.58:324][  0]LogTemp:Display: Loaded TP HTML5TargetPlatform
[2016.03.26-19.32.58:506][  0]LogTemp:Display: Loaded TP IOSTargetPlatform
[2016.03.26-19.32.58:577][  0]LogTemp:Display: Loaded TP LinuxNoEditorTargetPlatform
[2016.03.26-19.32.58:609][  0]LogTemp:Display: Loaded TP LinuxServerTargetPlatform
[2016.03.26-19.32.58:683][  0]LogTemp:Display: Loaded TP LinuxTargetPlatform
[2016.03.26-19.32.58:683][  0]LogTargetPlatformManager:Display: Building Assets For Windows
[2016.03.26-19.33.00:290][  0]LogDerivedDataCache:Display: Max Cache Size: 512 MB
[2016.03.26-19.33.05:447][  0]LogDerivedDataCache: Loaded boot cache 5.13s 41MB C:/Users/ray/AppData/Local/UnrealEngine/4.10/DerivedDataCache/Boot.ddc.
[2016.03.26-19.33.05:447][  0]LogDerivedDataCache:Display: Loaded Boot cache: C:/Users/ray/AppData/Local/UnrealEngine/4.10/DerivedDataCache/Boot.ddc
[2016.03.26-19.33.05:447][  0]LogDerivedDataCache: FDerivedDataBackendGraph:  Pak pak cache file ../../../../../../Users/ray/Desktop/Axioma/DerivedDataCache/DDC.ddp not found, will not use a pak cache.
[2016.03.26-19.33.05:447][  0]LogDerivedDataCache: Unable to find inner node Pak for hierarchical cache Hierarchy.
[2016.03.26-19.33.05:447][  0]LogDerivedDataCache: FDerivedDataBackendGraph:  CompressedPak pak cache file ../../../../../../Users/ray/Desktop/Axioma/DerivedDataCache/Compressed.ddp not found, will not use a pak cache.
[2016.03.26-19.33.05:447][  0]LogDerivedDataCache: Unable to find inner node CompressedPak for hierarchical cache Hierarchy.
[2016.03.26-19.33.06:204][  0]LogDerivedDataCache:Display: Pak cache opened for reading ../../../Engine/DerivedDataCache/Compressed.ddp.
[2016.03.26-19.33.06:286][  0]LogDerivedDataCache: Using Local data cache path C:/Users/ray/AppData/Local/UnrealEngine/Common/DerivedDataCache: Writable
[2016.03.26-19.33.18:871][  0]LogInit: Selected Device Profile: [Windows]
[2016.03.26-19.33.18:994][  0]LogContentStreaming: Texture pool size is 0.000000MB
[2016.03.26-19.33.21:125][  0]LogMeshUtilities: No automatic mesh reduction module available
[2016.03.26-19.33.21:125][  0]LogMeshUtilities: No automatic mesh merging module available
[2016.03.26-19.33.26:091][  0]LogInit: WinSock: version 1.1 (2.2), MaxSocks=32767, MaxUdp=65467
[2016.03.26-19.33.58:142][  0]UdpMessaging: Initializing bridge on interface 0.0.0.0:0 to multicast group 230.0.0.1:6666.
[2016.03.26-19.33.58:189][  0]FUdpSocketBuilder: Failed to create the socket UdpMessageMulticastSocket as configured
[2016.03.26-19.33.58:189][  0]UdpMessageTransport.StartTransport: Failed to create multicast socket on 0.0.0.0:0, joined to 230.0.0.1:6666 with TTL 1
[2016.03.26-19.33.59:411][  0]LogAssetRegistry: FAssetRegistry took 0.0115 seconds to start up
[2016.03.26-19.34.06:784][  0]SourceControl: Info Source control is disabled
[2016.03.26-19.34.08:173][  0]SourceControl: Info Source control is disabled
[2016.03.26-19.34.08:543][  0]SourceControl: Info Source control is disabled
[2016.03.26-19.34.08:718][  0]SourceControl: Info Source control is disabled
[2016.03.26-19.34.15:762][  0]LogObj: 28633 objects as part of root set at end of initial load.
[2016.03.26-19.34.15:762][  0]LogUObjectAllocator: 6099752 out of 0 bytes used by permanent object pool.
[2016.03.26-19.34.23:919][  0]LogAutomationTest:Warning: Smoke tests took > 1s to run: 7.28s
[2016.03.26-19.34.24:438][  0]LogEngine: Initializing Engine...
[2016.03.26-19.34.24:739][  0]LogHMD: Can't find Oculus library dev build: is proper Runtime installed? Version: 0.8.0.0
[2016.03.26-19.34.24:940][  0]LogHMD: SteamVR failed to initialize.  Err: 110
[2016.03.26-19.34.26:573][  0]LogAIModule: Creating AISystem for world NewWorld
[2016.03.26-19.34.26:659][  0]LogInit: XAudio2 using 'Altavoces (Realtek High Definition Audio)' : 2 channels at 48 kHz using 32 bits per sample (channel mask 0x3)
[2016.03.26-19.34.27:186][  0]LogInit: FAudioDevice initialized.
[2016.03.26-19.34.27:284][  0]LogDerivedDataCache: Saved boot cache 0.10s 41MB C:/Users/ray/AppData/Local/UnrealEngine/4.10/DerivedDataCache/Boot.ddc.
[2016.03.26-19.34.27:289][  0]LogInit: Texture streaming: Enabled
[2016.03.26-19.34.27:560][  0]LogAnalytics: Creating configured Analytics provider AnalyticsET
[2016.03.26-19.34.27:560][  0]LogAnalytics: [UEEditor.Rocket.Release] APIServer = http://et2.epicgames.com/ET2/. AppVersion = 4.10.4-2872498+++depot+UE4-Releases+4.10
[2016.03.26-19.34.27:560][  0]LogAnalytics: [UEEditor.Rocket.Release] SetUserId f6d84d504b8c91be90ceca84e0ba1004|f68b6959a5b94dccb13faa64bd594851|592e87cd-9efb-44c2-bcd9-891f7d9d6dd4
[2016.03.26-19.34.27:560][  0]LogAnalytics: [UEEditor.Rocket.Release] AnalyticsET::StartSession
[2016.03.26-19.34.27:727][  0]LogWindowsTextInputMethodSystem:Display: IME system now deactivated.
[2016.03.26-19.34.29:668][  0]LogInit: Transaction tracking system initialized
[2016.03.26-19.34.32:254][  0]BlueprintLog: New page: Editor Load
[2016.03.26-19.34.41:798][  0]LocalizationService: Info Localization service is disabled
[2016.03.26-19.34.46:170][  0]LogConsoleResponse:Display: 
[2016.03.26-19.34.56:755][  0]LogCook:Display: Done creating registry. It took  0.00s.
[2016.03.26-19.35.01:822][  0]SourceControl: Info Source control is disabled
[2016.03.26-19.35.02:341][  0]Cmd: MAP LOAD FILE="../../../../../../Users/ray/Desktop/Axioma/Content/FirstPersonBP/Maps/FirstPersonExampleMap.umap" TEMPLATE=0 SHOWPROGRESS=1 FEATURELEVEL=3
[2016.03.26-19.35.02:531][  0]LightingResults: New page: Lighting Build
[2016.03.26-19.35.03:867][  0]MapCheck: New page: Map Check
[2016.03.26-19.35.03:867][  0]LightingResults: New page: Lighting Build
[2016.03.26-19.35.05:974][  0]LogParticles: Destroying 0 GPU particle simulations for FXSystem 0x000000B6E0E8B240
[2016.03.26-19.35.58:753][  0]LogAIModule: Creating AISystem for world FirstPersonExampleMap
[2016.03.26-19.37.26:859][  0]LogBlueprintUserMessages: [Wind_Turbine__Rotor__Blueprint_C_7] 152.242188
[2016.03.26-19.37.26:860][  0]LogBlueprintUserMessages: [Wind_Turbine__Rotor__Blueprint_C_8] 62.211983
[2016.03.26-19.37.26:862][  0]LogBlueprintUserMessages: [Wind_Turbine__Rotor__Blueprint3_44] 5.092319
[2016.03.26-19.37.26:863][  0]LogBlueprintUserMessages: [Wind_Turbine__Rotor__Blueprint4] 169.491257
[2016.03.26-19.37.26:864][  0]LogBlueprintUserMessages: [Wind_Turbine__Rotor__Blueprint5] 18.693808
[2016.03.26-19.37.26:865][  0]LogBlueprintUserMessages: [Wind_Turbine__Rotor__Blueprint6] 39.953003
[2016.03.26-19.37.26:867][  0]LogBlueprintUserMessages: [Wind_Turbine__Rotor__Blueprint7] 141.684006
[2016.03.26-19.37.27:443][  0]LogEditorServer: Finished looking for orphan Actors (0.033 secs)
[2016.03.26-19.37.28:122][  0]Cmd: MAP CHECKDEP NOCLEARLOG
[2016.03.26-19.37.28:813][  0]MapCheck: Info Map check complete: 0 Error(s), 0 Warning(s), took 691.264ms to complete.
[2016.03.26-19.37.28:830][  0]LogFileHelpers: Loading map 'FirstPersonExampleMap' took 146.779
[2016.03.26-19.37.43:967][  0]LogCollectionManager: Loaded 0 collections in 0.100388 seconds
[2016.03.26-19.37.46:889][  0]LogFileCache: Scanning file cache for directory 'C:/Users/ray/Desktop/Axioma/Saved/Collections/' took 0.12s
[2016.03.26-19.37.46:889][  0]LogFileCache: Scanning file cache for directory 'C:/Users/ray/Desktop/Axioma/Content/Developers/ray/Collections/' took 0.01s
[2016.03.26-19.37.46:889][  0]LogFileCache: Scanning file cache for directory 'C:/Users/ray/Desktop/Axioma/Content/Collections/' took 0.01s
[2016.03.26-19.37.46:889][  0]LogCollectionManager: Rebuilt the GUID cache for 0 collections in 0.000013 seconds
[2016.03.26-19.37.47:107][  0]LogContentBrowser: Native class hierarchy populated in 0.1640 seconds. Added 1893 classes and 338 folders.
[2016.03.26-19.37.47:899][  0]LogContentBrowser: Native class hierarchy updated for 'WidgetCarousel' in 0.0014 seconds. Added 0 classes and 0 folders.
[2016.03.26-19.37.59:825][  0]LogContentBrowser: Native class hierarchy updated for 'AddContentDialog' in 0.0020 seconds. Added 0 classes and 0 folders.
[2016.03.26-19.38.01:275][  0]LogContentBrowser: Native class hierarchy updated for 'SceneOutliner' in 0.0014 seconds. Added 1 classes and 2 folders.
[2016.03.26-19.38.08:271][  0]LogCrashTracker: Crashtracker disabled due to settings.
[2016.03.26-19.38.09:270][  0]LogUObjectGlobals:Warning: Failed to find object 'Class None.'
[2016.03.26-19.38.09:921][  0]LogLoad: Full Startup: 324.80 seconds (BP compile: 9.45 seconds)
[2016.03.26-19.38.10:361][  0]LogOcInput: Can't find Oculus library dev build: is proper Runtime installed? Version: 0.8.0.0
[2016.03.26-19.38.14:815][  0]LogContentStreaming: Texture pool size now 200 MB
[2016.03.26-19.38.17:221][  0]LogRenderer: Reallocating scene render targets to support 824x368 (Frame:2).
[2016.03.26-19.38.22:000][  1]Cmd: UpdateLandscapeEditorData -warnings
[2016.03.26-19.38.39:284][  7]LogSynthBenchmark:Display: FSynthBenchmark (V0.95):  requested WorkScale=1.00
[2016.03.26-19.38.39:284][  7]LogSynthBenchmark:Display: ===============
[2016.03.26-19.38.39:284][  7]LogSynthBenchmark:Display: Main Processor:
[2016.03.26-19.38.39:476][  7]LogSynthBenchmark:Display:          ... 0.097952 s/Run 'RayIntersect'
[2016.03.26-19.38.39:476][  7]LogSynthBenchmark:Display:          ... 0.093833 s/Run 'Fractal'
[2016.03.26-19.38.39:476][  7]LogSynthBenchmark:Display: 
[2016.03.26-19.38.39:476][  7]LogSynthBenchmark:Display:   CompiledTarget_x_Bits: 64
[2016.03.26-19.38.39:476][  7]LogSynthBenchmark:Display:   UE_BUILD_SHIPPING: 0
[2016.03.26-19.38.39:476][  7]LogSynthBenchmark:Display:   UE_BUILD_TEST: 0
[2016.03.26-19.38.39:476][  7]LogSynthBenchmark:Display:   UE_BUILD_DEBUG: 0
[2016.03.26-19.38.39:476][  7]LogSynthBenchmark:Display:   TotalPhysicalGBRam: 4
[2016.03.26-19.38.39:476][  7]LogSynthBenchmark:Display:   NumberOfCores (physical): 2
[2016.03.26-19.38.39:476][  7]LogSynthBenchmark:Display:   NumberOfCores (logical): 4
[2016.03.26-19.38.39:476][  7]LogSynthBenchmark:Display:   CPU Perf Index 0: 26.1
[2016.03.26-19.38.39:476][  7]LogSynthBenchmark:Display:   CPU Perf Index 1: 30.5
[2016.03.26-19.38.39:476][  7]LogSynthBenchmark:Display:  
[2016.03.26-19.38.39:476][  7]LogSynthBenchmark:Display: Graphics:
[2016.03.26-19.38.39:476][  7]LogSynthBenchmark:Display:   Adapter Name: 'Intel(R) HD Graphics Family'
[2016.03.26-19.38.39:476][  7]LogSynthBenchmark:Display:   (On Optimus the name might be wrong, memory should be ok)
[2016.03.26-19.38.39:477][  7]LogSynthBenchmark:Display:   Vendor Id: 0x8086
[2016.03.26-19.38.39:477][  7]LogSynthBenchmark:Display:   GPU Memory: 32/0/1760 MB
[2016.03.26-19.38.39:477][  7]LogSynthBenchmark:Display:   CPUIndex: 26.1
[2016.03.26-19.38.39:477][  7]LogSynthBenchmark:Display:   GPUIndex: -nan(ind)
[2016.03.26-19.38.39:477][  7]LogSynthBenchmark:Display: 
[2016.03.26-19.38.39:477][  7]LogSynthBenchmark:Display:          ... Total Time: 0.192638 sec
[2016.03.26-19.38.40:829][  7]LogCollectionManager: Rebuilt the object cache for 0 collections in 0.000005 seconds (found 0 objects)
[2016.03.26-19.38.43:993][ 16]LogAssetRegistry: Asset discovery search completed in 284.5934 seconds
[2016.03.26-19.38.44:328][ 16]LogCollectionManager: Fixed up redirectors for 0 collections in 0.052011 seconds (updated 0 objects)
[2016.03.26-19.52.34:075][667]LogBlueprintUserMessages: Early PlayInEditor Detection: Level '/Game/FirstPersonBP/Maps/FirstPersonExampleMap.FirstPersonExampleMap:PersistentLevel' has LevelScriptBlueprint '/Game/FirstPersonBP/Maps/FirstPersonExampleMap.FirstPersonExampleMap:PersistentLevel.FirstPersonExampleMap' with GeneratedClass '/Game/FirstPersonBP/Maps/FirstPersonExampleMap.FirstPersonExampleMap_C' with ClassGeneratedBy '/Game/FirstPersonBP/Maps/FirstPersonExampleMap.FirstPersonExampleMap:PersistentLevel.FirstPersonExampleMap'
[2016.03.26-19.52.34:253][667]LogPlayLevel: PlayLevel: No blueprints needed recompiling
[2016.03.26-19.52.34:440][667]PIE: New page: PIE session: FirstPersonExampleMap (Mar 26, 2016, 7:52:34 AM)
[2016.03.26-19.52.34:573][667]LogPlayLevel: Creating play world package: /Game/FirstPersonBP/Maps/UEDPIE_0_FirstPersonExampleMap
[2016.03.26-19.52.38:047][667]LogPlayLevel: PIE: StaticDuplicateObject took: (3.432695s)
[2016.03.26-19.52.39:182][667]LogAIModule: Creating AISystem for world FirstPersonExampleMap
[2016.03.26-19.52.39:210][667]LogPlayLevel: PIE: World Init took: (1.162412s)
[2016.03.26-19.52.39:242][667]LogPlayLevel: PIE: Created PIE world by copying editor world from /Game/FirstPersonBP/Maps/FirstPersonExampleMap.FirstPersonExampleMap to /Game/FirstPersonBP/Maps/UEDPIE_0_FirstPersonExampleMap.FirstPersonExampleMap (4.669176s)
[2016.03.26-19.52.40:418][667]LogInit: XAudio2 using 'Altavoces (Realtek High Definition Audio)' : 2 channels at 48 kHz using 32 bits per sample (channel mask 0x3)
[2016.03.26-19.52.40:468][667]LogInit: FAudioDevice initialized.
[2016.03.26-19.52.42:964][667]LogWorld: Game class is 'FirstPersonGameMode_C'
[2016.03.26-19.52.44:299][667]LogWorld: Bringing World /Game/FirstPersonBP/Maps/UEDPIE_0_FirstPersonExampleMap.FirstPersonExampleMap up for play (max tick rate 60) at 2016.03.26-13.52.44
[2016.03.26-19.52.44:333][667]LogActor:Warning: GameSession /Game/FirstPersonBP/Maps/UEDPIE_0_FirstPersonExampleMap.FirstPersonExampleMap:PersistentLevel.GameSession_0 has natively added scene component(s), but none of them were set as the actor's RootComponent - picking one arbitrarily
[2016.03.26-19.52.44:366][667]LogActor:Warning: GameNetworkManager /Game/FirstPersonBP/Maps/UEDPIE_0_FirstPersonExampleMap.FirstPersonExampleMap:PersistentLevel.GameNetworkManager_0 has natively added scene component(s), but none of them were set as the actor's RootComponent - picking one arbitrarily
[2016.03.26-19.52.44:560][667]LogWorld: Bringing up level for play took: 1.115203
[2016.03.26-19.52.45:416][667]PIE: Info Play in editor start time for /Game/FirstPersonBP/Maps/UEDPIE_0_FirstPersonExampleMap 11.104
[2016.03.26-19.52.45:461][667]LogBlueprintUserMessages: Late PlayInEditor Detection: Level '/Game/FirstPersonBP/Maps/FirstPersonExampleMap.FirstPersonExampleMap:PersistentLevel' has LevelScriptBlueprint '/Game/FirstPersonBP/Maps/FirstPersonExampleMap.FirstPersonExampleMap:PersistentLevel.FirstPersonExampleMap' with GeneratedClass '/Game/FirstPersonBP/Maps/FirstPersonExampleMap.FirstPersonExampleMap_C' with ClassGeneratedBy '/Game/FirstPersonBP/Maps/FirstPersonExampleMap.FirstPersonExampleMap:PersistentLevel.FirstPersonExampleMap'
[2016.03.26-19.52.57:144][150]LogBlueprintUserMessages: Early EndPlayMap Detection: Level '/Game/FirstPersonBP/Maps/FirstPersonExampleMap.FirstPersonExampleMap:PersistentLevel' has LevelScriptBlueprint '/Game/FirstPersonBP/Maps/FirstPersonExampleMap.FirstPersonExampleMap:PersistentLevel.FirstPersonExampleMap' with GeneratedClass '/Game/FirstPersonBP/Maps/FirstPersonExampleMap.FirstPersonExampleMap_C' with ClassGeneratedBy '/Game/FirstPersonBP/Maps/FirstPersonExampleMap.FirstPersonExampleMap:PersistentLevel.FirstPersonExampleMap'
[2016.03.26-19.52.57:617][150]LogBlueprintUserMessages: Late EndPlayMap Detection: Level '/Game/FirstPersonBP/Maps/FirstPersonExampleMap.FirstPersonExampleMap:PersistentLevel' has LevelScriptBlueprint '/Game/FirstPersonBP/Maps/FirstPersonExampleMap.FirstPersonExampleMap:PersistentLevel.FirstPersonExampleMap' with GeneratedClass '/Game/FirstPersonBP/Maps/FirstPersonExampleMap.FirstPersonExampleMap_C' with ClassGeneratedBy '/Game/FirstPersonBP/Maps/FirstPersonExampleMap.FirstPersonExampleMap:PersistentLevel.FirstPersonExampleMap'
[2016.03.26-19.52.57:977][150]LogParticles: Destroying 0 GPU particle simulations for FXSystem 0x000000B6E7195BC0
[2016.03.26-19.53.03:122][335]LogEditorViewport: Clicking on Actor (LMB): DirectionalLight (MainLight)
[2016.03.26-19.53.22:807][868]LogEditorViewport: Clicking on Actor (LMB): BP_Sky_Sphere_C (SkySphereBlueprint)
[2016.03.26-19.53.32:026][124]LogEditorViewport: Clicking on Actor (LMB): SphereReflectionCapture (SphereReflectionCapture)
[2016.03.26-19.53.36:297][254]LogEditorViewport: Clicking on Actor (LMB): Landscape (Landscape1)
[2016.03.26-19.53.37:964][290]LogEditorViewport: Clicking on Actor (LMB): DirectionalLight (MainLight)
[2016.03.26-19.53.43:212][471]LogEditorViewport: Clicking on Actor (LMB): BP_Sky_Sphere_C (SkySphereBlueprint)
[2016.03.26-19.53.49:896][696]LogBlueprintUserMessages: Early PlayInEditor Detection: Level '/Game/FirstPersonBP/Maps/FirstPersonExampleMap.FirstPersonExampleMap:PersistentLevel' has LevelScriptBlueprint '/Game/FirstPersonBP/Maps/FirstPersonExampleMap.FirstPersonExampleMap:PersistentLevel.FirstPersonExampleMap' with GeneratedClass '/Game/FirstPersonBP/Maps/FirstPersonExampleMap.FirstPersonExampleMap_C' with ClassGeneratedBy '/Game/FirstPersonBP/Maps/FirstPersonExampleMap.FirstPersonExampleMap:PersistentLevel.FirstPersonExampleMap'
[2016.03.26-19.53.49:896][696]LogPlayLevel: PlayLevel: No blueprints needed recompiling
[2016.03.26-19.53.49:896][696]PIE: New page: PIE session: FirstPersonExampleMap (Mar 26, 2016, 7:53:49 AM)
[2016.03.26-19.53.49:897][696]LogPlayLevel: Creating play world package: /Game/FirstPersonBP/Maps/UEDPIE_0_FirstPersonExampleMap
[2016.03.26-19.53.50:424][696]LogPlayLevel: PIE: StaticDuplicateObject took: (0.526198s)
[2016.03.26-19.53.50:428][696]LogAIModule: Creating AISystem for world FirstPersonExampleMap
[2016.03.26-19.53.50:429][696]LogPlayLevel: PIE: World Init took: (0.004710s)
[2016.03.26-19.53.50:429][696]LogPlayLevel: PIE: Created PIE world by copying editor world from /Game/FirstPersonBP/Maps/FirstPersonExampleMap.FirstPersonExampleMap to /Game/FirstPersonBP/Maps/UEDPIE_0_FirstPersonExampleMap.FirstPersonExampleMap (0.531865s)
[2016.03.26-19.53.50:523][696]LogInit: XAudio2 using 'Altavoces (Realtek High Definition Audio)' : 2 channels at 48 kHz using 32 bits per sample (channel mask 0x3)
[2016.03.26-19.53.50:552][696]LogInit: FAudioDevice initialized.
[2016.03.26-19.53.50:641][696]LogWorld: Game class is 'FirstPersonGameMode_C'
[2016.03.26-19.53.50:936][696]LogWorld: Bringing World /Game/FirstPersonBP/Maps/UEDPIE_0_FirstPersonExampleMap.FirstPersonExampleMap up for play (max tick rate 0) at 2016.03.26-13.53.50
[2016.03.26-19.53.50:936][696]LogActor:Warning: GameSession /Game/FirstPersonBP/Maps/UEDPIE_0_FirstPersonExampleMap.FirstPersonExampleMap:PersistentLevel.GameSession_1 has natively added scene component(s), but none of them were set as the actor's RootComponent - picking one arbitrarily
[2016.03.26-19.53.50:937][696]LogActor:Warning: GameNetworkManager /Game/FirstPersonBP/Maps/UEDPIE_0_FirstPersonExampleMap.FirstPersonExampleMap:PersistentLevel.GameNetworkManager_1 has natively added scene component(s), but none of them were set as the actor's RootComponent - picking one arbitrarily
[2016.03.26-19.53.50:941][696]LogWorld: Bringing up level for play took: 0.299110
[2016.03.26-19.53.50:943][696]PIE: Info Play in editor start time for /Game/FirstPersonBP/Maps/UEDPIE_0_FirstPersonExampleMap 0.632
[2016.03.26-19.53.50:943][696]LogBlueprintUserMessages: Late PlayInEditor Detection: Level '/Game/FirstPersonBP/Maps/FirstPersonExampleMap.FirstPersonExampleMap:PersistentLevel' has LevelScriptBlueprint '/Game/FirstPersonBP/Maps/FirstPersonExampleMap.FirstPersonExampleMap:PersistentLevel.FirstPersonExampleMap' with GeneratedClass '/Game/FirstPersonBP/Maps/FirstPersonExampleMap.FirstPersonExampleMap_C' with ClassGeneratedBy '/Game/FirstPersonBP/Maps/FirstPersonExampleMap.FirstPersonExampleMap:PersistentLevel.FirstPersonExampleMap'
[2016.03.26-19.53.59:079][ 65]LogBlueprintUserMessages: [FirstPersonCharacter_C_0] Off
[2016.03.26-19.54.55:041][422]LogBlueprintUserMessages: Early EndPlayMap Detection: Level '/Game/FirstPersonBP/Maps/FirstPersonExampleMap.FirstPersonExampleMap:PersistentLevel' has LevelScriptBlueprint '/Game/FirstPersonBP/Maps/FirstPersonExampleMap.FirstPersonExampleMap:PersistentLevel.FirstPersonExampleMap' with GeneratedClass '/Game/FirstPersonBP/Maps/FirstPersonExampleMap.FirstPersonExampleMap_C' with ClassGeneratedBy '/Game/FirstPersonBP/Maps/FirstPersonExampleMap.FirstPersonExampleMap:PersistentLevel.FirstPersonExampleMap'
[2016.03.26-19.54.55:155][422]LogBlueprintUserMessages: Late EndPlayMap Detection: Level '/Game/FirstPersonBP/Maps/FirstPersonExampleMap.FirstPersonExampleMap:PersistentLevel' has LevelScriptBlueprint '/Game/FirstPersonBP/Maps/FirstPersonExampleMap.FirstPersonExampleMap:PersistentLevel.FirstPersonExampleMap' with GeneratedClass '/Game/FirstPersonBP/Maps/FirstPersonExampleMap.FirstPersonExampleMap_C' with ClassGeneratedBy '/Game/FirstPersonBP/Maps/FirstPersonExampleMap.FirstPersonExampleMap:PersistentLevel.FirstPersonExampleMap'
[2016.03.26-19.54.55:333][423]LogParticles: Destroying 0 GPU particle simulations for FXSystem 0x000000B6CED3E160
[2016.03.26-19.55.26:397][285]LogBlueprintUserMessages: Early PlayInEditor Detection: Level '/Game/FirstPersonBP/Maps/FirstPersonExampleMap.FirstPersonExampleMap:PersistentLevel' has LevelScriptBlueprint '/Game/FirstPersonBP/Maps/FirstPersonExampleMap.FirstPersonExampleMap:PersistentLevel.FirstPersonExampleMap' with GeneratedClass '/Game/FirstPersonBP/Maps/FirstPersonExampleMap.FirstPersonExampleMap_C' with ClassGeneratedBy '/Game/FirstPersonBP/Maps/FirstPersonExampleMap.FirstPersonExampleMap:PersistentLevel.FirstPersonExampleMap'
[2016.03.26-19.55.26:397][285]LogPlayLevel: PlayLevel: No blueprints needed recompiling
[2016.03.26-19.55.26:397][285]PIE: New page: PIE session: FirstPersonExampleMap (Mar 26, 2016, 7:55:26 AM)
[2016.03.26-19.55.26:398][285]LogPlayLevel: Creating play world package: /Game/FirstPersonBP/Maps/UEDPIE_0_FirstPersonExampleMap
[2016.03.26-19.55.26:831][285]LogPlayLevel: PIE: StaticDuplicateObject took: (0.433104s)
[2016.03.26-19.55.26:835][285]LogAIModule: Creating AISystem for world FirstPersonExampleMap
[2016.03.26-19.55.26:836][285]LogPlayLevel: PIE: World Init took: (0.004648s)
[2016.03.26-19.55.26:839][285]LogPlayLevel: PIE: Created PIE world by copying editor world from /Game/FirstPersonBP/Maps/FirstPersonExampleMap.FirstPersonExampleMap to /Game/FirstPersonBP/Maps/UEDPIE_0_FirstPersonExampleMap.FirstPersonExampleMap (0.441296s)
[2016.03.26-19.55.26:942][285]LogInit: XAudio2 using 'Altavoces (Realtek High Definition Audio)' : 2 channels at 48 kHz using 32 bits per sample (channel mask 0x3)
[2016.03.26-19.55.26:973][285]LogInit: FAudioDevice initialized.
[2016.03.26-19.55.27:042][285]LogWorld: Game class is 'FirstPersonGameMode_C'
[2016.03.26-19.55.27:282][285]LogWorld: Bringing World /Game/FirstPersonBP/Maps/UEDPIE_0_FirstPersonExampleMap.FirstPersonExampleMap up for play (max tick rate 0) at 2016.03.26-13.55.27
[2016.03.26-19.55.27:282][285]LogActor:Warning: GameSession /Game/FirstPersonBP/Maps/UEDPIE_0_FirstPersonExampleMap.FirstPersonExampleMap:PersistentLevel.GameSession_2 has natively added scene component(s), but none of them were set as the actor's RootComponent - picking one arbitrarily
[2016.03.26-19.55.27:283][285]LogActor:Warning: GameNetworkManager /Game/FirstPersonBP/Maps/UEDPIE_0_FirstPersonExampleMap.FirstPersonExampleMap:PersistentLevel.GameNetworkManager_2 has natively added scene component(s), but none of them were set as the actor's RootComponent - picking one arbitrarily
[2016.03.26-19.55.27:326][285]LogWorld: Bringing up level for play took: 0.281628
[2016.03.26-19.55.27:331][285]PIE: Info Play in editor start time for /Game/FirstPersonBP/Maps/UEDPIE_0_FirstPersonExampleMap 1.019
[2016.03.26-19.55.27:331][285]LogBlueprintUserMessages: Late PlayInEditor Detection: Level '/Game/FirstPersonBP/Maps/FirstPersonExampleMap.FirstPersonExampleMap:PersistentLevel' has LevelScriptBlueprint '/Game/FirstPersonBP/Maps/FirstPersonExampleMap.FirstPersonExampleMap:PersistentLevel.FirstPersonExampleMap' with GeneratedClass '/Game/FirstPersonBP/Maps/FirstPersonExampleMap.FirstPersonExampleMap_C' with ClassGeneratedBy '/Game/FirstPersonBP/Maps/FirstPersonExampleMap.FirstPersonExampleMap:PersistentLevel.FirstPersonExampleMap'
[2016.03.26-19.55.38:180][825]LogBlueprintUserMessages: Early EndPlayMap Detection: Level '/Game/FirstPersonBP/Maps/FirstPersonExampleMap.FirstPersonExampleMap:PersistentLevel' has LevelScriptBlueprint '/Game/FirstPersonBP/Maps/FirstPersonExampleMap.FirstPersonExampleMap:PersistentLevel.FirstPersonExampleMap' with GeneratedClass '/Game/FirstPersonBP/Maps/FirstPersonExampleMap.FirstPersonExampleMap_C' with ClassGeneratedBy '/Game/FirstPersonBP/Maps/FirstPersonExampleMap.FirstPersonExampleMap:PersistentLevel.FirstPersonExampleMap'
[2016.03.26-19.55.38:265][825]LogBlueprintUserMessages: Late EndPlayMap Detection: Level '/Game/FirstPersonBP/Maps/FirstPersonExampleMap.FirstPersonExampleMap:PersistentLevel' has LevelScriptBlueprint '/Game/FirstPersonBP/Maps/FirstPersonExampleMap.FirstPersonExampleMap:PersistentLevel.FirstPersonExampleMap' with GeneratedClass '/Game/FirstPersonBP/Maps/FirstPersonExampleMap.FirstPersonExampleMap_C' with ClassGeneratedBy '/Game/FirstPersonBP/Maps/FirstPersonExampleMap.FirstPersonExampleMap:PersistentLevel.FirstPersonExampleMap'
[2016.03.26-19.55.38:377][825]LogParticles: Destroying 0 GPU particle simulations for FXSystem 0x000000B6D0A122A0
[2016.03.26-19.56.30:047][586]LogBlueprintUserMessages: Early PlayInEditor Detection: Level '/Game/FirstPersonBP/Maps/FirstPersonExampleMap.FirstPersonExampleMap:PersistentLevel' has LevelScriptBlueprint '/Game/FirstPersonBP/Maps/FirstPersonExampleMap.FirstPersonExampleMap:PersistentLevel.FirstPersonExampleMap' with GeneratedClass '/Game/FirstPersonBP/Maps/FirstPersonExampleMap.FirstPersonExampleMap_C' with ClassGeneratedBy '/Game/FirstPersonBP/Maps/FirstPersonExampleMap.FirstPersonExampleMap:PersistentLevel.FirstPersonExampleMap'
[2016.03.26-19.56.30:048][586]LogPlayLevel: PlayLevel: No blueprints needed recompiling
[2016.03.26-19.56.30:048][586]PIE: New page: PIE session: FirstPersonExampleMap (Mar 26, 2016, 7:56:30 AM)
[2016.03.26-19.56.30:048][586]LogPlayLevel: Creating play world package: /Game/FirstPersonBP/Maps/UEDPIE_0_FirstPersonExampleMap
[2016.03.26-19.56.30:214][586]LogPlayLevel: PIE: StaticDuplicateObject took: (0.165097s)
[2016.03.26-19.56.30:217][586]LogAIModule: Creating AISystem for world FirstPersonExampleMap
[2016.03.26-19.56.30:217][586]LogPlayLevel: PIE: World Init took: (0.003345s)
[2016.03.26-19.56.30:218][586]LogPlayLevel: PIE: Created PIE world by copying editor world from /Game/FirstPersonBP/Maps/FirstPersonExampleMap.FirstPersonExampleMap to /Game/FirstPersonBP/Maps/UEDPIE_0_FirstPersonExampleMap.FirstPersonExampleMap (0.169319s)
[2016.03.26-19.56.30:265][586]LogInit: XAudio2 using 'Altavoces (Realtek High Definition Audio)' : 2 channels at 48 kHz using 32 bits per sample (channel mask 0x3)
[2016.03.26-19.56.30:278][586]LogInit: FAudioDevice initialized.
[2016.03.26-19.56.30:313][586]LogWorld: Game class is 'FirstPersonGameMode_C'
[2016.03.26-19.56.30:488][586]LogWorld: Bringing World /Game/FirstPersonBP/Maps/UEDPIE_0_FirstPersonExampleMap.FirstPersonExampleMap up for play (max tick rate 0) at 2016.03.26-13.56.30
[2016.03.26-19.56.30:488][586]LogActor:Warning: GameSession /Game/FirstPersonBP/Maps/UEDPIE_0_FirstPersonExampleMap.FirstPersonExampleMap:PersistentLevel.GameSession_3 has natively added scene component(s), but none of them were set as the actor's RootComponent - picking one arbitrarily
[2016.03.26-19.56.30:488][586]LogActor:Warning: GameNetworkManager /Game/FirstPersonBP/Maps/UEDPIE_0_FirstPersonExampleMap.FirstPersonExampleMap:PersistentLevel.GameNetworkManager_3 has natively added scene component(s), but none of them were set as the actor's RootComponent - picking one arbitrarily
[2016.03.26-19.56.30:492][586]LogWorld: Bringing up level for play took: 0.178771
[2016.03.26-19.56.30:493][586]PIE: Info Play in editor start time for /Game/FirstPersonBP/Maps/UEDPIE_0_FirstPersonExampleMap 0.182
[2016.03.26-19.56.30:494][586]LogBlueprintUserMessages: Late PlayInEditor Detection: Level '/Game/FirstPersonBP/Maps/FirstPersonExampleMap.FirstPersonExampleMap:PersistentLevel' has LevelScriptBlueprint '/Game/FirstPersonBP/Maps/FirstPersonExampleMap.FirstPersonExampleMap:PersistentLevel.FirstPersonExampleMap' with GeneratedClass '/Game/FirstPersonBP/Maps/FirstPersonExampleMap.FirstPersonExampleMap_C' with ClassGeneratedBy '/Game/FirstPersonBP/Maps/FirstPersonExampleMap.FirstPersonExampleMap:PersistentLevel.FirstPersonExampleMap'
[2016.03.26-19.57.04:100][745]LogBlueprintUserMessages: Early EndPlayMap Detection: Level '/Game/FirstPersonBP/Maps/FirstPersonExampleMap.FirstPersonExampleMap:PersistentLevel' has LevelScriptBlueprint '/Game/FirstPersonBP/Maps/FirstPersonExampleMap.FirstPersonExampleMap:PersistentLevel.FirstPersonExampleMap' with GeneratedClass '/Game/FirstPersonBP/Maps/FirstPersonExampleMap.FirstPersonExampleMap_C' with ClassGeneratedBy '/Game/FirstPersonBP/Maps/FirstPersonExampleMap.FirstPersonExampleMap:PersistentLevel.FirstPersonExampleMap'
[2016.03.26-19.57.04:151][745]LogBlueprintUserMessages: Late EndPlayMap Detection: Level '/Game/FirstPersonBP/Maps/FirstPersonExampleMap.FirstPersonExampleMap:PersistentLevel' has LevelScriptBlueprint '/Game/FirstPersonBP/Maps/FirstPersonExampleMap.FirstPersonExampleMap:PersistentLevel.FirstPersonExampleMap' with GeneratedClass '/Game/FirstPersonBP/Maps/FirstPersonExampleMap.FirstPersonExampleMap_C' with ClassGeneratedBy '/Game/FirstPersonBP/Maps/FirstPersonExampleMap.FirstPersonExampleMap:PersistentLevel.FirstPersonExampleMap'
[2016.03.26-19.57.04:232][746]LogParticles: Destroying 0 GPU particle simulations for FXSystem 0x000000B6D06FF560
[2016.03.26-19.57.47:381][ 35]LogSavePackage: Save=32717.515625ms
[2016.03.26-19.57.47:381][ 35]LogSavePackage: Moving '../../../../../../Users/ray/Desktop/Axioma/Saved/FirstPersonExampleMap1D14C64E4089BE2B6EB99592601A4481.tmp' to '../../../../../../Users/ray/Desktop/Axioma/Content/FirstPersonBP/Maps/FirstPersonExampleMap.umap'
[2016.03.26-19.57.47:563][ 35]LogSavePackage: Total save time: 33943.878870ms
[2016.03.26-19.57.47:563][ 35]LogSavePackage:Display: Finished SavePackage ../../../../../../Users/ray/Desktop/Axioma/Content/FirstPersonBP/Maps/FirstPersonExampleMap.umap
[2016.03.26-19.57.47:806][ 35]LogFileHelpers: Saving map 'FirstPersonExampleMap' took 34.824
[2016.03.26-19.58.08:949][490]LogEditorViewport: Clicking on Actor (LMB): DirectionalLight (MainLight)
[2016.03.26-19.58.34:676][349]LogEditorViewport: Clicking on Actor (LMB): BP_Sky_Sphere_C (SkySphereBlueprint)
[2016.03.26-19.59.02:444][433]LogBlueprintUserMessages: Early PlayInEditor Detection: Level '/Game/FirstPersonBP/Maps/FirstPersonExampleMap.FirstPersonExampleMap:PersistentLevel' has LevelScriptBlueprint '/Game/FirstPersonBP/Maps/FirstPersonExampleMap.FirstPersonExampleMap:PersistentLevel.FirstPersonExampleMap' with GeneratedClass '/Game/FirstPersonBP/Maps/FirstPersonExampleMap.FirstPersonExampleMap_C' with ClassGeneratedBy '/Game/FirstPersonBP/Maps/FirstPersonExampleMap.FirstPersonExampleMap:PersistentLevel.FirstPersonExampleMap'
[2016.03.26-19.59.02:496][433]LogPlayLevel: PlayLevel: No blueprints needed recompiling
[2016.03.26-19.59.02:496][433]PIE: New page: PIE session: FirstPersonExampleMap (Mar 26, 2016, 7:59:02 AM)
[2016.03.26-19.59.02:496][433]LogPlayLevel: Creating play world package: /Game/FirstPersonBP/Maps/UEDPIE_0_FirstPersonExampleMap
[2016.03.26-19.59.02:644][433]LogPlayLevel: PIE: StaticDuplicateObject took: (0.147917s)
[2016.03.26-19.59.02:648][433]LogAIModule: Creating AISystem for world FirstPersonExampleMap
[2016.03.26-19.59.02:648][433]LogPlayLevel: PIE: World Init took: (0.004484s)
[2016.03.26-19.59.02:649][433]LogPlayLevel: PIE: Created PIE world by copying editor world from /Game/FirstPersonBP/Maps/FirstPersonExampleMap.FirstPersonExampleMap to /Game/FirstPersonBP/Maps/UEDPIE_0_FirstPersonExampleMap.FirstPersonExampleMap (0.153104s)
[2016.03.26-19.59.02:681][433]LogInit: XAudio2 using 'Altavoces (Realtek High Definition Audio)' : 2 channels at 48 kHz using 32 bits per sample (channel mask 0x3)
[2016.03.26-19.59.02:691][433]LogInit: FAudioDevice initialized.
[2016.03.26-19.59.02:723][433]LogWorld: Game class is 'FirstPersonGameMode_C'
[2016.03.26-19.59.02:884][433]LogWorld: Bringing World /Game/FirstPersonBP/Maps/UEDPIE_0_FirstPersonExampleMap.FirstPersonExampleMap up for play (max tick rate 0) at 2016.03.26-13.59.02
[2016.03.26-19.59.02:884][433]LogActor:Warning: GameSession /Game/FirstPersonBP/Maps/UEDPIE_0_FirstPersonExampleMap.FirstPersonExampleMap:PersistentLevel.GameSession_4 has natively added scene component(s), but none of them were set as the actor's RootComponent - picking one arbitrarily
[2016.03.26-19.59.02:884][433]LogActor:Warning: GameNetworkManager /Game/FirstPersonBP/Maps/UEDPIE_0_FirstPersonExampleMap.FirstPersonExampleMap:PersistentLevel.GameNetworkManager_4 has natively added scene component(s), but none of them were set as the actor's RootComponent - picking one arbitrarily
[2016.03.26-19.59.02:888][433]LogWorld: Bringing up level for play took: 0.164825
[2016.03.26-19.59.02:890][433]PIE: Info Play in editor start time for /Game/FirstPersonBP/Maps/UEDPIE_0_FirstPersonExampleMap 0.579
[2016.03.26-19.59.02:890][433]LogBlueprintUserMessages: Late PlayInEditor Detection: Level '/Game/FirstPersonBP/Maps/FirstPersonExampleMap.FirstPersonExampleMap:PersistentLevel' has LevelScriptBlueprint '/Game/FirstPersonBP/Maps/FirstPersonExampleMap.FirstPersonExampleMap:PersistentLevel.FirstPersonExampleMap' with GeneratedClass '/Game/FirstPersonBP/Maps/FirstPersonExampleMap.FirstPersonExampleMap_C' with ClassGeneratedBy '/Game/FirstPersonBP/Maps/FirstPersonExampleMap.FirstPersonExampleMap:PersistentLevel.FirstPersonExampleMap'
[2016.03.26-19.59.21:349][511]LogBlueprintUserMessages: [FirstPersonCharacter_C_0] Off
[2016.03.26-19.59.21:802][538]LogBlueprintUserMessages: [FirstPersonCharacter_C_0] On
[2016.03.26-19.59.22:229][563]LogBlueprintUserMessages: [FirstPersonCharacter_C_0] Off
[2016.03.26-19.59.22:598][586]LogBlueprintUserMessages: [FirstPersonCharacter_C_0] On
[2016.03.26-19.59.23:014][611]LogBlueprintUserMessages: [FirstPersonCharacter_C_0] Off
[2016.03.26-19.59.23:515][642]LogBlueprintUserMessages: [FirstPersonCharacter_C_0] On
[2016.03.26-19.59.43:599][851]LogBlueprintUserMessages: Early EndPlayMap Detection: Level '/Game/FirstPersonBP/Maps/FirstPersonExampleMap.FirstPersonExampleMap:PersistentLevel' has LevelScriptBlueprint '/Game/FirstPersonBP/Maps/FirstPersonExampleMap.FirstPersonExampleMap:PersistentLevel.FirstPersonExampleMap' with GeneratedClass '/Game/FirstPersonBP/Maps/FirstPersonExampleMap.FirstPersonExampleMap_C' with ClassGeneratedBy '/Game/FirstPersonBP/Maps/FirstPersonExampleMap.FirstPersonExampleMap:PersistentLevel.FirstPersonExampleMap'
[2016.03.26-19.59.43:657][851]LogBlueprintUserMessages: Late EndPlayMap Detection: Level '/Game/FirstPersonBP/Maps/FirstPersonExampleMap.FirstPersonExampleMap:PersistentLevel' has LevelScriptBlueprint '/Game/FirstPersonBP/Maps/FirstPersonExampleMap.FirstPersonExampleMap:PersistentLevel.FirstPersonExampleMap' with GeneratedClass '/Game/FirstPersonBP/Maps/FirstPersonExampleMap.FirstPersonExampleMap_C' with ClassGeneratedBy '/Game/FirstPersonBP/Maps/FirstPersonExampleMap.FirstPersonExampleMap:PersistentLevel.FirstPersonExampleMap'
[2016.03.26-19.59.43:696][851]LogParticles: Destroying 0 GPU particle simulations for FXSystem 0x000000B692EBAE80
[2016.03.26-19.59.48:093][  1]LogEditorViewport: Clicking on Actor (LMB): Landscape (Landscape1)
[2016.03.26-19.59.58:431][154]LogSavePackage: Save=4566.666016ms
[2016.03.26-19.59.58:431][154]LogSavePackage: Moving '../../../../../../Users/ray/Desktop/Axioma/Saved/FirstPersonExampleMap187CD8954DA50790D72FDB90F3DA72BB.tmp' to '../../../../../../Users/ray/Desktop/Axioma/Content/FirstPersonBP/Maps/FirstPersonExampleMap.umap'
[2016.03.26-19.59.58:439][154]LogSavePackage: Total save time: 4584.872998ms
[2016.03.26-19.59.58:439][154]LogSavePackage:Display: Finished SavePackage ../../../../../../Users/ray/Desktop/Axioma/Content/FirstPersonBP/Maps/FirstPersonExampleMap.umap
[2016.03.26-19.59.58:475][154]LogFileHelpers: Saving map 'FirstPersonExampleMap' took 4.882
[2016.03.26-20.00.37:900][305]LogBlueprintUserMessages: Early PlayInEditor Detection: Level '/Game/FirstPersonBP/Maps/FirstPersonExampleMap.FirstPersonExampleMap:PersistentLevel' has LevelScriptBlueprint '/Game/FirstPersonBP/Maps/FirstPersonExampleMap.FirstPersonExampleMap:PersistentLevel.FirstPersonExampleMap' with GeneratedClass '/Game/FirstPersonBP/Maps/FirstPersonExampleMap.FirstPersonExampleMap_C' with ClassGeneratedBy '/Game/FirstPersonBP/Maps/FirstPersonExampleMap.FirstPersonExampleMap:PersistentLevel.FirstPersonExampleMap'
[2016.03.26-20.00.37:900][305]LogPlayLevel: PlayLevel: No blueprints needed recompiling
[2016.03.26-20.00.37:900][305]PIE: New page: PIE session: FirstPersonExampleMap (Mar 26, 2016, 8:00:37 AM)
[2016.03.26-20.00.37:900][305]LogPlayLevel: Creating play world package: /Game/FirstPersonBP/Maps/UEDPIE_0_FirstPersonExampleMap
[2016.03.26-20.00.38:061][305]LogPlayLevel: PIE: StaticDuplicateObject took: (0.160320s)
[2016.03.26-20.00.38:068][305]LogAIModule: Creating AISystem for world FirstPersonExampleMap
[2016.03.26-20.00.38:069][305]LogPlayLevel: PIE: World Init took: (0.008484s)
[2016.03.26-20.00.38:070][305]LogPlayLevel: PIE: Created PIE world by copying editor world from /Game/FirstPersonBP/Maps/FirstPersonExampleMap.FirstPersonExampleMap to /Game/FirstPersonBP/Maps/UEDPIE_0_FirstPersonExampleMap.FirstPersonExampleMap (0.169612s)
[2016.03.26-20.00.38:111][305]LogInit: XAudio2 using 'Altavoces (Realtek High Definition Audio)' : 2 channels at 48 kHz using 32 bits per sample (channel mask 0x3)
[2016.03.26-20.00.38:121][305]LogInit: FAudioDevice initialized.
[2016.03.26-20.00.38:159][305]LogWorld: Game class is 'FirstPersonGameMode_C'
[2016.03.26-20.00.38:314][305]LogWorld: Bringing World /Game/FirstPersonBP/Maps/UEDPIE_0_FirstPersonExampleMap.FirstPersonExampleMap up for play (max tick rate 0) at 2016.03.26-14.00.38
[2016.03.26-20.00.38:314][305]LogActor:Warning: GameSession /Game/FirstPersonBP/Maps/UEDPIE_0_FirstPersonExampleMap.FirstPersonExampleMap:PersistentLevel.GameSession_5 has natively added scene component(s), but none of them were set as the actor's RootComponent - picking one arbitrarily
[2016.03.26-20.00.38:314][305]LogActor:Warning: GameNetworkManager /Game/FirstPersonBP/Maps/UEDPIE_0_FirstPersonExampleMap.FirstPersonExampleMap:PersistentLevel.GameNetworkManager_5 has natively added scene component(s), but none of them were set as the actor's RootComponent - picking one arbitrarily
[2016.03.26-20.00.38:319][305]LogWorld: Bringing up level for play took: 0.159853
[2016.03.26-20.00.38:321][305]PIE: Info Play in editor start time for /Game/FirstPersonBP/Maps/UEDPIE_0_FirstPersonExampleMap 0.01
[2016.03.26-20.00.38:321][305]LogBlueprintUserMessages: Late PlayInEditor Detection: Level '/Game/FirstPersonBP/Maps/FirstPersonExampleMap.FirstPersonExampleMap:PersistentLevel' has LevelScriptBlueprint '/Game/FirstPersonBP/Maps/FirstPersonExampleMap.FirstPersonExampleMap:PersistentLevel.FirstPersonExampleMap' with GeneratedClass '/Game/FirstPersonBP/Maps/FirstPersonExampleMap.FirstPersonExampleMap_C' with ClassGeneratedBy '/Game/FirstPersonBP/Maps/FirstPersonExampleMap.FirstPersonExampleMap:PersistentLevel.FirstPersonExampleMap'
[2016.03.26-20.00.43:396][604]LogBlueprintUserMessages: Early EndPlayMap Detection: Level '/Game/FirstPersonBP/Maps/FirstPersonExampleMap.FirstPersonExampleMap:PersistentLevel' has LevelScriptBlueprint '/Game/FirstPersonBP/Maps/FirstPersonExampleMap.FirstPersonExampleMap:PersistentLevel.FirstPersonExampleMap' with GeneratedClass '/Game/FirstPersonBP/Maps/FirstPersonExampleMap.FirstPersonExampleMap_C' with ClassGeneratedBy '/Game/FirstPersonBP/Maps/FirstPersonExampleMap.FirstPersonExampleMap:PersistentLevel.FirstPersonExampleMap'
[2016.03.26-20.00.43:457][604]LogBlueprintUserMessages: Late EndPlayMap Detection: Level '/Game/FirstPersonBP/Maps/FirstPersonExampleMap.FirstPersonExampleMap:PersistentLevel' has LevelScriptBlueprint '/Game/FirstPersonBP/Maps/FirstPersonExampleMap.FirstPersonExampleMap:PersistentLevel.FirstPersonExampleMap' with GeneratedClass '/Game/FirstPersonBP/Maps/FirstPersonExampleMap.FirstPersonExampleMap_C' with ClassGeneratedBy '/Game/FirstPersonBP/Maps/FirstPersonExampleMap.FirstPersonExampleMap:PersistentLevel.FirstPersonExampleMap'
[2016.03.26-20.00.43:504][604]LogParticles: Destroying 0 GPU particle simulations for FXSystem 0x000000B692DD9080
[2016.03.26-20.00.53:645][944]LogEditorViewport: Clicking on Actor (LMB): DirectionalLight (MainLight)
[2016.03.26-20.01.26:553][805]Cmd: UpdateLandscapeSetup
[2016.03.26-20.01.26:777][806]Cmd: UpdateLandscapeSetup
[2016.03.26-20.01.26:801][807]Cmd: UpdateLandscapeSetup
[2016.03.26-20.01.26:818][808]Cmd: UpdateLandscapeSetup
[2016.03.26-20.01.26:845][809]Cmd: UpdateLandscapeSetup
[2016.03.26-20.01.26:874][810]Cmd: UpdateLandscapeSetup
[2016.03.26-20.01.26:902][811]Cmd: UpdateLandscapeSetup
[2016.03.26-20.01.26:931][812]Cmd: UpdateLandscapeSetup
[2016.03.26-20.01.26:961][813]Cmd: UpdateLandscapeSetup
[2016.03.26-20.01.26:989][814]Cmd: UpdateLandscapeSetup
[2016.03.26-20.01.27:500][834]Cmd: UpdateLandscapeSetup
[2016.03.26-20.01.28:174][859]Cmd: TRANSACTION UNDO
[2016.03.26-20.01.28:195][859]LogEditorTransaction: Undo Edit Indirect Lighting Quality
[2016.03.26-20.01.28:320][860]Cmd: UpdateLandscapeSetup
[2016.03.26-20.01.45:634][484]Cmd: UpdateLandscapeSetup
[2016.03.26-20.01.46:940][531]LogBlueprintUserMessages: Early PlayInEditor Detection: Level '/Game/FirstPersonBP/Maps/FirstPersonExampleMap.FirstPersonExampleMap:PersistentLevel' has LevelScriptBlueprint '/Game/FirstPersonBP/Maps/FirstPersonExampleMap.FirstPersonExampleMap:PersistentLevel.FirstPersonExampleMap' with GeneratedClass '/Game/FirstPersonBP/Maps/FirstPersonExampleMap.FirstPersonExampleMap_C' with ClassGeneratedBy '/Game/FirstPersonBP/Maps/FirstPersonExampleMap.FirstPersonExampleMap:PersistentLevel.FirstPersonExampleMap'
[2016.03.26-20.01.46:940][531]LogPlayLevel: PlayLevel: No blueprints needed recompiling
[2016.03.26-20.01.46:940][531]PIE: New page: PIE session: FirstPersonExampleMap (Mar 26, 2016, 8:01:46 AM)
[2016.03.26-20.01.46:940][531]LogPlayLevel: Creating play world package: /Game/FirstPersonBP/Maps/UEDPIE_0_FirstPersonExampleMap
[2016.03.26-20.01.47:092][531]LogPlayLevel: PIE: StaticDuplicateObject took: (0.152210s)
[2016.03.26-20.01.47:100][531]LogAIModule: Creating AISystem for world FirstPersonExampleMap
[2016.03.26-20.01.47:101][531]LogPlayLevel: PIE: World Init took: (0.008698s)
[2016.03.26-20.01.47:101][531]LogPlayLevel: PIE: Created PIE world by copying editor world from /Game/FirstPersonBP/Maps/FirstPersonExampleMap.FirstPersonExampleMap to /Game/FirstPersonBP/Maps/UEDPIE_0_FirstPersonExampleMap.FirstPersonExampleMap (0.161653s)
[2016.03.26-20.01.47:144][531]LogInit: XAudio2 using 'Altavoces (Realtek High Definition Audio)' : 2 channels at 48 kHz using 32 bits per sample (channel mask 0x3)
[2016.03.26-20.01.47:154][531]LogInit: FAudioDevice initialized.
[2016.03.26-20.01.47:191][531]LogWorld: Game class is 'FirstPersonGameMode_C'
[2016.03.26-20.01.47:347][531]LogWorld: Bringing World /Game/FirstPersonBP/Maps/UEDPIE_0_FirstPersonExampleMap.FirstPersonExampleMap up for play (max tick rate 0) at 2016.03.26-14.01.47
[2016.03.26-20.01.47:347][531]LogActor:Warning: GameSession /Game/FirstPersonBP/Maps/UEDPIE_0_FirstPersonExampleMap.FirstPersonExampleMap:PersistentLevel.GameSession_6 has natively added scene component(s), but none of them were set as the actor's RootComponent - picking one arbitrarily
[2016.03.26-20.01.47:347][531]LogActor:Warning: GameNetworkManager /Game/FirstPersonBP/Maps/UEDPIE_0_FirstPersonExampleMap.FirstPersonExampleMap:PersistentLevel.GameNetworkManager_6 has natively added scene component(s), but none of them were set as the actor's RootComponent - picking one arbitrarily
[2016.03.26-20.01.47:351][531]LogWorld: Bringing up level for play took: 0.158943
[2016.03.26-20.01.47:352][531]PIE: Info Play in editor start time for /Game/FirstPersonBP/Maps/UEDPIE_0_FirstPersonExampleMap 1.041
[2016.03.26-20.01.47:353][531]LogBlueprintUserMessages: Late PlayInEditor Detection: Level '/Game/FirstPersonBP/Maps/FirstPersonExampleMap.FirstPersonExampleMap:PersistentLevel' has LevelScriptBlueprint '/Game/FirstPersonBP/Maps/FirstPersonExampleMap.FirstPersonExampleMap:PersistentLevel.FirstPersonExampleMap' with GeneratedClass '/Game/FirstPersonBP/Maps/FirstPersonExampleMap.FirstPersonExampleMap_C' with ClassGeneratedBy '/Game/FirstPersonBP/Maps/FirstPersonExampleMap.FirstPersonExampleMap:PersistentLevel.FirstPersonExampleMap'
[2016.03.26-20.01.50:882][712]LogBlueprintUserMessages: Early EndPlayMap Detection: Level '/Game/FirstPersonBP/Maps/FirstPersonExampleMap.FirstPersonExampleMap:PersistentLevel' has LevelScriptBlueprint '/Game/FirstPersonBP/Maps/FirstPersonExampleMap.FirstPersonExampleMap:PersistentLevel.FirstPersonExampleMap' with GeneratedClass '/Game/FirstPersonBP/Maps/FirstPersonExampleMap.FirstPersonExampleMap_C' with ClassGeneratedBy '/Game/FirstPersonBP/Maps/FirstPersonExampleMap.FirstPersonExampleMap:PersistentLevel.FirstPersonExampleMap'
[2016.03.26-20.01.50:944][712]LogBlueprintUserMessages: Late EndPlayMap Detection: Level '/Game/FirstPersonBP/Maps/FirstPersonExampleMap.FirstPersonExampleMap:PersistentLevel' has LevelScriptBlueprint '/Game/FirstPersonBP/Maps/FirstPersonExampleMap.FirstPersonExampleMap:PersistentLevel.FirstPersonExampleMap' with GeneratedClass '/Game/FirstPersonBP/Maps/FirstPersonExampleMap.FirstPersonExampleMap_C' with ClassGeneratedBy '/Game/FirstPersonBP/Maps/FirstPersonExampleMap.FirstPersonExampleMap:PersistentLevel.FirstPersonExampleMap'
[2016.03.26-20.01.51:010][713]LogParticles: Destroying 0 GPU particle simulations for FXSystem 0x000000B6CF176C00
[2016.03.26-20.01.54:715][884]Cmd: UpdateLandscapeSetup
[2016.03.26-20.04.08:173][632]LogLinker:Warning: Asset '../../../Engine/Content/ArtTools/RenderToTexture/Macros/RenderToTextureMacros.uasset' has been saved with empty engine version. The asset will be loaded but may be incompatible.
[2016.03.26-20.04.12:367][632]LogContentBrowser: Native class hierarchy updated for 'BlueprintGraph' in 0.1164 seconds. Added 107 classes and 0 folders.
[2016.03.26-20.04.34:023][ 58]LogRenderer: Reallocating scene render targets to support 824x588 (Frame:22124).
[2016.03.26-20.05.06:193][684]LogActorComponent: UnregisterComponent: (/Engine/Transient.ProjectileMovementComponent_40__A6522401) Not registered. Aborting.
[2016.03.26-20.05.06:194][684]LogActorComponent: UnregisterComponent: (/Engine/Transient.CharMoveComp) Not registered. Aborting.
[2016.03.26-20.05.19:786][973]BlueprintLog: New page: Compile Street_Lamp_Normal_Blueprint
[2016.03.26-20.05.19:939][973]LogUObjectGlobals:Warning: Guid is in use by StaticMeshComponent /Game/FirstPersonBP/Maps/FirstPersonExampleMap.FirstPersonExampleMap:PersistentLevel.Street_Lamp_Normal_Blueprint2.StaticMeshComponent0 and StaticMeshComponent /Game/FirstPersonBP/Maps/FirstPersonExampleMap.FirstPersonExampleMap:PersistentLevel.Street_Lamp_Normal_Blueprint_C_0.StaticMeshComponent0, which should never happen in the editor but could happen at runtime with duplicate level loading or PIE
[2016.03.26-20.05.19:943][973]LogUObjectGlobals:Warning: Guid is in use by StaticMeshComponent /Game/FirstPersonBP/Maps/FirstPersonExampleMap.FirstPersonExampleMap:PersistentLevel.Street_Lamp_Normal_Blueprint3.StaticMeshComponent0 and StaticMeshComponent /Game/FirstPersonBP/Maps/FirstPersonExampleMap.FirstPersonExampleMap:PersistentLevel.Street_Lamp_Normal_Blueprint_C_1.StaticMeshComponent0, which should never happen in the editor but could happen at runtime with duplicate level loading or PIE
[2016.03.26-20.05.19:946][973]LogUObjectGlobals:Warning: Guid is in use by StaticMeshComponent /Game/FirstPersonBP/Maps/FirstPersonExampleMap.FirstPersonExampleMap:PersistentLevel.Street_Lamp_Normal_Blueprint4.StaticMeshComponent0 and StaticMeshComponent /Game/FirstPersonBP/Maps/FirstPersonExampleMap.FirstPersonExampleMap:PersistentLevel.Street_Lamp_Normal_Blueprint_C_2.StaticMeshComponent0, which should never happen in the editor but could happen at runtime with duplicate level loading or PIE
[2016.03.26-20.05.19:949][973]LogUObjectGlobals:Warning: Guid is in use by StaticMeshComponent /Game/FirstPersonBP/Maps/FirstPersonExampleMap.FirstPersonExampleMap:PersistentLevel.Street_Lamp_Normal_Blueprint5.StaticMeshComponent0 and StaticMeshComponent /Game/FirstPersonBP/Maps/FirstPersonExampleMap.FirstPersonExampleMap:PersistentLevel.Street_Lamp_Normal_Blueprint_C_3.StaticMeshComponent0, which should never happen in the editor but could happen at runtime with duplicate level loading or PIE
[2016.03.26-20.05.19:953][973]LogUObjectGlobals:Warning: Guid is in use by StaticMeshComponent /Game/FirstPersonBP/Maps/FirstPersonExampleMap.FirstPersonExampleMap:PersistentLevel.Street_Lamp_Normal_Blueprint6.StaticMeshComponent0 and StaticMeshComponent /Game/FirstPersonBP/Maps/FirstPersonExampleMap.FirstPersonExampleMap:PersistentLevel.Street_Lamp_Normal_Blueprint_C_4.StaticMeshComponent0, which should never happen in the editor but could happen at runtime with duplicate level loading or PIE
[2016.03.26-20.05.19:957][973]LogUObjectGlobals:Warning: Guid is in use by StaticMeshComponent /Game/FirstPersonBP/Maps/FirstPersonExampleMap.FirstPersonExampleMap:PersistentLevel.Street_Lamp_Normal_Blueprint_107.StaticMeshComponent0 and StaticMeshComponent /Game/FirstPersonBP/Maps/FirstPersonExampleMap.FirstPersonExampleMap:PersistentLevel.Street_Lamp_Normal_Blueprint_C_5.StaticMeshComponent0, which should never happen in the editor but could happen at runtime with duplicate level loading or PIE
[2016.03.26-20.05.20:476][973]BlueprintEditorCompileResults: Info [1955.33] Compile of Street_Lamp_Normal_Blueprint successful! [in 666 ms]
[2016.03.26-20.05.21:283][984]LogSavePackage: Save=143.805313ms
[2016.03.26-20.05.21:283][984]LogSavePackage: Moving '../../../../../../Users/ray/Desktop/Axioma/Saved/Street_Lamp_Normal_Blueprint6421C51E4CC43FB660052EA61D18FC19.tmp' to '../../../../../../Users/ray/Desktop/Axioma/Content/FirstPersonBP/Blueprints/Street_Lamp_Normal_Blueprint.uasset'
[2016.03.26-20.05.21:288][984]LogSavePackage: Total save time: 154.944006ms
[2016.03.26-20.05.21:288][984]LogSavePackage:Display: Finished SavePackage ../../../../../../Users/ray/Desktop/Axioma/Content/FirstPersonBP/Blueprints/Street_Lamp_Normal_Blueprint.uasset
[2016.03.26-20.05.22:520][  0]LogBlueprintUserMessages: Early PlayInEditor Detection: Level '/Game/FirstPersonBP/Maps/FirstPersonExampleMap.FirstPersonExampleMap:PersistentLevel' has LevelScriptBlueprint '/Game/FirstPersonBP/Maps/FirstPersonExampleMap.FirstPersonExampleMap:PersistentLevel.FirstPersonExampleMap' with GeneratedClass '/Game/FirstPersonBP/Maps/FirstPersonExampleMap.FirstPersonExampleMap_C' with ClassGeneratedBy '/Game/FirstPersonBP/Maps/FirstPersonExampleMap.FirstPersonExampleMap:PersistentLevel.FirstPersonExampleMap'
[2016.03.26-20.05.22:534][  0]LogPlayLevel: PlayLevel: No blueprints needed recompiling
[2016.03.26-20.05.22:535][  0]PIE: New page: PIE session: FirstPersonExampleMap (Mar 26, 2016, 8:05:22 AM)
[2016.03.26-20.05.22:535][  0]LogPlayLevel: Creating play world package: /Game/FirstPersonBP/Maps/UEDPIE_0_FirstPersonExampleMap
[2016.03.26-20.05.22:886][  0]LogPlayLevel: PIE: StaticDuplicateObject took: (0.350699s)
[2016.03.26-20.05.22:893][  0]LogAIModule: Creating AISystem for world FirstPersonExampleMap
[2016.03.26-20.05.22:894][  0]LogPlayLevel: PIE: World Init took: (0.007639s)
[2016.03.26-20.05.22:895][  0]LogPlayLevel: PIE: Created PIE world by copying editor world from /Game/FirstPersonBP/Maps/FirstPersonExampleMap.FirstPersonExampleMap to /Game/FirstPersonBP/Maps/UEDPIE_0_FirstPersonExampleMap.FirstPersonExampleMap (0.359181s)
[2016.03.26-20.05.23:025][  0]LogInit: XAudio2 using 'Altavoces (Realtek High Definition Audio)' : 2 channels at 48 kHz using 32 bits per sample (channel mask 0x3)
[2016.03.26-20.05.23:064][  0]LogInit: FAudioDevice initialized.
[2016.03.26-20.05.23:107][  0]LogWorld: Game class is 'FirstPersonGameMode_C'
[2016.03.26-20.05.23:273][  0]LogWorld: Bringing World /Game/FirstPersonBP/Maps/UEDPIE_0_FirstPersonExampleMap.FirstPersonExampleMap up for play (max tick rate 0) at 2016.03.26-14.05.23
[2016.03.26-20.05.23:273][  0]LogActor:Warning: GameSession /Game/FirstPersonBP/Maps/UEDPIE_0_FirstPersonExampleMap.FirstPersonExampleMap:PersistentLevel.GameSession_7 has natively added scene component(s), but none of them were set as the actor's RootComponent - picking one arbitrarily
[2016.03.26-20.05.23:273][  0]LogActor:Warning: GameNetworkManager /Game/FirstPersonBP/Maps/UEDPIE_0_FirstPersonExampleMap.FirstPersonExampleMap:PersistentLevel.GameNetworkManager_7 has natively added scene component(s), but none of them were set as the actor's RootComponent - picking one arbitrarily
[2016.03.26-20.05.23:277][  0]LogWorld: Bringing up level for play took: 0.168890
[2016.03.26-20.05.23:279][  0]PIE: Info Play in editor start time for /Game/FirstPersonBP/Maps/UEDPIE_0_FirstPersonExampleMap 0.967
[2016.03.26-20.05.23:279][  0]LogBlueprintUserMessages: Late PlayInEditor Detection: Level '/Game/FirstPersonBP/Maps/FirstPersonExampleMap.FirstPersonExampleMap:PersistentLevel' has LevelScriptBlueprint '/Game/FirstPersonBP/Maps/FirstPersonExampleMap.FirstPersonExampleMap:PersistentLevel.FirstPersonExampleMap' with GeneratedClass '/Game/FirstPersonBP/Maps/FirstPersonExampleMap.FirstPersonExampleMap_C' with ClassGeneratedBy '/Game/FirstPersonBP/Maps/FirstPersonExampleMap.FirstPersonExampleMap:PersistentLevel.FirstPersonExampleMap'
[2016.03.26-20.05.31:781][366]LogBlueprintUserMessages: [FirstPersonCharacter_C_0] Off
[2016.03.26-20.06.04:420][875]LogBlueprintUserMessages: [FirstPersonCharacter_C_0] On
[2016.03.26-20.06.24:986][815]LogBlueprintUserMessages: [FirstPersonCharacter_C_0] Off
[2016.03.26-20.06.30:123][  9]LogD3D11RHI: Timed out while waiting for GPU to catch up. (0.5 s)
[2016.03.26-20.06.31:942][ 19]LogD3D11RHI: Timed out while waiting for GPU to catch up. (0.5 s)
[2016.03.26-20.06.32:634][ 19]LogD3D11RHI: Timed out while waiting for GPU to catch up. (0.5 s)
[2016.03.26-20.06.34:224][ 21]LogD3D11RHI: Timed out while waiting for GPU to catch up. (0.5 s)
[2016.03.26-20.06.44:922][170]LogD3D11RHI: Timed out while waiting for GPU to catch up. (0.5 s)
[2016.03.26-20.06.45:241][170]LogBlueprintUserMessages: Early EndPlayMap Detection: Level '/Game/FirstPersonBP/Maps/FirstPersonExampleMap.FirstPersonExampleMap:PersistentLevel' has LevelScriptBlueprint '/Game/FirstPersonBP/Maps/FirstPersonExampleMap.FirstPersonExampleMap:PersistentLevel.FirstPersonExampleMap' with GeneratedClass '/Game/FirstPersonBP/Maps/FirstPersonExampleMap.FirstPersonExampleMap_C' with ClassGeneratedBy '/Game/FirstPersonBP/Maps/FirstPersonExampleMap.FirstPersonExampleMap:PersistentLevel.FirstPersonExampleMap'
[2016.03.26-20.06.46:387][170]LogBlueprintUserMessages: Late EndPlayMap Detection: Level '/Game/FirstPersonBP/Maps/FirstPersonExampleMap.FirstPersonExampleMap:PersistentLevel' has LevelScriptBlueprint '/Game/FirstPersonBP/Maps/FirstPersonExampleMap.FirstPersonExampleMap:PersistentLevel.FirstPersonExampleMap' with GeneratedClass '/Game/FirstPersonBP/Maps/FirstPersonExampleMap.FirstPersonExampleMap_C' with ClassGeneratedBy '/Game/FirstPersonBP/Maps/FirstPersonExampleMap.FirstPersonExampleMap:PersistentLevel.FirstPersonExampleMap'
[2016.03.26-20.06.46:630][170]LogParticles: Destroying 0 GPU particle simulations for FXSystem 0x000000B6853A84A0
[2016.03.26-20.07.16:025][676]LogEditorViewport: Clicking on Actor (LMB): Landscape (Landscape1)
[2016.03.26-20.07.17:579][717]LogEditorViewport: Clicking on Actor (LMB): Street_Lamp_Normal_Blueprint_C (Street_Lamp_Normal_Blueprint3)
[2016.03.26-20.07.26:193][990]LogEditorViewport: Clicking on Actor (LMB): Landscape (Landscape1)
[2016.03.26-20.07.50:996][801]LogEditorViewport: Clicking on Actor (LMB): StaticMeshActor (LargeCube2)
[2016.03.26-20.08.11:036][508]LogEditorViewport: Clicking on Actor (LMB): Street_Lamp_Flickering_Blueprint_C (Street_Lamp_Blueprint)
[2016.03.26-20.08.17:386][689]Cmd: CAMERA ALIGN ACTIVEVIEWPORTONLY
[2016.03.26-20.08.41:384][514]LogEditorViewport: Clicking on Actor (LMB): Street_Lamp_Normal_Blueprint_C (Street_Lamp_Normal_Blueprint5)
[2016.03.26-20.08.43:423][585]Cmd: DUPLICATE
[2016.03.26-20.08.43:423][585]Cmd: ACTOR DUPLICATE
[2016.03.26-20.08.47:566][595]LogD3D11RHI: Timed out while waiting for GPU to catch up. (0.5 s)
[2016.03.26-20.08.51:888][632]LogD3D11RHI: Timed out while waiting for GPU to catch up. (0.5 s)
[2016.03.26-20.09.22:975][ 66]LogD3D11RHI: Timed out while waiting for GPU to catch up. (0.5 s)
[2016.03.26-20.09.31:710][123]LogActorComponent: UnregisterComponent: (/Engine/Transient.ProjectileMovementComponent_40__A6522401) Not registered. Aborting.
[2016.03.26-20.09.31:711][123]LogActorComponent: UnregisterComponent: (/Engine/Transient.CharMoveComp) Not registered. Aborting.
[2016.03.26-20.09.42:561][259]BlueprintLog: New page: Compile Street_Lamp_Flickering_Blueprint
[2016.03.26-20.09.43:074][259]BlueprintEditorCompileResults: Info [2217.95] Compile of Street_Lamp_Flickering_Blueprint successful! [in 511 ms]
[2016.03.26-20.09.52:249][277]LogSavePackage: Save=1382.131348ms
[2016.03.26-20.09.52:249][277]LogSavePackage: Moving '../../../../../../Users/ray/Desktop/Axioma/Saved/Street_Lamp_Flickering_BlueprintD4B77655400FEF090B5551BFB88C6B70.tmp' to '../../../../../../Users/ray/Desktop/Axioma/Content/FirstPersonBP/Blueprints/Street_Lamp_Flickering_Blueprint.uasset'
[2016.03.26-20.09.52:515][277]LogSavePackage: Total save time: 6795.825664ms
[2016.03.26-20.09.52:515][277]LogSavePackage:Display: Finished SavePackage ../../../../../../Users/ray/Desktop/Axioma/Content/FirstPersonBP/Blueprints/Street_Lamp_Flickering_Blueprint.uasset
[2016.03.26-20.09.57:347][330]LogD3D11RHI: Timed out while waiting for GPU to catch up. (0.5 s)
[2016.03.26-20.09.58:679][331]LogD3D11RHI: Timed out while waiting for GPU to catch up. (0.5 s)
[2016.03.26-20.10.00:525][336]LogD3D11RHI: Timed out while waiting for GPU to catch up. (0.5 s)
[2016.03.26-20.10.01:784][337]LogD3D11RHI: Timed out while waiting for GPU to catch up. (0.5 s)
[2016.03.26-20.10.02:492][338]LogD3D11RHI: Timed out while waiting for GPU to catch up. (0.5 s)
[2016.03.26-20.10.05:946][346]LogD3D11RHI: Timed out while waiting for GPU to catch up. (0.5 s)
[2016.03.26-20.10.06:803][347]LogD3D11RHI: Timed out while waiting for GPU to catch up. (0.5 s)
[2016.03.26-20.10.07:837][351]LogD3D11RHI: Timed out while waiting for GPU to catch up. (0.5 s)
[2016.03.26-20.10.09:586][353]LogD3D11RHI: Timed out while waiting for GPU to catch up. (0.5 s)
[2016.03.26-20.10.10:492][353]LogD3D11RHI: Timed out while waiting for GPU to catch up. (0.5 s)
[2016.03.26-20.10.11:279][354]LogD3D11RHI: Timed out while waiting for GPU to catch up. (0.5 s)
[2016.03.26-20.10.13:105][359]LogD3D11RHI: Timed out while waiting for GPU to catch up. (0.5 s)
[2016.03.26-20.10.15:297][360]LogD3D11RHI: Timed out while waiting for GPU to catch up. (0.5 s)
[2016.03.26-20.10.16:394][360]LogD3D11RHI: Timed out while waiting for GPU to catch up. (0.5 s)
[2016.03.26-20.10.17:593][365]LogD3D11RHI: Timed out while waiting for GPU to catch up. (0.5 s)
[2016.03.26-20.10.18:710][369]LogBlueprintUserMessages: Early PlayInEditor Detection: Level '/Game/FirstPersonBP/Maps/FirstPersonExampleMap.FirstPersonExampleMap:PersistentLevel' has LevelScriptBlueprint '/Game/FirstPersonBP/Maps/FirstPersonExampleMap.FirstPersonExampleMap:PersistentLevel.FirstPersonExampleMap' with GeneratedClass '/Game/FirstPersonBP/Maps/FirstPersonExampleMap.FirstPersonExampleMap_C' with ClassGeneratedBy '/Game/FirstPersonBP/Maps/FirstPersonExampleMap.FirstPersonExampleMap:PersistentLevel.FirstPersonExampleMap'
[2016.03.26-20.10.18:710][369]LogPlayLevel: PlayLevel: No blueprints needed recompiling
[2016.03.26-20.10.18:710][369]PIE: New page: PIE session: FirstPersonExampleMap (Mar 26, 2016, 8:10:18 AM)
[2016.03.26-20.10.18:710][369]LogPlayLevel: Creating play world package: /Game/FirstPersonBP/Maps/UEDPIE_0_FirstPersonExampleMap
[2016.03.26-20.10.39:926][369]LogD3D11RHI: Timed out while waiting for GPU to catch up. (0.5 s)
[2016.03.26-20.10.40:479][369]LogPlayLevel: PIE: StaticDuplicateObject took: (21.768213s)
[2016.03.26-20.10.40:520][369]LogAIModule: Creating AISystem for world FirstPersonExampleMap
[2016.03.26-20.10.40:520][369]LogPlayLevel: PIE: World Init took: (0.041004s)
[2016.03.26-20.10.40:521][369]LogPlayLevel: PIE: Created PIE world by copying editor world from /Game/FirstPersonBP/Maps/FirstPersonExampleMap.FirstPersonExampleMap to /Game/FirstPersonBP/Maps/UEDPIE_0_FirstPersonExampleMap.FirstPersonExampleMap (21.810020s)
[2016.03.26-20.10.43:129][369]LogInit: XAudio2 using 'Altavoces (Realtek High Definition Audio)' : 2 channels at 48 kHz using 32 bits per sample (channel mask 0x3)
[2016.03.26-20.10.44:057][369]LogInit: FAudioDevice initialized.
[2016.03.26-20.10.44:332][369]LogWorld: Game class is 'FirstPersonGameMode_C'
[2016.03.26-20.10.44:610][369]LogWorld: Bringing World /Game/FirstPersonBP/Maps/UEDPIE_0_FirstPersonExampleMap.FirstPersonExampleMap up for play (max tick rate 0) at 2016.03.26-14.10.44
[2016.03.26-20.10.44:610][369]LogActor:Warning: GameSession /Game/FirstPersonBP/Maps/UEDPIE_0_FirstPersonExampleMap.FirstPersonExampleMap:PersistentLevel.GameSession_8 has natively added scene component(s), but none of them were set as the actor's RootComponent - picking one arbitrarily
[2016.03.26-20.10.44:610][369]LogActor:Warning: GameNetworkManager /Game/FirstPersonBP/Maps/UEDPIE_0_FirstPersonExampleMap.FirstPersonExampleMap:PersistentLevel.GameNetworkManager_8 has natively added scene component(s), but none of them were set as the actor's RootComponent - picking one arbitrarily
[2016.03.26-20.10.44:615][369]LogWorld: Bringing up level for play took: 0.280276
[2016.03.26-20.10.44:617][369]PIE: Info Play in editor start time for /Game/FirstPersonBP/Maps/UEDPIE_0_FirstPersonExampleMap 26.305
[2016.03.26-20.10.44:617][369]LogBlueprintUserMessages: Late PlayInEditor Detection: Level '/Game/FirstPersonBP/Maps/FirstPersonExampleMap.FirstPersonExampleMap:PersistentLevel' has LevelScriptBlueprint '/Game/FirstPersonBP/Maps/FirstPersonExampleMap.FirstPersonExampleMap:PersistentLevel.FirstPersonExampleMap' with GeneratedClass '/Game/FirstPersonBP/Maps/FirstPersonExampleMap.FirstPersonExampleMap_C' with ClassGeneratedBy '/Game/FirstPersonBP/Maps/FirstPersonExampleMap.FirstPersonExampleMap:PersistentLevel.FirstPersonExampleMap'
[2016.03.26-20.11.29:320][370]LogD3D11RHI: Timed out while waiting for GPU to catch up. (500 ms)
[2016.03.26-20.12.24:661][453]LogD3D11RHI: Timed out while waiting for GPU to catch up. (0.5 s)
[2016.03.26-20.12.27:368][454]LogBlueprintUserMessages: Early EndPlayMap Detection: Level '/Game/FirstPersonBP/Maps/FirstPersonExampleMap.FirstPersonExampleMap:PersistentLevel' has LevelScriptBlueprint '/Game/FirstPersonBP/Maps/FirstPersonExampleMap.FirstPersonExampleMap:PersistentLevel.FirstPersonExampleMap' with GeneratedClass '/Game/FirstPersonBP/Maps/FirstPersonExampleMap.FirstPersonExampleMap_C' with ClassGeneratedBy '/Game/FirstPersonBP/Maps/FirstPersonExampleMap.FirstPersonExampleMap:PersistentLevel.FirstPersonExampleMap'
[2016.03.26-20.12.31:472][454]LogBlueprintUserMessages: Late EndPlayMap Detection: Level '/Game/FirstPersonBP/Maps/FirstPersonExampleMap.FirstPersonExampleMap:PersistentLevel' has LevelScriptBlueprint '/Game/FirstPersonBP/Maps/FirstPersonExampleMap.FirstPersonExampleMap:PersistentLevel.FirstPersonExampleMap' with GeneratedClass '/Game/FirstPersonBP/Maps/FirstPersonExampleMap.FirstPersonExampleMap_C' with ClassGeneratedBy '/Game/FirstPersonBP/Maps/FirstPersonExampleMap.FirstPersonExampleMap:PersistentLevel.FirstPersonExampleMap'
[2016.03.26-20.12.31:952][454]LogParticles: Destroying 0 GPU particle simulations for FXSystem 0x000000B71D0E27A0
[2016.03.26-20.12.34:987][455]LogSynthBenchmark:Display: FSynthBenchmark (V0.95):  requested WorkScale=1.00
[2016.03.26-20.12.34:987][455]LogSynthBenchmark:Display: ===============
[2016.03.26-20.12.34:987][455]LogSynthBenchmark:Display: Main Processor:
[2016.03.26-20.12.35:142][455]LogSynthBenchmark:Display:          ... 0.098343 s/Run 'RayIntersect'
[2016.03.26-20.12.35:142][455]LogSynthBenchmark:Display:          ... 0.057441 s/Run 'Fractal'
[2016.03.26-20.12.35:142][455]LogSynthBenchmark:Display: 
[2016.03.26-20.12.35:143][455]LogSynthBenchmark:Display:   CompiledTarget_x_Bits: 64
[2016.03.26-20.12.35:143][455]LogSynthBenchmark:Display:   UE_BUILD_SHIPPING: 0
[2016.03.26-20.12.35:143][455]LogSynthBenchmark:Display:   UE_BUILD_TEST: 0
[2016.03.26-20.12.35:143][455]LogSynthBenchmark:Display:   UE_BUILD_DEBUG: 0
[2016.03.26-20.12.35:143][455]LogSynthBenchmark:Display:   TotalPhysicalGBRam: 4
[2016.03.26-20.12.35:143][455]LogSynthBenchmark:Display:   NumberOfCores (physical): 2
[2016.03.26-20.12.35:143][455]LogSynthBenchmark:Display:   NumberOfCores (logical): 4
[2016.03.26-20.12.35:143][455]LogSynthBenchmark:Display:   CPU Perf Index 0: 26.0
[2016.03.26-20.12.35:143][455]LogSynthBenchmark:Display:   CPU Perf Index 1: 49.8
[2016.03.26-20.12.35:143][455]LogSynthBenchmark:Display:  
[2016.03.26-20.12.35:143][455]LogSynthBenchmark:Display: Graphics:
[2016.03.26-20.12.35:143][455]LogSynthBenchmark:Display:   Adapter Name: 'Intel(R) HD Graphics Family'
[2016.03.26-20.12.35:143][455]LogSynthBenchmark:Display:   (On Optimus the name might be wrong, memory should be ok)
[2016.03.26-20.12.35:143][455]LogSynthBenchmark:Display:   Vendor Id: 0x8086
[2016.03.26-20.12.35:143][455]LogSynthBenchmark:Display:   GPU Memory: 32/0/1760 MB
[2016.03.26-20.12.35:765][455]LogSynthBenchmark:Display:   GPU first test: 0.08s
[2016.03.26-20.12.35:765][455]LogSynthBenchmark:Display:          ... 0.306 GigaPix/s, Confidence=89% 'ALUHeavyNoise' (likely to be very inaccurate)
[2016.03.26-20.12.35:765][455]LogSynthBenchmark:Display:          ... 0.220 GigaPix/s, Confidence=100% 'TexHeavy' (likely to be very inaccurate)
[2016.03.26-20.12.35:765][455]LogSynthBenchmark:Display:          ... 0.210 GigaPix/s, Confidence=100% 'DepTexHeavy' (likely to be very inaccurate)
[2016.03.26-20.12.35:765][455]LogSynthBenchmark:Display:          ... 0.790 GigaPix/s, Confidence=89% 'FillOnly' (likely to be very inaccurate)
[2016.03.26-20.12.35:765][455]LogSynthBenchmark:Display:          ... 0.054 GigaPix/s, Confidence=100% 'Bandwidth' (likely to be very inaccurate)
[2016.03.26-20.12.36:064][455]LogSynthBenchmark:Display:   GPU second test: 0.30s
[2016.03.26-20.12.36:064][455]LogSynthBenchmark:Display:          ... 0.414 GigaPix/s, Confidence=100% 'ALUHeavyNoise' (likely to be inaccurate)
[2016.03.26-20.12.36:064][455]LogSynthBenchmark:Display:          ... 0.279 GigaPix/s, Confidence=89% 'TexHeavy' (likely to be inaccurate)
[2016.03.26-20.12.36:064][455]LogSynthBenchmark:Display:          ... 0.266 GigaPix/s, Confidence=100% 'DepTexHeavy' (likely to be inaccurate)
[2016.03.26-20.12.36:064][455]LogSynthBenchmark:Display:          ... 1.901 GigaPix/s, Confidence=100% 'FillOnly' (likely to be inaccurate)
[2016.03.26-20.12.36:064][455]LogSynthBenchmark:Display:          ... 0.056 GigaPix/s, Confidence=89% 'Bandwidth' (likely to be inaccurate)
[2016.03.26-20.12.36:065][455]LogSynthBenchmark:Display:          ... 0.414 GigaPix/s, Confidence=100% 'ALUHeavyNoise'
[2016.03.26-20.12.36:065][455]LogSynthBenchmark:Display:          ... 0.279 GigaPix/s, Confidence=89% 'TexHeavy'
[2016.03.26-20.12.36:065][455]LogSynthBenchmark:Display:          ... 0.266 GigaPix/s, Confidence=100% 'DepTexHeavy'
[2016.03.26-20.12.36:065][455]LogSynthBenchmark:Display:          ... 1.901 GigaPix/s, Confidence=100% 'FillOnly'
[2016.03.26-20.12.36:065][455]LogSynthBenchmark:Display:          ... 0.056 GigaPix/s, Confidence=89% 'Bandwidth'
[2016.03.26-20.12.36:065][455]LogSynthBenchmark:Display: 
[2016.03.26-20.12.36:065][455]LogSynthBenchmark:Display:   GPU Perf Index 0: 9.0
[2016.03.26-20.12.36:065][455]LogSynthBenchmark:Display:   GPU Perf Index 1: 3.7
[2016.03.26-20.12.36:065][455]LogSynthBenchmark:Display:   GPU Perf Index 2: 6.9
[2016.03.26-20.12.36:065][455]LogSynthBenchmark:Display:   GPU Perf Index 3: 7.5
[2016.03.26-20.12.36:065][455]LogSynthBenchmark:Display:   GPU Perf Index 4: 5.2
[2016.03.26-20.12.36:065][455]LogSynthBenchmark:Display:   CPUIndex: 26.0
[2016.03.26-20.12.36:065][455]LogSynthBenchmark:Display:   GPUIndex: 9.0
[2016.03.26-20.12.36:065][455]LogSynthBenchmark:Display: 
[2016.03.26-20.12.36:065][455]LogSynthBenchmark:Display:          ... Total Time: 1.078096 sec
[2016.03.26-20.13.40:663][673]LogActorComponent: UnregisterComponent: (/Engine/Transient.ProjectileMovementComponent_40__A6522401) Not registered. Aborting.
[2016.03.26-20.13.40:663][673]LogActorComponent: UnregisterComponent: (/Engine/Transient.CharMoveComp) Not registered. Aborting.
[2016.03.26-20.15.13:438][673]LogSavePackage: Save=83644.718750ms
[2016.03.26-20.15.13:438][673]LogSavePackage: Moving '../../../../../../Users/ray/Desktop/Axioma/Saved/FirstPersonExampleMapE8B75CA14CF155901426A49945612158.tmp' to '../../../../../../Users/ray/Desktop/Axioma/Content/FirstPersonBP/Maps/FirstPersonExampleMap.umap'
[2016.03.26-20.15.14:155][673]LogSavePackage: Total save time: 93356.358264ms
[2016.03.26-20.15.14:155][673]LogSavePackage:Display: Finished SavePackage ../../../../../../Users/ray/Desktop/Axioma/Content/FirstPersonBP/Maps/FirstPersonExampleMap.umap
[2016.03.26-20.16.10:895][413]LogActorComponent: UnregisterComponent: (/Engine/Transient.EditorFloorComp) Not registered. Aborting.
[2016.03.26-20.16.11:147][413]LogWindowsTextInputMethodSystem:Display: IME system now deactivated.
[2016.03.26-20.16.19:667][414]Cmd: QUIT_EDITOR
[2016.03.26-20.16.27:000][414]LogExit: Preparing to exit.
[2016.03.26-20.16.32:324][414]LogExit: Editor shut down
[2016.03.26-20.16.32:339][414]LogExit: Transaction tracking system shut down
[2016.03.26-20.16.32:902][414]LogParticles: Destroying 0 GPU particle simulations for FXSystem 0x000000B6E2263060
[2016.03.26-20.16.32:914][414]LogParticles: Destroying 0 GPU particle simulations for FXSystem 0x000000B6EF48A840
[2016.03.26-20.16.32:914][414]LogParticles: Destroying 0 GPU particle simulations for FXSystem 0x000000B6EFFDAF20
[2016.03.26-20.16.32:914][414]LogParticles: Destroying 0 GPU particle simulations for FXSystem 0x000000B6F0A89620
[2016.03.26-20.16.32:915][414]LogParticles: Destroying 0 GPU particle simulations for FXSystem 0x000000B6F175FEC0
[2016.03.26-20.16.32:917][414]LogParticles: Destroying 0 GPU particle simulations for FXSystem 0x000000B6D36379C0
[2016.03.26-20.16.32:931][414]LogParticles: Destroying 0 GPU particle simulations for FXSystem 0x000000B71D0E2020
[2016.03.26-20.16.39:251][414]LogExit: Object subsystem successfully closed.
[2016.03.26-20.16.40:870][414]LogD3D11RHI: Shutdown
[2016.03.26-20.16.40:870][414]LogD3D11RHI: CleanupD3DDevice
[2016.03.26-20.16.42:508][414]LogD3D11RHI: ~FD3D11DynamicRHI
[2016.03.26-20.16.46:087][414]LogModuleManager: Shutting down and abandoning module BlueprintGraph (201)
[2016.03.26-20.16.46:087][414]LogModuleManager: Shutting down and abandoning module CookingStats (200)
[2016.03.26-20.16.46:087][414]LogModuleManager: Shutting down and abandoning module SynthBenchmark (199)
[2016.03.26-20.16.46:087][414]LogModuleManager: Shutting down and abandoning module CrashTracker (198)
[2016.03.26-20.16.46:194][414]LogModuleManager: Shutting down and abandoning module SceneOutliner (197)
[2016.03.26-20.16.46:194][414]LogModuleManager: Shutting down and abandoning module SuperSearch (196)
[2016.03.26-20.16.46:233][414]LogModuleManager: Shutting down and abandoning module WidgetCarousel (195)
[2016.03.26-20.16.46:251][414]LogModuleManager: Shutting down and abandoning module AddContentDialog (194)
[2016.03.26-20.16.46:385][414]LogModuleManager: Shutting down and abandoning module EditorWidgets (193)
[2016.03.26-20.16.46:385][414]LogModuleManager: Shutting down and abandoning module CollectionManager (192)
[2016.03.26-20.16.46:437][414]LogModuleManager: Shutting down and abandoning module StatsViewer (191)
[2016.03.26-20.16.46:498][414]LogModuleManager: Shutting down and abandoning module FoliageEdit (190)
[2016.03.26-20.16.46:505][414]LogModuleManager: Shutting down and abandoning module LandscapeEditor (189)
[2016.03.26-20.16.46:564][414]LogModuleManager: Shutting down and abandoning module ActorPickerMode (188)
[2016.03.26-20.16.46:564][414]LogModuleManager: Shutting down and abandoning module GeometryMode (187)
[2016.03.26-20.16.46:564][414]LogModuleManager: Shutting down and abandoning module TextureAlignMode (186)
[2016.03.26-20.16.46:564][414]LogModuleManager: Shutting down and abandoning module BspMode (185)
[2016.03.26-20.16.46:564][414]LogModuleManager: Shutting down and abandoning module PlacementMode (184)
[2016.03.26-20.16.46:565][414]LogModuleManager: Shutting down and abandoning module AutomationWorker (183)
[2016.03.26-20.16.46:617][414]LogModuleManager: Shutting down and abandoning module CharacterAI (182)
[2016.03.26-20.16.46:635][414]LogModuleManager: Shutting down and abandoning module SmartSnapping (181)
[2016.03.26-20.16.46:635][414]LogModuleManager: Shutting down and abandoning module ViewportSnapping (180)
[2016.03.26-20.16.46:635][414]LogModuleManager: Shutting down and abandoning module LogVisualizer (179)
[2016.03.26-20.16.46:708][414]LogModuleManager: Shutting down and abandoning module GameProjectGeneration (178)
[2016.03.26-20.16.46:749][414]LogModuleManager: Shutting down and abandoning module IntroTutorials (177)
[2016.03.26-20.16.46:815][414]LogModuleManager: Shutting down and abandoning module EditorLiveStreaming (176)
[2016.03.26-20.16.46:815][414]LogModuleManager: Shutting down and abandoning module IOSPlatformEditor (175)
[2016.03.26-20.16.46:823][414]LogModuleManager: Shutting down and abandoning module HTML5PlatformEditor (174)
[2016.03.26-20.16.46:842][414]LogModuleManager: Shutting down and abandoning module AndroidDeviceDetection (173)
[2016.03.26-20.16.47:056][414]LogModuleManager: Shutting down and abandoning module AndroidPlatformEditor (172)
[2016.03.26-20.16.47:057][414]LogModuleManager: Shutting down and abandoning module IOSRuntimeSettings (171)
[2016.03.26-20.16.47:057][414]LogModuleManager: Shutting down and abandoning module AndroidRuntimeSettings (170)
[2016.03.26-20.16.47:057][414]LogModuleManager: Shutting down and abandoning module MergeActors (169)
[2016.03.26-20.16.47:086][414]LogModuleManager: Shutting down and abandoning module SizeMap (168)
[2016.03.26-20.16.47:086][414]LogModuleManager: Shutting down and abandoning module TreeMap (167)
[2016.03.26-20.16.47:112][414]LogModuleManager: Shutting down and abandoning module ReferenceViewer (166)
[2016.03.26-20.16.47:122][414]LogModuleManager: Shutting down and abandoning module LocalizationService (165)
[2016.03.26-20.16.47:142][414]LogModuleManager: Shutting down and abandoning module LocalizationDashboard (164)
[2016.03.26-20.16.47:179][414]LogModuleManager: Shutting down and abandoning module HardwareTargeting (163)
[2016.03.26-20.16.47:193][414]LogModuleManager: Shutting down and abandoning module DeviceProfileEditor (162)
[2016.03.26-20.16.47:248][414]LogModuleManager: Shutting down and abandoning module UndoHistory (161)
[2016.03.26-20.16.47:264][414]LogModuleManager: Shutting down and abandoning module GameplayTagsEditor (160)
[2016.03.26-20.16.47:285][414]LogModuleManager: Shutting down and abandoning module UserFeedback (159)
[2016.03.26-20.16.47:285][414]LogModuleManager: Shutting down and abandoning module XmlParser (158)
[2016.03.26-20.16.47:312][414]LogModuleManager: Shutting down and abandoning module Blutility (157)
[2016.03.26-20.16.47:312][414]LogModuleManager: Shutting down and abandoning module ProjectTargetPlatformEditor (156)
[2016.03.26-20.16.47:329][414]LogModuleManager: Shutting down and abandoning module ProjectSettingsViewer (155)
[2016.03.26-20.16.47:356][414]LogModuleManager: Shutting down and abandoning module InputBindingEditor (154)
[2016.03.26-20.16.47:410][414]LogModuleManager: Shutting down and abandoning module EditorSettingsViewer (153)
[2016.03.26-20.16.47:438][414]LogModuleManager: Shutting down and abandoning module SettingsEditor (152)
[2016.03.26-20.16.47:529][414]LogModuleManager: Shutting down and abandoning module ProjectLauncher (151)
[2016.03.26-20.16.47:571][414]LogModuleManager: Shutting down and abandoning module SessionFrontend (150)
[2016.03.26-20.16.47:601][414]LogModuleManager: Shutting down and abandoning module ProfilerClient (149)
[2016.03.26-20.16.47:632][414]LogModuleManager: Shutting down and abandoning module TargetDeviceServices (148)
[2016.03.26-20.16.47:632][414]LogModuleManager: Shutting down and abandoning module DeviceManager (147)
[2016.03.26-20.16.47:694][414]LogModuleManager: Shutting down and abandoning module AutomationController (146)
[2016.03.26-20.16.47:711][414]LogModuleManager: Shutting down and abandoning module AutomationWindow (145)
[2016.03.26-20.16.47:737][414]LogModuleManager: Shutting down and abandoning module Layers (144)
[2016.03.26-20.16.47:820][414]LogModuleManager: Shutting down and abandoning module ComponentVisualizers (143)
[2016.03.26-20.16.47:820][414]LogModuleManager: Shutting down and abandoning module DetailCustomizations (142)
[2016.03.26-20.16.47:820][414]LogModuleManager: Shutting down and abandoning module PackagesDialog (141)
[2016.03.26-20.16.47:820][414]LogModuleManager: Shutting down and abandoning module Persona (140)
[2016.03.26-20.16.47:956][414]LogModuleManager: Shutting down and abandoning module Kismet (139)
[2016.03.26-20.16.47:973][414]LogModuleManager: Shutting down and abandoning module GraphEditor (138)
[2016.03.26-20.16.47:973][414]LogModuleManager: Shutting down and abandoning module ClassViewer (137)
[2016.03.26-20.16.48:026][414]LogModuleManager: Shutting down and abandoning module Toolbox (136)
[2016.03.26-20.16.48:026][414]LogModuleManager: Shutting down and abandoning module ModuleUI (135)
[2016.03.26-20.16.48:064][414]LogModuleManager: Shutting down and abandoning module MovieSceneTools (134)
[2016.03.26-20.16.48:100][414]LogModuleManager: Shutting down and abandoning module OutputLog (133)
[2016.03.26-20.16.48:123][414]LogModuleManager: Shutting down and abandoning module GammaUI (132)
[2016.03.26-20.16.48:140][414]LogModuleManager: Shutting down and abandoning module Documentation (131)
[2016.03.26-20.16.48:140][414]LogModuleManager: Shutting down and abandoning module GameLiveStreaming (130)
[2016.03.26-20.16.48:163][414]LogModuleManager: Shutting down and abandoning module StreamingPauseRendering (129)
[2016.03.26-20.16.48:169][414]LogModuleManager: Shutting down and abandoning module AnalyticsET (128)
[2016.03.26-20.16.48:169][414]LogModuleManager: Shutting down and abandoning module Analytics (127)
[2016.03.26-20.16.48:169][414]LogModuleManager: Shutting down and abandoning module AITestSuite (126)
[2016.03.26-20.16.48:210][414]LogModuleManager: Shutting down and abandoning module GameplayDebugger (125)
[2016.03.26-20.16.48:223][414]LogModuleManager: Shutting down and abandoning module AIModule (124)
[2016.03.26-20.16.48:223][414]LogModuleManager: Shutting down and abandoning module ProfilerService (123)
[2016.03.26-20.16.48:345][414]LogModuleManager: Shutting down and abandoning module TaskGraph (122)
[2016.03.26-20.16.48:446][414]LogModuleManager: Shutting down and abandoning module SlateRemote (121)
[2016.03.26-20.16.48:459][414]LogModuleManager: Shutting down and abandoning module SteamVRController (120)
[2016.03.26-20.16.48:459][414]LogModuleManager: Shutting down and abandoning module SteamVR (119)
[2016.03.26-20.16.48:459][414]LogModuleManager: Shutting down and abandoning module ProceduralMeshComponent (118)
[2016.03.26-20.16.48:459][414]LogModuleManager: Shutting down and abandoning module OculusLibrary (117)
[2016.03.26-20.16.48:460][414]LogModuleManager: Shutting down and abandoning module OculusInput (116)
[2016.03.26-20.16.48:460][414]LogModuleManager: Shutting down and abandoning module LeapMotionController (115)
[2016.03.26-20.16.48:745][414]LogModuleManager: Shutting down and abandoning module CustomMeshComponent (114)
[2016.03.26-20.16.48:745][414]LogModuleManager: Shutting down and abandoning module CableComponent (113)
[2016.03.26-20.16.48:755][414]LogModuleManager: Shutting down and abandoning module ArchVisCharacter (112)
[2016.03.26-20.16.48:755][414]LogModuleManager: Shutting down and abandoning module MessagingDebugger (111)
[2016.03.26-20.16.48:880][414]LogModuleManager: Shutting down and abandoning module MediaPlayerEditor (110)
[2016.03.26-20.16.48:982][414]LogModuleManager: Shutting down and abandoning module HTML5Networking (109)
[2016.03.26-20.16.48:982][414]LogModuleManager: Shutting down and abandoning module SpeedTreeImporter (108)
[2016.03.26-20.16.48:982][414]LogModuleManager: Shutting down and abandoning module PluginBrowser (107)
[2016.03.26-20.16.49:033][414]LogModuleManager: Shutting down and abandoning module EpicSurvey (106)
[2016.03.26-20.16.49:091][414]LogModuleManager: Shutting down and abandoning module DesktopPlatform (105)
[2016.03.26-20.16.49:125][414]LogModuleManager: Shutting down and abandoning module VisualStudioSourceCodeAccess (104)
[2016.03.26-20.16.49:157][414]LogModuleManager: Shutting down and abandoning module UObjectPlugin (103)
[2016.03.26-20.16.49:157][414]LogModuleManager: Shutting down and abandoning module SubversionSourceControl (102)
[2016.03.26-20.16.49:175][414]LogModuleManager: Shutting down and abandoning module PerforceSourceControl (101)
[2016.03.26-20.16.49:318][414]LogModuleManager: Shutting down and abandoning module SourceControl (100)
[2016.03.26-20.16.49:371][414]LogModuleManager: Shutting down and abandoning module GitSourceControl (99)
[2016.03.26-20.16.49:398][414]LogModuleManager: Shutting down and abandoning module LightPropagationVolumeEditor (98)
[2016.03.26-20.16.49:415][414]LogModuleManager: Shutting down and abandoning module PaperTiledImporter (97)
[2016.03.26-20.16.49:426][414]LogModuleManager: Shutting down and abandoning module PaperSpriteSheetImporter (96)
[2016.03.26-20.16.49:426][414]LogModuleManager: Shutting down and abandoning module MeshPaint (95)
[2016.03.26-20.16.49:426][414]LogModuleManager: Shutting down and abandoning module SlateReflector (94)
[2016.03.26-20.16.49:450][414]LogModuleManager: Shutting down and abandoning module HotReload (93)
[2016.03.26-20.16.49:464][414]LogModuleManager: Shutting down and abandoning module MainFrame (92)
[2016.03.26-20.16.49:464][414]LogModuleManager: Shutting down and abandoning module LevelEditor (91)
[2016.03.26-20.16.49:570][414]LogModuleManager: Shutting down and abandoning module DirectoryWatcher (90)
[2016.03.26-20.16.49:647][414]LogModuleManager: Shutting down and abandoning module AssetRegistry (89)
[2016.03.26-20.16.50:719][414]LogModuleManager: Shutting down and abandoning module ContentBrowser (88)
[2016.03.26-20.16.50:721][414]LogModuleManager: Shutting down and abandoning module Paper2DEditor (87)
[2016.03.26-20.16.50:750][414]LogModuleManager: Shutting down and abandoning module UdpMessaging (86)
[2016.03.26-20.16.50:851][414]LogModuleManager: Shutting down and abandoning module LightPropagationVolumeRuntime (85)
[2016.03.26-20.16.50:851][414]LogModuleManager: Shutting down and abandoning module Paper2D (84)
[2016.03.26-20.16.50:884][414]LogModuleManager: Shutting down and abandoning module WindowsMoviePlayer (83)
[2016.03.26-20.16.50:939][414]LogModuleManager: Shutting down and abandoning module Media (82)
[2016.03.26-20.16.50:939][414]LogModuleManager: Shutting down and abandoning module WmfMedia (81)
[2016.03.26-20.16.50:990][414]LogModuleManager: Shutting down and abandoning module OnlineBlueprintSupport (80)
[2016.03.26-20.16.50:990][414]LogModuleManager: Shutting down and abandoning module GameplayTasksEditor (79)
[2016.03.26-20.16.50:990][414]LogModuleManager: Shutting down and abandoning module PropertyEditor (78)
[2016.03.26-20.16.50:990][414]LogModuleManager: Shutting down and abandoning module BehaviorTreeEditor (77)
[2016.03.26-20.16.51:034][414]LogModuleManager: Shutting down and abandoning module FunctionalTesting (76)
[2016.03.26-20.16.51:034][414]LogModuleManager: Shutting down and abandoning module CollisionAnalyzer (75)
[2016.03.26-20.16.51:155][414]LogModuleManager: Shutting down and abandoning module WorkspaceMenuStructure (74)
[2016.03.26-20.16.51:155][414]LogModuleManager: Shutting down and abandoning module MessageLog (73)
[2016.03.26-20.16.51:155][414]LogModuleManager: Shutting down and abandoning module Sequencer (72)
[2016.03.26-20.16.51:196][414]LogModuleManager: Shutting down and abandoning module AssetTools (71)
[2016.03.26-20.16.51:243][414]LogModuleManager: Shutting down and abandoning module UMGEditor (70)
[2016.03.26-20.16.51:292][414]LogModuleManager: Shutting down and abandoning module UMG (69)
[2016.03.26-20.16.51:382][414]LogModuleManager: Shutting down and abandoning module Slate (68)
[2016.03.26-20.16.51:382][414]LogModuleManager: Shutting down and abandoning module EditorStyle (67)
[2016.03.26-20.16.51:505][414]LogModuleManager: Shutting down and abandoning module SessionServices (66)
[2016.03.26-20.16.51:505][414]LogModuleManager: Shutting down and abandoning module SourceCodeAccess (65)
[2016.03.26-20.16.51:505][414]LogModuleManager: Shutting down and abandoning module HeadMountedDisplay (64)
[2016.03.26-20.16.51:505][414]LogModuleManager: Shutting down and abandoning module XAudio2 (63)
[2016.03.26-20.16.51:505][414]LogModuleManager: Shutting down and abandoning module Networking (61)
[2016.03.26-20.16.51:505][414]LogModuleManager: Shutting down and abandoning module Core (60)
[2016.03.26-20.16.51:505][414]LogModuleManager: Shutting down and abandoning module KismetCompiler (59)
[2016.03.26-20.16.51:505][414]LogModuleManager: Shutting down and abandoning module PhysXFormats (58)
[2016.03.26-20.16.51:534][414]LogModuleManager: Shutting down and abandoning module MeshUtilities (57)
[2016.03.26-20.16.51:584][414]LogModuleManager: Shutting down and abandoning module DerivedDataCache (56)
[2016.03.26-20.16.51:648][414]LogDerivedDataCache: Shutdown
[2016.03.26-20.16.51:648][414]LogModuleManager: Shutting down and abandoning module ShaderFormatOpenGL (55)
[2016.03.26-20.16.51:783][414]LogModuleManager: Shutting down and abandoning module ShaderFormatD3D (54)
[2016.03.26-20.16.51:835][414]LogModuleManager: Shutting down and abandoning module MetalShaderFormat (53)
[2016.03.26-20.16.51:922][414]LogModuleManager: Shutting down and abandoning module TextureFormatUncompressed (52)
[2016.03.26-20.16.51:963][414]LogModuleManager: Shutting down and abandoning module TextureFormatPVR (51)
[2016.03.26-20.16.51:964][414]LogModuleManager: Shutting down and abandoning module TextureFormatIntelISPCTexComp (50)
[2016.03.26-20.16.51:986][414]LogModuleManager: Shutting down and abandoning module TextureFormatDXT (49)
[2016.03.26-20.16.51:986][414]LogModuleManager: Shutting down and abandoning module ImageWrapper (48)
[2016.03.26-20.16.51:986][414]LogModuleManager: Shutting down and abandoning module TextureFormatASTC (47)
[2016.03.26-20.16.52:002][414]LogModuleManager: Shutting down and abandoning module TextureFormatAndroid (46)
[2016.03.26-20.16.52:028][414]LogModuleManager: Shutting down and abandoning module AudioFormatOpus (45)
[2016.03.26-20.16.52:043][414]LogModuleManager: Shutting down and abandoning module AudioFormatOgg (44)
[2016.03.26-20.16.52:043][414]LogModuleManager: Shutting down and abandoning module AudioFormatADPCM (43)
[2016.03.26-20.16.52:081][414]LogModuleManager: Shutting down and abandoning module LinuxTargetPlatform (42)
[2016.03.26-20.16.52:152][414]LogModuleManager: Shutting down and abandoning module LinuxServerTargetPlatform (41)
[2016.03.26-20.16.52:167][414]LogModuleManager: Shutting down and abandoning module LinuxNoEditorTargetPlatform (40)
[2016.03.26-20.16.52:192][414]LogModuleManager: Shutting down and abandoning module Messaging (39)
[2016.03.26-20.16.52:192][414]LogModuleManager: Shutting down and abandoning module IOSTargetPlatform (38)
[2016.03.26-20.16.52:216][414]LogModuleManager: Shutting down and abandoning module HTML5TargetPlatform (37)
[2016.03.26-20.16.52:217][414]LogModuleManager: Shutting down and abandoning module Android_PVRTCTargetPlatform (36)
[2016.03.26-20.16.52:217][414]LogModuleManager: Shutting down and abandoning module Android_MultiTargetPlatform (35)
[2016.03.26-20.16.52:217][414]LogModuleManager: Shutting down and abandoning module Android_ETC2TargetPlatform (34)
[2016.03.26-20.16.52:217][414]LogModuleManager: Shutting down and abandoning module Android_ETC1TargetPlatform (33)
[2016.03.26-20.16.52:217][414]LogModuleManager: Shutting down and abandoning module Android_DXTTargetPlatform (32)
[2016.03.26-20.16.52:217][414]LogModuleManager: Shutting down and abandoning module Android_ATCTargetPlatform (31)
[2016.03.26-20.16.52:217][414]LogModuleManager: Shutting down and abandoning module Android_ASTCTargetPlatform (30)
[2016.03.26-20.16.52:217][414]LogModuleManager: Shutting down and abandoning module AndroidTargetPlatform (29)
[2016.03.26-20.16.52:217][414]LogModuleManager: Shutting down and abandoning module WindowsTargetPlatform (28)
[2016.03.26-20.16.52:233][414]LogModuleManager: Shutting down and abandoning module WindowsServerTargetPlatform (27)
[2016.03.26-20.16.52:257][414]LogModuleManager: Shutting down and abandoning module WindowsNoEditorTargetPlatform (26)
[2016.03.26-20.16.52:324][414]LogModuleManager: Shutting down and abandoning module WindowsClientTargetPlatform (25)
[2016.03.26-20.16.52:371][414]LogModuleManager: Shutting down and abandoning module AllDesktopTargetPlatform (24)
[2016.03.26-20.16.52:402][414]LogModuleManager: Shutting down and abandoning module TargetPlatform (23)
[2016.03.26-20.16.52:475][414]LogModuleManager: Shutting down and abandoning module InputCore (22)
[2016.03.26-20.16.52:475][414]LogModuleManager: Shutting down and abandoning module Settings (21)
[2016.03.26-20.16.52:476][414]LogModuleManager: Shutting down and abandoning module OnlineSubsystem (19)
[2016.03.26-20.16.52:476][414]LogModuleManager: Shutting down and abandoning module HTTP (18)
[2016.03.26-20.16.54:667][414]LogModuleManager: Shutting down and abandoning module XMPP (17)
[2016.03.26-20.16.54:916][414]LogModuleManager: Shutting down and abandoning module OculusRift (16)
[2016.03.26-20.16.54:989][414]LogModuleManager: Shutting down and abandoning module ExampleDeviceProfileSelector (15)
[2016.03.26-20.16.55:004][414]LogModuleManager: Shutting down and abandoning module TextureCompressor (14)
[2016.03.26-20.16.55:097][414]LogModuleManager: Shutting down and abandoning module ShaderCore (13)
[2016.03.26-20.16.55:097][414]LogModuleManager: Shutting down and abandoning module Landscape (12)
[2016.03.26-20.16.55:097][414]LogModuleManager: Shutting down and abandoning module SlateRHIRenderer (11)
[2016.03.26-20.16.55:146][414]LogModuleManager: Shutting down and abandoning module OpenGLDrv (10)
[2016.03.26-20.16.55:175][414]LogModuleManager: Shutting down and abandoning module D3D11RHI (9)
[2016.03.26-20.16.55:175][414]LogModuleManager: Shutting down and abandoning module AnimGraphRuntime (8)
[2016.03.26-20.16.55:175][414]LogModuleManager: Shutting down and abandoning module Renderer (7)
[2016.03.26-20.16.55:175][414]LogModuleManager: Shutting down and abandoning module Engine (6)
[2016.03.26-20.16.55:175][414]LogModuleManager: Shutting down and abandoning module CoreUObject (5)
[2016.03.26-20.16.55:175][414]LogModuleManager: Shutting down and abandoning module NetworkFile (4)
[2016.03.26-20.16.55:199][414]LogModuleManager: Shutting down and abandoning module StreamingFile (3)
[2016.03.26-20.16.55:228][414]LogModuleManager: Shutting down and abandoning module SandboxFile (2)
[2016.03.26-20.16.55:243][414]LogModuleManager: Shutting down and abandoning module PakFile (1)
[2016.03.26-20.16.55:828][414]LogExit: Exiting.
[2016.03.26-20.16.57:451][414]Log file closed, 03/26/16 14:16:57
