[2016.04.19-00.51.53:592][  0]Log file open, 04/18/16 19:51:53
[2016.04.19-00.51.53:592][  0]LogInit:Display: Running engine for game: Axioma
[2016.04.19-00.51.53:592][  0]LogPlatformFile: Not using cached read wrapper
[2016.04.19-00.51.53:592][  0]LogInit:Display: RandInit(-2090714349) SRandInit(-2090714347).
[2016.04.19-00.51.53:592][  0]LogTaskGraph: Started task graph with 4 named threads and 5 total threads.
[2016.04.19-00.51.53:592][  0]LogStats: Stats thread started at 0.294856
[2016.04.19-00.51.53:592][  0]LogInit: Version: 4.10.4-2872498+++depot+UE4-Releases+4.10
[2016.04.19-00.51.53:592][  0]LogInit: API Version: 2758231
[2016.04.19-00.51.53:592][  0]LogInit: Compiled (64-bit): Feb 18 2016 15:47:04
[2016.04.19-00.51.53:592][  0]LogInit: Compiled with Visual C++: 19.00.23026.00
[2016.04.19-00.51.53:592][  0]LogInit: Build Configuration: Development
[2016.04.19-00.51.53:592][  0]LogInit: Branch Name: ++depot+UE4-Releases+4.10
[2016.04.19-00.51.53:592][  0]LogInit: Command line:  
[2016.04.19-00.51.53:592][  0]LogInit: Base directory: C:/Program Files (x86)/Epic Games/4.10/Engine/Binaries/Win64/
[2016.04.19-00.51.53:592][  0]LogInit: Rocket: 1
[2016.04.19-00.51.53:671][  0]LogInit: Using libcurl 7.41.0
[2016.04.19-00.51.53:671][  0]LogInit:  - built for x86_64-pc-win32
[2016.04.19-00.51.53:671][  0]LogInit:  - supports SSL with WinSSL
[2016.04.19-00.51.53:671][  0]LogInit:  - other features:
[2016.04.19-00.51.53:671][  0]LogInit:      CURL_VERSION_SSL
[2016.04.19-00.51.53:671][  0]LogInit:      CURL_VERSION_IPV6
[2016.04.19-00.51.53:671][  0]LogInit:      CURL_VERSION_ASYNCHDNS
[2016.04.19-00.51.53:671][  0]LogInit:      CURL_VERSION_LARGEFILE
[2016.04.19-00.51.53:671][  0]LogInit:      CURL_VERSION_IDN
[2016.04.19-00.51.53:671][  0]LogInit:  CurlRequestOptions (configurable via config and command line):
[2016.04.19-00.51.53:671][  0]LogInit:  - bVerifyPeer = true  - Libcurl will verify peer certificate
[2016.04.19-00.51.53:671][  0]LogInit:  - bUseHttpProxy = false  - Libcurl will NOT use HTTP proxy
[2016.04.19-00.51.53:671][  0]LogInit:  - bDontReuseConnections = false  - Libcurl will reuse connections
[2016.04.19-00.51.53:671][  0]LogInit:  - CertBundlePath = nullptr  - Libcurl will use whatever was configured at build time.
[2016.04.19-00.51.53:687][  0]LogInit: Presizing for 0 objects not considered by GC, pre-allocating 0 bytes.
[2016.04.19-00.51.53:718][  0]LogInit: Object subsystem initialized
[2016.04.19-00.51.53:718][  0]LogInit: Selected Device Profile: [Windows]
[2016.04.19-00.51.53:718][  0]LogInit: Applying CVar settings loaded from the selected device profile: [Windows]
[2016.04.19-00.51.53:741][  0]LogInit: Computer: LAPTOP-RAY
[2016.04.19-00.51.53:741][  0]LogInit: User: ray
[2016.04.19-00.51.53:741][  0]LogInit: CPU Page size=4096, Cores=2
[2016.04.19-00.51.53:741][  0]LogInit: High frequency timer resolution =2.338338 MHz
[2016.04.19-00.51.53:741][  0]LogMemory: Memory total: Physical=3.9GB (4GB approx)
[2016.04.19-00.51.53:741][  0]LogMemory: Platform Memory Stats for Windows
[2016.04.19-00.51.53:741][  0]LogMemory: Process Physical Memory: 54.95 MB used, 54.95 MB peak
[2016.04.19-00.51.53:741][  0]LogMemory: Process Virtual Memory: 55.35 MB used, 55.35 MB peak
[2016.04.19-00.51.53:741][  0]LogMemory: Physical Memory: 2503.23 MB used, 3976.27 MB total
[2016.04.19-00.51.53:741][  0]LogMemory: Virtual Memory: 358.91 MB used, 134217728.00 MB total
[2016.04.19-00.51.53:789][  0]LogTextLocalizationManager: No specific translations for ('en-US') exist, so ('en') translations will be used.
[2016.04.19-00.51.54:316][  0]LogD3D11RHI: Found D3D11 adapter 0: Intel(R) HD Graphics Family (Feature Level 11_0)
[2016.04.19-00.51.54:316][  0]LogD3D11RHI: Adapter has 32MB of dedicated video memory, 0MB of dedicated system memory, and 1760MB of shared system memory, 1 output[s]
[2016.04.19-00.51.54:317][  0]LogD3D11RHI: Found D3D11 adapter 1: Microsoft Basic Render Driver (Feature Level 11_0)
[2016.04.19-00.51.54:317][  0]LogD3D11RHI: Adapter has 0MB of dedicated video memory, 0MB of dedicated system memory, and 256MB of shared system memory, 0 output[s]
[2016.04.19-00.51.54:317][  0]LogD3D11RHI: Chosen D3D11 Adapter Id = 0
[2016.04.19-00.51.54:323][  0]LogD3D11RHI: !Direct3DDevice
[2016.04.19-00.51.54:323][  0]LogRHI: Texture pool is 638 MB (70% of 912 MB)
[2016.04.19-00.51.54:330][  0]LogD3D11RHI: Async texture creation enabled
[2016.04.19-00.51.54:335][  0]LogShaderCompilers: Guid format shader working directory is -71 characters bigger than the processId version (../../../../../../Users/ray/Documents/FCFM Stuff/Essays, Homework, and Stuff/7mo. Semestre/Videojuegos 2/vj2/Axioma/Intermediate/Shaders/WorkingDirectory/3160/).
[2016.04.19-00.51.54:335][  0]LogShaderCompilers: Cleaned the shader compiler working directory 'C:/Users/ray/AppData/Local/Temp/UnrealShaderWorkingDir/822D34364B1EDE6A5B1E4186B0DEE838/'.
[2016.04.19-00.51.54:335][  0]LogShaderCompilers:Display: Using Local Shader Compiler.
[2016.04.19-00.51.57:198][  0]LogTemp:Display: Loaded TP AllDesktopTargetPlatform
[2016.04.19-00.51.57:234][  0]LogTemp:Display: Loaded TP WindowsClientTargetPlatform
[2016.04.19-00.51.57:255][  0]LogTemp:Display: Loaded TP WindowsNoEditorTargetPlatform
[2016.04.19-00.51.57:275][  0]LogTemp:Display: Loaded TP WindowsServerTargetPlatform
[2016.04.19-00.51.57:296][  0]LogTemp:Display: Loaded TP WindowsTargetPlatform
[2016.04.19-00.51.57:353][  0]LogTemp:Display: Loaded TP AndroidTargetPlatform
[2016.04.19-00.51.57:406][  0]LogTemp:Display: Loaded TP Android_ASTCTargetPlatform
[2016.04.19-00.51.57:459][  0]LogTemp:Display: Loaded TP Android_ATCTargetPlatform
[2016.04.19-00.51.57:497][  0]LogTemp:Display: Loaded TP Android_DXTTargetPlatform
[2016.04.19-00.51.57:541][  0]LogTemp:Display: Loaded TP Android_ETC1TargetPlatform
[2016.04.19-00.51.57:588][  0]LogTemp:Display: Loaded TP Android_ETC2TargetPlatform
[2016.04.19-00.51.57:709][  0]LogTemp:Display: Loaded TP Android_MultiTargetPlatform
[2016.04.19-00.51.57:709][  0]LogTemp:Display: Loaded TP Android_PVRTCTargetPlatform
[2016.04.19-00.51.57:739][  0]LogTemp:Display: Loaded TP HTML5TargetPlatform
[2016.04.19-00.51.57:860][  0]LogTemp:Display: Loaded TP IOSTargetPlatform
[2016.04.19-00.51.57:920][  0]LogTemp:Display: Loaded TP LinuxNoEditorTargetPlatform
[2016.04.19-00.51.57:941][  0]LogTemp:Display: Loaded TP LinuxServerTargetPlatform
[2016.04.19-00.51.58:002][  0]LogTemp:Display: Loaded TP LinuxTargetPlatform
[2016.04.19-00.51.58:002][  0]LogTargetPlatformManager:Display: Building Assets For Windows
[2016.04.19-00.51.59:061][  0]LogDerivedDataCache:Display: Max Cache Size: 512 MB
[2016.04.19-00.51.59:971][  0]LogDerivedDataCache: Loaded boot cache 0.89s 41MB C:/Users/ray/AppData/Local/UnrealEngine/4.10/DerivedDataCache/Boot.ddc.
[2016.04.19-00.51.59:971][  0]LogDerivedDataCache:Display: Loaded Boot cache: C:/Users/ray/AppData/Local/UnrealEngine/4.10/DerivedDataCache/Boot.ddc
[2016.04.19-00.51.59:971][  0]LogDerivedDataCache: FDerivedDataBackendGraph:  Pak pak cache file ../../../../../../Users/ray/Documents/FCFM Stuff/Essays, Homework, and Stuff/7mo. Semestre/Videojuegos 2/vj2/Axioma/DerivedDataCache/DDC.ddp not found, will not use a pak cache.
[2016.04.19-00.51.59:971][  0]LogDerivedDataCache: Unable to find inner node Pak for hierarchical cache Hierarchy.
[2016.04.19-00.51.59:971][  0]LogDerivedDataCache: FDerivedDataBackendGraph:  CompressedPak pak cache file ../../../../../../Users/ray/Documents/FCFM Stuff/Essays, Homework, and Stuff/7mo. Semestre/Videojuegos 2/vj2/Axioma/DerivedDataCache/Compressed.ddp not found, will not use a pak cache.
[2016.04.19-00.51.59:971][  0]LogDerivedDataCache: Unable to find inner node CompressedPak for hierarchical cache Hierarchy.
[2016.04.19-00.52.00:280][  0]LogDerivedDataCache:Display: Pak cache opened for reading ../../../Engine/DerivedDataCache/Compressed.ddp.
[2016.04.19-00.52.00:344][  0]LogDerivedDataCache: Using Local data cache path C:/Users/ray/AppData/Local/UnrealEngine/Common/DerivedDataCache: Writable
[2016.04.19-00.52.15:224][  0]LogInit: Selected Device Profile: [Windows]
[2016.04.19-00.52.15:311][  0]LogContentStreaming: Texture pool size is 0.000000MB
[2016.04.19-00.52.17:818][  0]LogMeshUtilities: No automatic mesh reduction module available
[2016.04.19-00.52.17:819][  0]LogMeshUtilities: No automatic mesh merging module available
[2016.04.19-00.52.24:982][  0]LogInit: WinSock: version 1.1 (2.2), MaxSocks=32767, MaxUdp=65467
[2016.04.19-00.52.50:906][  0]UdpMessaging: Initializing bridge on interface 0.0.0.0:0 to multicast group 230.0.0.1:6666.
[2016.04.19-00.52.52:428][  0]LogAssetRegistry: FAssetRegistry took 0.0164 seconds to start up
[2016.04.19-00.53.06:424][  0]SourceControl: Info Source control is disabled
[2016.04.19-00.53.06:637][  0]SourceControl: Info Source control is disabled
[2016.04.19-00.53.07:435][  0]SourceControl: Info Source control is disabled
[2016.04.19-00.53.08:120][  0]SourceControl: Info Source control is disabled
[2016.04.19-00.53.11:962][  0]LogObj: 28633 objects as part of root set at end of initial load.
[2016.04.19-00.53.11:962][  0]LogUObjectAllocator: 6099744 out of 0 bytes used by permanent object pool.
[2016.04.19-00.53.13:781][  0]LogEngine: Initializing Engine...
[2016.04.19-00.53.13:838][  0]LogHMD: Can't find Oculus library dev build: is proper Runtime installed? Version: 0.8.0.0
[2016.04.19-00.53.13:896][  0]LogHMD: SteamVR failed to initialize.  Err: 110
[2016.04.19-00.53.16:079][  0]LogAIModule: Creating AISystem for world NewWorld
[2016.04.19-00.53.16:744][  0]LogInit: XAudio2 using 'Altavoces (Realtek High Definition Audio)' : 2 channels at 48 kHz using 32 bits per sample (channel mask 0x3)
[2016.04.19-00.53.16:906][  0]LogInit: FAudioDevice initialized.
[2016.04.19-00.53.17:124][  0]LogDerivedDataCache: Saved boot cache 0.22s 41MB C:/Users/ray/AppData/Local/UnrealEngine/4.10/DerivedDataCache/Boot.ddc.
[2016.04.19-00.53.17:133][  0]LogInit: Texture streaming: Enabled
[2016.04.19-00.53.17:451][  0]LogAnalytics: Creating configured Analytics provider AnalyticsET
[2016.04.19-00.53.17:452][  0]LogAnalytics: [UEEditor.Rocket.Release] APIServer = http://et2.epicgames.com/ET2/. AppVersion = 4.10.4-2872498+++depot+UE4-Releases+4.10
[2016.04.19-00.53.17:452][  0]LogAnalytics: [UEEditor.Rocket.Release] SetUserId f6d84d504b8c91be90ceca84e0ba1004|f68b6959a5b94dccb13faa64bd594851|592e87cd-9efb-44c2-bcd9-891f7d9d6dd4
[2016.04.19-00.53.17:499][  0]LogAnalytics: [UEEditor.Rocket.Release] AnalyticsET::StartSession
[2016.04.19-00.53.17:657][  0]LogWindowsTextInputMethodSystem:Display: IME system now deactivated.
[2016.04.19-00.53.18:655][  0]LogInit: Transaction tracking system initialized
[2016.04.19-00.53.26:600][  0]BlueprintLog: New page: Editor Load
[2016.04.19-00.53.33:540][  0]LocalizationService: Info Localization service is disabled
[2016.04.19-00.53.39:819][  0]LogConsoleResponse:Display: 
[2016.04.19-00.53.47:935][  0]LogCook:Display: Done creating registry. It took  0.00s.
[2016.04.19-00.53.55:548][  0]SourceControl: Info Source control is disabled
[2016.04.19-00.53.56:156][  0]Cmd: MAP LOAD FILE="../../../../../../Users/ray/Documents/FCFM Stuff/Essays, Homework, and Stuff/7mo. Semestre/Videojuegos 2/vj2/Axioma/Content/Axioma.umap" TEMPLATE=0 SHOWPROGRESS=1 FEATURELEVEL=3
[2016.04.19-00.53.56:557][  0]LightingResults: New page: Lighting Build
[2016.04.19-00.53.58:269][  0]MapCheck: New page: Map Check
[2016.04.19-00.53.58:269][  0]LightingResults: New page: Lighting Build
[2016.04.19-00.54.01:149][  0]LogParticles: Destroying 0 GPU particle simulations for FXSystem 0x0000004CA866BB00
[2016.04.19-00.54.45:218][  0]LogAIModule: Creating AISystem for world Axioma
[2016.04.19-00.56.32:129][  0]LogEditorServer: Finished looking for orphan Actors (0.022 secs)
[2016.04.19-00.56.32:353][  0]Cmd: MAP CHECKDEP NOCLEARLOG
[2016.04.19-00.56.33:536][  0]MapCheck:Warning: Warning FirstPerson_AnimBP_C_0 FirstPerson_AnimBP_C /Game/Axioma.Axioma:PersistentLevel.FirstPersonCharacter_C_0.TRASH_SkeletalMeshComponent_5.FirstPerson_AnimBP_C_0 : Externally referenced 
[2016.04.19-00.56.33:536][  0]MapCheck:Warning: Warning FirstPerson_AnimBP_C_1 FirstPerson_AnimBP_C /Game/Axioma.Axioma:PersistentLevel.FirstPersonCharacter_C_0.Mesh2P.FirstPerson_AnimBP_C_1 : Externally referenced 
[2016.04.19-00.56.33:537][  0]MapCheck:Warning: Warning FirstPerson_AnimBP_C_0 FirstPerson_AnimBP_C /Game/Axioma.Axioma:PersistentLevel.FirstPersonCharacter_C_0.TRASH_SkeletalMeshComponent_5.FirstPerson_AnimBP_C_0 : Externally referenced 
[2016.04.19-00.56.33:537][  0]MapCheck:Warning: Warning FirstPerson_AnimBP_C_1 FirstPerson_AnimBP_C /Game/Axioma.Axioma:PersistentLevel.FirstPersonCharacter_C_0.Mesh2P.FirstPerson_AnimBP_C_1 : Externally referenced 
[2016.04.19-00.56.33:537][  0]MapCheck:Warning: Warning FirstPerson_AnimBP_C_0 FirstPerson_AnimBP_C /Game/Axioma.Axioma:PersistentLevel.FirstPersonCharacter_C_0.TRASH_SkeletalMeshComponent_5.FirstPerson_AnimBP_C_0 : Externally referenced 
[2016.04.19-00.56.33:537][  0]MapCheck:Warning: Warning FirstPerson_AnimBP_C_1 FirstPerson_AnimBP_C /Game/Axioma.Axioma:PersistentLevel.FirstPersonCharacter_C_0.Mesh2P.FirstPerson_AnimBP_C_1 : Externally referenced 
[2016.04.19-00.56.33:537][  0]MapCheck:Warning: Warning FirstPerson_AnimBP_C_0 FirstPerson_AnimBP_C /Game/Axioma.Axioma:PersistentLevel.FirstPersonCharacter_C_0.TRASH_SkeletalMeshComponent_5.FirstPerson_AnimBP_C_0 : Externally referenced 
[2016.04.19-00.56.33:537][  0]MapCheck:Warning: Warning FirstPerson_AnimBP_C_1 FirstPerson_AnimBP_C /Game/Axioma.Axioma:PersistentLevel.FirstPersonCharacter_C_0.Mesh2P.FirstPerson_AnimBP_C_1 : Externally referenced 
[2016.04.19-00.56.33:537][  0]MapCheck:Warning: Warning FirstPerson_AnimBP_C_0 FirstPerson_AnimBP_C /Game/Axioma.Axioma:PersistentLevel.FirstPersonCharacter_C_0.TRASH_SkeletalMeshComponent_5.FirstPerson_AnimBP_C_0 : Externally referenced 
[2016.04.19-00.56.33:537][  0]MapCheck:Warning: Warning FirstPerson_AnimBP_C_1 FirstPerson_AnimBP_C /Game/Axioma.Axioma:PersistentLevel.FirstPersonCharacter_C_0.Mesh2P.FirstPerson_AnimBP_C_1 : Externally referenced 
[2016.04.19-00.56.33:538][  0]MapCheck:Warning: Warning FirstPerson_AnimBP_C_0 FirstPerson_AnimBP_C /Game/Axioma.Axioma:PersistentLevel.FirstPersonCharacter_C_0.TRASH_SkeletalMeshComponent_5.FirstPerson_AnimBP_C_0 : Externally referenced 
[2016.04.19-00.56.33:538][  0]MapCheck:Warning: Warning FirstPerson_AnimBP_C_1 FirstPerson_AnimBP_C /Game/Axioma.Axioma:PersistentLevel.FirstPersonCharacter_C_0.Mesh2P.FirstPerson_AnimBP_C_1 : Externally referenced 
[2016.04.19-00.56.33:538][  0]MapCheck:Warning: Warning Mesh2P SkeletalMeshComponent /Game/Axioma.Axioma:PersistentLevel.FirstPersonCharacter_C_0.Mesh2P : Externally referenced 
[2016.04.19-00.56.33:538][  0]MapCheck:Warning: Warning Landscape_1 Landscape /Game/Axioma.Axioma:PersistentLevel.Landscape_1 : Externally referenced 
[2016.04.19-00.56.33:538][  0]MapCheck:Warning: Warning StaticMeshComponent0 StaticMeshComponent /Game/Axioma.Axioma:PersistentLevel.Cuadro_2.StaticMeshComponent0 : Externally referenced 
[2016.04.19-00.56.33:538][  0]MapCheck:Warning: Warning StaticMeshComponent0 StaticMeshComponent /Game/Axioma.Axioma:PersistentLevel.Cuadro_3.StaticMeshComponent0 : Externally referenced 
[2016.04.19-00.56.33:538][  0]MapCheck:Warning: Warning StaticMeshComponent0 StaticMeshComponent /Game/Axioma.Axioma:PersistentLevel.Bar_20.StaticMeshComponent0 : Externally referenced 
[2016.04.19-00.56.33:539][  0]MapCheck:Warning: Warning StaticMeshComponent0 StaticMeshComponent /Game/Axioma.Axioma:PersistentLevel.Casa_Grande_7.StaticMeshComponent0 : Externally referenced 
[2016.04.19-00.56.33:539][  0]MapCheck:Warning: Warning StaticMeshComponent0 StaticMeshComponent /Game/Axioma.Axioma:PersistentLevel.maya2.StaticMeshComponent0 : Externally referenced 
[2016.04.19-00.56.33:539][  0]MapCheck:Warning: Warning StaticMeshComponent0 StaticMeshComponent /Game/Axioma.Axioma:PersistentLevel.maya3.StaticMeshComponent0 : Externally referenced 
[2016.04.19-00.56.33:539][  0]MapCheck:Warning: Warning StaticMeshComponent0 StaticMeshComponent /Game/Axioma.Axioma:PersistentLevel.maya4.StaticMeshComponent0 : Externally referenced 
[2016.04.19-00.56.33:539][  0]MapCheck:Warning: Warning StaticMeshComponent0 StaticMeshComponent /Game/Axioma.Axioma:PersistentLevel.maya_11.StaticMeshComponent0 : Externally referenced 
[2016.04.19-00.56.33:539][  0]MapCheck:Warning: Warning StaticMeshComponent0 StaticMeshComponent /Game/Axioma.Axioma:PersistentLevel.Cuadro_14.StaticMeshComponent0 : Externally referenced 
[2016.04.19-00.56.33:539][  0]MapCheck:Warning: Warning StaticMeshComponent0 StaticMeshComponent /Game/Axioma.Axioma:PersistentLevel.Cuadro_2.StaticMeshComponent0 : Externally referenced 
[2016.04.19-00.56.33:539][  0]MapCheck:Warning: Warning StaticMeshComponent0 StaticMeshComponent /Game/Axioma.Axioma:PersistentLevel.Cuadro_3.StaticMeshComponent0 : Externally referenced 
[2016.04.19-00.56.33:540][  0]MapCheck:Warning: Warning StaticMeshComponent0 StaticMeshComponent /Game/Axioma.Axioma:PersistentLevel.CupulaTriple_4.StaticMeshComponent0 : Externally referenced 
[2016.04.19-00.56.33:540][  0]MapCheck:Warning: Warning StaticMeshComponent0 StaticMeshComponent /Game/Axioma.Axioma:PersistentLevel.Puerta_Chica2_28.StaticMeshComponent0 : Externally referenced 
[2016.04.19-00.56.33:540][  0]MapCheck:Warning: Warning StaticMeshComponent0 StaticMeshComponent /Game/Axioma.Axioma:PersistentLevel.Puerta_Chica_5.StaticMeshComponent0 : Externally referenced 
[2016.04.19-00.56.33:540][  0]MapCheck:Warning: Warning StaticMeshComponent0 StaticMeshComponent /Game/Axioma.Axioma:PersistentLevel.SM_Stairs_25.StaticMeshComponent0 : Externally referenced 
[2016.04.19-00.56.33:540][  0]MapCheck: Info Map check complete: 0 Error(s), 29 Warning(s), took 1,186.388ms to complete.
[2016.04.19-00.56.33:888][  0]LogFileHelpers: Loading map 'Axioma' took 158.143
[2016.04.19-00.56.38:492][  0]LogCollectionManager: Loaded 0 collections in 0.005276 seconds
[2016.04.19-00.56.39:000][  0]LogFileCache: Scanning file cache for directory 'C:/Users/ray/Documents/FCFM Stuff/Essays, Homework, and Stuff/7mo. Semestre/Videojuegos 2/vj2/Axioma/Saved/Collections/' took 0.05s
[2016.04.19-00.56.39:000][  0]LogFileCache: Scanning file cache for directory 'C:/Users/ray/Documents/FCFM Stuff/Essays, Homework, and Stuff/7mo. Semestre/Videojuegos 2/vj2/Axioma/Content/Developers/ray/Collections/' took 0.01s
[2016.04.19-00.56.39:000][  0]LogFileCache: Scanning file cache for directory 'C:/Users/ray/Documents/FCFM Stuff/Essays, Homework, and Stuff/7mo. Semestre/Videojuegos 2/vj2/Axioma/Content/Collections/' took 0.01s
[2016.04.19-00.56.39:000][  0]LogCollectionManager: Rebuilt the GUID cache for 0 collections in 0.000005 seconds
[2016.04.19-00.56.39:051][  0]LogContentBrowser: Native class hierarchy populated in 0.0322 seconds. Added 1893 classes and 338 folders.
[2016.04.19-00.56.39:400][  0]LogContentBrowser: Native class hierarchy updated for 'WidgetCarousel' in 0.0014 seconds. Added 0 classes and 0 folders.
[2016.04.19-00.56.41:911][  0]LogContentBrowser: Native class hierarchy updated for 'AddContentDialog' in 0.0013 seconds. Added 0 classes and 0 folders.
[2016.04.19-00.56.42:110][  0]LogContentBrowser: Native class hierarchy updated for 'SceneOutliner' in 0.0014 seconds. Added 1 classes and 2 folders.
[2016.04.19-00.56.43:395][  0]LogCrashTracker: Crashtracker disabled due to settings.
[2016.04.19-00.56.43:811][  0]LogUObjectGlobals:Warning: Failed to find object 'Class None.'
[2016.04.19-00.56.43:943][  0]LogLoad: Full Startup: 291.47 seconds (BP compile: 7.81 seconds)
[2016.04.19-00.56.44:030][  0]LogOcInput: Can't find Oculus library dev build: is proper Runtime installed? Version: 0.8.0.0
[2016.04.19-00.56.45:316][  0]LogContentStreaming: Texture pool size now 200 MB
[2016.04.19-00.56.49:276][  0]LogRenderer: Reallocating scene render targets to support 816x348 (Frame:2).
[2016.04.19-00.56.51:340][  1]Cmd: UpdateLandscapeEditorData -warnings
[2016.04.19-00.56.55:082][ 11]LogAssetRegistry: Asset discovery search completed in 242.6667 seconds
[2016.04.19-00.56.55:247][ 11]LogCollectionManager: Rebuilt the object cache for 0 collections in 0.000004 seconds (found 0 objects)
[2016.04.19-00.56.55:302][ 11]LogCollectionManager: Fixed up redirectors for 0 collections in 0.123036 seconds (updated 0 objects)
[2016.04.19-00.57.10:936][432]LogEditorViewport: Clicking on Actor (LMB): Landscape (Landscape2)
[2016.04.19-00.57.15:942][480]LogEditorViewport: Clicking on Actor (LMB): Landscape (Landscape2)
[2016.04.19-00.58.01:575][822]LogFactory: FactoryCreateBinary: StaticMesh with FbxFactory (0 0 C:\Users\ray\SkyDrive\Axioma\Modelos y Cambios PreEntrega\Cupula\CupulaTriple.fbx)
[2016.04.19-00.58.03:420][822]LogFbx: ItemName: GlobalSettings, ItemCount : 1
[2016.04.19-00.58.03:420][822]LogFbx: ItemName: AnimationStack, ItemCount : 1
[2016.04.19-00.58.03:420][822]LogFbx: ItemName: AnimationLayer, ItemCount : 1
[2016.04.19-00.58.03:420][822]LogFbx: ItemName: NodeAttribute, ItemCount : 1480
[2016.04.19-00.58.03:420][822]LogFbx: ItemName: Model, ItemCount : 1481
[2016.04.19-00.58.03:420][822]LogFbx: ItemName: Material, ItemCount : 2
[2016.04.19-00.58.03:420][822]LogFbx: ItemName: Geometry, ItemCount : 1
[2016.04.19-00.58.03:420][822]LogFbx: ItemName: CollectionExclusive, ItemCount : 1
[2016.04.19-00.58.03:844][822]LogFbx: Loading FBX Scene from C:\Users\ray\SkyDrive\Axioma\Modelos y Cambios PreEntrega\Cupula\CupulaTriple.fbx
[2016.04.19-00.58.08:905][822]LogFbx: FBX Scene Loaded Succesfully
[2016.04.19-00.58.26:691][822]LogFbx: Loading FBX Scene from C:\Users\ray\SkyDrive\Axioma\Modelos y Cambios PreEntrega\Cupula\CupulaTriple.fbx
[2016.04.19-00.58.30:399][822]LogFbx: FBX Scene Loaded Succesfully
[2016.04.19-00.58.31:542][822]LogStaticMesh: Building static mesh CupulaTriple...
[2016.04.19-00.58.32:243][822]LogStaticMesh: Built static mesh [0.713690.2s] /Game/Components/Models/Cupula/CupulaTriple.CupulaTriple
[2016.04.19-00.59.03:504][670]LogRenderer: Reallocating scene render targets to support 1016x608 (Frame:1822).
[2016.04.19-00.59.15:377][927]LogStaticMesh: Building static mesh CupulaTriple...
[2016.04.19-00.59.16:208][927]LogStaticMesh: Built static mesh [0.875977.2s] /Game/Components/Models/Cupula/CupulaTriple.CupulaTriple
[2016.04.19-00.59.22:455][ 75]LogSavePackage: Save=321.633575ms
[2016.04.19-00.59.22:455][ 75]LogSavePackage: Moving '../../../../../../Users/ray/Documents/FCFM Stuff/Essays, Homework, and Stuff/7mo. Semestre/Videojuegos 2/vj2/Axioma/Saved/CupulaTriple3426739146FD0CA68D1360B57FBC1F4A.tmp' to '../../../../../../Users/ray/Documents/FCFM Stuff/Essays, Homework, and Stuff/7mo. Semestre/Videojuegos 2/vj2/Axioma/Content/Components/Models/Cupula/CupulaTriple.uasset'
[2016.04.19-00.59.22:499][ 75]LogSavePackage: Total save time: 587.633610ms
[2016.04.19-00.59.22:499][ 75]LogSavePackage:Display: Finished SavePackage ../../../../../../Users/ray/Documents/FCFM Stuff/Essays, Homework, and Stuff/7mo. Semestre/Videojuegos 2/vj2/Axioma/Content/Components/Models/Cupula/CupulaTriple.uasset
[2016.04.19-00.59.33:803][299]LogActorFactory: Actor Factory created CupulaTriple
[2016.04.19-00.59.37:237][384]LogActorFactory: Actor Factory created CupulaTriple
[2016.04.19-01.00.24:622][740]Cmd: TRANSACTION UNDO
[2016.04.19-01.00.24:622][740]LogEditorTransaction: Undo Move Actors
[2016.04.19-01.00.40:164][189]LogBlueprintUserMessages: Early PlayInEditor Detection: Level '/Game/Axioma.Axioma:PersistentLevel' has LevelScriptBlueprint '/Game/Axioma.Axioma:PersistentLevel.Axioma' with GeneratedClass '/Game/Axioma.Axioma_C' with ClassGeneratedBy '/Game/Axioma.Axioma:PersistentLevel.Axioma'
[2016.04.19-01.00.40:164][189]LogPlayLevel: PlayLevel: No blueprints needed recompiling
[2016.04.19-01.00.40:642][189]PIE: New page: PIE session: Axioma (Apr 18, 2016, 3:00:40 PM)
[2016.04.19-01.00.40:807][189]LogPlayLevel: Creating play world package: /Game/UEDPIE_0_Axioma
[2016.04.19-01.00.41:799][189]LogPlayLevel: PIE: StaticDuplicateObject took: (0.991496s)
[2016.04.19-01.00.41:801][189]LogAIModule: Creating AISystem for world Axioma
[2016.04.19-01.00.41:802][189]LogPlayLevel: PIE: World Init took: (0.003062s)
[2016.04.19-01.00.41:823][189]LogPlayLevel: PIE: Created PIE world by copying editor world from /Game/Axioma.Axioma to /Game/UEDPIE_0_Axioma.Axioma (1.104525s)
[2016.04.19-01.00.42:025][189]LogParticles: Destroying 0 GPU particle simulations for FXSystem 0x0000004CAB55E7A0
[2016.04.19-01.00.42:447][189]LogInit: XAudio2 using 'Altavoces (Realtek High Definition Audio)' : 2 channels at 48 kHz using 32 bits per sample (channel mask 0x3)
[2016.04.19-01.00.42:479][189]LogInit: FAudioDevice initialized.
[2016.04.19-01.00.43:272][189]LogWorld: Game class is 'FirstPersonGameMode_C'
[2016.04.19-01.00.44:106][189]LogWorld: Bringing World /Game/UEDPIE_0_Axioma.Axioma up for play (max tick rate 60) at 2016.04.18-20.00.44
[2016.04.19-01.00.44:106][189]LogActor:Warning: GameSession /Game/UEDPIE_0_Axioma.Axioma:PersistentLevel.GameSession_0 has natively added scene component(s), but none of them were set as the actor's RootComponent - picking one arbitrarily
[2016.04.19-01.00.44:146][189]LogActor:Warning: GameNetworkManager /Game/UEDPIE_0_Axioma.Axioma:PersistentLevel.GameNetworkManager_0 has natively added scene component(s), but none of them were set as the actor's RootComponent - picking one arbitrarily
[2016.04.19-01.00.44:285][189]LogWorld: Bringing up level for play took: 0.728565
[2016.04.19-01.00.45:428][189]PIE: Info Play in editor start time for /Game/UEDPIE_0_Axioma 5.354
[2016.04.19-01.00.45:429][189]LogBlueprintUserMessages: Late PlayInEditor Detection: Level '/Game/Axioma.Axioma:PersistentLevel' has LevelScriptBlueprint '/Game/Axioma.Axioma:PersistentLevel.Axioma' with GeneratedClass '/Game/Axioma.Axioma_C' with ClassGeneratedBy '/Game/Axioma.Axioma:PersistentLevel.Axioma'
[2016.04.19-01.01.13:027][ 46]LogCharacterMovement: FirstPersonCharacter_C_0 is stuck and failed to move!
[2016.04.19-01.01.13:049][ 47]LogCharacterMovement: FirstPersonCharacter_C_0 is stuck and failed to move!
[2016.04.19-01.01.13:096][ 49]LogCharacterMovement: FirstPersonCharacter_C_0 is stuck and failed to move!
[2016.04.19-01.01.13:121][ 50]LogCharacterMovement: FirstPersonCharacter_C_0 is stuck and failed to move!
[2016.04.19-01.01.13:146][ 51]LogCharacterMovement: FirstPersonCharacter_C_0 is stuck and failed to move!
[2016.04.19-01.01.13:171][ 52]LogCharacterMovement: FirstPersonCharacter_C_0 is stuck and failed to move!
[2016.04.19-01.01.13:194][ 53]LogCharacterMovement: FirstPersonCharacter_C_0 is stuck and failed to move!
[2016.04.19-01.01.13:249][ 55]LogCharacterMovement: FirstPersonCharacter_C_0 is stuck and failed to move!
[2016.04.19-01.01.13:274][ 56]LogCharacterMovement: FirstPersonCharacter_C_0 is stuck and failed to move!
[2016.04.19-01.01.13:323][ 58]LogCharacterMovement: FirstPersonCharacter_C_0 is stuck and failed to move!
[2016.04.19-01.01.13:349][ 59]LogCharacterMovement: FirstPersonCharacter_C_0 is stuck and failed to move!
[2016.04.19-01.01.13:374][ 60]LogCharacterMovement: FirstPersonCharacter_C_0 is stuck and failed to move!
[2016.04.19-01.01.42:420][522]LogBlueprintUserMessages: Early EndPlayMap Detection: Level '/Game/Axioma.Axioma:PersistentLevel' has LevelScriptBlueprint '/Game/Axioma.Axioma:PersistentLevel.Axioma' with GeneratedClass '/Game/Axioma.Axioma_C' with ClassGeneratedBy '/Game/Axioma.Axioma:PersistentLevel.Axioma'
[2016.04.19-01.01.42:683][522]LogBlueprintUserMessages: Late EndPlayMap Detection: Level '/Game/Axioma.Axioma:PersistentLevel' has LevelScriptBlueprint '/Game/Axioma.Axioma:PersistentLevel.Axioma' with GeneratedClass '/Game/Axioma.Axioma_C' with ClassGeneratedBy '/Game/Axioma.Axioma:PersistentLevel.Axioma'
[2016.04.19-01.01.42:898][522]LogParticles: Destroying 0 GPU particle simulations for FXSystem 0x0000004CC3B0FA60
[2016.04.19-01.01.50:305][726]Cmd: DELETE
[2016.04.19-01.01.50:305][726]Cmd: ACTOR DELETE
[2016.04.19-01.01.50:371][726]LogEditorActor: Deleted Actor: StaticMeshActor
[2016.04.19-01.01.50:496][726]LogEditorActor: Deleted 1 Actors (0.152 secs)
[2016.04.19-01.02.59:826][ 19]LogMaterial: 0.013023 seconds spent updating 1 materials, 1 interfaces, 1 instances, 1 with static permutations.
[2016.04.19-01.03.00:025][ 19]LogMaterial: 0.011976 seconds spent updating 1 materials, 1 interfaces, 1 instances, 1 with static permutations.
[2016.04.19-01.03.00:182][ 19]LogMaterial: 0.011830 seconds spent updating 1 materials, 1 interfaces, 1 instances, 1 with static permutations.
[2016.04.19-01.03.00:278][ 19]LogTexture:Display: Building textures: Texture2D_2 (G8)
[2016.04.19-01.03.10:040][246]LogActorFactory: Actor Factory created CupulaTriple
[2016.04.19-01.03.11:571][290]LogActorFactory: Actor Factory created CupulaTriple
[2016.04.19-01.03.13:602][356]LogEditorViewport: Clicking on Actor (context menu): Landscape (Landscape2)
[2016.04.19-01.03.26:664][702]Cmd: TRANSACTION UNDO
[2016.04.19-01.03.26:664][702]LogEditorTransaction: Undo Landscape Editing: Sculpt
[2016.04.19-01.03.26:956][702]LogMaterial: 0.049804 seconds spent updating 1 materials, 1 interfaces, 1 instances, 0 with static permutations.
[2016.04.19-01.03.31:366][803]Cmd: TRANSACTION REDO
[2016.04.19-01.03.31:366][803]LogEditorTransaction: Redo Landscape Editing: Sculpt
[2016.04.19-01.03.31:617][803]LogTexture:Display: Building textures: Texture2D_30 (BGRA8)
[2016.04.19-01.03.31:671][803]LogMaterial: 0.000435 seconds spent updating 1 materials, 1 interfaces, 1 instances, 0 with static permutations.
[2016.04.19-01.03.33:182][842]LogEditorViewport: Clicking on Actor (LMB): StaticMeshActor (CupulaTriple2)
[2016.04.19-01.03.34:443][876]Cmd: DELETE
[2016.04.19-01.03.34:443][876]Cmd: ACTOR DELETE
[2016.04.19-01.03.34:453][876]LogEditorActor: Deleted Actor: StaticMeshActor
[2016.04.19-01.03.34:511][876]LogEditorActor: Deleted 1 Actors (0.067 secs)
[2016.04.19-01.03.48:098][282]LogEditorViewport: Clicking on Actor (LMB): Landscape (Landscape2)
[2016.04.19-01.03.57:914][591]Cmd: TRANSACTION UNDO
[2016.04.19-01.03.57:914][591]LogEditorTransaction: Undo Add Landscape Spline Control Point
[2016.04.19-01.03.58:027][592]Cmd: UpdateLandscapeEditorData
[2016.04.19-01.03.58:403][603]Cmd: TRANSACTION UNDO
[2016.04.19-01.03.58:403][603]LogEditorTransaction: Undo Add Landscape Spline Control Point
[2016.04.19-01.03.58:511][604]Cmd: UpdateLandscapeEditorData
[2016.04.19-01.04.15:155][131]Cmd: TRANSACTION UNDO
[2016.04.19-01.04.15:155][131]LogEditorTransaction: Undo Add Landscape Spline Control Point
[2016.04.19-01.04.15:334][132]Cmd: UpdateLandscapeEditorData
[2016.04.19-01.05.27:171][459]LogMaterial:Warning: Material /Game/Components/Models/Street_Road/lambert1.lambert1 needed to have new flag set bUsedWithSplineMeshes !
[2016.04.19-01.05.27:226][459]LogMaterial: Missing cached shader map for material lambert1, compiling. 
[2016.04.19-01.05.27:890][459]LogMaterial: 0.031363 seconds spent updating 1 materials, 1 interfaces, 0 instances, 0 with static permutations.
[2016.04.19-01.05.27:890][459]LogMaterial:Warning: Material /Game/Components/Models/Street_Road/Road_Single.Road_Single needed to have new flag set bUsedWithSplineMeshes !
[2016.04.19-01.05.27:895][459]LogMaterial: Missing cached shader map for material Road_Single, compiling. 
[2016.04.19-01.05.27:948][459]LogMaterial: 0.000790 seconds spent updating 1 materials, 1 interfaces, 0 instances, 0 with static permutations.
[2016.04.19-01.05.27:948][459]LogMaterial:Warning: Material /Game/Components/Models/Street_Road/Sidewalk.Sidewalk needed to have new flag set bUsedWithSplineMeshes !
[2016.04.19-01.05.27:953][459]LogMaterial: Missing cached shader map for material Sidewalk, compiling. 
[2016.04.19-01.05.27:995][459]LogMaterial: 0.000637 seconds spent updating 1 materials, 1 interfaces, 0 instances, 0 with static permutations.
[2016.04.19-01.05.27:995][459]LogMaterial:Warning: Material /Game/Components/Models/Street_Road/Road_Double.Road_Double needed to have new flag set bUsedWithSplineMeshes !
[2016.04.19-01.05.28:127][459]LogMaterial: Missing cached shader map for material Road_Double, compiling. 
[2016.04.19-01.05.28:162][459]LogMaterial: 0.000665 seconds spent updating 1 materials, 1 interfaces, 0 instances, 0 with static permutations.
[2016.04.19-01.07.18:615][588]LogEditorViewport: Clicking on Actor (LMB): Landscape (Landscape2)
[2016.04.19-01.07.59:288][813]LogTexture:Display: Building textures: Texture2D_30 (BGRA8)
[2016.04.19-01.07.59:357][813]LogTexture:Display: Building textures: Texture2D_31 (BGRA8)
[2016.04.19-01.08.03:675][813]LogSavePackage: Save=5030.402832ms
[2016.04.19-01.08.03:675][813]LogSavePackage: Moving '../../../../../../Users/ray/Documents/FCFM Stuff/Essays, Homework, and Stuff/7mo. Semestre/Videojuegos 2/vj2/Axioma/Saved/Axioma_Auto13A59BE3645B0B4B0BCDB4591CCC981EC.tmp' to '../../../../../../Users/ray/Documents/FCFM Stuff/Essays, Homework, and Stuff/7mo. Semestre/Videojuegos 2/vj2/Axioma/Saved/Autosaves/Game/Axioma_Auto1.umap'
[2016.04.19-01.08.05:236][813]LogSavePackage: Total save time: 7099.668223ms
[2016.04.19-01.08.05:236][813]LogSavePackage:Display: Finished SavePackage ../../../../../../Users/ray/Documents/FCFM Stuff/Essays, Homework, and Stuff/7mo. Semestre/Videojuegos 2/vj2/Axioma/Saved/Autosaves/Game/Axioma_Auto1.umap
[2016.04.19-01.08.05:271][813]LogFileHelpers: Editor autosave (incl. sublevels) for '/Game/Axioma' took 7.233
[2016.04.19-01.08.05:272][813]LogFileHelpers: Editor autosave (incl. sublevels) for all levels took 7.233
[2016.04.19-01.08.05:307][813]OBJ SavePackage: Generating thumbnails for [1] asset(s) in package [/Game/Components/Models/Street_Road/lambert1] ([1] browsable assets)...
[2016.04.19-01.08.05:354][813]OBJ SavePackage:     Rendered thumbnail for [Material /Game/Components/Models/Street_Road/lambert1.lambert1]
[2016.04.19-01.08.05:354][813]OBJ SavePackage: Finished generating thumbnails for package [/Game/Components/Models/Street_Road/lambert1]
[2016.04.19-01.08.05:480][813]LogSavePackage: Save=84.838890ms
[2016.04.19-01.08.05:480][813]LogSavePackage: Moving '../../../../../../Users/ray/Documents/FCFM Stuff/Essays, Homework, and Stuff/7mo. Semestre/Videojuegos 2/vj2/Axioma/Saved/lambert1_Auto1F882417148C71190689309A016C34381.tmp' to '../../../../../../Users/ray/Documents/FCFM Stuff/Essays, Homework, and Stuff/7mo. Semestre/Videojuegos 2/vj2/Axioma/Saved/Autosaves/Game/Components/Models/Street_Road/lambert1_Auto1.uasset'
[2016.04.19-01.08.05:485][813]LogSavePackage: Total save time: 124.885708ms
[2016.04.19-01.08.05:485][813]LogSavePackage:Display: Finished SavePackage ../../../../../../Users/ray/Documents/FCFM Stuff/Essays, Homework, and Stuff/7mo. Semestre/Videojuegos 2/vj2/Axioma/Saved/Autosaves/Game/Components/Models/Street_Road/lambert1_Auto1.uasset
[2016.04.19-01.08.05:495][813]OBJ SavePackage: Generating thumbnails for [1] asset(s) in package [/Game/Components/Models/Street_Road/Road_Double] ([1] browsable assets)...
[2016.04.19-01.08.05:568][813]OBJ SavePackage:     Rendered thumbnail for [Material /Game/Components/Models/Street_Road/Road_Double.Road_Double]
[2016.04.19-01.08.05:568][813]OBJ SavePackage: Finished generating thumbnails for package [/Game/Components/Models/Street_Road/Road_Double]
[2016.04.19-01.08.05:655][813]LogSavePackage: Save=54.902241ms
[2016.04.19-01.08.05:655][813]LogSavePackage: Moving '../../../../../../Users/ray/Documents/FCFM Stuff/Essays, Homework, and Stuff/7mo. Semestre/Videojuegos 2/vj2/Axioma/Saved/Road_Double_Auto1E353762C49F2D0C177ADC187F893A73A.tmp' to '../../../../../../Users/ray/Documents/FCFM Stuff/Essays, Homework, and Stuff/7mo. Semestre/Videojuegos 2/vj2/Axioma/Saved/Autosaves/Game/Components/Models/Street_Road/Road_Double_Auto1.uasset'
[2016.04.19-01.08.05:658][813]LogSavePackage: Total save time: 84.738392ms
[2016.04.19-01.08.05:658][813]LogSavePackage:Display: Finished SavePackage ../../../../../../Users/ray/Documents/FCFM Stuff/Essays, Homework, and Stuff/7mo. Semestre/Videojuegos 2/vj2/Axioma/Saved/Autosaves/Game/Components/Models/Street_Road/Road_Double_Auto1.uasset
[2016.04.19-01.08.05:663][813]OBJ SavePackage: Generating thumbnails for [1] asset(s) in package [/Game/Components/Models/Street_Road/Road_Single] ([1] browsable assets)...
[2016.04.19-01.08.05:712][813]OBJ SavePackage:     Rendered thumbnail for [Material /Game/Components/Models/Street_Road/Road_Single.Road_Single]
[2016.04.19-01.08.05:712][813]OBJ SavePackage: Finished generating thumbnails for package [/Game/Components/Models/Street_Road/Road_Single]
[2016.04.19-01.08.05:768][813]LogSavePackage: Save=34.587814ms
[2016.04.19-01.08.05:768][813]LogSavePackage: Moving '../../../../../../Users/ray/Documents/FCFM Stuff/Essays, Homework, and Stuff/7mo. Semestre/Videojuegos 2/vj2/Axioma/Saved/Road_Single_Auto11E5BBD2F4560855CE69EAA851A1C340E.tmp' to '../../../../../../Users/ray/Documents/FCFM Stuff/Essays, Homework, and Stuff/7mo. Semestre/Videojuegos 2/vj2/Axioma/Saved/Autosaves/Game/Components/Models/Street_Road/Road_Single_Auto1.uasset'
[2016.04.19-01.08.05:771][813]LogSavePackage: Total save time: 53.783502ms
[2016.04.19-01.08.05:771][813]LogSavePackage:Display: Finished SavePackage ../../../../../../Users/ray/Documents/FCFM Stuff/Essays, Homework, and Stuff/7mo. Semestre/Videojuegos 2/vj2/Axioma/Saved/Autosaves/Game/Components/Models/Street_Road/Road_Single_Auto1.uasset
[2016.04.19-01.08.05:776][813]OBJ SavePackage: Generating thumbnails for [1] asset(s) in package [/Game/Components/Models/Street_Road/Sidewalk] ([1] browsable assets)...
[2016.04.19-01.08.05:829][813]OBJ SavePackage:     Rendered thumbnail for [Material /Game/Components/Models/Street_Road/Sidewalk.Sidewalk]
[2016.04.19-01.08.05:829][813]OBJ SavePackage: Finished generating thumbnails for package [/Game/Components/Models/Street_Road/Sidewalk]
[2016.04.19-01.08.05:894][813]LogSavePackage: Save=32.252396ms
[2016.04.19-01.08.05:894][813]LogSavePackage: Moving '../../../../../../Users/ray/Documents/FCFM Stuff/Essays, Homework, and Stuff/7mo. Semestre/Videojuegos 2/vj2/Axioma/Saved/Sidewalk_Auto1F777B9AA46C70678FA576991E53D184C.tmp' to '../../../../../../Users/ray/Documents/FCFM Stuff/Essays, Homework, and Stuff/7mo. Semestre/Videojuegos 2/vj2/Axioma/Saved/Autosaves/Game/Components/Models/Street_Road/Sidewalk_Auto1.uasset'
[2016.04.19-01.08.05:900][813]LogSavePackage: Total save time: 67.465011ms
[2016.04.19-01.08.05:900][813]LogSavePackage:Display: Finished SavePackage ../../../../../../Users/ray/Documents/FCFM Stuff/Essays, Homework, and Stuff/7mo. Semestre/Videojuegos 2/vj2/Axioma/Saved/Autosaves/Game/Components/Models/Street_Road/Sidewalk_Auto1.uasset
[2016.04.19-01.08.05:900][813]LogFileHelpers: Auto-saving content packages took 0.626
[2016.04.19-01.08.34:985][729]LogBlueprintUserMessages: Early PlayInEditor Detection: Level '/Game/Axioma.Axioma:PersistentLevel' has LevelScriptBlueprint '/Game/Axioma.Axioma:PersistentLevel.Axioma' with GeneratedClass '/Game/Axioma.Axioma_C' with ClassGeneratedBy '/Game/Axioma.Axioma:PersistentLevel.Axioma'
[2016.04.19-01.08.34:985][729]LogPlayLevel: PlayLevel: No blueprints needed recompiling
[2016.04.19-01.08.34:985][729]PIE: New page: PIE session: Axioma (Apr 18, 2016, 3:08:34 PM)
[2016.04.19-01.08.34:986][729]LogPlayLevel: Creating play world package: /Game/UEDPIE_0_Axioma
[2016.04.19-01.08.35:156][729]LogPlayLevel: PIE: StaticDuplicateObject took: (0.170601s)
[2016.04.19-01.08.35:163][729]LogAIModule: Creating AISystem for world Axioma
[2016.04.19-01.08.35:164][729]LogPlayLevel: PIE: World Init took: (0.008315s)
[2016.04.19-01.08.35:165][729]LogPlayLevel: PIE: Created PIE world by copying editor world from /Game/Axioma.Axioma to /Game/UEDPIE_0_Axioma.Axioma (0.179713s)
[2016.04.19-01.08.35:202][729]LogInit: XAudio2 using 'Altavoces (Realtek High Definition Audio)' : 2 channels at 48 kHz using 32 bits per sample (channel mask 0x3)
[2016.04.19-01.08.35:211][729]LogInit: FAudioDevice initialized.
[2016.04.19-01.08.35:244][729]LogWorld: Game class is 'FirstPersonGameMode_C'
[2016.04.19-01.08.35:403][729]LogWorld: Bringing World /Game/UEDPIE_0_Axioma.Axioma up for play (max tick rate 0) at 2016.04.18-20.08.35
[2016.04.19-01.08.35:403][729]LogActor:Warning: GameSession /Game/UEDPIE_0_Axioma.Axioma:PersistentLevel.GameSession_1 has natively added scene component(s), but none of them were set as the actor's RootComponent - picking one arbitrarily
[2016.04.19-01.08.35:403][729]LogActor:Warning: GameNetworkManager /Game/UEDPIE_0_Axioma.Axioma:PersistentLevel.GameNetworkManager_1 has natively added scene component(s), but none of them were set as the actor's RootComponent - picking one arbitrarily
[2016.04.19-01.08.35:408][729]LogWorld: Bringing up level for play took: 0.163446
[2016.04.19-01.08.35:410][729]PIE: Info Play in editor start time for /Game/UEDPIE_0_Axioma 1.336
[2016.04.19-01.08.35:411][729]LogBlueprintUserMessages: Late PlayInEditor Detection: Level '/Game/Axioma.Axioma:PersistentLevel' has LevelScriptBlueprint '/Game/Axioma.Axioma:PersistentLevel.Axioma' with GeneratedClass '/Game/Axioma.Axioma_C' with ClassGeneratedBy '/Game/Axioma.Axioma:PersistentLevel.Axioma'
[2016.04.19-01.08.38:050][834]LogBlueprintUserMessages: Early EndPlayMap Detection: Level '/Game/Axioma.Axioma:PersistentLevel' has LevelScriptBlueprint '/Game/Axioma.Axioma:PersistentLevel.Axioma' with GeneratedClass '/Game/Axioma.Axioma_C' with ClassGeneratedBy '/Game/Axioma.Axioma:PersistentLevel.Axioma'
[2016.04.19-01.08.38:238][834]LogBlueprintUserMessages: Late EndPlayMap Detection: Level '/Game/Axioma.Axioma:PersistentLevel' has LevelScriptBlueprint '/Game/Axioma.Axioma:PersistentLevel.Axioma' with GeneratedClass '/Game/Axioma.Axioma_C' with ClassGeneratedBy '/Game/Axioma.Axioma:PersistentLevel.Axioma'
[2016.04.19-01.08.38:348][834]LogParticles: Destroying 0 GPU particle simulations for FXSystem 0x0000004CCE1CB560
[2016.04.19-01.08.46:992][138]LogBlueprintUserMessages: Early PlayInEditor Detection: Level '/Game/Axioma.Axioma:PersistentLevel' has LevelScriptBlueprint '/Game/Axioma.Axioma:PersistentLevel.Axioma' with GeneratedClass '/Game/Axioma.Axioma_C' with ClassGeneratedBy '/Game/Axioma.Axioma:PersistentLevel.Axioma'
[2016.04.19-01.08.46:993][138]LogPlayLevel: PlayLevel: No blueprints needed recompiling
[2016.04.19-01.08.46:993][138]PIE: New page: PIE session: Axioma (Apr 18, 2016, 3:08:46 PM)
[2016.04.19-01.08.46:993][138]LogPlayLevel: Creating play world package: /Game/UEDPIE_0_Axioma
[2016.04.19-01.08.47:149][138]LogPlayLevel: PIE: StaticDuplicateObject took: (0.156265s)
[2016.04.19-01.08.47:152][138]LogAIModule: Creating AISystem for world Axioma
[2016.04.19-01.08.47:153][138]LogPlayLevel: PIE: World Init took: (0.003444s)
[2016.04.19-01.08.47:153][138]LogPlayLevel: PIE: Created PIE world by copying editor world from /Game/Axioma.Axioma to /Game/UEDPIE_0_Axioma.Axioma (0.160224s)
[2016.04.19-01.08.47:184][138]LogInit: XAudio2 using 'Altavoces (Realtek High Definition Audio)' : 2 channels at 48 kHz using 32 bits per sample (channel mask 0x3)
[2016.04.19-01.08.47:193][138]LogInit: FAudioDevice initialized.
[2016.04.19-01.08.47:235][138]LogWorld: Game class is 'FirstPersonGameMode_C'
[2016.04.19-01.08.47:523][138]LogWorld: Bringing World /Game/UEDPIE_0_Axioma.Axioma up for play (max tick rate 0) at 2016.04.18-20.08.47
[2016.04.19-01.08.47:523][138]LogActor:Warning: GameSession /Game/UEDPIE_0_Axioma.Axioma:PersistentLevel.GameSession_2 has natively added scene component(s), but none of them were set as the actor's RootComponent - picking one arbitrarily
[2016.04.19-01.08.47:523][138]LogActor:Warning: GameNetworkManager /Game/UEDPIE_0_Axioma.Axioma:PersistentLevel.GameNetworkManager_2 has natively added scene component(s), but none of them were set as the actor's RootComponent - picking one arbitrarily
[2016.04.19-01.08.47:527][138]LogWorld: Bringing up level for play took: 0.289686
[2016.04.19-01.08.47:529][138]PIE: Info Play in editor start time for /Game/UEDPIE_0_Axioma 1.454
[2016.04.19-01.08.47:529][138]LogBlueprintUserMessages: Late PlayInEditor Detection: Level '/Game/Axioma.Axioma:PersistentLevel' has LevelScriptBlueprint '/Game/Axioma.Axioma:PersistentLevel.Axioma' with GeneratedClass '/Game/Axioma.Axioma_C' with ClassGeneratedBy '/Game/Axioma.Axioma:PersistentLevel.Axioma'
[2016.04.19-01.09.45:108][724]LogCharacterMovement: FirstPersonCharacter_C_0 is stuck and failed to move!
[2016.04.19-01.09.45:130][725]LogCharacterMovement: FirstPersonCharacter_C_0 is stuck and failed to move!
[2016.04.19-01.09.45:151][726]LogCharacterMovement: FirstPersonCharacter_C_0 is stuck and failed to move!
[2016.04.19-01.09.45:173][727]LogCharacterMovement: FirstPersonCharacter_C_0 is stuck and failed to move!
[2016.04.19-01.09.45:194][728]LogCharacterMovement: FirstPersonCharacter_C_0 is stuck and failed to move!
[2016.04.19-01.09.45:217][729]LogCharacterMovement: FirstPersonCharacter_C_0 is stuck and failed to move!
[2016.04.19-01.09.45:238][730]LogCharacterMovement: FirstPersonCharacter_C_0 is stuck and failed to move!
[2016.04.19-01.09.45:259][731]LogCharacterMovement: FirstPersonCharacter_C_0 is stuck and failed to move!
[2016.04.19-01.09.45:281][732]LogCharacterMovement: FirstPersonCharacter_C_0 is stuck and failed to move!
[2016.04.19-01.09.45:303][733]LogCharacterMovement: FirstPersonCharacter_C_0 is stuck and failed to move!
[2016.04.19-01.09.45:324][734]LogCharacterMovement: FirstPersonCharacter_C_0 is stuck and failed to move!
[2016.04.19-01.09.45:347][735]LogCharacterMovement: FirstPersonCharacter_C_0 is stuck and failed to move!
[2016.04.19-01.09.45:368][736]LogCharacterMovement: FirstPersonCharacter_C_0 is stuck and failed to move!
[2016.04.19-01.11.05:700][701]LogBlueprintUserMessages: [FirstPersonCharacter_C_0] Gravity Off
[2016.04.19-01.11.29:840][978]LogBlueprintUserMessages: [FirstPersonCharacter_C_0] Gravity On
[2016.04.19-01.11.34:852][191]LogBlueprintUserMessages: [FirstPersonCharacter_C_0] Jetpack On
[2016.04.19-01.12.19:085][255]LogBlueprintUserMessages: [FirstPersonCharacter_C_0] Jetpack Off
[2016.04.19-01.12.50:038][743]LogBlueprintUserMessages: Early EndPlayMap Detection: Level '/Game/Axioma.Axioma:PersistentLevel' has LevelScriptBlueprint '/Game/Axioma.Axioma:PersistentLevel.Axioma' with GeneratedClass '/Game/Axioma.Axioma_C' with ClassGeneratedBy '/Game/Axioma.Axioma:PersistentLevel.Axioma'
[2016.04.19-01.12.50:097][743]LogBlueprintUserMessages: Late EndPlayMap Detection: Level '/Game/Axioma.Axioma:PersistentLevel' has LevelScriptBlueprint '/Game/Axioma.Axioma:PersistentLevel.Axioma' with GeneratedClass '/Game/Axioma.Axioma_C' with ClassGeneratedBy '/Game/Axioma.Axioma:PersistentLevel.Axioma'
[2016.04.19-01.12.50:155][744]LogParticles: Destroying 0 GPU particle simulations for FXSystem 0x0000004CBA4C7BA0
[2016.04.19-01.13.01:120][106]LogEditorViewport: Clicking on Actor (LMB): Landscape (Landscape2)
[2016.04.19-01.13.16:381][562]Cmd: DELETE
[2016.04.19-01.13.16:381][562]Cmd: ACTOR DELETE
[2016.04.19-01.13.17:701][600]Cmd: DELETE
[2016.04.19-01.13.17:701][600]Cmd: ACTOR DELETE
[2016.04.19-01.13.18:461][620]Cmd: DELETE
[2016.04.19-01.13.18:461][620]Cmd: ACTOR DELETE
[2016.04.19-01.16.30:937][525]Cmd: TRANSACTION UNDO
[2016.04.19-01.16.30:938][525]LogEditorTransaction: Undo Add Landscape Spline Control Point
[2016.04.19-01.16.31:089][526]Cmd: UpdateLandscapeEditorData
[2016.04.19-01.16.32:463][567]Cmd: TRANSACTION UNDO
[2016.04.19-01.16.32:463][567]LogEditorTransaction: Undo Add Landscape Spline Control Point
[2016.04.19-01.17.00:203][403]Cmd: TRANSACTION UNDO
[2016.04.19-01.17.00:203][403]LogEditorTransaction: Undo Split Landscape Spline Segment
[2016.04.19-01.17.00:403][404]Cmd: UpdateLandscapeEditorData
[2016.04.19-01.17.00:893][419]Cmd: TRANSACTION UNDO
[2016.04.19-01.17.00:893][419]LogEditorTransaction: Undo Split Landscape Spline Segment
[2016.04.19-01.17.00:968][420]Cmd: UpdateLandscapeEditorData
[2016.04.19-01.17.35:210][519]Cmd: TRANSACTION UNDO
[2016.04.19-01.17.35:210][519]LogEditorTransaction: Undo Split Landscape Spline Segment
[2016.04.19-01.17.35:416][520]Cmd: UpdateLandscapeEditorData
[2016.04.19-01.17.49:070][948]LogBlueprintUserMessages: Early PlayInEditor Detection: Level '/Game/Axioma.Axioma:PersistentLevel' has LevelScriptBlueprint '/Game/Axioma.Axioma:PersistentLevel.Axioma' with GeneratedClass '/Game/Axioma.Axioma_C' with ClassGeneratedBy '/Game/Axioma.Axioma:PersistentLevel.Axioma'
[2016.04.19-01.17.49:070][948]LogPlayLevel: PlayLevel: No blueprints needed recompiling
[2016.04.19-01.17.49:070][948]PIE: New page: PIE session: Axioma (Apr 18, 2016, 3:17:49 PM)
[2016.04.19-01.17.49:070][948]LogPlayLevel: Creating play world package: /Game/UEDPIE_0_Axioma
[2016.04.19-01.17.49:268][948]LogPlayLevel: PIE: StaticDuplicateObject took: (0.198106s)
[2016.04.19-01.17.49:280][948]LogAIModule: Creating AISystem for world Axioma
[2016.04.19-01.17.49:280][948]LogPlayLevel: PIE: World Init took: (0.012170s)
[2016.04.19-01.17.49:281][948]LogPlayLevel: PIE: Created PIE world by copying editor world from /Game/Axioma.Axioma to /Game/UEDPIE_0_Axioma.Axioma (0.211225s)
[2016.04.19-01.17.49:316][948]LogInit: XAudio2 using 'Altavoces (Realtek High Definition Audio)' : 2 channels at 48 kHz using 32 bits per sample (channel mask 0x3)
[2016.04.19-01.17.49:325][948]LogInit: FAudioDevice initialized.
[2016.04.19-01.17.49:361][948]LogWorld: Game class is 'FirstPersonGameMode_C'
[2016.04.19-01.17.49:527][948]LogWorld: Bringing World /Game/UEDPIE_0_Axioma.Axioma up for play (max tick rate 0) at 2016.04.18-20.17.49
[2016.04.19-01.17.49:527][948]LogActor:Warning: GameSession /Game/UEDPIE_0_Axioma.Axioma:PersistentLevel.GameSession_3 has natively added scene component(s), but none of them were set as the actor's RootComponent - picking one arbitrarily
[2016.04.19-01.17.49:527][948]LogActor:Warning: GameNetworkManager /Game/UEDPIE_0_Axioma.Axioma:PersistentLevel.GameNetworkManager_3 has natively added scene component(s), but none of them were set as the actor's RootComponent - picking one arbitrarily
[2016.04.19-01.17.49:531][948]LogWorld: Bringing up level for play took: 0.168293
[2016.04.19-01.17.49:533][948]PIE: Info Play in editor start time for /Game/UEDPIE_0_Axioma 1.458
[2016.04.19-01.17.49:533][948]LogBlueprintUserMessages: Late PlayInEditor Detection: Level '/Game/Axioma.Axioma:PersistentLevel' has LevelScriptBlueprint '/Game/Axioma.Axioma:PersistentLevel.Axioma' with GeneratedClass '/Game/Axioma.Axioma_C' with ClassGeneratedBy '/Game/Axioma.Axioma:PersistentLevel.Axioma'
[2016.04.19-01.19.30:127][676]LogBlueprintUserMessages: Early EndPlayMap Detection: Level '/Game/Axioma.Axioma:PersistentLevel' has LevelScriptBlueprint '/Game/Axioma.Axioma:PersistentLevel.Axioma' with GeneratedClass '/Game/Axioma.Axioma_C' with ClassGeneratedBy '/Game/Axioma.Axioma:PersistentLevel.Axioma'
[2016.04.19-01.19.30:197][676]LogBlueprintUserMessages: Late EndPlayMap Detection: Level '/Game/Axioma.Axioma:PersistentLevel' has LevelScriptBlueprint '/Game/Axioma.Axioma:PersistentLevel.Axioma' with GeneratedClass '/Game/Axioma.Axioma_C' with ClassGeneratedBy '/Game/Axioma.Axioma:PersistentLevel.Axioma'
[2016.04.19-01.19.30:261][676]LogParticles: Destroying 0 GPU particle simulations for FXSystem 0x0000004CA51EC180
[2016.04.19-01.21.00:133][572]LogEditorViewport: Clicking on Actor (LMB): Landscape (Landscape2)
[2016.04.19-01.21.00:915][599]LogEditorViewport: Clicking on Actor (LMB): FirstPersonCharacter_C (FirstPersonCharacter)
[2016.04.19-01.21.01:370][613]LogEditorViewport: Clicking on Actor (double click): FirstPersonCharacter_C (FirstPersonCharacter)
[2016.04.19-01.21.05:483][761]LogEditorViewport: Clicking on Actor (LMB): Landscape (Landscape2)
[2016.04.19-01.21.06:161][784]LogEditorViewport: Clicking on Actor (LMB): FirstPersonCharacter_C (FirstPersonCharacter)
[2016.04.19-01.21.06:437][792]LogEditorViewport: Clicking on Actor (double click): FirstPersonCharacter_C (FirstPersonCharacter)
[2016.04.19-01.21.09:042][888]Cmd: TRANSACTION UNDO
[2016.04.19-01.21.09:042][888]LogEditorTransaction: Undo Clicking on Actors (double-click)
[2016.04.19-01.21.09:330][897]Cmd: TRANSACTION UNDO
[2016.04.19-01.21.09:330][897]LogEditorTransaction: Undo Clicking on Actors
[2016.04.19-01.21.09:569][905]Cmd: TRANSACTION UNDO
[2016.04.19-01.21.09:569][905]LogEditorTransaction: Undo Clicking on Actors
[2016.04.19-01.21.09:817][913]Cmd: TRANSACTION UNDO
[2016.04.19-01.21.09:817][913]LogEditorTransaction: Undo Clicking on Actors (double-click)
[2016.04.19-01.21.10:028][922]Cmd: TRANSACTION UNDO
[2016.04.19-01.21.10:029][922]LogEditorTransaction: Undo Clicking on Actors
[2016.04.19-01.21.11:664][982]LogEditorViewport: Clicking on Actor (LMB): FirstPersonCharacter_C (FirstPersonCharacter)
[2016.04.19-01.21.23:556][235]LogBlueprintUserMessages: Early PlayInEditor Detection: Level '/Game/Axioma.Axioma:PersistentLevel' has LevelScriptBlueprint '/Game/Axioma.Axioma:PersistentLevel.Axioma' with GeneratedClass '/Game/Axioma.Axioma_C' with ClassGeneratedBy '/Game/Axioma.Axioma:PersistentLevel.Axioma'
[2016.04.19-01.21.23:556][235]LogPlayLevel: PlayLevel: No blueprints needed recompiling
[2016.04.19-01.21.23:557][235]PIE: New page: PIE session: Axioma (Apr 18, 2016, 3:21:23 PM)
[2016.04.19-01.21.23:557][235]LogPlayLevel: Creating play world package: /Game/UEDPIE_0_Axioma
[2016.04.19-01.21.23:763][235]LogPlayLevel: PIE: StaticDuplicateObject took: (0.205032s)
[2016.04.19-01.21.23:766][235]LogAIModule: Creating AISystem for world Axioma
[2016.04.19-01.21.23:767][235]LogPlayLevel: PIE: World Init took: (0.003786s)
[2016.04.19-01.21.23:767][235]LogPlayLevel: PIE: Created PIE world by copying editor world from /Game/Axioma.Axioma to /Game/UEDPIE_0_Axioma.Axioma (0.209589s)
[2016.04.19-01.21.23:849][235]LogInit: XAudio2 using 'Altavoces (Realtek High Definition Audio)' : 2 channels at 48 kHz using 32 bits per sample (channel mask 0x3)
[2016.04.19-01.21.23:859][235]LogInit: FAudioDevice initialized.
[2016.04.19-01.21.23:917][235]LogWorld: Game class is 'FirstPersonGameMode_C'
[2016.04.19-01.21.24:479][235]LogWorld: Bringing World /Game/UEDPIE_0_Axioma.Axioma up for play (max tick rate 0) at 2016.04.18-20.21.24
[2016.04.19-01.21.24:479][235]LogActor:Warning: GameSession /Game/UEDPIE_0_Axioma.Axioma:PersistentLevel.GameSession_4 has natively added scene component(s), but none of them were set as the actor's RootComponent - picking one arbitrarily
[2016.04.19-01.21.24:480][235]LogActor:Warning: GameNetworkManager /Game/UEDPIE_0_Axioma.Axioma:PersistentLevel.GameNetworkManager_4 has natively added scene component(s), but none of them were set as the actor's RootComponent - picking one arbitrarily
[2016.04.19-01.21.24:489][235]LogWorld: Bringing up level for play took: 0.569939
[2016.04.19-01.21.24:494][235]PIE: Info Play in editor start time for /Game/UEDPIE_0_Axioma 0.42
[2016.04.19-01.21.24:495][235]LogBlueprintUserMessages: Late PlayInEditor Detection: Level '/Game/Axioma.Axioma:PersistentLevel' has LevelScriptBlueprint '/Game/Axioma.Axioma:PersistentLevel.Axioma' with GeneratedClass '/Game/Axioma.Axioma_C' with ClassGeneratedBy '/Game/Axioma.Axioma:PersistentLevel.Axioma'
[2016.04.19-01.21.32:782][614]LogBlueprintUserMessages: Early EndPlayMap Detection: Level '/Game/Axioma.Axioma:PersistentLevel' has LevelScriptBlueprint '/Game/Axioma.Axioma:PersistentLevel.Axioma' with GeneratedClass '/Game/Axioma.Axioma_C' with ClassGeneratedBy '/Game/Axioma.Axioma:PersistentLevel.Axioma'
[2016.04.19-01.21.32:871][614]LogBlueprintUserMessages: Late EndPlayMap Detection: Level '/Game/Axioma.Axioma:PersistentLevel' has LevelScriptBlueprint '/Game/Axioma.Axioma:PersistentLevel.Axioma' with GeneratedClass '/Game/Axioma.Axioma_C' with ClassGeneratedBy '/Game/Axioma.Axioma:PersistentLevel.Axioma'
[2016.04.19-01.21.32:908][614]LogParticles: Destroying 0 GPU particle simulations for FXSystem 0x0000004CA51EF6A0
[2016.04.19-01.21.58:457][298]Cmd: TRANSACTION UNDO
[2016.04.19-01.21.58:457][298]LogEditorTransaction: Undo Add Landscape Spline Control Point
[2016.04.19-01.21.58:573][299]Cmd: UpdateLandscapeEditorData
[2016.04.19-01.22.07:218][561]Cmd: TRANSACTION UNDO
[2016.04.19-01.22.07:218][561]LogEditorTransaction: Undo Add Landscape Spline Control Point
[2016.04.19-01.22.07:331][562]Cmd: UpdateLandscapeEditorData
[2016.04.19-01.22.09:810][636]Cmd: TRANSACTION UNDO
[2016.04.19-01.22.09:810][636]LogEditorTransaction: Undo Add Landscape Spline Control Point
[2016.04.19-01.22.09:901][637]Cmd: UpdateLandscapeEditorData
[2016.04.19-01.22.14:193][765]Cmd: TRANSACTION UNDO
[2016.04.19-01.22.14:193][765]LogEditorTransaction: Undo Add Landscape Spline Control Point
[2016.04.19-01.22.14:392][766]Cmd: UpdateLandscapeEditorData
[2016.04.19-01.22.20:679][953]Cmd: TRANSACTION UNDO
[2016.04.19-01.22.20:679][953]LogEditorTransaction: Undo Add Landscape Spline Control Point
[2016.04.19-01.22.20:824][954]Cmd: UpdateLandscapeEditorData
[2016.04.19-01.22.21:287][968]Cmd: TRANSACTION UNDO
[2016.04.19-01.22.21:287][968]LogEditorTransaction: Undo Add Landscape Spline Control Point
[2016.04.19-01.22.21:390][969]Cmd: UpdateLandscapeEditorData
[2016.04.19-01.22.28:574][181]Cmd: TRANSACTION UNDO
[2016.04.19-01.22.28:575][181]LogEditorTransaction: Undo Add Landscape Spline Control Point
[2016.04.19-01.22.28:700][182]Cmd: UpdateLandscapeEditorData
[2016.04.19-01.22.29:125][195]Cmd: TRANSACTION UNDO
[2016.04.19-01.22.29:125][195]LogEditorTransaction: Undo Add Landscape Spline Control Point
[2016.04.19-01.22.29:206][196]Cmd: UpdateLandscapeEditorData
[2016.04.19-01.22.33:528][323]Cmd: TRANSACTION UNDO
[2016.04.19-01.22.33:528][323]LogEditorTransaction: Undo Add Landscape Spline Control Point
[2016.04.19-01.22.33:653][324]Cmd: UpdateLandscapeEditorData
[2016.04.19-01.22.36:064][395]Cmd: TRANSACTION UNDO
[2016.04.19-01.22.36:064][395]LogEditorTransaction: Undo Add Landscape Spline Control Point
[2016.04.19-01.22.36:147][396]Cmd: UpdateLandscapeEditorData
[2016.04.19-01.22.36:519][407]Cmd: TRANSACTION UNDO
[2016.04.19-01.22.36:519][407]LogEditorTransaction: Undo Add Landscape Spline Control Point
[2016.04.19-01.22.36:602][408]Cmd: UpdateLandscapeEditorData
[2016.04.19-01.22.38:898][475]Cmd: TRANSACTION UNDO
[2016.04.19-01.22.38:898][475]LogEditorTransaction: Undo Add Landscape Spline Control Point
[2016.04.19-01.22.38:983][476]Cmd: UpdateLandscapeEditorData
[2016.04.19-01.22.39:447][490]Cmd: TRANSACTION UNDO
[2016.04.19-01.22.39:447][490]LogEditorTransaction: Undo Add Landscape Spline Control Point
[2016.04.19-01.22.39:529][491]Cmd: UpdateLandscapeEditorData
[2016.04.19-01.22.41:199][540]Cmd: TRANSACTION UNDO
[2016.04.19-01.22.41:199][540]LogEditorTransaction: Undo Add Landscape Spline Control Point
[2016.04.19-01.22.41:277][541]Cmd: UpdateLandscapeEditorData
[2016.04.19-01.22.41:777][554]LogEditorViewport: Clicking on Actor (CTRL LMB): Landscape (Landscape2)
[2016.04.19-01.22.43:166][595]Cmd: TRANSACTION UNDO
[2016.04.19-01.22.43:166][595]LogEditorTransaction: Undo Add Landscape Spline Control Point
[2016.04.19-01.22.43:436][603]Cmd: TRANSACTION UNDO
[2016.04.19-01.22.43:436][603]LogEditorTransaction: Undo Clicking on Actors
[2016.04.19-01.22.44:157][625]Cmd: TRANSACTION UNDO
[2016.04.19-01.22.44:157][625]LogEditorTransaction: Undo Modify Landscape Spline Control Point
[2016.04.19-01.23.28:575][991]Cmd: DELETE
[2016.04.19-01.23.28:575][991]Cmd: ACTOR DELETE
[2016.04.19-01.23.35:663][213]Cmd: DELETE
[2016.04.19-01.23.35:663][213]Cmd: ACTOR DELETE
[2016.04.19-01.23.45:471][525]LogEditorViewport: Clicking on Actor (LMB): Landscape (Landscape2)
[2016.04.19-01.23.49:610][653]LogEditorViewport: Clicking on Actor (LMB): Landscape (Landscape2)
[2016.04.19-01.23.53:983][786]LogEditorViewport: Clicking on Actor (LMB): Landscape (Landscape2)
[2016.04.19-01.23.58:127][915]LogEditorViewport: Clicking on Actor (LMB): Landscape (Landscape2)
[2016.04.19-01.24.02:337][ 43]LogEditorViewport: Clicking on Actor (LMB): Landscape (Landscape2)
[2016.04.19-01.24.04:923][122]LogEditorViewport: Clicking on Actor (LMB): Landscape (Landscape2)
[2016.04.19-01.24.09:248][254]LogEditorViewport: Clicking on Actor (LMB): Landscape (Landscape2)
[2016.04.19-01.24.15:465][451]LogEditorViewport: Clicking on Actor (LMB): Landscape (Landscape2)
[2016.04.19-01.24.19:465][574]LogEditorViewport: Clicking on Actor (LMB): Landscape (Landscape2)
[2016.04.19-01.24.19:954][587]LogEditorViewport: Clicking on Actor (CTRL LMB): Landscape (Landscape2)
[2016.04.19-01.24.25:522][762]LogEditorViewport: Clicking on Actor (LMB): Landscape (Landscape2)
[2016.04.19-01.24.32:090][963]Cmd: TRANSACTION UNDO
[2016.04.19-01.24.32:091][963]LogEditorTransaction: Undo Add Landscape Spline Control Point
[2016.04.19-01.24.32:295][964]Cmd: UpdateLandscapeEditorData
[2016.04.19-01.24.33:420][999]LogEditorViewport: Clicking on Actor (LMB): Landscape (Landscape2)
[2016.04.19-01.24.37:734][128]LogEditorViewport: Clicking on Actor (LMB): Landscape (Landscape2)
[2016.04.19-01.24.44:518][332]Cmd: TRANSACTION UNDO
[2016.04.19-01.24.44:518][332]LogEditorTransaction: Undo Add Landscape Spline Control Point
[2016.04.19-01.24.44:644][333]Cmd: UpdateLandscapeEditorData
[2016.04.19-01.24.45:023][344]Cmd: TRANSACTION UNDO
[2016.04.19-01.24.45:023][344]LogEditorTransaction: Undo Add Landscape Spline Control Point
[2016.04.19-01.24.45:082][345]Cmd: UpdateLandscapeEditorData
[2016.04.19-01.24.46:673][393]Cmd: TRANSACTION REDO
[2016.04.19-01.24.46:673][393]LogEditorTransaction: Redo Add Landscape Spline Control Point
[2016.04.19-01.24.46:758][394]Cmd: UpdateLandscapeEditorData
[2016.04.19-01.24.47:353][412]LogEditorViewport: Clicking on Actor (LMB): Landscape (Landscape2)
[2016.04.19-01.24.50:996][519]LogEditorViewport: Clicking on Actor (LMB): Landscape (Landscape2)
[2016.04.19-01.25.17:929][336]Cmd: TRANSACTION UNDO
[2016.04.19-01.25.17:929][336]LogEditorTransaction: Undo Split Landscape Spline Segment
[2016.04.19-01.25.18:069][337]Cmd: UpdateLandscapeEditorData
[2016.04.19-01.25.19:501][381]Cmd: TRANSACTION REDO
[2016.04.19-01.25.19:502][381]LogEditorTransaction: Redo Split Landscape Spline Segment
[2016.04.19-01.25.19:571][382]Cmd: UpdateLandscapeEditorData
[2016.04.19-01.25.29:459][681]LogEditorViewport: Clicking on Actor (LMB): Landscape (Landscape2)
[2016.04.19-01.27.04:775][896]LogEditorViewport: Clicking on Actor (LMB): Landscape (Landscape2)
[2016.04.19-01.27.15:394][197]LogEditorViewport: Clicking on Actor (LMB): FirstPersonCharacter_C (FirstPersonCharacter)
[2016.04.19-01.27.17:339][260]LogEditorViewport: Clicking on Actor (LMB): FirstPersonCharacter_C (FirstPersonCharacter)
[2016.04.19-01.27.25:630][422]LogBlueprintUserMessages: Early PlayInEditor Detection: Level '/Game/Axioma.Axioma:PersistentLevel' has LevelScriptBlueprint '/Game/Axioma.Axioma:PersistentLevel.Axioma' with GeneratedClass '/Game/Axioma.Axioma_C' with ClassGeneratedBy '/Game/Axioma.Axioma:PersistentLevel.Axioma'
[2016.04.19-01.27.25:631][422]LogPlayLevel: PlayLevel: No blueprints needed recompiling
[2016.04.19-01.27.25:631][422]PIE: New page: PIE session: Axioma (Apr 18, 2016, 3:27:25 PM)
[2016.04.19-01.27.25:631][422]LogPlayLevel: Creating play world package: /Game/UEDPIE_0_Axioma
[2016.04.19-01.27.25:850][422]LogPlayLevel: PIE: StaticDuplicateObject took: (0.218767s)
[2016.04.19-01.27.25:857][422]LogAIModule: Creating AISystem for world Axioma
[2016.04.19-01.27.25:858][422]LogPlayLevel: PIE: World Init took: (0.007212s)
[2016.04.19-01.27.25:859][422]LogPlayLevel: PIE: Created PIE world by copying editor world from /Game/Axioma.Axioma to /Game/UEDPIE_0_Axioma.Axioma (0.227675s)
[2016.04.19-01.27.25:934][422]LogInit: XAudio2 using 'Altavoces (Realtek High Definition Audio)' : 2 channels at 48 kHz using 32 bits per sample (channel mask 0x3)
[2016.04.19-01.27.25:954][422]LogInit: FAudioDevice initialized.
[2016.04.19-01.27.26:002][422]LogWorld: Game class is 'FirstPersonGameMode_C'
[2016.04.19-01.27.26:337][422]LogWorld: Bringing World /Game/UEDPIE_0_Axioma.Axioma up for play (max tick rate 60) at 2016.04.18-20.27.26
[2016.04.19-01.27.26:337][422]LogActor:Warning: GameSession /Game/UEDPIE_0_Axioma.Axioma:PersistentLevel.GameSession_5 has natively added scene component(s), but none of them were set as the actor's RootComponent - picking one arbitrarily
[2016.04.19-01.27.26:337][422]LogActor:Warning: GameNetworkManager /Game/UEDPIE_0_Axioma.Axioma:PersistentLevel.GameNetworkManager_5 has natively added scene component(s), but none of them were set as the actor's RootComponent - picking one arbitrarily
[2016.04.19-01.27.26:341][422]LogWorld: Bringing up level for play took: 0.337829
[2016.04.19-01.27.26:344][422]PIE: Info Play in editor start time for /Game/UEDPIE_0_Axioma 0.27
[2016.04.19-01.27.26:344][422]LogBlueprintUserMessages: Late PlayInEditor Detection: Level '/Game/Axioma.Axioma:PersistentLevel' has LevelScriptBlueprint '/Game/Axioma.Axioma:PersistentLevel.Axioma' with GeneratedClass '/Game/Axioma.Axioma_C' with ClassGeneratedBy '/Game/Axioma.Axioma:PersistentLevel.Axioma'
[2016.04.19-01.27.59:315][955]LogBlueprintUserMessages: Early EndPlayMap Detection: Level '/Game/Axioma.Axioma:PersistentLevel' has LevelScriptBlueprint '/Game/Axioma.Axioma:PersistentLevel.Axioma' with GeneratedClass '/Game/Axioma.Axioma_C' with ClassGeneratedBy '/Game/Axioma.Axioma:PersistentLevel.Axioma'
[2016.04.19-01.27.59:408][955]LogBlueprintUserMessages: Late EndPlayMap Detection: Level '/Game/Axioma.Axioma:PersistentLevel' has LevelScriptBlueprint '/Game/Axioma.Axioma:PersistentLevel.Axioma' with GeneratedClass '/Game/Axioma.Axioma_C' with ClassGeneratedBy '/Game/Axioma.Axioma:PersistentLevel.Axioma'
[2016.04.19-01.27.59:453][955]LogParticles: Destroying 0 GPU particle simulations for FXSystem 0x0000004CD75EBB00
[2016.04.19-01.28.06:873][ 18]LogTexture:Display: Building textures: Texture2D_30 (BGRA8)
[2016.04.19-01.28.06:937][ 18]LogTexture:Display: Building textures: Texture2D_31 (BGRA8)
[2016.04.19-01.28.11:318][ 18]LogSavePackage: Save=4606.229004ms
[2016.04.19-01.28.11:318][ 18]LogSavePackage: Moving '../../../../../../Users/ray/Documents/FCFM Stuff/Essays, Homework, and Stuff/7mo. Semestre/Videojuegos 2/vj2/Axioma/Saved/Axioma6B0E48534383E975AE28E08212807C49.tmp' to '../../../../../../Users/ray/Documents/FCFM Stuff/Essays, Homework, and Stuff/7mo. Semestre/Videojuegos 2/vj2/Axioma/Content/Axioma.umap'
[2016.04.19-01.28.12:374][ 18]LogSavePackage: Total save time: 5740.128245ms
[2016.04.19-01.28.12:375][ 18]LogSavePackage:Display: Finished SavePackage ../../../../../../Users/ray/Documents/FCFM Stuff/Essays, Homework, and Stuff/7mo. Semestre/Videojuegos 2/vj2/Axioma/Content/Axioma.umap
[2016.04.19-01.28.12:560][ 18]LogFileHelpers: Saving map 'Axioma' took 9.700
[2016.04.19-01.28.13:587][ 18]LogSavePackage: Save=220.939407ms
[2016.04.19-01.28.13:587][ 18]LogSavePackage: Moving '../../../../../../Users/ray/Documents/FCFM Stuff/Essays, Homework, and Stuff/7mo. Semestre/Videojuegos 2/vj2/Axioma/Saved/lambert1779D756344A741F5AFD8C4B5E952A348.tmp' to '../../../../../../Users/ray/Documents/FCFM Stuff/Essays, Homework, and Stuff/7mo. Semestre/Videojuegos 2/vj2/Axioma/Content/Components/Models/Street_Road/lambert1.uasset'
[2016.04.19-01.28.13:612][ 18]LogSavePackage: Total save time: 279.031944ms
[2016.04.19-01.28.13:612][ 18]LogSavePackage:Display: Finished SavePackage ../../../../../../Users/ray/Documents/FCFM Stuff/Essays, Homework, and Stuff/7mo. Semestre/Videojuegos 2/vj2/Axioma/Content/Components/Models/Street_Road/lambert1.uasset
[2016.04.19-01.28.13:665][ 18]LogSavePackage: Save=6.260429ms
[2016.04.19-01.28.13:665][ 18]LogSavePackage: Moving '../../../../../../Users/ray/Documents/FCFM Stuff/Essays, Homework, and Stuff/7mo. Semestre/Videojuegos 2/vj2/Axioma/Saved/Road_Double4943D7F44AD9E5CF22978999853AF09F.tmp' to '../../../../../../Users/ray/Documents/FCFM Stuff/Essays, Homework, and Stuff/7mo. Semestre/Videojuegos 2/vj2/Axioma/Content/Components/Models/Street_Road/Road_Double.uasset'
[2016.04.19-01.28.13:672][ 18]LogSavePackage: Total save time: 39.554164ms
[2016.04.19-01.28.13:672][ 18]LogSavePackage:Display: Finished SavePackage ../../../../../../Users/ray/Documents/FCFM Stuff/Essays, Homework, and Stuff/7mo. Semestre/Videojuegos 2/vj2/Axioma/Content/Components/Models/Street_Road/Road_Double.uasset
[2016.04.19-01.28.13:705][ 18]LogSavePackage: Save=5.958078ms
[2016.04.19-01.28.13:705][ 18]LogSavePackage: Moving '../../../../../../Users/ray/Documents/FCFM Stuff/Essays, Homework, and Stuff/7mo. Semestre/Videojuegos 2/vj2/Axioma/Saved/Road_Single19F4163841E3DFAE66CF31A06110FC8E.tmp' to '../../../../../../Users/ray/Documents/FCFM Stuff/Essays, Homework, and Stuff/7mo. Semestre/Videojuegos 2/vj2/Axioma/Content/Components/Models/Street_Road/Road_Single.uasset'
[2016.04.19-01.28.13:711][ 18]LogSavePackage: Total save time: 26.714701ms
[2016.04.19-01.28.13:711][ 18]LogSavePackage:Display: Finished SavePackage ../../../../../../Users/ray/Documents/FCFM Stuff/Essays, Homework, and Stuff/7mo. Semestre/Videojuegos 2/vj2/Axioma/Content/Components/Models/Street_Road/Road_Single.uasset
[2016.04.19-01.28.13:823][ 18]LogSavePackage: Save=10.582730ms
[2016.04.19-01.28.13:823][ 18]LogSavePackage: Moving '../../../../../../Users/ray/Documents/FCFM Stuff/Essays, Homework, and Stuff/7mo. Semestre/Videojuegos 2/vj2/Axioma/Saved/Sidewalk88F97CA346C9B52E3EC60E8CE06FA372.tmp' to '../../../../../../Users/ray/Documents/FCFM Stuff/Essays, Homework, and Stuff/7mo. Semestre/Videojuegos 2/vj2/Axioma/Content/Components/Models/Street_Road/Sidewalk.uasset'
[2016.04.19-01.28.13:834][ 18]LogSavePackage: Total save time: 110.800918ms
[2016.04.19-01.28.13:834][ 18]LogSavePackage:Display: Finished SavePackage ../../../../../../Users/ray/Documents/FCFM Stuff/Essays, Homework, and Stuff/7mo. Semestre/Videojuegos 2/vj2/Axioma/Content/Components/Models/Street_Road/Sidewalk.uasset
[2016.04.19-01.28.19:707][114]LogWindowsTextInputMethodSystem:Display: IME system now deactivated.
[2016.04.19-01.28.20:329][115]Cmd: QUIT_EDITOR
[2016.04.19-01.28.22:974][115]LogExit: Preparing to exit.
[2016.04.19-01.28.25:690][115]LogExit: Editor shut down
[2016.04.19-01.28.25:691][115]LogExit: Transaction tracking system shut down
[2016.04.19-01.28.26:917][115]LogParticles: Destroying 0 GPU particle simulations for FXSystem 0x0000004CAB55FBA0
[2016.04.19-01.28.26:928][115]LogParticles: Destroying 0 GPU particle simulations for FXSystem 0x0000004CB8DD7920
[2016.04.19-01.28.26:928][115]LogParticles: Destroying 0 GPU particle simulations for FXSystem 0x0000004CB990EFC0
[2016.04.19-01.28.26:928][115]LogParticles: Destroying 0 GPU particle simulations for FXSystem 0x0000004CBA4C5D00
[2016.04.19-01.28.26:928][115]LogParticles: Destroying 0 GPU particle simulations for FXSystem 0x0000004CA998F1A0
[2016.04.19-01.28.34:973][115]LogExit: Object subsystem successfully closed.
[2016.04.19-01.28.37:022][115]LogD3D11RHI: Shutdown
[2016.04.19-01.28.37:022][115]LogD3D11RHI: CleanupD3DDevice
[2016.04.19-01.28.38:028][115]LogD3D11RHI: ~FD3D11DynamicRHI
[2016.04.19-01.28.43:666][115]LogModuleManager: Shutting down and abandoning module CookingStats (200)
[2016.04.19-01.28.43:666][115]LogModuleManager: Shutting down and abandoning module StaticMeshEditor (199)
[2016.04.19-01.28.43:666][115]LogModuleManager: Shutting down and abandoning module CrashTracker (198)
[2016.04.19-01.28.43:666][115]LogModuleManager: Shutting down and abandoning module SceneOutliner (197)
[2016.04.19-01.28.43:666][115]LogModuleManager: Shutting down and abandoning module SuperSearch (196)
[2016.04.19-01.28.43:666][115]LogModuleManager: Shutting down and abandoning module WidgetCarousel (195)
[2016.04.19-01.28.43:688][115]LogModuleManager: Shutting down and abandoning module AddContentDialog (194)
[2016.04.19-01.28.43:760][115]LogModuleManager: Shutting down and abandoning module EditorWidgets (193)
[2016.04.19-01.28.43:760][115]LogModuleManager: Shutting down and abandoning module CollectionManager (192)
[2016.04.19-01.28.43:876][115]LogModuleManager: Shutting down and abandoning module StatsViewer (191)
[2016.04.19-01.28.43:924][115]LogModuleManager: Shutting down and abandoning module FoliageEdit (190)
[2016.04.19-01.28.44:119][115]LogModuleManager: Shutting down and abandoning module LandscapeEditor (189)
[2016.04.19-01.28.44:234][115]LogModuleManager: Shutting down and abandoning module ActorPickerMode (188)
[2016.04.19-01.28.44:234][115]LogModuleManager: Shutting down and abandoning module GeometryMode (187)
[2016.04.19-01.28.44:234][115]LogModuleManager: Shutting down and abandoning module TextureAlignMode (186)
[2016.04.19-01.28.44:234][115]LogModuleManager: Shutting down and abandoning module BspMode (185)
[2016.04.19-01.28.44:234][115]LogModuleManager: Shutting down and abandoning module PlacementMode (184)
[2016.04.19-01.28.44:234][115]LogModuleManager: Shutting down and abandoning module AutomationWorker (183)
[2016.04.19-01.28.44:234][115]LogModuleManager: Shutting down and abandoning module CharacterAI (182)
[2016.04.19-01.28.44:234][115]LogModuleManager: Shutting down and abandoning module SmartSnapping (181)
[2016.04.19-01.28.44:234][115]LogModuleManager: Shutting down and abandoning module ViewportSnapping (180)
[2016.04.19-01.28.44:234][115]LogModuleManager: Shutting down and abandoning module LogVisualizer (179)
[2016.04.19-01.28.45:131][115]LogModuleManager: Shutting down and abandoning module GameProjectGeneration (178)
[2016.04.19-01.28.45:282][115]LogModuleManager: Shutting down and abandoning module IntroTutorials (177)
[2016.04.19-01.28.45:334][115]LogModuleManager: Shutting down and abandoning module EditorLiveStreaming (176)
[2016.04.19-01.28.45:334][115]LogModuleManager: Shutting down and abandoning module IOSPlatformEditor (175)
[2016.04.19-01.28.45:356][115]LogModuleManager: Shutting down and abandoning module HTML5PlatformEditor (174)
[2016.04.19-01.28.45:356][115]LogModuleManager: Shutting down and abandoning module AndroidDeviceDetection (173)
[2016.04.19-01.28.46:307][115]LogModuleManager: Shutting down and abandoning module AndroidPlatformEditor (172)
[2016.04.19-01.28.46:307][115]LogModuleManager: Shutting down and abandoning module IOSRuntimeSettings (171)
[2016.04.19-01.28.46:307][115]LogModuleManager: Shutting down and abandoning module AndroidRuntimeSettings (170)
[2016.04.19-01.28.46:307][115]LogModuleManager: Shutting down and abandoning module MergeActors (169)
[2016.04.19-01.28.46:350][115]LogModuleManager: Shutting down and abandoning module SizeMap (168)
[2016.04.19-01.28.46:350][115]LogModuleManager: Shutting down and abandoning module TreeMap (167)
[2016.04.19-01.28.46:421][115]LogModuleManager: Shutting down and abandoning module ReferenceViewer (166)
[2016.04.19-01.28.46:463][115]LogModuleManager: Shutting down and abandoning module LocalizationService (165)
[2016.04.19-01.28.46:494][115]LogModuleManager: Shutting down and abandoning module LocalizationDashboard (164)
[2016.04.19-01.28.46:564][115]LogModuleManager: Shutting down and abandoning module HardwareTargeting (163)
[2016.04.19-01.28.46:589][115]LogModuleManager: Shutting down and abandoning module DeviceProfileEditor (162)
[2016.04.19-01.28.46:633][115]LogModuleManager: Shutting down and abandoning module UndoHistory (161)
[2016.04.19-01.28.46:660][115]LogModuleManager: Shutting down and abandoning module GameplayTagsEditor (160)
[2016.04.19-01.28.46:681][115]LogModuleManager: Shutting down and abandoning module UserFeedback (159)
[2016.04.19-01.28.46:681][115]LogModuleManager: Shutting down and abandoning module XmlParser (158)
[2016.04.19-01.28.46:717][115]LogModuleManager: Shutting down and abandoning module Blutility (157)
[2016.04.19-01.28.46:717][115]LogModuleManager: Shutting down and abandoning module ProjectTargetPlatformEditor (156)
[2016.04.19-01.28.46:747][115]LogModuleManager: Shutting down and abandoning module ProjectSettingsViewer (155)
[2016.04.19-01.28.46:747][115]LogModuleManager: Shutting down and abandoning module InputBindingEditor (154)
[2016.04.19-01.28.46:861][115]LogModuleManager: Shutting down and abandoning module EditorSettingsViewer (153)
[2016.04.19-01.28.46:861][115]LogModuleManager: Shutting down and abandoning module SettingsEditor (152)
[2016.04.19-01.28.46:980][115]LogModuleManager: Shutting down and abandoning module ProjectLauncher (151)
[2016.04.19-01.28.47:056][115]LogModuleManager: Shutting down and abandoning module SessionFrontend (150)
[2016.04.19-01.28.47:130][115]LogModuleManager: Shutting down and abandoning module ProfilerClient (149)
[2016.04.19-01.28.47:183][115]LogModuleManager: Shutting down and abandoning module TargetDeviceServices (148)
[2016.04.19-01.28.47:183][115]LogModuleManager: Shutting down and abandoning module DeviceManager (147)
[2016.04.19-01.28.47:224][115]LogModuleManager: Shutting down and abandoning module AutomationController (146)
[2016.04.19-01.28.47:284][115]LogModuleManager: Shutting down and abandoning module AutomationWindow (145)
[2016.04.19-01.28.47:344][115]LogModuleManager: Shutting down and abandoning module Layers (144)
[2016.04.19-01.28.47:493][115]LogModuleManager: Shutting down and abandoning module ComponentVisualizers (143)
[2016.04.19-01.28.47:493][115]LogModuleManager: Shutting down and abandoning module DetailCustomizations (142)
[2016.04.19-01.28.47:493][115]LogModuleManager: Shutting down and abandoning module PackagesDialog (141)
[2016.04.19-01.28.47:493][115]LogModuleManager: Shutting down and abandoning module Persona (140)
[2016.04.19-01.28.47:662][115]LogModuleManager: Shutting down and abandoning module Kismet (139)
[2016.04.19-01.28.47:750][115]LogModuleManager: Shutting down and abandoning module GraphEditor (138)
[2016.04.19-01.28.47:924][115]LogModuleManager: Shutting down and abandoning module ClassViewer (137)
[2016.04.19-01.28.47:954][115]LogModuleManager: Shutting down and abandoning module Toolbox (136)
[2016.04.19-01.28.47:954][115]LogModuleManager: Shutting down and abandoning module ModuleUI (135)
[2016.04.19-01.28.48:014][115]LogModuleManager: Shutting down and abandoning module MovieSceneTools (134)
[2016.04.19-01.28.48:116][115]LogModuleManager: Shutting down and abandoning module OutputLog (133)
[2016.04.19-01.28.48:116][115]LogModuleManager: Shutting down and abandoning module GammaUI (132)
[2016.04.19-01.28.48:134][115]LogModuleManager: Shutting down and abandoning module Documentation (131)
[2016.04.19-01.28.48:134][115]LogModuleManager: Shutting down and abandoning module GameLiveStreaming (130)
[2016.04.19-01.28.48:134][115]LogModuleManager: Shutting down and abandoning module StreamingPauseRendering (129)
[2016.04.19-01.28.48:134][115]LogModuleManager: Shutting down and abandoning module AnalyticsET (128)
[2016.04.19-01.28.48:134][115]LogModuleManager: Shutting down and abandoning module Analytics (127)
[2016.04.19-01.28.48:134][115]LogModuleManager: Shutting down and abandoning module AITestSuite (126)
[2016.04.19-01.28.48:205][115]LogModuleManager: Shutting down and abandoning module GameplayDebugger (125)
[2016.04.19-01.28.48:273][115]LogModuleManager: Shutting down and abandoning module AIModule (124)
[2016.04.19-01.28.48:273][115]LogModuleManager: Shutting down and abandoning module ProfilerService (123)
[2016.04.19-01.28.48:426][115]LogModuleManager: Shutting down and abandoning module TaskGraph (122)
[2016.04.19-01.28.48:585][115]LogModuleManager: Shutting down and abandoning module SlateRemote (121)
[2016.04.19-01.28.48:585][115]LogModuleManager: Shutting down and abandoning module SteamVRController (120)
[2016.04.19-01.28.48:585][115]LogModuleManager: Shutting down and abandoning module SteamVR (119)
[2016.04.19-01.28.48:585][115]LogModuleManager: Shutting down and abandoning module ProceduralMeshComponent (118)
[2016.04.19-01.28.48:585][115]LogModuleManager: Shutting down and abandoning module OculusLibrary (117)
[2016.04.19-01.28.48:585][115]LogModuleManager: Shutting down and abandoning module OculusInput (116)
[2016.04.19-01.28.48:585][115]LogModuleManager: Shutting down and abandoning module LeapMotionController (115)
[2016.04.19-01.28.48:882][115]LogModuleManager: Shutting down and abandoning module CustomMeshComponent (114)
[2016.04.19-01.28.48:882][115]LogModuleManager: Shutting down and abandoning module CableComponent (113)
[2016.04.19-01.28.48:915][115]LogModuleManager: Shutting down and abandoning module ArchVisCharacter (112)
[2016.04.19-01.28.48:915][115]LogModuleManager: Shutting down and abandoning module MessagingDebugger (111)
[2016.04.19-01.28.49:117][115]LogModuleManager: Shutting down and abandoning module MediaPlayerEditor (110)
[2016.04.19-01.28.49:241][115]LogModuleManager: Shutting down and abandoning module HTML5Networking (109)
[2016.04.19-01.28.49:241][115]LogModuleManager: Shutting down and abandoning module SpeedTreeImporter (108)
[2016.04.19-01.28.49:241][115]LogModuleManager: Shutting down and abandoning module PluginBrowser (107)
[2016.04.19-01.28.49:303][115]LogModuleManager: Shutting down and abandoning module EpicSurvey (106)
[2016.04.19-01.28.49:340][115]LogModuleManager: Shutting down and abandoning module DesktopPlatform (105)
[2016.04.19-01.28.49:384][115]LogModuleManager: Shutting down and abandoning module VisualStudioSourceCodeAccess (104)
[2016.04.19-01.28.49:417][115]LogModuleManager: Shutting down and abandoning module UObjectPlugin (103)
[2016.04.19-01.28.49:417][115]LogModuleManager: Shutting down and abandoning module SubversionSourceControl (102)
[2016.04.19-01.28.49:457][115]LogModuleManager: Shutting down and abandoning module PerforceSourceControl (101)
[2016.04.19-01.28.49:789][115]LogModuleManager: Shutting down and abandoning module SourceControl (100)
[2016.04.19-01.28.49:852][115]LogModuleManager: Shutting down and abandoning module GitSourceControl (99)
[2016.04.19-01.28.49:990][115]LogModuleManager: Shutting down and abandoning module LightPropagationVolumeEditor (98)
[2016.04.19-01.28.49:990][115]LogModuleManager: Shutting down and abandoning module PaperTiledImporter (97)
[2016.04.19-01.28.50:018][115]LogModuleManager: Shutting down and abandoning module PaperSpriteSheetImporter (96)
[2016.04.19-01.28.50:018][115]LogModuleManager: Shutting down and abandoning module MeshPaint (95)
[2016.04.19-01.28.50:018][115]LogModuleManager: Shutting down and abandoning module SlateReflector (94)
[2016.04.19-01.28.50:141][115]LogModuleManager: Shutting down and abandoning module HotReload (93)
[2016.04.19-01.28.50:167][115]LogModuleManager: Shutting down and abandoning module MainFrame (92)
[2016.04.19-01.28.50:167][115]LogModuleManager: Shutting down and abandoning module LevelEditor (91)
[2016.04.19-01.28.50:192][115]LogModuleManager: Shutting down and abandoning module DirectoryWatcher (90)
[2016.04.19-01.28.50:193][115]LogModuleManager: Shutting down and abandoning module AssetRegistry (89)
[2016.04.19-01.28.50:324][115]LogModuleManager: Shutting down and abandoning module ContentBrowser (88)
[2016.04.19-01.28.50:325][115]LogModuleManager: Shutting down and abandoning module Paper2DEditor (87)
[2016.04.19-01.28.51:761][115]LogModuleManager: Shutting down and abandoning module UdpMessaging (86)
[2016.04.19-01.28.51:862][115]LogModuleManager: Shutting down and abandoning module LightPropagationVolumeRuntime (85)
[2016.04.19-01.28.51:862][115]LogModuleManager: Shutting down and abandoning module Paper2D (84)
[2016.04.19-01.28.52:051][115]LogModuleManager: Shutting down and abandoning module WindowsMoviePlayer (83)
[2016.04.19-01.28.52:097][115]LogModuleManager: Shutting down and abandoning module Media (82)
[2016.04.19-01.28.52:097][115]LogModuleManager: Shutting down and abandoning module WmfMedia (81)
[2016.04.19-01.28.52:135][115]LogModuleManager: Shutting down and abandoning module OnlineBlueprintSupport (80)
[2016.04.19-01.28.52:135][115]LogModuleManager: Shutting down and abandoning module GameplayTasksEditor (79)
[2016.04.19-01.28.52:135][115]LogModuleManager: Shutting down and abandoning module PropertyEditor (78)
[2016.04.19-01.28.52:135][115]LogModuleManager: Shutting down and abandoning module BehaviorTreeEditor (77)
[2016.04.19-01.28.52:536][115]LogModuleManager: Shutting down and abandoning module FunctionalTesting (76)
[2016.04.19-01.28.52:536][115]LogModuleManager: Shutting down and abandoning module CollisionAnalyzer (75)
[2016.04.19-01.28.52:555][115]LogModuleManager: Shutting down and abandoning module WorkspaceMenuStructure (74)
[2016.04.19-01.28.52:555][115]LogModuleManager: Shutting down and abandoning module MessageLog (73)
[2016.04.19-01.28.52:555][115]LogModuleManager: Shutting down and abandoning module Sequencer (72)
[2016.04.19-02.02.20:006][115]LogModuleManager: Shutting down and abandoning module AssetTools (71)
[2016.04.19-02.02.20:953][115]LogModuleManager: Shutting down and abandoning module UMGEditor (70)
[2016.04.19-02.02.22:317][115]LogModuleManager: Shutting down and abandoning module UMG (69)
[2016.04.19-02.02.22:317][115]LogModuleManager: Shutting down and abandoning module Slate (68)
[2016.04.19-02.02.22:317][115]LogModuleManager: Shutting down and abandoning module EditorStyle (67)
[2016.04.19-02.02.22:493][115]LogModuleManager: Shutting down and abandoning module SessionServices (66)
[2016.04.19-02.02.22:493][115]LogModuleManager: Shutting down and abandoning module SourceCodeAccess (65)
[2016.04.19-02.02.22:493][115]LogModuleManager: Shutting down and abandoning module HeadMountedDisplay (64)
[2016.04.19-02.02.22:493][115]LogModuleManager: Shutting down and abandoning module XAudio2 (63)
[2016.04.19-02.02.22:493][115]LogModuleManager: Shutting down and abandoning module Networking (61)
[2016.04.19-02.02.22:493][115]LogModuleManager: Shutting down and abandoning module Core (60)
[2016.04.19-02.02.22:493][115]LogModuleManager: Shutting down and abandoning module KismetCompiler (59)
[2016.04.19-02.02.22:493][115]LogModuleManager: Shutting down and abandoning module PhysXFormats (58)
[2016.04.19-02.02.22:493][115]LogModuleManager: Shutting down and abandoning module MeshUtilities (57)
[2016.04.19-02.02.22:529][115]LogModuleManager: Shutting down and abandoning module DerivedDataCache (56)
[2016.04.19-02.02.22:660][115]LogDerivedDataCache: Shutdown
[2016.04.19-02.02.22:660][115]LogModuleManager: Shutting down and abandoning module ShaderFormatOpenGL (55)
[2016.04.19-02.02.22:968][115]LogModuleManager: Shutting down and abandoning module ShaderFormatD3D (54)
[2016.04.19-02.02.23:489][115]LogModuleManager: Shutting down and abandoning module MetalShaderFormat (53)
[2016.04.19-02.02.23:609][115]LogModuleManager: Shutting down and abandoning module TextureFormatUncompressed (52)
[2016.04.19-02.02.23:609][115]LogModuleManager: Shutting down and abandoning module TextureFormatPVR (51)
[2016.04.19-02.02.23:750][115]LogModuleManager: Shutting down and abandoning module TextureFormatIntelISPCTexComp (50)
[2016.04.19-02.02.24:116][115]LogModuleManager: Shutting down and abandoning module TextureFormatDXT (49)
[2016.04.19-02.02.24:144][115]LogModuleManager: Shutting down and abandoning module ImageWrapper (48)
[2016.04.19-02.02.24:144][115]LogModuleManager: Shutting down and abandoning module TextureFormatASTC (47)
[2016.04.19-02.02.24:144][115]LogModuleManager: Shutting down and abandoning module TextureFormatAndroid (46)
[2016.04.19-02.02.24:144][115]LogModuleManager: Shutting down and abandoning module AudioFormatOpus (45)
[2016.04.19-02.02.24:266][115]LogModuleManager: Shutting down and abandoning module AudioFormatOgg (44)
[2016.04.19-02.02.24:324][115]LogModuleManager: Shutting down and abandoning module AudioFormatADPCM (43)
[2016.04.19-02.02.24:477][115]LogModuleManager: Shutting down and abandoning module LinuxTargetPlatform (42)
[2016.04.19-02.02.24:477][115]LogModuleManager: Shutting down and abandoning module LinuxServerTargetPlatform (41)
[2016.04.19-02.02.24:552][115]LogModuleManager: Shutting down and abandoning module LinuxNoEditorTargetPlatform (40)
[2016.04.19-02.02.24:565][115]LogModuleManager: Shutting down and abandoning module Messaging (39)
[2016.04.19-02.02.24:565][115]LogModuleManager: Shutting down and abandoning module IOSTargetPlatform (38)
[2016.04.19-02.02.24:565][115]LogModuleManager: Shutting down and abandoning module HTML5TargetPlatform (37)
[2016.04.19-02.02.24:565][115]LogModuleManager: Shutting down and abandoning module Android_PVRTCTargetPlatform (36)
[2016.04.19-02.02.24:565][115]LogModuleManager: Shutting down and abandoning module Android_MultiTargetPlatform (35)
[2016.04.19-02.02.24:565][115]LogModuleManager: Shutting down and abandoning module Android_ETC2TargetPlatform (34)
[2016.04.19-02.02.24:565][115]LogModuleManager: Shutting down and abandoning module Android_ETC1TargetPlatform (33)
[2016.04.19-02.02.24:565][115]LogModuleManager: Shutting down and abandoning module Android_DXTTargetPlatform (32)
[2016.04.19-02.02.24:565][115]LogModuleManager: Shutting down and abandoning module Android_ATCTargetPlatform (31)
[2016.04.19-02.02.24:565][115]LogModuleManager: Shutting down and abandoning module Android_ASTCTargetPlatform (30)
[2016.04.19-02.02.24:565][115]LogModuleManager: Shutting down and abandoning module AndroidTargetPlatform (29)
[2016.04.19-02.02.24:565][115]LogModuleManager: Shutting down and abandoning module WindowsTargetPlatform (28)
[2016.04.19-02.02.24:566][115]LogModuleManager: Shutting down and abandoning module WindowsServerTargetPlatform (27)
[2016.04.19-02.02.24:609][115]LogModuleManager: Shutting down and abandoning module WindowsNoEditorTargetPlatform (26)
[2016.04.19-02.02.24:611][115]LogModuleManager: Shutting down and abandoning module WindowsClientTargetPlatform (25)
[2016.04.19-02.02.24:745][115]LogModuleManager: Shutting down and abandoning module AllDesktopTargetPlatform (24)
[2016.04.19-02.02.24:745][115]LogModuleManager: Shutting down and abandoning module TargetPlatform (23)
[2016.04.19-02.02.24:745][115]LogModuleManager: Shutting down and abandoning module InputCore (22)
[2016.04.19-02.02.24:745][115]LogModuleManager: Shutting down and abandoning module Settings (21)
[2016.04.19-02.02.24:745][115]LogModuleManager: Shutting down and abandoning module OnlineSubsystem (19)
[2016.04.19-02.02.24:745][115]LogModuleManager: Shutting down and abandoning module HTTP (18)
[2016.04.19-02.02.25:747][115]LogModuleManager: Shutting down and abandoning module XMPP (17)
[2016.04.19-02.02.25:847][115]LogModuleManager: Shutting down and abandoning module OculusRift (16)
[2016.04.19-02.02.25:979][115]LogModuleManager: Shutting down and abandoning module ExampleDeviceProfileSelector (15)
[2016.04.19-02.02.25:979][115]LogModuleManager: Shutting down and abandoning module TextureCompressor (14)
[2016.04.19-02.02.25:979][115]LogModuleManager: Shutting down and abandoning module ShaderCore (13)
[2016.04.19-02.02.25:979][115]LogModuleManager: Shutting down and abandoning module Landscape (12)
[2016.04.19-02.02.25:979][115]LogModuleManager: Shutting down and abandoning module SlateRHIRenderer (11)
[2016.04.19-02.02.26:049][115]LogModuleManager: Shutting down and abandoning module OpenGLDrv (10)
[2016.04.19-02.02.26:122][115]LogModuleManager: Shutting down and abandoning module D3D11RHI (9)
[2016.04.19-02.02.26:122][115]LogModuleManager: Shutting down and abandoning module AnimGraphRuntime (8)
[2016.04.19-02.02.26:176][115]LogModuleManager: Shutting down and abandoning module Renderer (7)
[2016.04.19-02.02.26:176][115]LogModuleManager: Shutting down and abandoning module Engine (6)
[2016.04.19-02.02.26:176][115]LogModuleManager: Shutting down and abandoning module CoreUObject (5)
[2016.04.19-02.02.26:176][115]LogModuleManager: Shutting down and abandoning module NetworkFile (4)
[2016.04.19-02.02.26:278][115]LogModuleManager: Shutting down and abandoning module StreamingFile (3)
[2016.04.19-02.02.26:319][115]LogModuleManager: Shutting down and abandoning module SandboxFile (2)
[2016.04.19-02.02.26:366][115]LogModuleManager: Shutting down and abandoning module PakFile (1)
[2016.04.19-02.02.26:398][115]LogExit: Exiting.
[2016.04.19-02.02.26:399][115]Log file closed, 04/18/16 21:02:26
