[2016.04.08-07.14.31:185][  0]Log file open, 04/08/16 02:14:31
[2016.04.08-07.14.31:185][  0]LogInit:Display: Running engine for game: Axioma
[2016.04.08-07.14.31:185][  0]LogPlatformFile: Not using cached read wrapper
[2016.04.08-07.14.31:185][  0]LogInit:Display: RandInit(1535053060) SRandInit(1535053061).
[2016.04.08-07.14.31:185][  0]LogTaskGraph: Started task graph with 4 named threads and 5 total threads.
[2016.04.08-07.14.31:185][  0]LogStats: Stats thread started at 3.721639
[2016.04.08-07.14.31:185][  0]LogInit: Version: 4.10.4-2872498+++depot+UE4-Releases+4.10
[2016.04.08-07.14.31:185][  0]LogInit: API Version: 2758231
[2016.04.08-07.14.31:185][  0]LogInit: Compiled (64-bit): Feb 18 2016 15:47:04
[2016.04.08-07.14.31:185][  0]LogInit: Compiled with Visual C++: 19.00.23026.00
[2016.04.08-07.14.31:185][  0]LogInit: Build Configuration: Development
[2016.04.08-07.14.31:185][  0]LogInit: Branch Name: ++depot+UE4-Releases+4.10
[2016.04.08-07.14.31:185][  0]LogInit: Command line:  
[2016.04.08-07.14.31:185][  0]LogInit: Base directory: C:/Program Files (x86)/Epic Games/4.10/Engine/Binaries/Win64/
[2016.04.08-07.14.31:185][  0]LogInit: Rocket: 1
[2016.04.08-07.14.31:312][  0]LogInit: Using libcurl 7.41.0
[2016.04.08-07.14.31:312][  0]LogInit:  - built for x86_64-pc-win32
[2016.04.08-07.14.31:312][  0]LogInit:  - supports SSL with WinSSL
[2016.04.08-07.14.31:312][  0]LogInit:  - other features:
[2016.04.08-07.14.31:312][  0]LogInit:      CURL_VERSION_SSL
[2016.04.08-07.14.31:312][  0]LogInit:      CURL_VERSION_IPV6
[2016.04.08-07.14.31:312][  0]LogInit:      CURL_VERSION_ASYNCHDNS
[2016.04.08-07.14.31:312][  0]LogInit:      CURL_VERSION_LARGEFILE
[2016.04.08-07.14.31:312][  0]LogInit:      CURL_VERSION_IDN
[2016.04.08-07.14.31:312][  0]LogInit:  CurlRequestOptions (configurable via config and command line):
[2016.04.08-07.14.31:312][  0]LogInit:  - bVerifyPeer = true  - Libcurl will verify peer certificate
[2016.04.08-07.14.31:312][  0]LogInit:  - bUseHttpProxy = false  - Libcurl will NOT use HTTP proxy
[2016.04.08-07.14.31:312][  0]LogInit:  - bDontReuseConnections = false  - Libcurl will reuse connections
[2016.04.08-07.14.31:312][  0]LogInit:  - CertBundlePath = nullptr  - Libcurl will use whatever was configured at build time.
[2016.04.08-07.14.31:398][  0]LogInit: Presizing for 0 objects not considered by GC, pre-allocating 0 bytes.
[2016.04.08-07.14.31:405][  0]LogInit: Object subsystem initialized
[2016.04.08-07.14.31:406][  0]LogInit: Selected Device Profile: [Windows]
[2016.04.08-07.14.31:406][  0]LogInit: Applying CVar settings loaded from the selected device profile: [Windows]
[2016.04.08-07.14.31:531][  0]LogInit: Computer: LAPTOP-RAY
[2016.04.08-07.14.31:531][  0]LogInit: User: ray
[2016.04.08-07.14.31:531][  0]LogInit: CPU Page size=4096, Cores=2
[2016.04.08-07.14.31:531][  0]LogInit: High frequency timer resolution =2.338334 MHz
[2016.04.08-07.14.31:531][  0]LogMemory: Memory total: Physical=3.9GB (4GB approx)
[2016.04.08-07.14.31:531][  0]LogMemory: Platform Memory Stats for Windows
[2016.04.08-07.14.31:531][  0]LogMemory: Process Physical Memory: 54.93 MB used, 54.93 MB peak
[2016.04.08-07.14.31:531][  0]LogMemory: Process Virtual Memory: 55.39 MB used, 55.39 MB peak
[2016.04.08-07.14.31:531][  0]LogMemory: Physical Memory: 2523.35 MB used, 3976.27 MB total
[2016.04.08-07.14.31:531][  0]LogMemory: Virtual Memory: 364.53 MB used, 134217728.00 MB total
[2016.04.08-07.14.31:932][  0]LogTextLocalizationManager: No specific translations for ('en-US') exist, so ('en') translations will be used.
[2016.04.08-07.14.33:420][  0]LogD3D11RHI: Found D3D11 adapter 0: Intel(R) HD Graphics Family (Feature Level 11_0)
[2016.04.08-07.14.33:420][  0]LogD3D11RHI: Adapter has 32MB of dedicated video memory, 0MB of dedicated system memory, and 1760MB of shared system memory, 1 output[s]
[2016.04.08-07.14.33:450][  0]LogD3D11RHI: Found D3D11 adapter 1: Microsoft Basic Render Driver (Feature Level 11_0)
[2016.04.08-07.14.33:450][  0]LogD3D11RHI: Adapter has 0MB of dedicated video memory, 0MB of dedicated system memory, and 256MB of shared system memory, 0 output[s]
[2016.04.08-07.14.33:450][  0]LogD3D11RHI: Chosen D3D11 Adapter Id = 0
[2016.04.08-07.14.33:492][  0]LogD3D11RHI: !Direct3DDevice
[2016.04.08-07.14.33:529][  0]LogRHI: Texture pool is 638 MB (70% of 912 MB)
[2016.04.08-07.14.33:536][  0]LogD3D11RHI: Async texture creation enabled
[2016.04.08-07.14.33:956][  0]LogShaderCompilers: Guid format shader working directory is -71 characters bigger than the processId version (../../../../../../Users/ray/Documents/FCFM Stuff/Essays, Homework, and Stuff/7mo. Semestre/Videojuegos 2/vj2/Axioma/Intermediate/Shaders/WorkingDirectory/9912/).
[2016.04.08-07.14.33:956][  0]LogShaderCompilers: Cleaned the shader compiler working directory 'C:/Users/ray/AppData/Local/Temp/UnrealShaderWorkingDir/B74A4A964C634449C26053A96E6578D1/'.
[2016.04.08-07.14.33:956][  0]LogShaderCompilers:Display: Using Local Shader Compiler.
[2016.04.08-07.14.48:081][  0]LogTemp:Display: Loaded TP AllDesktopTargetPlatform
[2016.04.08-07.14.48:122][  0]LogTemp:Display: Loaded TP WindowsClientTargetPlatform
[2016.04.08-07.14.48:186][  0]LogTemp:Display: Loaded TP WindowsNoEditorTargetPlatform
[2016.04.08-07.14.48:240][  0]LogTemp:Display: Loaded TP WindowsServerTargetPlatform
[2016.04.08-07.14.48:284][  0]LogTemp:Display: Loaded TP WindowsTargetPlatform
[2016.04.08-07.14.48:357][  0]LogTemp:Display: Loaded TP AndroidTargetPlatform
[2016.04.08-07.14.48:394][  0]LogTemp:Display: Loaded TP Android_ASTCTargetPlatform
[2016.04.08-07.14.48:469][  0]LogTemp:Display: Loaded TP Android_ATCTargetPlatform
[2016.04.08-07.14.48:502][  0]LogTemp:Display: Loaded TP Android_DXTTargetPlatform
[2016.04.08-07.14.48:540][  0]LogTemp:Display: Loaded TP Android_ETC1TargetPlatform
[2016.04.08-07.14.48:574][  0]LogTemp:Display: Loaded TP Android_ETC2TargetPlatform
[2016.04.08-07.14.48:604][  0]LogTemp:Display: Loaded TP Android_MultiTargetPlatform
[2016.04.08-07.14.48:604][  0]LogTemp:Display: Loaded TP Android_PVRTCTargetPlatform
[2016.04.08-07.14.48:612][  0]LogTemp:Display: Loaded TP HTML5TargetPlatform
[2016.04.08-07.14.48:812][  0]LogTemp:Display: Loaded TP IOSTargetPlatform
[2016.04.08-07.14.48:873][  0]LogTemp:Display: Loaded TP LinuxNoEditorTargetPlatform
[2016.04.08-07.14.48:883][  0]LogTemp:Display: Loaded TP LinuxServerTargetPlatform
[2016.04.08-07.14.48:956][  0]LogTemp:Display: Loaded TP LinuxTargetPlatform
[2016.04.08-07.14.48:956][  0]LogTargetPlatformManager:Display: Building Assets For Windows
[2016.04.08-07.14.50:508][  0]LogDerivedDataCache:Display: Max Cache Size: 512 MB
[2016.04.08-07.14.51:092][  0]LogDerivedDataCache: Loaded boot cache 0.57s 41MB C:/Users/ray/AppData/Local/UnrealEngine/4.10/DerivedDataCache/Boot.ddc.
[2016.04.08-07.14.51:093][  0]LogDerivedDataCache:Display: Loaded Boot cache: C:/Users/ray/AppData/Local/UnrealEngine/4.10/DerivedDataCache/Boot.ddc
[2016.04.08-07.14.51:093][  0]LogDerivedDataCache: FDerivedDataBackendGraph:  Pak pak cache file ../../../../../../Users/ray/Documents/FCFM Stuff/Essays, Homework, and Stuff/7mo. Semestre/Videojuegos 2/vj2/Axioma/DerivedDataCache/DDC.ddp not found, will not use a pak cache.
[2016.04.08-07.14.51:093][  0]LogDerivedDataCache: Unable to find inner node Pak for hierarchical cache Hierarchy.
[2016.04.08-07.14.51:093][  0]LogDerivedDataCache: FDerivedDataBackendGraph:  CompressedPak pak cache file ../../../../../../Users/ray/Documents/FCFM Stuff/Essays, Homework, and Stuff/7mo. Semestre/Videojuegos 2/vj2/Axioma/DerivedDataCache/Compressed.ddp not found, will not use a pak cache.
[2016.04.08-07.14.51:093][  0]LogDerivedDataCache: Unable to find inner node CompressedPak for hierarchical cache Hierarchy.
[2016.04.08-07.14.51:267][  0]LogDerivedDataCache:Display: Pak cache opened for reading ../../../Engine/DerivedDataCache/Compressed.ddp.
[2016.04.08-07.14.51:313][  0]LogDerivedDataCache: Using Local data cache path C:/Users/ray/AppData/Local/UnrealEngine/Common/DerivedDataCache: Writable
[2016.04.08-07.15.06:346][  0]LogInit: Selected Device Profile: [Windows]
[2016.04.08-07.15.06:669][  0]LogContentStreaming: Texture pool size is 0.000000MB
[2016.04.08-07.15.10:957][  0]LogMeshUtilities: No automatic mesh reduction module available
[2016.04.08-07.15.10:957][  0]LogMeshUtilities: No automatic mesh merging module available
[2016.04.08-07.15.23:034][  0]LogInit: WinSock: version 1.1 (2.2), MaxSocks=32767, MaxUdp=65467
[2016.04.08-07.16.17:261][  0]UdpMessaging: Initializing bridge on interface 0.0.0.0:0 to multicast group 230.0.0.1:6666.
[2016.04.08-07.16.23:988][  0]LogAssetRegistry: FAssetRegistry took 0.2008 seconds to start up
[2016.04.08-07.16.43:491][  0]SourceControl: Info Source control is disabled
[2016.04.08-07.16.43:539][  0]SourceControl: Info Source control is disabled
[2016.04.08-07.16.44:722][  0]SourceControl: Info Source control is disabled
[2016.04.08-07.16.45:442][  0]SourceControl: Info Source control is disabled
[2016.04.08-07.17.02:489][  0]LogObj: 28633 objects as part of root set at end of initial load.
[2016.04.08-07.17.02:489][  0]LogUObjectAllocator: 6099752 out of 0 bytes used by permanent object pool.
[2016.04.08-07.17.12:478][  0]LogAutomationTest:Warning: Smoke tests took > 1s to run: 6.75s
[2016.04.08-07.17.13:497][  0]LogEngine: Initializing Engine...
[2016.04.08-07.17.13:820][  0]LogHMD: Can't find Oculus library dev build: is proper Runtime installed? Version: 0.8.0.0
[2016.04.08-07.17.14:551][  0]LogHMD: SteamVR failed to initialize.  Err: 110
[2016.04.08-07.17.23:876][  0]LogAIModule: Creating AISystem for world NewWorld
[2016.04.08-07.17.28:668][  0]LogInit: XAudio2 using 'Altavoces (Realtek High Definition Audio)' : 2 channels at 48 kHz using 32 bits per sample (channel mask 0x3)
[2016.04.08-07.17.31:374][  0]LogInit: FAudioDevice initialized.
[2016.04.08-07.17.31:403][  0]LogDerivedDataCache: Saved boot cache 0.03s 41MB C:/Users/ray/AppData/Local/UnrealEngine/4.10/DerivedDataCache/Boot.ddc.
[2016.04.08-07.17.31:409][  0]LogInit: Texture streaming: Enabled
[2016.04.08-07.17.32:597][  0]LogAnalytics: Creating configured Analytics provider AnalyticsET
[2016.04.08-07.17.32:697][  0]LogAnalytics: [UEEditor.Rocket.Release] APIServer = http://et2.epicgames.com/ET2/. AppVersion = 4.10.4-2872498+++depot+UE4-Releases+4.10
[2016.04.08-07.17.32:697][  0]LogAnalytics: [UEEditor.Rocket.Release] SetUserId f6d84d504b8c91be90ceca84e0ba1004|f68b6959a5b94dccb13faa64bd594851|592e87cd-9efb-44c2-bcd9-891f7d9d6dd4
[2016.04.08-07.17.32:890][  0]LogAnalytics: [UEEditor.Rocket.Release] AnalyticsET::StartSession
[2016.04.08-07.17.40:655][  0]LogInit: Transaction tracking system initialized
[2016.04.08-07.17.50:493][  0]BlueprintLog: New page: Editor Load
[2016.04.08-07.18.16:410][  0]LocalizationService: Info Localization service is disabled
[2016.04.08-07.18.25:043][  0]LogConsoleResponse:Display: 
[2016.04.08-07.18.30:581][  0]LogCook:Display: Done creating registry. It took  0.00s.
[2016.04.08-07.18.37:306][  0]SourceControl: Info Source control is disabled
[2016.04.08-07.18.37:972][  0]LightingResults: New page: Lighting Build
[2016.04.08-07.18.39:131][  0]MapCheck: New page: Map Check
[2016.04.08-07.18.39:131][  0]LightingResults: New page: Lighting Build
[2016.04.08-07.18.41:379][  0]LogParticles: Destroying 0 GPU particle simulations for FXSystem 0x000000097EE27B00
[2016.04.08-07.19.17:403][  0]LogAIModule: Creating AISystem for world FirstPersonExampleMap
[2016.04.08-07.20.24:295][  0]LogBlueprintUserMessages: [Wind_Turbine__Rotor__Blueprint_C_7] 39.052094
[2016.04.08-07.20.24:295][  0]LogBlueprintUserMessages: [Wind_Turbine__Rotor__Blueprint_C_8] 55.65844
[2016.04.08-07.20.24:296][  0]LogBlueprintUserMessages: [Wind_Turbine__Rotor__Blueprint3_44] 173.918884
[2016.04.08-07.20.24:297][  0]LogBlueprintUserMessages: [Wind_Turbine__Rotor__Blueprint4] 128.637344
[2016.04.08-07.20.24:297][  0]LogBlueprintUserMessages: [Wind_Turbine__Rotor__Blueprint5] 93.688766
[2016.04.08-07.20.24:298][  0]LogBlueprintUserMessages: [Wind_Turbine__Rotor__Blueprint6] 64.546646
[2016.04.08-07.20.24:298][  0]LogBlueprintUserMessages: [Wind_Turbine__Rotor__Blueprint7] 141.365402
[2016.04.08-07.20.24:478][  0]LogEditorServer: Finished looking for orphan Actors (0.000 secs)
[2016.04.08-07.20.24:563][  0]Cmd: MAP CHECKDEP NOCLEARLOG
[2016.04.08-07.20.24:691][  0]MapCheck: Info Map check complete: 0 Error(s), 0 Warning(s), took 127.359ms to complete.
[2016.04.08-07.20.24:691][  0]LogFileHelpers: Loading map 'FirstPersonExampleMap' took 107.249
[2016.04.08-07.20.27:754][  0]LogCollectionManager: Loaded 0 collections in 0.001773 seconds
[2016.04.08-07.20.28:164][  0]LogFileCache: Scanning file cache for directory 'C:/Users/ray/Documents/FCFM Stuff/Essays, Homework, and Stuff/7mo. Semestre/Videojuegos 2/vj2/Axioma/Saved/Collections/' took 0.01s
[2016.04.08-07.20.28:164][  0]LogFileCache: Scanning file cache for directory 'C:/Users/ray/Documents/FCFM Stuff/Essays, Homework, and Stuff/7mo. Semestre/Videojuegos 2/vj2/Axioma/Content/Developers/ray/Collections/' took 0.01s
[2016.04.08-07.20.28:164][  0]LogFileCache: Scanning file cache for directory 'C:/Users/ray/Documents/FCFM Stuff/Essays, Homework, and Stuff/7mo. Semestre/Videojuegos 2/vj2/Axioma/Content/Collections/' took 0.01s
[2016.04.08-07.20.28:164][  0]LogCollectionManager: Rebuilt the GUID cache for 0 collections in 0.000002 seconds
[2016.04.08-07.20.28:262][  0]LogContentBrowser: Native class hierarchy populated in 0.0879 seconds. Added 1893 classes and 338 folders.
[2016.04.08-07.20.28:489][  0]LogContentBrowser: Native class hierarchy updated for 'WidgetCarousel' in 0.0005 seconds. Added 0 classes and 0 folders.
[2016.04.08-07.20.30:562][  0]LogContentBrowser: Native class hierarchy updated for 'AddContentDialog' in 0.0004 seconds. Added 0 classes and 0 folders.
[2016.04.08-07.20.30:780][  0]LogContentBrowser: Native class hierarchy updated for 'SceneOutliner' in 0.0006 seconds. Added 1 classes and 2 folders.
[2016.04.08-07.20.31:741][  0]LogCrashTracker: Crashtracker disabled due to settings.
[2016.04.08-07.20.32:065][  0]LogUObjectGlobals:Warning: Failed to find object 'Class None.'
[2016.04.08-07.20.32:214][  0]LogLoad: Full Startup: 367.57 seconds (BP compile: 7.10 seconds)
[2016.04.08-07.20.32:646][  0]LogOcInput: Can't find Oculus library dev build: is proper Runtime installed? Version: 0.8.0.0
[2016.04.08-07.20.34:273][  0]LogContentStreaming: Texture pool size now 200 MB
[2016.04.08-07.20.35:296][  0]LogRenderer: Reallocating scene render targets to support 816x348 (Frame:2).
[2016.04.08-07.20.38:890][  1]Cmd: UpdateLandscapeEditorData -warnings
[2016.04.08-07.20.43:852][ 10]LogAssetRegistry: Asset discovery search completed in 259.9822 seconds
[2016.04.08-07.20.44:025][ 10]LogCollectionManager: Rebuilt the object cache for 0 collections in 0.000001 seconds (found 0 objects)
[2016.04.08-07.20.44:070][ 10]LogCollectionManager: Fixed up redirectors for 0 collections in 0.140279 seconds (updated 0 objects)
[2016.04.08-07.24.14:098][636]LogBlueprintUserMessages: Early PlayInEditor Detection: Level '/Game/FirstPersonBP/Maps/FirstPersonExampleMap.FirstPersonExampleMap:PersistentLevel' has LevelScriptBlueprint '/Game/FirstPersonBP/Maps/FirstPersonExampleMap.FirstPersonExampleMap:PersistentLevel.FirstPersonExampleMap' with GeneratedClass '/Game/FirstPersonBP/Maps/FirstPersonExampleMap.FirstPersonExampleMap_C' with ClassGeneratedBy '/Game/FirstPersonBP/Maps/FirstPersonExampleMap.FirstPersonExampleMap:PersistentLevel.FirstPersonExampleMap'
[2016.04.08-07.24.14:099][636]LogPlayLevel: PlayLevel: No blueprints needed recompiling
[2016.04.08-07.24.14:286][636]PIE: New page: PIE session: FirstPersonExampleMap (Apr 7, 2016, 9:24:14 PM)
[2016.04.08-07.24.14:419][636]LogPlayLevel: Creating play world package: /Game/FirstPersonBP/Maps/UEDPIE_0_FirstPersonExampleMap
[2016.04.08-07.24.14:895][636]LogPlayLevel: PIE: StaticDuplicateObject took: (0.475346s)
[2016.04.08-07.24.14:896][636]LogAIModule: Creating AISystem for world FirstPersonExampleMap
[2016.04.08-07.24.14:896][636]LogPlayLevel: PIE: World Init took: (0.000965s)
[2016.04.08-07.24.14:905][636]LogPlayLevel: PIE: Created PIE world by copying editor world from /Game/FirstPersonBP/Maps/FirstPersonExampleMap.FirstPersonExampleMap to /Game/FirstPersonBP/Maps/UEDPIE_0_FirstPersonExampleMap.FirstPersonExampleMap (0.529013s)
[2016.04.08-07.24.15:515][636]LogInit: XAudio2 using 'Altavoces (Realtek High Definition Audio)' : 2 channels at 48 kHz using 32 bits per sample (channel mask 0x3)
[2016.04.08-07.24.15:526][636]LogInit: FAudioDevice initialized.
[2016.04.08-07.24.16:155][636]LogWorld: Game class is 'FirstPersonGameMode_C'
[2016.04.08-07.24.16:850][636]LogWorld: Bringing World /Game/FirstPersonBP/Maps/UEDPIE_0_FirstPersonExampleMap.FirstPersonExampleMap up for play (max tick rate 0) at 2016.04.08-02.24.16
[2016.04.08-07.24.16:850][636]LogActor:Warning: GameSession /Game/FirstPersonBP/Maps/UEDPIE_0_FirstPersonExampleMap.FirstPersonExampleMap:PersistentLevel.GameSession_0 has natively added scene component(s), but none of them were set as the actor's RootComponent - picking one arbitrarily
[2016.04.08-07.24.16:873][636]LogActor:Warning: GameNetworkManager /Game/FirstPersonBP/Maps/UEDPIE_0_FirstPersonExampleMap.FirstPersonExampleMap:PersistentLevel.GameNetworkManager_0 has natively added scene component(s), but none of them were set as the actor's RootComponent - picking one arbitrarily
[2016.04.08-07.24.17:253][636]LogWorld: Bringing up level for play took: 0.638188
[2016.04.08-07.24.17:890][636]PIE: Info Play in editor start time for /Game/FirstPersonBP/Maps/UEDPIE_0_FirstPersonExampleMap 3.301
[2016.04.08-07.24.17:890][636]LogBlueprintUserMessages: Late PlayInEditor Detection: Level '/Game/FirstPersonBP/Maps/FirstPersonExampleMap.FirstPersonExampleMap:PersistentLevel' has LevelScriptBlueprint '/Game/FirstPersonBP/Maps/FirstPersonExampleMap.FirstPersonExampleMap:PersistentLevel.FirstPersonExampleMap' with GeneratedClass '/Game/FirstPersonBP/Maps/FirstPersonExampleMap.FirstPersonExampleMap_C' with ClassGeneratedBy '/Game/FirstPersonBP/Maps/FirstPersonExampleMap.FirstPersonExampleMap:PersistentLevel.FirstPersonExampleMap'
[2016.04.08-07.24.31:079][921]LogBlueprintUserMessages: Early EndPlayMap Detection: Level '/Game/FirstPersonBP/Maps/FirstPersonExampleMap.FirstPersonExampleMap:PersistentLevel' has LevelScriptBlueprint '/Game/FirstPersonBP/Maps/FirstPersonExampleMap.FirstPersonExampleMap:PersistentLevel.FirstPersonExampleMap' with GeneratedClass '/Game/FirstPersonBP/Maps/FirstPersonExampleMap.FirstPersonExampleMap_C' with ClassGeneratedBy '/Game/FirstPersonBP/Maps/FirstPersonExampleMap.FirstPersonExampleMap:PersistentLevel.FirstPersonExampleMap'
[2016.04.08-07.24.31:508][921]LogBlueprintUserMessages: Late EndPlayMap Detection: Level '/Game/FirstPersonBP/Maps/FirstPersonExampleMap.FirstPersonExampleMap:PersistentLevel' has LevelScriptBlueprint '/Game/FirstPersonBP/Maps/FirstPersonExampleMap.FirstPersonExampleMap:PersistentLevel.FirstPersonExampleMap' with GeneratedClass '/Game/FirstPersonBP/Maps/FirstPersonExampleMap.FirstPersonExampleMap_C' with ClassGeneratedBy '/Game/FirstPersonBP/Maps/FirstPersonExampleMap.FirstPersonExampleMap:PersistentLevel.FirstPersonExampleMap'
[2016.04.08-07.24.31:732][921]LogParticles: Destroying 0 GPU particle simulations for FXSystem 0x000000090FE23BA0
[2016.04.08-07.24.32:898][960]LogBlueprintUserMessages: Early PlayInEditor Detection: Level '/Game/FirstPersonBP/Maps/FirstPersonExampleMap.FirstPersonExampleMap:PersistentLevel' has LevelScriptBlueprint '/Game/FirstPersonBP/Maps/FirstPersonExampleMap.FirstPersonExampleMap:PersistentLevel.FirstPersonExampleMap' with GeneratedClass '/Game/FirstPersonBP/Maps/FirstPersonExampleMap.FirstPersonExampleMap_C' with ClassGeneratedBy '/Game/FirstPersonBP/Maps/FirstPersonExampleMap.FirstPersonExampleMap:PersistentLevel.FirstPersonExampleMap'
[2016.04.08-07.24.32:898][960]LogPlayLevel: PlayLevel: No blueprints needed recompiling
[2016.04.08-07.24.32:898][960]PIE: New page: PIE session: FirstPersonExampleMap (Apr 7, 2016, 9:24:32 PM)
[2016.04.08-07.24.32:899][960]LogPlayLevel: Creating play world package: /Game/FirstPersonBP/Maps/UEDPIE_0_FirstPersonExampleMap
[2016.04.08-07.24.33:055][960]LogPlayLevel: PIE: StaticDuplicateObject took: (0.156620s)
[2016.04.08-07.24.33:087][960]LogAIModule: Creating AISystem for world FirstPersonExampleMap
[2016.04.08-07.24.33:087][960]LogPlayLevel: PIE: World Init took: (0.031475s)
[2016.04.08-07.24.33:087][960]LogPlayLevel: PIE: Created PIE world by copying editor world from /Game/FirstPersonBP/Maps/FirstPersonExampleMap.FirstPersonExampleMap to /Game/FirstPersonBP/Maps/UEDPIE_0_FirstPersonExampleMap.FirstPersonExampleMap (0.188598s)
[2016.04.08-07.24.33:118][960]LogInit: XAudio2 using 'Altavoces (Realtek High Definition Audio)' : 2 channels at 48 kHz using 32 bits per sample (channel mask 0x3)
[2016.04.08-07.24.33:129][960]LogInit: FAudioDevice initialized.
[2016.04.08-07.24.33:178][960]LogWorld: Game class is 'FirstPersonGameMode_C'
[2016.04.08-07.24.33:421][960]LogWorld: Bringing World /Game/FirstPersonBP/Maps/UEDPIE_0_FirstPersonExampleMap.FirstPersonExampleMap up for play (max tick rate 0) at 2016.04.08-02.24.33
[2016.04.08-07.24.33:421][960]LogActor:Warning: GameSession /Game/FirstPersonBP/Maps/UEDPIE_0_FirstPersonExampleMap.FirstPersonExampleMap:PersistentLevel.GameSession_1 has natively added scene component(s), but none of them were set as the actor's RootComponent - picking one arbitrarily
[2016.04.08-07.24.33:421][960]LogActor:Warning: GameNetworkManager /Game/FirstPersonBP/Maps/UEDPIE_0_FirstPersonExampleMap.FirstPersonExampleMap:PersistentLevel.GameNetworkManager_1 has natively added scene component(s), but none of them were set as the actor's RootComponent - picking one arbitrarily
[2016.04.08-07.24.33:426][960]LogWorld: Bringing up level for play took: 0.204715
[2016.04.08-07.24.33:485][960]PIE: Info Play in editor start time for /Game/FirstPersonBP/Maps/UEDPIE_0_FirstPersonExampleMap 0.896
[2016.04.08-07.24.33:485][960]LogBlueprintUserMessages: Late PlayInEditor Detection: Level '/Game/FirstPersonBP/Maps/FirstPersonExampleMap.FirstPersonExampleMap:PersistentLevel' has LevelScriptBlueprint '/Game/FirstPersonBP/Maps/FirstPersonExampleMap.FirstPersonExampleMap:PersistentLevel.FirstPersonExampleMap' with GeneratedClass '/Game/FirstPersonBP/Maps/FirstPersonExampleMap.FirstPersonExampleMap_C' with ClassGeneratedBy '/Game/FirstPersonBP/Maps/FirstPersonExampleMap.FirstPersonExampleMap:PersistentLevel.FirstPersonExampleMap'
[2016.04.08-07.24.47:988][302]LogBlueprintUserMessages: [FirstPersonCharacter_C_1] Flashlight Off
[2016.04.08-07.24.48:495][314]LogBlueprintUserMessages: [FirstPersonCharacter_C_1] Flashlight On
[2016.04.08-07.24.49:802][345]LogBlueprintUserMessages: [FirstPersonCharacter_C_1] Gravity Off
[2016.04.08-07.24.52:605][405]LogBlueprintUserMessages: [FirstPersonCharacter_C_1] Gravity On
[2016.04.08-07.25.17:691][ 38]LogBlueprintUserMessages: [FirstPersonCharacter_C_1] Flashlight Off
[2016.04.08-07.25.19:001][ 71]LogBlueprintUserMessages: [FirstPersonCharacter_C_1] Flashlight On
[2016.04.08-07.25.20:208][101]LogBlueprintUserMessages: [FirstPersonCharacter_C_1] Jetpack On
[2016.04.08-07.25.24:943][219]LogBlueprintUserMessages: [FirstPersonCharacter_C_1] Jetpack Off
[2016.04.08-07.25.43:839][688]LogBlueprintUserMessages: Early EndPlayMap Detection: Level '/Game/FirstPersonBP/Maps/FirstPersonExampleMap.FirstPersonExampleMap:PersistentLevel' has LevelScriptBlueprint '/Game/FirstPersonBP/Maps/FirstPersonExampleMap.FirstPersonExampleMap:PersistentLevel.FirstPersonExampleMap' with GeneratedClass '/Game/FirstPersonBP/Maps/FirstPersonExampleMap.FirstPersonExampleMap_C' with ClassGeneratedBy '/Game/FirstPersonBP/Maps/FirstPersonExampleMap.FirstPersonExampleMap:PersistentLevel.FirstPersonExampleMap'
[2016.04.08-07.25.43:919][688]LogBlueprintUserMessages: Late EndPlayMap Detection: Level '/Game/FirstPersonBP/Maps/FirstPersonExampleMap.FirstPersonExampleMap:PersistentLevel' has LevelScriptBlueprint '/Game/FirstPersonBP/Maps/FirstPersonExampleMap.FirstPersonExampleMap:PersistentLevel.FirstPersonExampleMap' with GeneratedClass '/Game/FirstPersonBP/Maps/FirstPersonExampleMap.FirstPersonExampleMap_C' with ClassGeneratedBy '/Game/FirstPersonBP/Maps/FirstPersonExampleMap.FirstPersonExampleMap:PersistentLevel.FirstPersonExampleMap'
[2016.04.08-07.25.43:993][688]LogParticles: Destroying 0 GPU particle simulations for FXSystem 0x000000096D5DF380
[2016.04.08-07.25.52:816][ 41]LogActorComponent: UnregisterComponent: (/Engine/Transient.ProjectileMovementComponent_40__A6522401) Not registered. Aborting.
[2016.04.08-07.25.52:816][ 41]LogActorComponent: UnregisterComponent: (/Engine/Transient.CharMoveComp) Not registered. Aborting.
[2016.04.08-07.25.53:197][ 41]LogWindowsTextInputMethodSystem:Display: IME system now deactivated.
[2016.04.08-07.25.54:574][ 42]Cmd: QUIT_EDITOR
[2016.04.08-07.25.55:915][ 42]LogExit: Preparing to exit.
[2016.04.08-07.25.58:207][ 42]LogExit: Editor shut down
[2016.04.08-07.25.58:207][ 42]LogExit: Transaction tracking system shut down
[2016.04.08-07.25.58:802][ 42]LogParticles: Destroying 0 GPU particle simulations for FXSystem 0x0000000903CBA700
[2016.04.08-07.26.06:360][ 42]LogParticles: Destroying 0 GPU particle simulations for FXSystem 0x000000090FE207C0
[2016.04.08-07.26.06:360][ 42]LogParticles: Destroying 0 GPU particle simulations for FXSystem 0x0000000910610400
[2016.04.08-07.26.06:360][ 42]LogParticles: Destroying 0 GPU particle simulations for FXSystem 0x00000009110AC0E0
[2016.04.08-07.26.06:360][ 42]LogExit: Object subsystem successfully closed.
[2016.04.08-07.26.07:569][ 42]LogD3D11RHI: Shutdown
[2016.04.08-07.26.07:569][ 42]LogD3D11RHI: CleanupD3DDevice
[2016.04.08-07.26.07:920][ 42]LogD3D11RHI: ~FD3D11DynamicRHI
[2016.04.08-07.26.14:179][ 42]LogModuleManager: Shutting down and abandoning module CrashTracker (198)
[2016.04.08-07.26.14:179][ 42]LogModuleManager: Shutting down and abandoning module SceneOutliner (197)
[2016.04.08-07.26.14:179][ 42]LogModuleManager: Shutting down and abandoning module SuperSearch (196)
[2016.04.08-07.26.14:179][ 42]LogModuleManager: Shutting down and abandoning module WidgetCarousel (195)
[2016.04.08-07.26.14:201][ 42]LogModuleManager: Shutting down and abandoning module AddContentDialog (194)
[2016.04.08-07.26.15:933][ 42]LogModuleManager: Shutting down and abandoning module EditorWidgets (193)
[2016.04.08-07.26.15:933][ 42]LogModuleManager: Shutting down and abandoning module CollectionManager (192)
[2016.04.08-07.26.16:779][ 42]LogModuleManager: Shutting down and abandoning module StatsViewer (191)
[2016.04.08-07.26.17:215][ 42]LogModuleManager: Shutting down and abandoning module FoliageEdit (190)
[2016.04.08-07.26.17:532][ 42]LogModuleManager: Shutting down and abandoning module LandscapeEditor (189)
[2016.04.08-07.26.18:406][ 42]LogModuleManager: Shutting down and abandoning module ActorPickerMode (188)
[2016.04.08-07.26.18:406][ 42]LogModuleManager: Shutting down and abandoning module GeometryMode (187)
[2016.04.08-07.26.18:406][ 42]LogModuleManager: Shutting down and abandoning module TextureAlignMode (186)
[2016.04.08-07.26.18:406][ 42]LogModuleManager: Shutting down and abandoning module BspMode (185)
[2016.04.08-07.26.18:406][ 42]LogModuleManager: Shutting down and abandoning module PlacementMode (184)
[2016.04.08-07.26.18:407][ 42]LogModuleManager: Shutting down and abandoning module AutomationWorker (183)
[2016.04.08-07.26.18:407][ 42]LogModuleManager: Shutting down and abandoning module CharacterAI (182)
[2016.04.08-07.26.18:407][ 42]LogModuleManager: Shutting down and abandoning module SmartSnapping (181)
[2016.04.08-07.26.18:407][ 42]LogModuleManager: Shutting down and abandoning module ViewportSnapping (180)
[2016.04.08-07.26.18:407][ 42]LogModuleManager: Shutting down and abandoning module LogVisualizer (179)
[2016.04.08-07.26.18:865][ 42]LogModuleManager: Shutting down and abandoning module GameProjectGeneration (178)
[2016.04.08-07.26.19:658][ 42]LogModuleManager: Shutting down and abandoning module IntroTutorials (177)
[2016.04.08-07.26.19:945][ 42]LogModuleManager: Shutting down and abandoning module EditorLiveStreaming (176)
[2016.04.08-07.26.19:945][ 42]LogModuleManager: Shutting down and abandoning module IOSPlatformEditor (175)
[2016.04.08-07.26.20:086][ 42]LogModuleManager: Shutting down and abandoning module HTML5PlatformEditor (174)
[2016.04.08-07.26.20:086][ 42]LogModuleManager: Shutting down and abandoning module AndroidDeviceDetection (173)
[2016.04.08-07.26.20:471][ 42]LogModuleManager: Shutting down and abandoning module AndroidPlatformEditor (172)
[2016.04.08-07.26.20:471][ 42]LogModuleManager: Shutting down and abandoning module IOSRuntimeSettings (171)
[2016.04.08-07.26.20:471][ 42]LogModuleManager: Shutting down and abandoning module AndroidRuntimeSettings (170)
[2016.04.08-07.26.20:471][ 42]LogModuleManager: Shutting down and abandoning module MergeActors (169)
[2016.04.08-07.26.20:925][ 42]LogModuleManager: Shutting down and abandoning module SizeMap (168)
[2016.04.08-07.26.20:925][ 42]LogModuleManager: Shutting down and abandoning module TreeMap (167)
[2016.04.08-07.26.21:239][ 42]LogModuleManager: Shutting down and abandoning module ReferenceViewer (166)
[2016.04.08-07.26.21:780][ 42]LogModuleManager: Shutting down and abandoning module LocalizationService (165)
[2016.04.08-07.26.21:800][ 42]LogModuleManager: Shutting down and abandoning module LocalizationDashboard (164)
[2016.04.08-07.26.22:213][ 42]LogModuleManager: Shutting down and abandoning module HardwareTargeting (163)
[2016.04.08-07.26.22:569][ 42]LogModuleManager: Shutting down and abandoning module DeviceProfileEditor (162)
[2016.04.08-07.26.22:624][ 42]LogModuleManager: Shutting down and abandoning module UndoHistory (161)
[2016.04.08-07.26.22:684][ 42]LogModuleManager: Shutting down and abandoning module GameplayTagsEditor (160)
[2016.04.08-07.26.22:717][ 42]LogModuleManager: Shutting down and abandoning module UserFeedback (159)
[2016.04.08-07.26.22:717][ 42]LogModuleManager: Shutting down and abandoning module XmlParser (158)
[2016.04.08-07.26.22:786][ 42]LogModuleManager: Shutting down and abandoning module Blutility (157)
[2016.04.08-07.26.22:786][ 42]LogModuleManager: Shutting down and abandoning module ProjectTargetPlatformEditor (156)
[2016.04.08-07.26.22:972][ 42]LogModuleManager: Shutting down and abandoning module ProjectSettingsViewer (155)
[2016.04.08-07.26.22:972][ 42]LogModuleManager: Shutting down and abandoning module InputBindingEditor (154)
[2016.04.08-07.26.23:122][ 42]LogModuleManager: Shutting down and abandoning module EditorSettingsViewer (153)
[2016.04.08-07.26.23:122][ 42]LogModuleManager: Shutting down and abandoning module SettingsEditor (152)
[2016.04.08-07.26.23:902][ 42]LogModuleManager: Shutting down and abandoning module ProjectLauncher (151)
[2016.04.08-07.26.24:387][ 42]LogModuleManager: Shutting down and abandoning module SessionFrontend (150)
[2016.04.08-07.26.25:159][ 42]LogModuleManager: Shutting down and abandoning module ProfilerClient (149)
[2016.04.08-07.26.25:732][ 42]LogModuleManager: Shutting down and abandoning module TargetDeviceServices (148)
[2016.04.08-07.26.25:966][ 42]LogModuleManager: Shutting down and abandoning module DeviceManager (147)
[2016.04.08-07.26.26:106][ 42]LogModuleManager: Shutting down and abandoning module AutomationController (146)
[2016.04.08-07.26.26:155][ 42]LogModuleManager: Shutting down and abandoning module AutomationWindow (145)
[2016.04.08-07.26.26:236][ 42]LogModuleManager: Shutting down and abandoning module Layers (144)
[2016.04.08-07.26.27:813][ 42]LogModuleManager: Shutting down and abandoning module ComponentVisualizers (143)
[2016.04.08-07.26.27:813][ 42]LogModuleManager: Shutting down and abandoning module DetailCustomizations (142)
[2016.04.08-07.26.28:449][ 42]LogModuleManager: Shutting down and abandoning module PackagesDialog (141)
[2016.04.08-07.26.28:506][ 42]LogModuleManager: Shutting down and abandoning module Persona (140)
[2016.04.08-07.26.28:990][ 42]LogModuleManager: Shutting down and abandoning module Kismet (139)
[2016.04.08-07.26.29:100][ 42]LogModuleManager: Shutting down and abandoning module GraphEditor (138)
[2016.04.08-07.26.29:551][ 42]LogModuleManager: Shutting down and abandoning module ClassViewer (137)
[2016.04.08-07.26.29:746][ 42]LogModuleManager: Shutting down and abandoning module Toolbox (136)
[2016.04.08-07.26.29:746][ 42]LogModuleManager: Shutting down and abandoning module ModuleUI (135)
[2016.04.08-07.26.30:349][ 42]LogModuleManager: Shutting down and abandoning module MovieSceneTools (134)
[2016.04.08-07.26.30:573][ 42]LogModuleManager: Shutting down and abandoning module OutputLog (133)
[2016.04.08-07.26.30:573][ 42]LogModuleManager: Shutting down and abandoning module GammaUI (132)
[2016.04.08-07.26.30:602][ 42]LogModuleManager: Shutting down and abandoning module Documentation (131)
[2016.04.08-07.26.30:602][ 42]LogModuleManager: Shutting down and abandoning module GameLiveStreaming (130)
[2016.04.08-07.26.30:615][ 42]LogModuleManager: Shutting down and abandoning module StreamingPauseRendering (129)
[2016.04.08-07.26.30:615][ 42]LogModuleManager: Shutting down and abandoning module AnalyticsET (128)
[2016.04.08-07.26.30:615][ 42]LogModuleManager: Shutting down and abandoning module Analytics (127)
[2016.04.08-07.26.30:615][ 42]LogModuleManager: Shutting down and abandoning module AITestSuite (126)
[2016.04.08-07.26.30:704][ 42]LogModuleManager: Shutting down and abandoning module GameplayDebugger (125)
[2016.04.08-07.26.30:818][ 42]LogModuleManager: Shutting down and abandoning module AIModule (124)
[2016.04.08-07.26.30:818][ 42]LogModuleManager: Shutting down and abandoning module ProfilerService (123)
[2016.04.08-07.26.31:049][ 42]LogModuleManager: Shutting down and abandoning module TaskGraph (122)
[2016.04.08-07.26.31:441][ 42]LogModuleManager: Shutting down and abandoning module SlateRemote (121)
[2016.04.08-07.26.31:441][ 42]LogModuleManager: Shutting down and abandoning module SteamVRController (120)
[2016.04.08-07.26.31:441][ 42]LogModuleManager: Shutting down and abandoning module SteamVR (119)
[2016.04.08-07.26.31:441][ 42]LogModuleManager: Shutting down and abandoning module ProceduralMeshComponent (118)
[2016.04.08-07.26.31:441][ 42]LogModuleManager: Shutting down and abandoning module OculusLibrary (117)
[2016.04.08-07.26.31:441][ 42]LogModuleManager: Shutting down and abandoning module OculusInput (116)
[2016.04.08-07.26.31:441][ 42]LogModuleManager: Shutting down and abandoning module LeapMotionController (115)
[2016.04.08-07.26.31:672][ 42]LogModuleManager: Shutting down and abandoning module CustomMeshComponent (114)
[2016.04.08-07.26.31:672][ 42]LogModuleManager: Shutting down and abandoning module CableComponent (113)
[2016.04.08-07.26.31:803][ 42]LogModuleManager: Shutting down and abandoning module ArchVisCharacter (112)
[2016.04.08-07.26.31:803][ 42]LogModuleManager: Shutting down and abandoning module MessagingDebugger (111)
[2016.04.08-07.26.32:914][ 42]LogModuleManager: Shutting down and abandoning module MediaPlayerEditor (110)
[2016.04.08-07.26.33:137][ 42]LogModuleManager: Shutting down and abandoning module HTML5Networking (109)
[2016.04.08-07.26.33:137][ 42]LogModuleManager: Shutting down and abandoning module SpeedTreeImporter (108)
[2016.04.08-07.26.33:137][ 42]LogModuleManager: Shutting down and abandoning module PluginBrowser (107)
[2016.04.08-07.26.33:310][ 42]LogModuleManager: Shutting down and abandoning module EpicSurvey (106)
[2016.04.08-07.26.33:423][ 42]LogModuleManager: Shutting down and abandoning module DesktopPlatform (105)
[2016.04.08-07.26.33:446][ 42]LogModuleManager: Shutting down and abandoning module VisualStudioSourceCodeAccess (104)
[2016.04.08-07.26.33:501][ 42]LogModuleManager: Shutting down and abandoning module UObjectPlugin (103)
[2016.04.08-07.26.33:501][ 42]LogModuleManager: Shutting down and abandoning module SubversionSourceControl (102)
[2016.04.08-07.26.33:674][ 42]LogModuleManager: Shutting down and abandoning module PerforceSourceControl (101)
[2016.04.08-07.26.33:883][ 42]LogModuleManager: Shutting down and abandoning module SourceControl (100)
[2016.04.08-07.26.33:914][ 42]LogModuleManager: Shutting down and abandoning module GitSourceControl (99)
[2016.04.08-07.26.34:173][ 42]LogModuleManager: Shutting down and abandoning module LightPropagationVolumeEditor (98)
[2016.04.08-07.26.34:270][ 42]LogModuleManager: Shutting down and abandoning module PaperTiledImporter (97)
[2016.04.08-07.26.34:656][ 42]LogModuleManager: Shutting down and abandoning module PaperSpriteSheetImporter (96)
[2016.04.08-07.26.34:656][ 42]LogModuleManager: Shutting down and abandoning module MeshPaint (95)
[2016.04.08-07.26.34:656][ 42]LogModuleManager: Shutting down and abandoning module SlateReflector (94)
[2016.04.08-07.26.34:878][ 42]LogModuleManager: Shutting down and abandoning module HotReload (93)
[2016.04.08-07.26.35:147][ 42]LogModuleManager: Shutting down and abandoning module MainFrame (92)
[2016.04.08-07.26.35:147][ 42]LogModuleManager: Shutting down and abandoning module LevelEditor (91)
[2016.04.08-07.26.35:339][ 42]LogModuleManager: Shutting down and abandoning module DirectoryWatcher (90)
[2016.04.08-07.26.35:341][ 42]LogModuleManager: Shutting down and abandoning module AssetRegistry (89)
[2016.04.08-07.26.35:400][ 42]LogModuleManager: Shutting down and abandoning module ContentBrowser (88)
[2016.04.08-07.26.35:401][ 42]LogModuleManager: Shutting down and abandoning module Paper2DEditor (87)
[2016.04.08-07.26.36:234][ 42]LogModuleManager: Shutting down and abandoning module UdpMessaging (86)
[2016.04.08-07.26.36:335][ 42]LogModuleManager: Shutting down and abandoning module LightPropagationVolumeRuntime (85)
[2016.04.08-07.26.36:335][ 42]LogModuleManager: Shutting down and abandoning module Paper2D (84)
[2016.04.08-07.26.37:088][ 42]LogModuleManager: Shutting down and abandoning module WindowsMoviePlayer (83)
[2016.04.08-07.26.37:110][ 42]LogModuleManager: Shutting down and abandoning module Media (82)
[2016.04.08-07.26.37:110][ 42]LogModuleManager: Shutting down and abandoning module WmfMedia (81)
[2016.04.08-07.26.37:559][ 42]LogModuleManager: Shutting down and abandoning module OnlineBlueprintSupport (80)
[2016.04.08-07.26.37:559][ 42]LogModuleManager: Shutting down and abandoning module GameplayTasksEditor (79)
[2016.04.08-07.26.37:559][ 42]LogModuleManager: Shutting down and abandoning module PropertyEditor (78)
[2016.04.08-07.26.38:002][ 42]LogModuleManager: Shutting down and abandoning module BehaviorTreeEditor (77)
[2016.04.08-07.26.39:122][ 42]LogModuleManager: Shutting down and abandoning module FunctionalTesting (76)
[2016.04.08-07.26.39:122][ 42]LogModuleManager: Shutting down and abandoning module CollisionAnalyzer (75)
[2016.04.08-07.26.39:672][ 42]LogModuleManager: Shutting down and abandoning module WorkspaceMenuStructure (74)
[2016.04.08-07.26.39:672][ 42]LogModuleManager: Shutting down and abandoning module MessageLog (73)
[2016.04.08-07.26.39:672][ 42]LogModuleManager: Shutting down and abandoning module Sequencer (72)
[2016.04.08-07.26.40:246][ 42]LogModuleManager: Shutting down and abandoning module AssetTools (71)
[2016.04.08-07.26.41:433][ 42]LogModuleManager: Shutting down and abandoning module UMGEditor (70)
[2016.04.08-07.26.41:681][ 42]LogModuleManager: Shutting down and abandoning module UMG (69)
[2016.04.08-07.26.41:681][ 42]LogModuleManager: Shutting down and abandoning module Slate (68)
[2016.04.08-07.26.41:681][ 42]LogModuleManager: Shutting down and abandoning module EditorStyle (67)
[2016.04.08-07.26.41:684][ 42]LogModuleManager: Shutting down and abandoning module SessionServices (66)
[2016.04.08-07.26.41:684][ 42]LogModuleManager: Shutting down and abandoning module SourceCodeAccess (65)
[2016.04.08-07.26.41:684][ 42]LogModuleManager: Shutting down and abandoning module HeadMountedDisplay (64)
[2016.04.08-07.26.41:684][ 42]LogModuleManager: Shutting down and abandoning module XAudio2 (63)
[2016.04.08-07.26.41:684][ 42]LogModuleManager: Shutting down and abandoning module Networking (61)
[2016.04.08-07.26.41:684][ 42]LogModuleManager: Shutting down and abandoning module Core (60)
[2016.04.08-07.26.41:684][ 42]LogModuleManager: Shutting down and abandoning module KismetCompiler (59)
[2016.04.08-07.26.41:684][ 42]LogModuleManager: Shutting down and abandoning module PhysXFormats (58)
[2016.04.08-07.26.41:684][ 42]LogModuleManager: Shutting down and abandoning module MeshUtilities (57)
[2016.04.08-07.26.41:838][ 42]LogModuleManager: Shutting down and abandoning module DerivedDataCache (56)
[2016.04.08-07.26.42:191][ 42]LogDerivedDataCache: Shutdown
[2016.04.08-07.26.42:191][ 42]LogModuleManager: Shutting down and abandoning module ShaderFormatOpenGL (55)
[2016.04.08-07.26.42:237][ 42]LogModuleManager: Shutting down and abandoning module ShaderFormatD3D (54)
[2016.04.08-07.26.42:237][ 42]LogModuleManager: Shutting down and abandoning module MetalShaderFormat (53)
[2016.04.08-07.26.42:508][ 42]LogModuleManager: Shutting down and abandoning module TextureFormatUncompressed (52)
[2016.04.08-07.26.42:508][ 42]LogModuleManager: Shutting down and abandoning module TextureFormatPVR (51)
[2016.04.08-07.26.42:508][ 42]LogModuleManager: Shutting down and abandoning module TextureFormatIntelISPCTexComp (50)
[2016.04.08-07.26.42:508][ 42]LogModuleManager: Shutting down and abandoning module TextureFormatDXT (49)
[2016.04.08-07.26.42:508][ 42]LogModuleManager: Shutting down and abandoning module ImageWrapper (48)
[2016.04.08-07.26.42:508][ 42]LogModuleManager: Shutting down and abandoning module TextureFormatASTC (47)
[2016.04.08-07.26.42:508][ 42]LogModuleManager: Shutting down and abandoning module TextureFormatAndroid (46)
[2016.04.08-07.26.42:508][ 42]LogModuleManager: Shutting down and abandoning module AudioFormatOpus (45)
[2016.04.08-07.26.42:612][ 42]LogModuleManager: Shutting down and abandoning module AudioFormatOgg (44)
[2016.04.08-07.26.42:612][ 42]LogModuleManager: Shutting down and abandoning module AudioFormatADPCM (43)
[2016.04.08-07.26.42:612][ 42]LogModuleManager: Shutting down and abandoning module LinuxTargetPlatform (42)
[2016.04.08-07.26.42:612][ 42]LogModuleManager: Shutting down and abandoning module LinuxServerTargetPlatform (41)
[2016.04.08-07.26.42:612][ 42]LogModuleManager: Shutting down and abandoning module LinuxNoEditorTargetPlatform (40)
[2016.04.08-07.26.42:612][ 42]LogModuleManager: Shutting down and abandoning module Messaging (39)
[2016.04.08-07.26.42:612][ 42]LogModuleManager: Shutting down and abandoning module IOSTargetPlatform (38)
[2016.04.08-07.26.42:612][ 42]LogModuleManager: Shutting down and abandoning module HTML5TargetPlatform (37)
[2016.04.08-07.26.42:612][ 42]LogModuleManager: Shutting down and abandoning module Android_PVRTCTargetPlatform (36)
[2016.04.08-07.26.42:612][ 42]LogModuleManager: Shutting down and abandoning module Android_MultiTargetPlatform (35)
[2016.04.08-07.26.42:612][ 42]LogModuleManager: Shutting down and abandoning module Android_ETC2TargetPlatform (34)
[2016.04.08-07.26.42:612][ 42]LogModuleManager: Shutting down and abandoning module Android_ETC1TargetPlatform (33)
[2016.04.08-07.26.42:612][ 42]LogModuleManager: Shutting down and abandoning module Android_DXTTargetPlatform (32)
[2016.04.08-07.26.42:612][ 42]LogModuleManager: Shutting down and abandoning module Android_ATCTargetPlatform (31)
[2016.04.08-07.26.42:612][ 42]LogModuleManager: Shutting down and abandoning module Android_ASTCTargetPlatform (30)
[2016.04.08-07.26.42:612][ 42]LogModuleManager: Shutting down and abandoning module AndroidTargetPlatform (29)
[2016.04.08-07.26.42:612][ 42]LogModuleManager: Shutting down and abandoning module WindowsTargetPlatform (28)
[2016.04.08-07.26.42:612][ 42]LogModuleManager: Shutting down and abandoning module WindowsServerTargetPlatform (27)
[2016.04.08-07.26.42:612][ 42]LogModuleManager: Shutting down and abandoning module WindowsNoEditorTargetPlatform (26)
[2016.04.08-07.26.42:612][ 42]LogModuleManager: Shutting down and abandoning module WindowsClientTargetPlatform (25)
[2016.04.08-07.26.42:612][ 42]LogModuleManager: Shutting down and abandoning module AllDesktopTargetPlatform (24)
[2016.04.08-07.26.42:612][ 42]LogModuleManager: Shutting down and abandoning module TargetPlatform (23)
[2016.04.08-07.26.42:612][ 42]LogModuleManager: Shutting down and abandoning module InputCore (22)
[2016.04.08-07.26.42:612][ 42]LogModuleManager: Shutting down and abandoning module Settings (21)
[2016.04.08-07.26.42:612][ 42]LogModuleManager: Shutting down and abandoning module OnlineSubsystem (19)
[2016.04.08-07.26.42:612][ 42]LogModuleManager: Shutting down and abandoning module HTTP (18)
[2016.04.08-07.26.44:616][ 42]LogModuleManager: Shutting down and abandoning module XMPP (17)
[2016.04.08-07.26.44:804][ 42]LogModuleManager: Shutting down and abandoning module OculusRift (16)
[2016.04.08-07.26.45:013][ 42]LogModuleManager: Shutting down and abandoning module ExampleDeviceProfileSelector (15)
[2016.04.08-07.26.45:013][ 42]LogModuleManager: Shutting down and abandoning module TextureCompressor (14)
[2016.04.08-07.26.45:208][ 42]LogModuleManager: Shutting down and abandoning module ShaderCore (13)
[2016.04.08-07.26.45:208][ 42]LogModuleManager: Shutting down and abandoning module Landscape (12)
[2016.04.08-07.26.45:208][ 42]LogModuleManager: Shutting down and abandoning module SlateRHIRenderer (11)
[2016.04.08-07.26.45:767][ 42]LogModuleManager: Shutting down and abandoning module OpenGLDrv (10)
[2016.04.08-07.26.45:995][ 42]LogModuleManager: Shutting down and abandoning module D3D11RHI (9)
[2016.04.08-07.26.45:995][ 42]LogModuleManager: Shutting down and abandoning module AnimGraphRuntime (8)
[2016.04.08-07.26.46:017][ 42]LogModuleManager: Shutting down and abandoning module Renderer (7)
[2016.04.08-07.26.46:017][ 42]LogModuleManager: Shutting down and abandoning module Engine (6)
[2016.04.08-07.26.46:017][ 42]LogModuleManager: Shutting down and abandoning module CoreUObject (5)
[2016.04.08-07.26.46:017][ 42]LogModuleManager: Shutting down and abandoning module NetworkFile (4)
[2016.04.08-07.26.46:162][ 42]LogModuleManager: Shutting down and abandoning module StreamingFile (3)
[2016.04.08-07.26.46:192][ 42]LogModuleManager: Shutting down and abandoning module SandboxFile (2)
[2016.04.08-07.26.46:295][ 42]LogModuleManager: Shutting down and abandoning module PakFile (1)
[2016.04.08-07.26.46:647][ 42]LogExit: Exiting.
[2016.04.08-07.26.46:769][ 42]Log file closed, 04/08/16 02:26:46
