[2016.04.21-21.39.59:976][  0]Log file open, 04/21/16 16:39:59
[2016.04.21-21.39.59:976][  0]LogInit:Display: Running engine for game: Axioma
[2016.04.21-21.39.59:976][  0]LogPlatformFile: Not using cached read wrapper
[2016.04.21-21.39.59:976][  0]LogInit:Display: RandInit(1661478999) SRandInit(1661479000).
[2016.04.21-21.39.59:976][  0]LogTaskGraph: Started task graph with 4 named threads and 5 total threads.
[2016.04.21-21.39.59:976][  0]LogStats: Stats thread started at 0.079577
[2016.04.21-21.39.59:976][  0]LogInit: Version: 4.10.4-2872498+++depot+UE4-Releases+4.10
[2016.04.21-21.39.59:976][  0]LogInit: API Version: 2758231
[2016.04.21-21.39.59:976][  0]LogInit: Compiled (64-bit): Feb 18 2016 15:47:04
[2016.04.21-21.39.59:976][  0]LogInit: Compiled with Visual C++: 19.00.23026.00
[2016.04.21-21.39.59:976][  0]LogInit: Build Configuration: Development
[2016.04.21-21.39.59:976][  0]LogInit: Branch Name: ++depot+UE4-Releases+4.10
[2016.04.21-21.39.59:976][  0]LogInit: Command line:  
[2016.04.21-21.39.59:976][  0]LogInit: Base directory: C:/Program Files (x86)/Epic Games/4.10/Engine/Binaries/Win64/
[2016.04.21-21.39.59:976][  0]LogInit: Rocket: 1
[2016.04.21-21.39.59:992][  0]LogInit: Using libcurl 7.41.0
[2016.04.21-21.39.59:992][  0]LogInit:  - built for x86_64-pc-win32
[2016.04.21-21.39.59:992][  0]LogInit:  - supports SSL with WinSSL
[2016.04.21-21.39.59:992][  0]LogInit:  - other features:
[2016.04.21-21.39.59:992][  0]LogInit:      CURL_VERSION_SSL
[2016.04.21-21.39.59:992][  0]LogInit:      CURL_VERSION_IPV6
[2016.04.21-21.39.59:992][  0]LogInit:      CURL_VERSION_ASYNCHDNS
[2016.04.21-21.39.59:992][  0]LogInit:      CURL_VERSION_LARGEFILE
[2016.04.21-21.39.59:992][  0]LogInit:      CURL_VERSION_IDN
[2016.04.21-21.39.59:992][  0]LogInit:  CurlRequestOptions (configurable via config and command line):
[2016.04.21-21.39.59:992][  0]LogInit:  - bVerifyPeer = true  - Libcurl will verify peer certificate
[2016.04.21-21.39.59:992][  0]LogInit:  - bUseHttpProxy = false  - Libcurl will NOT use HTTP proxy
[2016.04.21-21.39.59:992][  0]LogInit:  - bDontReuseConnections = false  - Libcurl will reuse connections
[2016.04.21-21.39.59:992][  0]LogInit:  - CertBundlePath = nullptr  - Libcurl will use whatever was configured at build time.
[2016.04.21-21.40.00:007][  0]LogInit: Presizing for 0 objects not considered by GC, pre-allocating 0 bytes.
[2016.04.21-21.40.00:007][  0]LogInit: Object subsystem initialized
[2016.04.21-21.40.00:007][  0]LogInit: Selected Device Profile: [Windows]
[2016.04.21-21.40.00:007][  0]LogInit: Applying CVar settings loaded from the selected device profile: [Windows]
[2016.04.21-21.40.00:026][  0]LogInit: Computer: LAPTOP-RAY
[2016.04.21-21.40.00:026][  0]LogInit: User: ray
[2016.04.21-21.40.00:026][  0]LogInit: CPU Page size=4096, Cores=2
[2016.04.21-21.40.00:026][  0]LogInit: High frequency timer resolution =2.338338 MHz
[2016.04.21-21.40.00:026][  0]LogMemory: Memory total: Physical=3.9GB (4GB approx)
[2016.04.21-21.40.00:026][  0]LogMemory: Platform Memory Stats for Windows
[2016.04.21-21.40.00:026][  0]LogMemory: Process Physical Memory: 54.81 MB used, 54.81 MB peak
[2016.04.21-21.40.00:026][  0]LogMemory: Process Virtual Memory: 55.38 MB used, 55.38 MB peak
[2016.04.21-21.40.00:026][  0]LogMemory: Physical Memory: 1530.93 MB used, 3976.27 MB total
[2016.04.21-21.40.00:026][  0]LogMemory: Virtual Memory: 358.91 MB used, 134217728.00 MB total
[2016.04.21-21.40.00:102][  0]LogTextLocalizationManager: No specific translations for ('en-US') exist, so ('en') translations will be used.
[2016.04.21-21.40.00:752][  0]LogD3D11RHI: Found D3D11 adapter 0: Intel(R) HD Graphics Family (Feature Level 11_0)
[2016.04.21-21.40.00:752][  0]LogD3D11RHI: Adapter has 32MB of dedicated video memory, 0MB of dedicated system memory, and 1760MB of shared system memory, 1 output[s]
[2016.04.21-21.40.00:753][  0]LogD3D11RHI: Found D3D11 adapter 1: Microsoft Basic Render Driver (Feature Level 11_0)
[2016.04.21-21.40.00:753][  0]LogD3D11RHI: Adapter has 0MB of dedicated video memory, 0MB of dedicated system memory, and 256MB of shared system memory, 0 output[s]
[2016.04.21-21.40.00:754][  0]LogD3D11RHI: Chosen D3D11 Adapter Id = 0
[2016.04.21-21.40.00:759][  0]LogD3D11RHI: !Direct3DDevice
[2016.04.21-21.40.00:759][  0]LogRHI: Texture pool is 638 MB (70% of 912 MB)
[2016.04.21-21.40.00:766][  0]LogD3D11RHI: Async texture creation enabled
[2016.04.21-21.40.00:771][  0]LogShaderCompilers: Guid format shader working directory is -71 characters bigger than the processId version (../../../../../../Users/ray/Documents/FCFM Stuff/Essays, Homework, and Stuff/7mo. Semestre/Videojuegos 2/vj2/Axioma/Intermediate/Shaders/WorkingDirectory/8040/).
[2016.04.21-21.40.00:772][  0]LogShaderCompilers: Cleaned the shader compiler working directory 'C:/Users/ray/AppData/Local/Temp/UnrealShaderWorkingDir/AAE3FFDC47EBF1A80DB8808CEF04AA64/'.
[2016.04.21-21.40.00:772][  0]LogShaderCompilers:Display: Using Local Shader Compiler.
[2016.04.21-21.40.02:361][  0]LogTemp:Display: Loaded TP AllDesktopTargetPlatform
[2016.04.21-21.40.02:367][  0]LogTemp:Display: Loaded TP WindowsClientTargetPlatform
[2016.04.21-21.40.02:373][  0]LogTemp:Display: Loaded TP WindowsNoEditorTargetPlatform
[2016.04.21-21.40.02:379][  0]LogTemp:Display: Loaded TP WindowsServerTargetPlatform
[2016.04.21-21.40.02:385][  0]LogTemp:Display: Loaded TP WindowsTargetPlatform
[2016.04.21-21.40.02:391][  0]LogTemp:Display: Loaded TP AndroidTargetPlatform
[2016.04.21-21.40.02:396][  0]LogTemp:Display: Loaded TP Android_ASTCTargetPlatform
[2016.04.21-21.40.02:400][  0]LogTemp:Display: Loaded TP Android_ATCTargetPlatform
[2016.04.21-21.40.02:404][  0]LogTemp:Display: Loaded TP Android_DXTTargetPlatform
[2016.04.21-21.40.02:408][  0]LogTemp:Display: Loaded TP Android_ETC1TargetPlatform
[2016.04.21-21.40.02:412][  0]LogTemp:Display: Loaded TP Android_ETC2TargetPlatform
[2016.04.21-21.40.02:421][  0]LogTemp:Display: Loaded TP Android_MultiTargetPlatform
[2016.04.21-21.40.02:421][  0]LogTemp:Display: Loaded TP Android_PVRTCTargetPlatform
[2016.04.21-21.40.02:422][  0]LogTemp:Display: Loaded TP HTML5TargetPlatform
[2016.04.21-21.40.02:442][  0]LogTemp:Display: Loaded TP IOSTargetPlatform
[2016.04.21-21.40.02:447][  0]LogTemp:Display: Loaded TP LinuxNoEditorTargetPlatform
[2016.04.21-21.40.02:452][  0]LogTemp:Display: Loaded TP LinuxServerTargetPlatform
[2016.04.21-21.40.02:457][  0]LogTemp:Display: Loaded TP LinuxTargetPlatform
[2016.04.21-21.40.02:457][  0]LogTargetPlatformManager:Display: Building Assets For Windows
[2016.04.21-21.40.02:548][  0]LogDerivedDataCache:Display: Max Cache Size: 512 MB
[2016.04.21-21.40.02:610][  0]LogDerivedDataCache: Loaded boot cache 0.06s 41MB C:/Users/ray/AppData/Local/UnrealEngine/4.10/DerivedDataCache/Boot.ddc.
[2016.04.21-21.40.02:610][  0]LogDerivedDataCache:Display: Loaded Boot cache: C:/Users/ray/AppData/Local/UnrealEngine/4.10/DerivedDataCache/Boot.ddc
[2016.04.21-21.40.02:610][  0]LogDerivedDataCache: FDerivedDataBackendGraph:  Pak pak cache file ../../../../../../Users/ray/Documents/FCFM Stuff/Essays, Homework, and Stuff/7mo. Semestre/Videojuegos 2/vj2/Axioma/DerivedDataCache/DDC.ddp not found, will not use a pak cache.
[2016.04.21-21.40.02:610][  0]LogDerivedDataCache: Unable to find inner node Pak for hierarchical cache Hierarchy.
[2016.04.21-21.40.02:611][  0]LogDerivedDataCache: FDerivedDataBackendGraph:  CompressedPak pak cache file ../../../../../../Users/ray/Documents/FCFM Stuff/Essays, Homework, and Stuff/7mo. Semestre/Videojuegos 2/vj2/Axioma/DerivedDataCache/Compressed.ddp not found, will not use a pak cache.
[2016.04.21-21.40.02:611][  0]LogDerivedDataCache: Unable to find inner node CompressedPak for hierarchical cache Hierarchy.
[2016.04.21-21.40.02:693][  0]LogDerivedDataCache:Display: Pak cache opened for reading ../../../Engine/DerivedDataCache/Compressed.ddp.
[2016.04.21-21.40.02:706][  0]LogDerivedDataCache: Using Local data cache path C:/Users/ray/AppData/Local/UnrealEngine/Common/DerivedDataCache: Writable
[2016.04.21-21.40.02:971][  0]LogInit: Selected Device Profile: [Windows]
[2016.04.21-21.40.03:013][  0]LogContentStreaming: Texture pool size is 0.000000MB
[2016.04.21-21.40.03:167][  0]LogMeshUtilities: No automatic mesh reduction module available
[2016.04.21-21.40.03:167][  0]LogMeshUtilities: No automatic mesh merging module available
[2016.04.21-21.40.03:520][  0]LogInit: WinSock: version 1.1 (2.2), MaxSocks=32767, MaxUdp=65467
[2016.04.21-21.40.04:535][  0]UdpMessaging: Initializing bridge on interface 0.0.0.0:0 to multicast group 230.0.0.1:6666.
[2016.04.21-21.40.04:646][  0]LogAssetRegistry: FAssetRegistry took 0.0110 seconds to start up
[2016.04.21-21.40.04:883][  0]SourceControl: Info Source control is disabled
[2016.04.21-21.40.04:885][  0]SourceControl: Info Source control is disabled
[2016.04.21-21.40.04:903][  0]SourceControl: Info Source control is disabled
[2016.04.21-21.40.04:920][  0]SourceControl: Info Source control is disabled
[2016.04.21-21.40.05:308][  0]LogObj: 28633 objects as part of root set at end of initial load.
[2016.04.21-21.40.05:308][  0]LogUObjectAllocator: 6099744 out of 0 bytes used by permanent object pool.
[2016.04.21-21.40.05:393][  0]LogEngine: Initializing Engine...
[2016.04.21-21.40.05:397][  0]LogHMD: Can't find Oculus library dev build: is proper Runtime installed? Version: 0.8.0.0
[2016.04.21-21.40.05:398][  0]LogHMD: SteamVR failed to initialize.  Err: 110
[2016.04.21-21.40.05:557][  0]LogAIModule: Creating AISystem for world NewWorld
[2016.04.21-21.40.05:562][  0]LogInit: XAudio2 using 'Altavoces (Realtek High Definition Audio)' : 2 channels at 48 kHz using 32 bits per sample (channel mask 0x3)
[2016.04.21-21.40.05:622][  0]LogInit: FAudioDevice initialized.
[2016.04.21-21.40.05:656][  0]LogDerivedDataCache: Saved boot cache 0.03s 41MB C:/Users/ray/AppData/Local/UnrealEngine/4.10/DerivedDataCache/Boot.ddc.
[2016.04.21-21.40.05:661][  0]LogInit: Texture streaming: Enabled
[2016.04.21-21.40.05:666][  0]LogAnalytics: Creating configured Analytics provider AnalyticsET
[2016.04.21-21.40.05:666][  0]LogAnalytics: [UEEditor.Rocket.Release] APIServer = http://et2.epicgames.com/ET2/. AppVersion = 4.10.4-2872498+++depot+UE4-Releases+4.10
[2016.04.21-21.40.05:666][  0]LogAnalytics: [UEEditor.Rocket.Release] SetUserId f6d84d504b8c91be90ceca84e0ba1004|f68b6959a5b94dccb13faa64bd594851|592e87cd-9efb-44c2-bcd9-891f7d9d6dd4
[2016.04.21-21.40.05:666][  0]LogAnalytics: [UEEditor.Rocket.Release] AnalyticsET::StartSession
[2016.04.21-21.40.05:678][  0]LogWindowsTextInputMethodSystem:Display: IME system now deactivated.
[2016.04.21-21.40.05:699][  0]LogInit: Transaction tracking system initialized
[2016.04.21-21.40.05:737][  0]BlueprintLog: New page: Editor Load
[2016.04.21-21.40.05:834][  0]LocalizationService: Info Localization service is disabled
[2016.04.21-21.40.06:129][  0]LogConsoleResponse:Display: 
[2016.04.21-21.40.06:273][  0]LogCook:Display: Done creating registry. It took  0.00s.
[2016.04.21-21.40.06:381][  0]SourceControl: Info Source control is disabled
[2016.04.21-21.40.06:382][  0]Cmd: MAP LOAD FILE="../../../../../../Users/ray/Documents/FCFM Stuff/Essays, Homework, and Stuff/7mo. Semestre/Videojuegos 2/vj2/Axioma/Content/Axioma.umap" TEMPLATE=0 SHOWPROGRESS=1 FEATURELEVEL=3
[2016.04.21-21.40.06:382][  0]LightingResults: New page: Lighting Build
[2016.04.21-21.40.06:386][  0]MapCheck: New page: Map Check
[2016.04.21-21.40.06:386][  0]LightingResults: New page: Lighting Build
[2016.04.21-21.40.06:417][  0]LogParticles: Destroying 0 GPU particle simulations for FXSystem 0x000000AAE116FB00
[2016.04.21-21.40.08:110][  0]LogAIModule: Creating AISystem for world Axioma
[2016.04.21-21.40.08:793][  0]LogBlueprintUserMessages: [Wind_Turbine__Rotor__Blueprint_106] 20.347301
[2016.04.21-21.40.08:793][  0]LogBlueprintUserMessages: [Wind_Turbine__Rotor__Blueprint2_469] 75.049896
[2016.04.21-21.40.08:794][  0]LogBlueprintUserMessages: [Wind_Turbine__Rotor__Blueprint4_689] 72.468033
[2016.04.21-21.40.08:795][  0]LogBlueprintUserMessages: [Wind_Turbine__Rotor__Blueprint5_932] 101.720016
[2016.04.21-21.40.08:795][  0]LogBlueprintUserMessages: [Wind_Turbine__Rotor__Blueprint6_1029] 174.056213
[2016.04.21-21.40.08:796][  0]LogBlueprintUserMessages: [Wind_Turbine__Rotor__Blueprint8_1271] 159.097885
[2016.04.21-21.40.08:797][  0]LogBlueprintUserMessages: [Wind_Turbine__Rotor__Blueprint9_1356] 84.498428
[2016.04.21-21.40.08:797][  0]LogBlueprintUserMessages: [Wind_Turbine__Rotor__Blueprint10_1497] 71.858276
[2016.04.21-21.40.08:798][  0]LogBlueprintUserMessages: [Wind_Turbine__Rotor__Blueprint11_1580] 116.16748
[2016.04.21-21.40.08:799][  0]LogBlueprintUserMessages: [Wind_Turbine__Rotor__Blueprint12_1679] 42.743614
[2016.04.21-21.40.08:800][  0]LogBlueprintUserMessages: [Wind_Turbine__Rotor__Blueprint13_1780] 37.925964
[2016.04.21-21.40.08:801][  0]LogBlueprintUserMessages: [Wind_Turbine__Rotor__Blueprint14_1905] 9.816584
[2016.04.21-21.40.08:801][  0]LogBlueprintUserMessages: [Wind_Turbine__Rotor__Blueprint15_2056] 175.704224
[2016.04.21-21.40.08:803][  0]LogBlueprintUserMessages: [Wind_Turbine__Rotor__Blueprint16_2187] 55.993534
[2016.04.21-21.40.08:804][  0]LogBlueprintUserMessages: [Wind_Turbine__Rotor__Blueprint17_2302] 102.96701
[2016.04.21-21.40.08:805][  0]LogBlueprintUserMessages: [Wind_Turbine__Rotor__Blueprint18_2365] 8.844264
[2016.04.21-21.40.08:806][  0]LogBlueprintUserMessages: [Wind_Turbine__Rotor__Blueprint19_2476] 124.467911
[2016.04.21-21.40.08:806][  0]LogBlueprintUserMessages: [Wind_Turbine__Rotor__Blueprint20_2589] 59.003876
[2016.04.21-21.40.08:807][  0]LogBlueprintUserMessages: [Wind_Turbine__Rotor__Blueprint21_2642] 46.23188
[2016.04.21-21.40.08:807][  0]LogBlueprintUserMessages: [Wind_Turbine__Rotor__Blueprint22_2721] 175.03952
[2016.04.21-21.40.08:809][  0]LogBlueprintUserMessages: [Wind_Turbine__Rotor__Blueprint23_2804] 74.956512
[2016.04.21-21.40.08:809][  0]LogBlueprintUserMessages: [Wind_Turbine__Rotor__Blueprint24_2915] 143.128754
[2016.04.21-21.40.08:810][  0]LogBlueprintUserMessages: [Wind_Turbine__Rotor__Blueprint25_3036] 139.942627
[2016.04.21-21.40.08:811][  0]LogBlueprintUserMessages: [Wind_Turbine__Rotor__Blueprint3_3151] 169.60112
[2016.04.21-21.40.08:811][  0]LogBlueprintUserMessages: [Wind_Turbine__Rotor__Blueprint7_3284] 140.739151
[2016.04.21-21.40.08:812][  0]LogBlueprintUserMessages: [Wind_Turbine__Rotor__Blueprint26_3401] 94.380928
[2016.04.21-21.40.08:816][  0]LogEditorServer: Finished looking for orphan Actors (0.000 secs)
[2016.04.21-21.40.08:816][  0]Cmd: MAP CHECKDEP NOCLEARLOG
[2016.04.21-21.40.09:350][  0]MapCheck:Warning: Warning FirstPerson_AnimBP_C_0 FirstPerson_AnimBP_C /Game/Axioma.Axioma:PersistentLevel.FirstPersonCharacter_C_5.TRASH_SkeletalMeshComponent_5.FirstPerson_AnimBP_C_0 : Externally referenced 
[2016.04.21-21.40.09:350][  0]MapCheck:Warning: Warning FirstPerson_AnimBP_C_1 FirstPerson_AnimBP_C /Game/Axioma.Axioma:PersistentLevel.FirstPersonCharacter_C_5.Mesh2P.FirstPerson_AnimBP_C_1 : Externally referenced 
[2016.04.21-21.40.09:350][  0]MapCheck:Warning: Warning FirstPerson_AnimBP_C_0 FirstPerson_AnimBP_C /Game/Axioma.Axioma:PersistentLevel.FirstPersonCharacter_C_5.TRASH_SkeletalMeshComponent_5.FirstPerson_AnimBP_C_0 : Externally referenced 
[2016.04.21-21.40.09:350][  0]MapCheck:Warning: Warning FirstPerson_AnimBP_C_1 FirstPerson_AnimBP_C /Game/Axioma.Axioma:PersistentLevel.FirstPersonCharacter_C_5.Mesh2P.FirstPerson_AnimBP_C_1 : Externally referenced 
[2016.04.21-21.40.09:350][  0]MapCheck:Warning: Warning FirstPerson_AnimBP_C_0 FirstPerson_AnimBP_C /Game/Axioma.Axioma:PersistentLevel.FirstPersonCharacter_C_5.TRASH_SkeletalMeshComponent_5.FirstPerson_AnimBP_C_0 : Externally referenced 
[2016.04.21-21.40.09:350][  0]MapCheck:Warning: Warning FirstPerson_AnimBP_C_1 FirstPerson_AnimBP_C /Game/Axioma.Axioma:PersistentLevel.FirstPersonCharacter_C_5.Mesh2P.FirstPerson_AnimBP_C_1 : Externally referenced 
[2016.04.21-21.40.09:351][  0]MapCheck:Warning: Warning FirstPerson_AnimBP_C_0 FirstPerson_AnimBP_C /Game/Axioma.Axioma:PersistentLevel.FirstPersonCharacter_C_5.TRASH_SkeletalMeshComponent_5.FirstPerson_AnimBP_C_0 : Externally referenced 
[2016.04.21-21.40.09:351][  0]MapCheck:Warning: Warning FirstPerson_AnimBP_C_1 FirstPerson_AnimBP_C /Game/Axioma.Axioma:PersistentLevel.FirstPersonCharacter_C_5.Mesh2P.FirstPerson_AnimBP_C_1 : Externally referenced 
[2016.04.21-21.40.09:351][  0]MapCheck:Warning: Warning FirstPerson_AnimBP_C_0 FirstPerson_AnimBP_C /Game/Axioma.Axioma:PersistentLevel.FirstPersonCharacter_C_5.TRASH_SkeletalMeshComponent_5.FirstPerson_AnimBP_C_0 : Externally referenced 
[2016.04.21-21.40.09:351][  0]MapCheck:Warning: Warning FirstPerson_AnimBP_C_1 FirstPerson_AnimBP_C /Game/Axioma.Axioma:PersistentLevel.FirstPersonCharacter_C_5.Mesh2P.FirstPerson_AnimBP_C_1 : Externally referenced 
[2016.04.21-21.40.09:351][  0]MapCheck:Warning: Warning FirstPerson_AnimBP_C_0 FirstPerson_AnimBP_C /Game/Axioma.Axioma:PersistentLevel.FirstPersonCharacter_C_5.TRASH_SkeletalMeshComponent_5.FirstPerson_AnimBP_C_0 : Externally referenced 
[2016.04.21-21.40.09:351][  0]MapCheck:Warning: Warning FirstPerson_AnimBP_C_1 FirstPerson_AnimBP_C /Game/Axioma.Axioma:PersistentLevel.FirstPersonCharacter_C_5.Mesh2P.FirstPerson_AnimBP_C_1 : Externally referenced 
[2016.04.21-21.40.09:351][  0]MapCheck:Warning: Warning Mesh2P SkeletalMeshComponent /Game/Axioma.Axioma:PersistentLevel.FirstPersonCharacter_C_5.Mesh2P : Externally referenced 
[2016.04.21-21.40.09:351][  0]MapCheck:Warning: Warning Body StaticMeshComponent /Game/Axioma.Axioma:PersistentLevel.Wind_Turbine__Rotor__Blueprint_106.Body : Externally referenced 
[2016.04.21-21.40.09:351][  0]MapCheck:Warning: Warning Body StaticMeshComponent /Game/Axioma.Axioma:PersistentLevel.Wind_Turbine__Rotor__Blueprint2_469.Body : Externally referenced 
[2016.04.21-21.40.09:351][  0]MapCheck:Warning: Warning Body StaticMeshComponent /Game/Axioma.Axioma:PersistentLevel.Wind_Turbine__Rotor__Blueprint4_689.Body : Externally referenced 
[2016.04.21-21.40.09:351][  0]MapCheck:Warning: Warning Body StaticMeshComponent /Game/Axioma.Axioma:PersistentLevel.Wind_Turbine__Rotor__Blueprint5_932.Body : Externally referenced 
[2016.04.21-21.40.09:351][  0]MapCheck:Warning: Warning Body StaticMeshComponent /Game/Axioma.Axioma:PersistentLevel.Wind_Turbine__Rotor__Blueprint6_1029.Body : Externally referenced 
[2016.04.21-21.40.09:351][  0]MapCheck:Warning: Warning Body StaticMeshComponent /Game/Axioma.Axioma:PersistentLevel.Wind_Turbine__Rotor__Blueprint8_1271.Body : Externally referenced 
[2016.04.21-21.40.09:351][  0]MapCheck:Warning: Warning Body StaticMeshComponent /Game/Axioma.Axioma:PersistentLevel.Wind_Turbine__Rotor__Blueprint9_1356.Body : Externally referenced 
[2016.04.21-21.40.09:352][  0]MapCheck:Warning: Warning Body StaticMeshComponent /Game/Axioma.Axioma:PersistentLevel.Wind_Turbine__Rotor__Blueprint10_1497.Body : Externally referenced 
[2016.04.21-21.40.09:352][  0]MapCheck:Warning: Warning Body StaticMeshComponent /Game/Axioma.Axioma:PersistentLevel.Wind_Turbine__Rotor__Blueprint11_1580.Body : Externally referenced 
[2016.04.21-21.40.09:352][  0]MapCheck:Warning: Warning Body StaticMeshComponent /Game/Axioma.Axioma:PersistentLevel.Wind_Turbine__Rotor__Blueprint12_1679.Body : Externally referenced 
[2016.04.21-21.40.09:352][  0]MapCheck:Warning: Warning Body StaticMeshComponent /Game/Axioma.Axioma:PersistentLevel.Wind_Turbine__Rotor__Blueprint13_1780.Body : Externally referenced 
[2016.04.21-21.40.09:352][  0]MapCheck:Warning: Warning Body StaticMeshComponent /Game/Axioma.Axioma:PersistentLevel.Wind_Turbine__Rotor__Blueprint14_1905.Body : Externally referenced 
[2016.04.21-21.40.09:352][  0]MapCheck:Warning: Warning Body StaticMeshComponent /Game/Axioma.Axioma:PersistentLevel.Wind_Turbine__Rotor__Blueprint15_2056.Body : Externally referenced 
[2016.04.21-21.40.09:352][  0]MapCheck:Warning: Warning Body StaticMeshComponent /Game/Axioma.Axioma:PersistentLevel.Wind_Turbine__Rotor__Blueprint16_2187.Body : Externally referenced 
[2016.04.21-21.40.09:352][  0]MapCheck:Warning: Warning Body StaticMeshComponent /Game/Axioma.Axioma:PersistentLevel.Wind_Turbine__Rotor__Blueprint17_2302.Body : Externally referenced 
[2016.04.21-21.40.09:352][  0]MapCheck:Warning: Warning Body StaticMeshComponent /Game/Axioma.Axioma:PersistentLevel.Wind_Turbine__Rotor__Blueprint18_2365.Body : Externally referenced 
[2016.04.21-21.40.09:352][  0]MapCheck:Warning: Warning Body StaticMeshComponent /Game/Axioma.Axioma:PersistentLevel.Wind_Turbine__Rotor__Blueprint19_2476.Body : Externally referenced 
[2016.04.21-21.40.09:352][  0]MapCheck:Warning: Warning Body StaticMeshComponent /Game/Axioma.Axioma:PersistentLevel.Wind_Turbine__Rotor__Blueprint20_2589.Body : Externally referenced 
[2016.04.21-21.40.09:352][  0]MapCheck:Warning: Warning Body StaticMeshComponent /Game/Axioma.Axioma:PersistentLevel.Wind_Turbine__Rotor__Blueprint21_2642.Body : Externally referenced 
[2016.04.21-21.40.09:352][  0]MapCheck:Warning: Warning Body StaticMeshComponent /Game/Axioma.Axioma:PersistentLevel.Wind_Turbine__Rotor__Blueprint22_2721.Body : Externally referenced 
[2016.04.21-21.40.09:352][  0]MapCheck:Warning: Warning Body StaticMeshComponent /Game/Axioma.Axioma:PersistentLevel.Wind_Turbine__Rotor__Blueprint23_2804.Body : Externally referenced 
[2016.04.21-21.40.09:352][  0]MapCheck:Warning: Warning Body StaticMeshComponent /Game/Axioma.Axioma:PersistentLevel.Wind_Turbine__Rotor__Blueprint24_2915.Body : Externally referenced 
[2016.04.21-21.40.09:352][  0]MapCheck:Warning: Warning Body StaticMeshComponent /Game/Axioma.Axioma:PersistentLevel.Wind_Turbine__Rotor__Blueprint25_3036.Body : Externally referenced 
[2016.04.21-21.40.09:353][  0]MapCheck:Warning: Warning Body StaticMeshComponent /Game/Axioma.Axioma:PersistentLevel.Wind_Turbine__Rotor__Blueprint3_3151.Body : Externally referenced 
[2016.04.21-21.40.09:353][  0]MapCheck:Warning: Warning Body StaticMeshComponent /Game/Axioma.Axioma:PersistentLevel.Wind_Turbine__Rotor__Blueprint7_3284.Body : Externally referenced 
[2016.04.21-21.40.09:353][  0]MapCheck:Warning: Warning Body StaticMeshComponent /Game/Axioma.Axioma:PersistentLevel.Wind_Turbine__Rotor__Blueprint26_3401.Body : Externally referenced 
[2016.04.21-21.40.09:353][  0]MapCheck:Warning: Warning Rotor StaticMeshComponent /Game/Axioma.Axioma:PersistentLevel.Wind_Turbine__Rotor__Blueprint_106.Rotor : Externally referenced 
[2016.04.21-21.40.09:353][  0]MapCheck:Warning: Warning Rotor StaticMeshComponent /Game/Axioma.Axioma:PersistentLevel.Wind_Turbine__Rotor__Blueprint2_469.Rotor : Externally referenced 
[2016.04.21-21.40.09:353][  0]MapCheck:Warning: Warning Rotor StaticMeshComponent /Game/Axioma.Axioma:PersistentLevel.Wind_Turbine__Rotor__Blueprint4_689.Rotor : Externally referenced 
[2016.04.21-21.40.09:353][  0]MapCheck:Warning: Warning Rotor StaticMeshComponent /Game/Axioma.Axioma:PersistentLevel.Wind_Turbine__Rotor__Blueprint5_932.Rotor : Externally referenced 
[2016.04.21-21.40.09:353][  0]MapCheck:Warning: Warning Rotor StaticMeshComponent /Game/Axioma.Axioma:PersistentLevel.Wind_Turbine__Rotor__Blueprint6_1029.Rotor : Externally referenced 
[2016.04.21-21.40.09:353][  0]MapCheck:Warning: Warning Rotor StaticMeshComponent /Game/Axioma.Axioma:PersistentLevel.Wind_Turbine__Rotor__Blueprint8_1271.Rotor : Externally referenced 
[2016.04.21-21.40.09:353][  0]MapCheck:Warning: Warning Rotor StaticMeshComponent /Game/Axioma.Axioma:PersistentLevel.Wind_Turbine__Rotor__Blueprint9_1356.Rotor : Externally referenced 
[2016.04.21-21.40.09:353][  0]MapCheck:Warning: Warning Rotor StaticMeshComponent /Game/Axioma.Axioma:PersistentLevel.Wind_Turbine__Rotor__Blueprint10_1497.Rotor : Externally referenced 
[2016.04.21-21.40.09:353][  0]MapCheck:Warning: Warning Rotor StaticMeshComponent /Game/Axioma.Axioma:PersistentLevel.Wind_Turbine__Rotor__Blueprint11_1580.Rotor : Externally referenced 
[2016.04.21-21.40.09:353][  0]MapCheck:Warning: Warning Rotor StaticMeshComponent /Game/Axioma.Axioma:PersistentLevel.Wind_Turbine__Rotor__Blueprint12_1679.Rotor : Externally referenced 
[2016.04.21-21.40.09:353][  0]MapCheck:Warning: Warning Rotor StaticMeshComponent /Game/Axioma.Axioma:PersistentLevel.Wind_Turbine__Rotor__Blueprint13_1780.Rotor : Externally referenced 
[2016.04.21-21.40.09:353][  0]MapCheck:Warning: Warning Rotor StaticMeshComponent /Game/Axioma.Axioma:PersistentLevel.Wind_Turbine__Rotor__Blueprint14_1905.Rotor : Externally referenced 
[2016.04.21-21.40.09:354][  0]MapCheck:Warning: Warning Rotor StaticMeshComponent /Game/Axioma.Axioma:PersistentLevel.Wind_Turbine__Rotor__Blueprint15_2056.Rotor : Externally referenced 
[2016.04.21-21.40.09:354][  0]MapCheck:Warning: Warning Rotor StaticMeshComponent /Game/Axioma.Axioma:PersistentLevel.Wind_Turbine__Rotor__Blueprint16_2187.Rotor : Externally referenced 
[2016.04.21-21.40.09:354][  0]MapCheck:Warning: Warning Rotor StaticMeshComponent /Game/Axioma.Axioma:PersistentLevel.Wind_Turbine__Rotor__Blueprint17_2302.Rotor : Externally referenced 
[2016.04.21-21.40.09:354][  0]MapCheck:Warning: Warning Rotor StaticMeshComponent /Game/Axioma.Axioma:PersistentLevel.Wind_Turbine__Rotor__Blueprint18_2365.Rotor : Externally referenced 
[2016.04.21-21.40.09:354][  0]MapCheck:Warning: Warning Rotor StaticMeshComponent /Game/Axioma.Axioma:PersistentLevel.Wind_Turbine__Rotor__Blueprint19_2476.Rotor : Externally referenced 
[2016.04.21-21.40.09:354][  0]MapCheck:Warning: Warning Rotor StaticMeshComponent /Game/Axioma.Axioma:PersistentLevel.Wind_Turbine__Rotor__Blueprint20_2589.Rotor : Externally referenced 
[2016.04.21-21.40.09:354][  0]MapCheck:Warning: Warning Rotor StaticMeshComponent /Game/Axioma.Axioma:PersistentLevel.Wind_Turbine__Rotor__Blueprint21_2642.Rotor : Externally referenced 
[2016.04.21-21.40.09:354][  0]MapCheck:Warning: Warning Rotor StaticMeshComponent /Game/Axioma.Axioma:PersistentLevel.Wind_Turbine__Rotor__Blueprint22_2721.Rotor : Externally referenced 
[2016.04.21-21.40.09:354][  0]MapCheck:Warning: Warning Rotor StaticMeshComponent /Game/Axioma.Axioma:PersistentLevel.Wind_Turbine__Rotor__Blueprint23_2804.Rotor : Externally referenced 
[2016.04.21-21.40.09:354][  0]MapCheck:Warning: Warning Rotor StaticMeshComponent /Game/Axioma.Axioma:PersistentLevel.Wind_Turbine__Rotor__Blueprint24_2915.Rotor : Externally referenced 
[2016.04.21-21.40.09:354][  0]MapCheck:Warning: Warning Rotor StaticMeshComponent /Game/Axioma.Axioma:PersistentLevel.Wind_Turbine__Rotor__Blueprint25_3036.Rotor : Externally referenced 
[2016.04.21-21.40.09:354][  0]MapCheck:Warning: Warning Rotor StaticMeshComponent /Game/Axioma.Axioma:PersistentLevel.Wind_Turbine__Rotor__Blueprint3_3151.Rotor : Externally referenced 
[2016.04.21-21.40.09:354][  0]MapCheck:Warning: Warning Rotor StaticMeshComponent /Game/Axioma.Axioma:PersistentLevel.Wind_Turbine__Rotor__Blueprint7_3284.Rotor : Externally referenced 
[2016.04.21-21.40.09:354][  0]MapCheck:Warning: Warning Rotor StaticMeshComponent /Game/Axioma.Axioma:PersistentLevel.Wind_Turbine__Rotor__Blueprint26_3401.Rotor : Externally referenced 
[2016.04.21-21.40.09:354][  0]MapCheck:Warning: Warning FoliageInstancedStaticMeshComponent_1 FoliageInstancedStaticMeshComponent /Game/Axioma.Axioma:PersistentLevel.InstancedFoliageActor_0.FoliageInstancedStaticMeshComponent_1 : Externally referenced 
[2016.04.21-21.40.09:354][  0]MapCheck:Warning: Warning InstancedFoliageActor_0 InstancedFoliageActor /Game/Axioma.Axioma:PersistentLevel.InstancedFoliageActor_0 : Externally referenced 
[2016.04.21-21.40.09:355][  0]MapCheck:Warning: Warning FoliageInstancedStaticMeshComponent_0 FoliageInstancedStaticMeshComponent /Game/Axioma.Axioma:PersistentLevel.InstancedFoliageActor_0.FoliageInstancedStaticMeshComponent_0 : Externally referenced 
[2016.04.21-21.40.09:355][  0]MapCheck:Warning: Warning InstancedFoliageActor_0 InstancedFoliageActor /Game/Axioma.Axioma:PersistentLevel.InstancedFoliageActor_0 : Externally referenced 
[2016.04.21-21.40.09:355][  0]MapCheck:Warning: Warning Landscape_1 Landscape /Game/Axioma.Axioma:PersistentLevel.Landscape_1 : Externally referenced 
[2016.04.21-21.40.09:355][  0]MapCheck:Warning: Warning Landscape_13 Landscape /Game/Axioma.Axioma:PersistentLevel.Landscape_13 : Externally referenced 
[2016.04.21-21.40.09:355][  0]MapCheck:Warning: Warning StaticMeshComponent0 StaticMeshComponent /Game/Axioma.Axioma:PersistentLevel.CupulaTriple_8.StaticMeshComponent0 : Externally referenced 
[2016.04.21-21.40.09:355][  0]MapCheck:Warning: Warning StaticMeshComponent0 StaticMeshComponent /Game/Axioma.Axioma:PersistentLevel.Fuente_16.StaticMeshComponent0 : Externally referenced 
[2016.04.21-21.40.09:355][  0]MapCheck:Warning: Warning StaticMeshComponent0 StaticMeshComponent /Game/Axioma.Axioma:PersistentLevel.Prueba_Cupula2_10.StaticMeshComponent0 : Externally referenced 
[2016.04.21-21.40.09:355][  0]MapCheck:Warning: Warning StaticMeshComponent0 StaticMeshComponent /Game/Axioma.Axioma:PersistentLevel.Casa_Chica_1_Buena2.StaticMeshComponent0 : Externally referenced 
[2016.04.21-21.40.09:355][  0]MapCheck:Warning: Warning StaticMeshComponent0 StaticMeshComponent /Game/Axioma.Axioma:PersistentLevel.Casa_Chica_1_Buena3.StaticMeshComponent0 : Externally referenced 
[2016.04.21-21.40.09:355][  0]MapCheck:Warning: Warning StaticMeshComponent0 StaticMeshComponent /Game/Axioma.Axioma:PersistentLevel.Casa_Chica_1_Buena4.StaticMeshComponent0 : Externally referenced 
[2016.04.21-21.40.09:355][  0]MapCheck:Warning: Warning StaticMeshComponent0 StaticMeshComponent /Game/Axioma.Axioma:PersistentLevel.Casa_Chica_1_Buena5.StaticMeshComponent0 : Externally referenced 
[2016.04.21-21.40.09:355][  0]MapCheck:Warning: Warning StaticMeshComponent0 StaticMeshComponent /Game/Axioma.Axioma:PersistentLevel.Casa_Chica_1_Buena6.StaticMeshComponent0 : Externally referenced 
[2016.04.21-21.40.09:355][  0]MapCheck:Warning: Warning StaticMeshComponent0 StaticMeshComponent /Game/Axioma.Axioma:PersistentLevel.Casa_Chica_1_Buena_22.StaticMeshComponent0 : Externally referenced 
[2016.04.21-21.40.09:355][  0]MapCheck:Warning: Warning StaticMeshComponent0 StaticMeshComponent /Game/Axioma.Axioma:PersistentLevel.Casa_Chica_2_Buena10.StaticMeshComponent0 : Externally referenced 
[2016.04.21-21.40.09:355][  0]MapCheck:Warning: Warning StaticMeshComponent0 StaticMeshComponent /Game/Axioma.Axioma:PersistentLevel.Casa_Chica_2_Buena11.StaticMeshComponent0 : Externally referenced 
[2016.04.21-21.40.09:355][  0]MapCheck:Warning: Warning StaticMeshComponent0 StaticMeshComponent /Game/Axioma.Axioma:PersistentLevel.Casa_Chica_2_Buena12.StaticMeshComponent0 : Externally referenced 
[2016.04.21-21.40.09:356][  0]MapCheck:Warning: Warning StaticMeshComponent0 StaticMeshComponent /Game/Axioma.Axioma:PersistentLevel.Casa_Chica_2_Buena13_43.StaticMeshComponent0 : Externally referenced 
[2016.04.21-21.40.09:356][  0]MapCheck:Warning: Warning StaticMeshComponent0 StaticMeshComponent /Game/Axioma.Axioma:PersistentLevel.Casa_Chica_2_Buena2_25.StaticMeshComponent0 : Externally referenced 
[2016.04.21-21.40.09:356][  0]MapCheck:Warning: Warning StaticMeshComponent0 StaticMeshComponent /Game/Axioma.Axioma:PersistentLevel.Casa_Chica_2_Buena3.StaticMeshComponent0 : Externally referenced 
[2016.04.21-21.40.09:356][  0]MapCheck:Warning: Warning StaticMeshComponent0 StaticMeshComponent /Game/Axioma.Axioma:PersistentLevel.Casa_Chica_2_Buena4.StaticMeshComponent0 : Externally referenced 
[2016.04.21-21.40.09:356][  0]MapCheck:Warning: Warning StaticMeshComponent0 StaticMeshComponent /Game/Axioma.Axioma:PersistentLevel.Casa_Chica_2_Buena5.StaticMeshComponent0 : Externally referenced 
[2016.04.21-21.40.09:356][  0]MapCheck:Warning: Warning StaticMeshComponent0 StaticMeshComponent /Game/Axioma.Axioma:PersistentLevel.Casa_Chica_2_Buena6.StaticMeshComponent0 : Externally referenced 
[2016.04.21-21.40.09:356][  0]MapCheck:Warning: Warning StaticMeshComponent0 StaticMeshComponent /Game/Axioma.Axioma:PersistentLevel.Casa_Chica_2_Buena7.StaticMeshComponent0 : Externally referenced 
[2016.04.21-21.40.09:356][  0]MapCheck:Warning: Warning StaticMeshComponent0 StaticMeshComponent /Game/Axioma.Axioma:PersistentLevel.Casa_Chica_2_Buena8.StaticMeshComponent0 : Externally referenced 
[2016.04.21-21.40.09:356][  0]MapCheck:Warning: Warning StaticMeshComponent0 StaticMeshComponent /Game/Axioma.Axioma:PersistentLevel.Casa_Chica_2_Buena9.StaticMeshComponent0 : Externally referenced 
[2016.04.21-21.40.09:356][  0]MapCheck:Warning: Warning StaticMeshComponent0 StaticMeshComponent /Game/Axioma.Axioma:PersistentLevel.Casa_Chica_2_Buena_19.StaticMeshComponent0 : Externally referenced 
[2016.04.21-21.40.09:356][  0]MapCheck:Warning: Warning ProceduralFoliageComponent ProceduralFoliageComponent /Game/Axioma.Axioma:PersistentLevel.ProceduralFoliageSpawner_2.ProceduralFoliageComponent : Externally referenced 
[2016.04.21-21.40.09:356][  0]MapCheck: Info Map check complete: 0 Error(s), 94 Warning(s), took 540.398ms to complete.
[2016.04.21-21.40.09:364][  0]LogFileHelpers: Loading map 'Axioma' took 2.982
[2016.04.21-21.40.09:526][  0]LogCollectionManager: Loaded 0 collections in 0.002616 seconds
[2016.04.21-21.40.09:578][  0]LogFileCache: Scanning file cache for directory 'C:/Users/ray/Documents/FCFM Stuff/Essays, Homework, and Stuff/7mo. Semestre/Videojuegos 2/vj2/Axioma/Saved/Collections/' took 0.01s
[2016.04.21-21.40.09:578][  0]LogFileCache: Scanning file cache for directory 'C:/Users/ray/Documents/FCFM Stuff/Essays, Homework, and Stuff/7mo. Semestre/Videojuegos 2/vj2/Axioma/Content/Developers/ray/Collections/' took 0.02s
[2016.04.21-21.40.09:578][  0]LogFileCache: Scanning file cache for directory 'C:/Users/ray/Documents/FCFM Stuff/Essays, Homework, and Stuff/7mo. Semestre/Videojuegos 2/vj2/Axioma/Content/Collections/' took 0.01s
[2016.04.21-21.40.09:578][  0]LogCollectionManager: Rebuilt the GUID cache for 0 collections in 0.000002 seconds
[2016.04.21-21.40.09:593][  0]LogContentBrowser: Native class hierarchy populated in 0.0144 seconds. Added 1893 classes and 338 folders.
[2016.04.21-21.40.09:601][  0]LogContentBrowser: Native class hierarchy updated for 'WidgetCarousel' in 0.0006 seconds. Added 0 classes and 0 folders.
[2016.04.21-21.40.09:725][  0]LogContentBrowser: Native class hierarchy updated for 'AddContentDialog' in 0.0006 seconds. Added 0 classes and 0 folders.
[2016.04.21-21.40.09:755][  0]LogContentBrowser: Native class hierarchy updated for 'SceneOutliner' in 0.0006 seconds. Added 1 classes and 2 folders.
[2016.04.21-21.40.09:812][  0]LogCrashTracker: Crashtracker disabled due to settings.
[2016.04.21-21.40.09:839][  0]LogUObjectGlobals:Warning: Failed to find object 'Class None.'
[2016.04.21-21.40.09:867][  0]LogLoad: Full Startup: 10.47 seconds (BP compile: 0.25 seconds)
[2016.04.21-21.40.10:214][  0]LogOcInput: Can't find Oculus library dev build: is proper Runtime installed? Version: 0.8.0.0
[2016.04.21-21.40.10:299][  0]LogContentStreaming: Texture pool size now 200 MB
[2016.04.21-21.40.11:124][  0]LogRenderer: Reallocating scene render targets to support 816x348 (Frame:2).
[2016.04.21-21.40.11:343][  1]Cmd: UpdateLandscapeEditorData -warnings
[2016.04.21-21.40.13:090][  6]LogAssetRegistry: Asset discovery search completed in 8.4551 seconds
[2016.04.21-21.40.13:090][  6]LogCollectionManager: Rebuilt the object cache for 0 collections in 0.000002 seconds (found 0 objects)
[2016.04.21-21.40.13:090][  6]LogCollectionManager: Fixed up redirectors for 0 collections in 0.000029 seconds (updated 0 objects)
[2016.04.21-21.41.15:270][312]LogFactory: FactoryCreateBinary: StaticMesh with FbxFactory (0 0 C:\Users\ray\SkyDrive\Axioma\4_21_16\Fabrica Chica\Fabrica_Chica_Buena.fbx)
[2016.04.21-21.41.15:651][312]LogFbx: ItemName: GlobalSettings, ItemCount : 1
[2016.04.21-21.41.15:652][312]LogFbx: ItemName: AnimationStack, ItemCount : 1
[2016.04.21-21.41.15:652][312]LogFbx: ItemName: AnimationLayer, ItemCount : 1
[2016.04.21-21.41.15:652][312]LogFbx: ItemName: Material, ItemCount : 6
[2016.04.21-21.41.15:652][312]LogFbx: ItemName: Texture, ItemCount : 5
[2016.04.21-21.41.15:652][312]LogFbx: ItemName: Model, ItemCount : 1
[2016.04.21-21.41.15:652][312]LogFbx: ItemName: Geometry, ItemCount : 1
[2016.04.21-21.41.15:652][312]LogFbx: ItemName: Video, ItemCount : 5
[2016.04.21-21.41.15:948][312]LogFbx: Loading FBX Scene from C:\Users\ray\SkyDrive\Axioma\4_21_16\Fabrica Chica\Fabrica_Chica_Buena.fbx
[2016.04.21-21.41.16:616][312]LogFbx: FBX Scene Loaded Succesfully
[2016.04.21-21.41.20:525][312]LogFbx: Loading FBX Scene from C:\Users\ray\SkyDrive\Axioma\4_21_16\Fabrica Chica\Fabrica_Chica_Buena.fbx
[2016.04.21-21.41.20:681][312]LogFbx: FBX Scene Loaded Succesfully
[2016.04.21-21.41.20:863][312]LogLinker:Warning: Can't find file '/Game/Components/Models/Small_Factory/M_Cilindros'
[2016.04.21-21.41.20:863][312]LogLinker:Warning: Can't find file '/Game/Components/Models/Small_Factory/M_Cilindros'
[2016.04.21-21.41.20:935][312]LogLinker:Warning: Can't find file '/Game/Components/Models/Small_Factory/UVs_Chimeeas'
[2016.04.21-21.41.20:935][312]LogLinker:Warning: Can't find file '/Game/Components/Models/Small_Factory/UVs_Chimeeas'
[2016.04.21-21.41.20:935][312]LogUObjectGlobals:Warning: Failed to find object 'Texture /Game/Components/Models/Small_Factory/UVs_Chimeeas.UVs_Chimeeas'
[2016.04.21-21.41.20:935][312]LogStreaming:Warning: Failed to read file 'C:/Users/Abraham/Desktop/Modelos V2/Casas y Fabricas/Fabrica Chica/UVs_Chimeeas.jpg' error.
[2016.04.21-21.41.20:935][312]LogStreaming:Warning: Failed to read file 'C:\Users\ray\SkyDrive\Axioma\4_21_16\Fabrica Chica/..\..\..\..\..\Abraham\Desktop\Modelos V2\Casas y Fabricas\Fabrica Chica\UVs_Chimeeas.jpg' error.
[2016.04.21-21.41.21:181][312]LogTexture:Display: Building textures: UVs_Chimeeas (AutoDXT)
[2016.04.21-21.41.23:902][312]LogMaterial: Missing cached shader map for material M_Cilindros, compiling. 
[2016.04.21-21.41.24:440][312]LogLinker:Warning: Can't find file '/Game/Components/Models/Small_Factory/M_Escaleras'
[2016.04.21-21.41.24:440][312]LogLinker:Warning: Can't find file '/Game/Components/Models/Small_Factory/M_Escaleras'
[2016.04.21-21.41.24:441][312]LogLinker:Warning: Can't find file '/Game/Components/Models/Small_Factory/UVs_Escaleras'
[2016.04.21-21.41.24:441][312]LogLinker:Warning: Can't find file '/Game/Components/Models/Small_Factory/UVs_Escaleras'
[2016.04.21-21.41.24:441][312]LogUObjectGlobals:Warning: Failed to find object 'Texture /Game/Components/Models/Small_Factory/UVs_Escaleras.UVs_Escaleras'
[2016.04.21-21.41.24:442][312]LogStreaming:Warning: Failed to read file 'C:/Users/Abraham/Desktop/Modelos V2/Casas y Fabricas/Fabrica Chica/UVs_Escaleras.jpg' error.
[2016.04.21-21.41.24:442][312]LogStreaming:Warning: Failed to read file 'C:\Users\ray\SkyDrive\Axioma\4_21_16\Fabrica Chica/..\..\..\..\..\Abraham\Desktop\Modelos V2\Casas y Fabricas\Fabrica Chica\UVs_Escaleras.jpg' error.
[2016.04.21-21.41.24:512][312]LogTexture:Display: Building textures: UVs_Escaleras (AutoDXT)
[2016.04.21-21.41.26:364][312]LogMaterial: Missing cached shader map for material M_Escaleras, compiling. 
[2016.04.21-21.41.26:849][312]LogLinker:Warning: Can't find file '/Game/Components/Models/Small_Factory/M_Metales'
[2016.04.21-21.41.26:849][312]LogLinker:Warning: Can't find file '/Game/Components/Models/Small_Factory/M_Metales'
[2016.04.21-21.41.26:850][312]LogLinker:Warning: Can't find file '/Game/Components/Models/Small_Factory/UVs_Metales'
[2016.04.21-21.41.26:850][312]LogLinker:Warning: Can't find file '/Game/Components/Models/Small_Factory/UVs_Metales'
[2016.04.21-21.41.26:850][312]LogUObjectGlobals:Warning: Failed to find object 'Texture /Game/Components/Models/Small_Factory/UVs_Metales.UVs_Metales'
[2016.04.21-21.41.26:850][312]LogStreaming:Warning: Failed to read file 'C:/Users/Abraham/Desktop/Modelos V2/Casas y Fabricas/Fabrica Chica/UVs_Metales.jpg' error.
[2016.04.21-21.41.26:850][312]LogStreaming:Warning: Failed to read file 'C:\Users\ray\SkyDrive\Axioma\4_21_16\Fabrica Chica/..\..\..\..\..\Abraham\Desktop\Modelos V2\Casas y Fabricas\Fabrica Chica\UVs_Metales.jpg' error.
[2016.04.21-21.41.26:924][312]LogTexture:Display: Building textures: UVs_Metales (AutoDXT)
[2016.04.21-21.41.28:769][312]LogMaterial: Missing cached shader map for material M_Metales, compiling. 
[2016.04.21-21.41.28:801][312]LogLinker:Warning: Can't find file '/Game/Components/Models/Small_Factory/M_Vigas1'
[2016.04.21-21.41.28:801][312]LogLinker:Warning: Can't find file '/Game/Components/Models/Small_Factory/M_Vigas1'
[2016.04.21-21.41.28:804][312]LogLinker:Warning: Can't find file '/Game/Components/Models/Small_Factory/UVs_Vigas'
[2016.04.21-21.41.28:804][312]LogLinker:Warning: Can't find file '/Game/Components/Models/Small_Factory/UVs_Vigas'
[2016.04.21-21.41.28:804][312]LogUObjectGlobals:Warning: Failed to find object 'Texture /Game/Components/Models/Small_Factory/UVs_Vigas.UVs_Vigas'
[2016.04.21-21.41.28:804][312]LogStreaming:Warning: Failed to read file 'C:/Users/Abraham/Desktop/Modelos V2/Casas y Fabricas/Fabrica Chica/UVs_Vigas.jpg' error.
[2016.04.21-21.41.28:804][312]LogStreaming:Warning: Failed to read file 'C:\Users\ray\SkyDrive\Axioma\4_21_16\Fabrica Chica/..\..\..\..\..\Abraham\Desktop\Modelos V2\Casas y Fabricas\Fabrica Chica\UVs_Vigas.jpg' error.
[2016.04.21-21.41.28:868][312]LogTexture:Display: Building textures: UVs_Vigas (AutoDXT)
[2016.04.21-21.41.29:179][312]LogMaterial: Missing cached shader map for material M_Vigas1, compiling. 
[2016.04.21-21.41.29:219][312]LogLinker:Warning: Can't find file '/Game/Components/Models/Small_Factory/M_Vidrio'
[2016.04.21-21.41.29:219][312]LogLinker:Warning: Can't find file '/Game/Components/Models/Small_Factory/M_Vidrio'
[2016.04.21-21.41.29:342][312]LogMaterial: Missing cached shader map for material M_Vidrio, compiling. 
[2016.04.21-21.41.29:508][312]LogLinker:Warning: Can't find file '/Game/Components/Models/Small_Factory/M_Fabrica'
[2016.04.21-21.41.29:508][312]LogLinker:Warning: Can't find file '/Game/Components/Models/Small_Factory/M_Fabrica'
[2016.04.21-21.41.29:509][312]LogLinker:Warning: Can't find file '/Game/Components/Models/Small_Factory/UVs_Fabrica'
[2016.04.21-21.41.29:509][312]LogLinker:Warning: Can't find file '/Game/Components/Models/Small_Factory/UVs_Fabrica'
[2016.04.21-21.41.29:509][312]LogUObjectGlobals:Warning: Failed to find object 'Texture /Game/Components/Models/Small_Factory/UVs_Fabrica.UVs_Fabrica'
[2016.04.21-21.41.29:509][312]LogStreaming:Warning: Failed to read file 'C:/Users/Abraham/Desktop/Modelos V2/Casas y Fabricas/Fabrica Chica/UVs_Fabrica.jpg' error.
[2016.04.21-21.41.29:509][312]LogStreaming:Warning: Failed to read file 'C:\Users\ray\SkyDrive\Axioma\4_21_16\Fabrica Chica/..\..\..\..\..\Abraham\Desktop\Modelos V2\Casas y Fabricas\Fabrica Chica\UVs_Fabrica.jpg' error.
[2016.04.21-21.41.29:607][312]LogTexture:Display: Building textures: UVs_Fabrica (AutoDXT)
[2016.04.21-21.41.32:227][312]LogMaterial: Missing cached shader map for material M_Fabrica, compiling. 
[2016.04.21-21.41.32:467][312]LogStaticMesh: Building static mesh Fabrica_Chica_Buena...
[2016.04.21-21.41.33:374][312]LogStaticMesh: Built static mesh [0.931273.2s] /Game/Components/Models/Small_Factory/Fabrica_Chica_Buena.Fabrica_Chica_Buena
[2016.04.21-21.41.33:488][312]LogStaticMesh:Warning: Fabrica_Chica_Buena has degenerate tangent bases which will result in incorrect shading. 
[2016.04.21-21.41.33:933][312]FBXImport:Warning: Warning Fabrica_Chica_Buena has degenerate tangent bases which will result in incorrect shading.  
[2016.04.21-21.41.43:850][441]LogSavePackage: Save=3531.892334ms
[2016.04.21-21.41.43:850][441]LogSavePackage: Moving '../../../../../../Users/ray/Documents/FCFM Stuff/Essays, Homework, and Stuff/7mo. Semestre/Videojuegos 2/vj2/Axioma/Saved/Axioma9B81E8A7450C6FA08D81B19CB5F3A6AF.tmp' to '../../../../../../Users/ray/Documents/FCFM Stuff/Essays, Homework, and Stuff/7mo. Semestre/Videojuegos 2/vj2/Axioma/Content/Axioma.umap'
[2016.04.21-21.41.43:858][441]LogSavePackage: Total save time: 3631.560963ms
[2016.04.21-21.41.43:858][441]LogSavePackage:Display: Finished SavePackage ../../../../../../Users/ray/Documents/FCFM Stuff/Essays, Homework, and Stuff/7mo. Semestre/Videojuegos 2/vj2/Axioma/Content/Axioma.umap
[2016.04.21-21.41.43:928][441]LogFileHelpers: Saving map 'Axioma' took 5.787
[2016.04.21-21.41.44:149][441]LogSavePackage: Save=192.228836ms
[2016.04.21-21.41.44:149][441]LogSavePackage: Moving '../../../../../../Users/ray/Documents/FCFM Stuff/Essays, Homework, and Stuff/7mo. Semestre/Videojuegos 2/vj2/Axioma/Saved/UVs_Metales20A7C8104A44D8827DF99C8930C76297.tmp' to '../../../../../../Users/ray/Documents/FCFM Stuff/Essays, Homework, and Stuff/7mo. Semestre/Videojuegos 2/vj2/Axioma/Content/Components/Models/Small_Factory/UVs_Metales.uasset'
[2016.04.21-21.41.44:156][441]LogSavePackage: Total save time: 199.964248ms
[2016.04.21-21.41.44:156][441]LogSavePackage:Display: Finished SavePackage ../../../../../../Users/ray/Documents/FCFM Stuff/Essays, Homework, and Stuff/7mo. Semestre/Videojuegos 2/vj2/Axioma/Content/Components/Models/Small_Factory/UVs_Metales.uasset
[2016.04.21-21.42.06:117][441]LogSavePackage: Save=21.350206ms
[2016.04.21-21.42.06:117][441]LogSavePackage: Moving '../../../../../../Users/ray/Documents/FCFM Stuff/Essays, Homework, and Stuff/7mo. Semestre/Videojuegos 2/vj2/Axioma/Saved/M_MetalesD83B4D344989352154CFA3BE718C01FB.tmp' to '../../../../../../Users/ray/Documents/FCFM Stuff/Essays, Homework, and Stuff/7mo. Semestre/Videojuegos 2/vj2/Axioma/Content/Components/Models/Small_Factory/M_Metales.uasset'
[2016.04.21-21.42.06:125][441]LogSavePackage: Total save time: 29.118117ms
[2016.04.21-21.42.06:125][441]LogSavePackage:Display: Finished SavePackage ../../../../../../Users/ray/Documents/FCFM Stuff/Essays, Homework, and Stuff/7mo. Semestre/Videojuegos 2/vj2/Axioma/Content/Components/Models/Small_Factory/M_Metales.uasset
[2016.04.21-21.42.06:359][441]LogSavePackage: Save=204.685547ms
[2016.04.21-21.42.06:359][441]LogSavePackage: Moving '../../../../../../Users/ray/Documents/FCFM Stuff/Essays, Homework, and Stuff/7mo. Semestre/Videojuegos 2/vj2/Axioma/Saved/UVs_Escaleras320F9C1A48DE283C980B9197734A188D.tmp' to '../../../../../../Users/ray/Documents/FCFM Stuff/Essays, Homework, and Stuff/7mo. Semestre/Videojuegos 2/vj2/Axioma/Content/Components/Models/Small_Factory/UVs_Escaleras.uasset'
[2016.04.21-21.42.06:363][441]LogSavePackage: Total save time: 209.126309ms
[2016.04.21-21.42.06:363][441]LogSavePackage:Display: Finished SavePackage ../../../../../../Users/ray/Documents/FCFM Stuff/Essays, Homework, and Stuff/7mo. Semestre/Videojuegos 2/vj2/Axioma/Content/Components/Models/Small_Factory/UVs_Escaleras.uasset
[2016.04.21-21.42.06:419][441]LogSavePackage: Save=19.896183ms
[2016.04.21-21.42.06:419][441]LogSavePackage: Moving '../../../../../../Users/ray/Documents/FCFM Stuff/Essays, Homework, and Stuff/7mo. Semestre/Videojuegos 2/vj2/Axioma/Saved/M_Escaleras30E153FD4B7F0A283CB411B3E333DF8D.tmp' to '../../../../../../Users/ray/Documents/FCFM Stuff/Essays, Homework, and Stuff/7mo. Semestre/Videojuegos 2/vj2/Axioma/Content/Components/Models/Small_Factory/M_Escaleras.uasset'
[2016.04.21-21.42.06:424][441]LogSavePackage: Total save time: 24.862103ms
[2016.04.21-21.42.06:424][441]LogSavePackage:Display: Finished SavePackage ../../../../../../Users/ray/Documents/FCFM Stuff/Essays, Homework, and Stuff/7mo. Semestre/Videojuegos 2/vj2/Axioma/Content/Components/Models/Small_Factory/M_Escaleras.uasset
[2016.04.21-21.42.06:678][441]LogSavePackage: Save=228.401962ms
[2016.04.21-21.42.06:678][441]LogSavePackage: Moving '../../../../../../Users/ray/Documents/FCFM Stuff/Essays, Homework, and Stuff/7mo. Semestre/Videojuegos 2/vj2/Axioma/Saved/UVs_Chimeeas5E53B9074FACDE2B3971FEA61115154D.tmp' to '../../../../../../Users/ray/Documents/FCFM Stuff/Essays, Homework, and Stuff/7mo. Semestre/Videojuegos 2/vj2/Axioma/Content/Components/Models/Small_Factory/UVs_Chimeeas.uasset'
[2016.04.21-21.42.06:683][441]LogSavePackage: Total save time: 233.825475ms
[2016.04.21-21.42.06:683][441]LogSavePackage:Display: Finished SavePackage ../../../../../../Users/ray/Documents/FCFM Stuff/Essays, Homework, and Stuff/7mo. Semestre/Videojuegos 2/vj2/Axioma/Content/Components/Models/Small_Factory/UVs_Chimeeas.uasset
[2016.04.21-21.42.06:738][441]LogSavePackage: Save=21.659828ms
[2016.04.21-21.42.06:738][441]LogSavePackage: Moving '../../../../../../Users/ray/Documents/FCFM Stuff/Essays, Homework, and Stuff/7mo. Semestre/Videojuegos 2/vj2/Axioma/Saved/M_Cilindros3583960543869B08EBA0C8824D80A754.tmp' to '../../../../../../Users/ray/Documents/FCFM Stuff/Essays, Homework, and Stuff/7mo. Semestre/Videojuegos 2/vj2/Axioma/Content/Components/Models/Small_Factory/M_Cilindros.uasset'
[2016.04.21-21.42.06:744][441]LogSavePackage: Total save time: 27.716693ms
[2016.04.21-21.42.06:744][441]LogSavePackage:Display: Finished SavePackage ../../../../../../Users/ray/Documents/FCFM Stuff/Essays, Homework, and Stuff/7mo. Semestre/Videojuegos 2/vj2/Axioma/Content/Components/Models/Small_Factory/M_Cilindros.uasset
[2016.04.21-21.42.06:794][441]LogSavePackage: Save=18.744081ms
[2016.04.21-21.42.06:794][441]LogSavePackage: Moving '../../../../../../Users/ray/Documents/FCFM Stuff/Essays, Homework, and Stuff/7mo. Semestre/Videojuegos 2/vj2/Axioma/Saved/Fabrica_Chica_Buena1DACF25F4CA5942076C22AAF083134E3.tmp' to '../../../../../../Users/ray/Documents/FCFM Stuff/Essays, Homework, and Stuff/7mo. Semestre/Videojuegos 2/vj2/Axioma/Content/Components/Models/Small_Factory/Fabrica_Chica_Buena.uasset'
[2016.04.21-21.42.06:802][441]LogSavePackage: Total save time: 25.375288ms
[2016.04.21-21.42.06:802][441]LogSavePackage:Display: Finished SavePackage ../../../../../../Users/ray/Documents/FCFM Stuff/Essays, Homework, and Stuff/7mo. Semestre/Videojuegos 2/vj2/Axioma/Content/Components/Models/Small_Factory/Fabrica_Chica_Buena.uasset
[2016.04.21-21.42.12:836][441]LogSavePackage: Save=19.069527ms
[2016.04.21-21.42.12:836][441]LogSavePackage: Moving '../../../../../../Users/ray/Documents/FCFM Stuff/Essays, Homework, and Stuff/7mo. Semestre/Videojuegos 2/vj2/Axioma/Saved/M_Vigas1CA3C897D446A3DE2C3135AA22B9CE506.tmp' to '../../../../../../Users/ray/Documents/FCFM Stuff/Essays, Homework, and Stuff/7mo. Semestre/Videojuegos 2/vj2/Axioma/Content/Components/Models/Small_Factory/M_Vigas1.uasset'
[2016.04.21-21.42.12:841][441]LogSavePackage: Total save time: 23.603518ms
[2016.04.21-21.42.12:841][441]LogSavePackage:Display: Finished SavePackage ../../../../../../Users/ray/Documents/FCFM Stuff/Essays, Homework, and Stuff/7mo. Semestre/Videojuegos 2/vj2/Axioma/Content/Components/Models/Small_Factory/M_Vigas1.uasset
[2016.04.21-21.42.12:966][441]LogSavePackage: Save=97.060394ms
[2016.04.21-21.42.12:966][441]LogSavePackage: Moving '../../../../../../Users/ray/Documents/FCFM Stuff/Essays, Homework, and Stuff/7mo. Semestre/Videojuegos 2/vj2/Axioma/Saved/UVs_Vigas92C4B087456BFD3A5B68BA92566F4984.tmp' to '../../../../../../Users/ray/Documents/FCFM Stuff/Essays, Homework, and Stuff/7mo. Semestre/Videojuegos 2/vj2/Axioma/Content/Components/Models/Small_Factory/UVs_Vigas.uasset'
[2016.04.21-21.42.12:970][441]LogSavePackage: Total save time: 101.382691ms
[2016.04.21-21.42.12:970][441]LogSavePackage:Display: Finished SavePackage ../../../../../../Users/ray/Documents/FCFM Stuff/Essays, Homework, and Stuff/7mo. Semestre/Videojuegos 2/vj2/Axioma/Content/Components/Models/Small_Factory/UVs_Vigas.uasset
[2016.04.21-21.42.16:066][441]LogSavePackage: Save=17.281078ms
[2016.04.21-21.42.16:066][441]LogSavePackage: Moving '../../../../../../Users/ray/Documents/FCFM Stuff/Essays, Homework, and Stuff/7mo. Semestre/Videojuegos 2/vj2/Axioma/Saved/M_Vidrio3A1B9F794D20168F3C37D2B2FD73D440.tmp' to '../../../../../../Users/ray/Documents/FCFM Stuff/Essays, Homework, and Stuff/7mo. Semestre/Videojuegos 2/vj2/Axioma/Content/Components/Models/Small_Factory/M_Vidrio.uasset'
[2016.04.21-21.42.16:071][441]LogSavePackage: Total save time: 22.299599ms
[2016.04.21-21.42.16:071][441]LogSavePackage:Display: Finished SavePackage ../../../../../../Users/ray/Documents/FCFM Stuff/Essays, Homework, and Stuff/7mo. Semestre/Videojuegos 2/vj2/Axioma/Content/Components/Models/Small_Factory/M_Vidrio.uasset
[2016.04.21-21.42.18:546][441]LogSavePackage: Save=17.210514ms
[2016.04.21-21.42.18:546][441]LogSavePackage: Moving '../../../../../../Users/ray/Documents/FCFM Stuff/Essays, Homework, and Stuff/7mo. Semestre/Videojuegos 2/vj2/Axioma/Saved/M_Fabrica4125A2964EEEE821C987F085094DC523.tmp' to '../../../../../../Users/ray/Documents/FCFM Stuff/Essays, Homework, and Stuff/7mo. Semestre/Videojuegos 2/vj2/Axioma/Content/Components/Models/Small_Factory/M_Fabrica.uasset'
[2016.04.21-21.42.18:550][441]LogSavePackage: Total save time: 21.532815ms
[2016.04.21-21.42.18:550][441]LogSavePackage:Display: Finished SavePackage ../../../../../../Users/ray/Documents/FCFM Stuff/Essays, Homework, and Stuff/7mo. Semestre/Videojuegos 2/vj2/Axioma/Content/Components/Models/Small_Factory/M_Fabrica.uasset
[2016.04.21-21.42.18:752][441]LogSavePackage: Save=179.734924ms
[2016.04.21-21.42.18:752][441]LogSavePackage: Moving '../../../../../../Users/ray/Documents/FCFM Stuff/Essays, Homework, and Stuff/7mo. Semestre/Videojuegos 2/vj2/Axioma/Saved/UVs_Fabrica76FE9FE045BD4B5D1F6D68A087C080AF.tmp' to '../../../../../../Users/ray/Documents/FCFM Stuff/Essays, Homework, and Stuff/7mo. Semestre/Videojuegos 2/vj2/Axioma/Content/Components/Models/Small_Factory/UVs_Fabrica.uasset'
[2016.04.21-21.42.18:757][441]LogSavePackage: Total save time: 184.717093ms
[2016.04.21-21.42.18:757][441]LogSavePackage:Display: Finished SavePackage ../../../../../../Users/ray/Documents/FCFM Stuff/Essays, Homework, and Stuff/7mo. Semestre/Videojuegos 2/vj2/Axioma/Content/Components/Models/Small_Factory/UVs_Fabrica.uasset
[2016.04.21-21.42.33:267][ 28]LogEditorActor: Deleted Actor: StaticMeshActor
[2016.04.21-21.42.33:295][ 28]LogEditorActor: Deleted Actor: StaticMeshActor
[2016.04.21-21.42.33:297][ 28]LogEditorActor: Deleted Actor: StaticMeshActor
[2016.04.21-21.42.33:301][ 28]LogEditorActor: Deleted Actor: StaticMeshActor
[2016.04.21-21.42.33:304][ 28]LogEditorActor: Deleted Actor: StaticMeshActor
[2016.04.21-21.42.33:308][ 28]LogEditorActor: Deleted Actor: StaticMeshActor
[2016.04.21-21.42.33:311][ 28]LogEditorActor: Deleted Actor: StaticMeshActor
[2016.04.21-21.42.33:315][ 28]LogEditorActor: Deleted Actor: StaticMeshActor
[2016.04.21-21.42.33:319][ 28]LogEditorActor: Deleted Actor: StaticMeshActor
[2016.04.21-21.42.33:322][ 28]LogEditorActor: Deleted Actor: StaticMeshActor
[2016.04.21-21.42.33:326][ 28]LogEditorActor: Deleted Actor: StaticMeshActor
[2016.04.21-21.42.33:329][ 28]LogEditorActor: Deleted Actor: StaticMeshActor
[2016.04.21-21.42.33:332][ 28]LogEditorActor: Deleted Actor: StaticMeshActor
[2016.04.21-21.42.33:335][ 28]LogEditorActor: Deleted Actor: StaticMeshActor
[2016.04.21-21.42.33:339][ 28]LogEditorActor: Deleted Actor: StaticMeshActor
[2016.04.21-21.42.33:342][ 28]LogEditorActor: Deleted Actor: StaticMeshActor
[2016.04.21-21.42.33:344][ 28]LogEditorActor: Deleted Actor: StaticMeshActor
[2016.04.21-21.42.33:347][ 28]LogEditorActor: Deleted Actor: StaticMeshActor
[2016.04.21-21.42.33:349][ 28]LogEditorActor: Deleted Actor: StaticMeshActor
[2016.04.21-21.42.33:390][ 28]LogEditorActor: Deleted 19 Actors (0.142 secs)
[2016.04.21-21.42.37:634][220]LogEditorActor: Deleted Actor: StaticMeshActor
[2016.04.21-21.42.37:673][220]LogEditorActor: Deleted 1 Actors (0.044 secs)
[2016.04.21-21.46.31:150][893]LogHttp:Warning: Timeout processing Http request. 000000AAD962D200
[2016.04.21-21.47.18:556][ 28]LogSavePackage: Save=26258.876953ms
[2016.04.21-21.47.18:556][ 28]LogSavePackage: Moving '../../../../../../Users/ray/Documents/FCFM Stuff/Essays, Homework, and Stuff/7mo. Semestre/Videojuegos 2/vj2/Axioma/Saved/AxiomaF3A43D544CFBEEBB44263F8C09C0B2F6.tmp' to '../../../../../../Users/ray/Documents/FCFM Stuff/Essays, Homework, and Stuff/7mo. Semestre/Videojuegos 2/vj2/Axioma/Content/Axioma.umap'
[2016.04.21-21.47.18:613][ 28]LogSavePackage: Total save time: 27711.034074ms
[2016.04.21-21.47.18:613][ 28]LogSavePackage:Display: Finished SavePackage ../../../../../../Users/ray/Documents/FCFM Stuff/Essays, Homework, and Stuff/7mo. Semestre/Videojuegos 2/vj2/Axioma/Content/Axioma.umap
[2016.04.21-21.47.18:747][ 28]LogFileHelpers: Saving map 'Axioma' took 30.260
[2016.04.21-21.49.36:326][ 90]LogFactory: FactoryCreateBinary: StaticMesh with FbxFactory (0 0 C:\Users\ray\SkyDrive\Axioma\4_21_16\Cupula\TriCupula_y_Calles.fbx)
[2016.04.21-21.49.36:547][ 90]LogFbx: ItemName: GlobalSettings, ItemCount : 1
[2016.04.21-21.49.36:547][ 90]LogFbx: ItemName: AnimationStack, ItemCount : 1
[2016.04.21-21.49.36:547][ 90]LogFbx: ItemName: AnimationLayer, ItemCount : 1
[2016.04.21-21.49.36:548][ 90]LogFbx: ItemName: Material, ItemCount : 5
[2016.04.21-21.49.36:548][ 90]LogFbx: ItemName: Texture, ItemCount : 4
[2016.04.21-21.49.36:548][ 90]LogFbx: ItemName: Model, ItemCount : 1
[2016.04.21-21.49.36:548][ 90]LogFbx: ItemName: Geometry, ItemCount : 1
[2016.04.21-21.49.36:548][ 90]LogFbx: ItemName: Video, ItemCount : 4
[2016.04.21-21.49.36:658][ 90]LogFbx: Loading FBX Scene from C:\Users\ray\SkyDrive\Axioma\4_21_16\Cupula\TriCupula_y_Calles.fbx
[2016.04.21-21.49.36:860][ 90]LogFbx: FBX Scene Loaded Succesfully
[2016.04.21-21.49.41:392][ 90]LogFbx: Loading FBX Scene from C:\Users\ray\SkyDrive\Axioma\4_21_16\Cupula\TriCupula_y_Calles.fbx
[2016.04.21-21.49.41:594][ 90]LogFbx: FBX Scene Loaded Succesfully
[2016.04.21-21.49.41:637][ 90]LogLinker:Warning: Can't find file '/Game/Components/Models/M_Vigas'
[2016.04.21-21.49.41:637][ 90]LogLinker:Warning: Can't find file '/Game/Components/Models/M_Vigas'
[2016.04.21-21.49.41:683][ 90]LogMaterial: Missing cached shader map for material M_Vigas, compiling. 
[2016.04.21-21.49.41:713][ 90]LogLinker:Warning: Can't find file '/Game/Components/Models/M_Cristal'
[2016.04.21-21.49.41:713][ 90]LogLinker:Warning: Can't find file '/Game/Components/Models/M_Cristal'
[2016.04.21-21.49.41:837][ 90]LogMaterial: Missing cached shader map for material M_Cristal, compiling. 
[2016.04.21-21.49.41:983][ 90]LogLinker:Warning: Can't find file '/Game/Components/Models/lambert2'
[2016.04.21-21.49.41:984][ 90]LogLinker:Warning: Can't find file '/Game/Components/Models/lambert2'
[2016.04.21-21.49.42:029][ 90]LogMaterial: Missing cached shader map for material lambert2, compiling. 
[2016.04.21-21.49.42:068][ 90]LogLinker:Warning: Can't find file '/Game/Components/Models/M_Banqueta'
[2016.04.21-21.49.42:068][ 90]LogLinker:Warning: Can't find file '/Game/Components/Models/M_Banqueta'
[2016.04.21-21.49.42:174][ 90]LogLinker:Warning: Can't find file '/Game/Components/Models/Seamless_Asphalt_Texture'
[2016.04.21-21.49.42:174][ 90]LogLinker:Warning: Can't find file '/Game/Components/Models/Seamless_Asphalt_Texture'
[2016.04.21-21.49.42:174][ 90]LogUObjectGlobals:Warning: Failed to find object 'Texture /Game/Components/Models/Seamless_Asphalt_Texture.Seamless_Asphalt_Texture'
[2016.04.21-21.49.42:394][ 90]LogTexture:Display: Building textures: Seamless_Asphalt_Texture (AutoDXT)
[2016.04.21-21.49.47:127][ 90]LogLinker:Warning: Can't find file '/Game/Components/Models/Seamless_Asphalt_Texture__Normal_'
[2016.04.21-21.49.47:127][ 90]LogLinker:Warning: Can't find file '/Game/Components/Models/Seamless_Asphalt_Texture__Normal_'
[2016.04.21-21.49.47:127][ 90]LogUObjectGlobals:Warning: Failed to find object 'Texture /Game/Components/Models/Seamless_Asphalt_Texture__Normal_.Seamless_Asphalt_Texture__Normal_'
[2016.04.21-21.49.47:127][ 90]LogStreaming:Warning: Failed to read file 'C:\Users\ray\SkyDrive\Axioma\4_21_16\Cupula\Seamless Asphalt Texture (Normal).png' error.
[2016.04.21-21.49.47:127][ 90]LogStreaming:Warning: Failed to read file 'C:\Users\ray\SkyDrive\Axioma\4_21_16\Cupula/Seamless Asphalt Texture (Normal).png' error.
[2016.04.21-21.49.47:127][ 90]LogStreaming:Warning: Failed to read file 'C:\Users\ray\SkyDrive\Axioma\4_21_16\Cupula/Seamless Asphalt Texture (Normal).png' error.
[2016.04.21-21.49.47:127][ 90]LogFbxMaterialImport:Warning: Unable to find TEXTure file Seamless Asphalt Texture (Normal).png. Tried:
 - C:\Users\ray\SkyDrive\Axioma\4_21_16\Cupula\Seamless Asphalt Texture (Normal).png
 - C:\Users\ray\SkyDrive\Axioma\4_21_16\Cupula/Seamless Asphalt Texture (Normal).png
 - C:\Users\ray\SkyDrive\Axioma\4_21_16\Cupula/Seamless Asphalt Texture (Normal).png
[2016.04.21-21.49.48:324][ 90]LogMaterial: Missing cached shader map for material M_Banqueta, compiling. 
[2016.04.21-21.49.48:468][ 90]LogLinker:Warning: Can't find file '/Game/Components/Models/M_Calle'
[2016.04.21-21.49.48:468][ 90]LogLinker:Warning: Can't find file '/Game/Components/Models/M_Calle'
[2016.04.21-21.49.48:478][ 90]LogLinker:Warning: Can't find file '/Game/Components/Models/Seamless_Road_Texture'
[2016.04.21-21.49.48:479][ 90]LogLinker:Warning: Can't find file '/Game/Components/Models/Seamless_Road_Texture'
[2016.04.21-21.49.48:479][ 90]LogUObjectGlobals:Warning: Failed to find object 'Texture /Game/Components/Models/Seamless_Road_Texture.Seamless_Road_Texture'
[2016.04.21-21.49.50:837][ 90]LogTexture:Display: Building textures: Seamless_Road_Texture (BGRA8)
[2016.04.21-21.49.50:981][ 90]LogLinker:Warning: Can't find file '/Game/Components/Models/Seamless_Road_Texture__Normal_'
[2016.04.21-21.49.50:981][ 90]LogLinker:Warning: Can't find file '/Game/Components/Models/Seamless_Road_Texture__Normal_'
[2016.04.21-21.49.50:981][ 90]LogUObjectGlobals:Warning: Failed to find object 'Texture /Game/Components/Models/Seamless_Road_Texture__Normal_.Seamless_Road_Texture__Normal_'
[2016.04.21-21.49.50:981][ 90]LogStreaming:Warning: Failed to read file 'C:\Users\ray\SkyDrive\Axioma\4_21_16\Cupula\Seamless Road Texture (Normal).png' error.
[2016.04.21-21.49.50:982][ 90]LogStreaming:Warning: Failed to read file 'C:\Users\ray\SkyDrive\Axioma\4_21_16\Cupula/Seamless Road Texture (Normal).png' error.
[2016.04.21-21.49.50:982][ 90]LogStreaming:Warning: Failed to read file 'C:\Users\ray\SkyDrive\Axioma\4_21_16\Cupula/Seamless Road Texture (Normal).png' error.
[2016.04.21-21.49.50:982][ 90]LogFbxMaterialImport:Warning: Unable to find TEXTure file Seamless Road Texture (Normal).png. Tried:
 - C:\Users\ray\SkyDrive\Axioma\4_21_16\Cupula\Seamless Road Texture (Normal).png
 - C:\Users\ray\SkyDrive\Axioma\4_21_16\Cupula/Seamless Road Texture (Normal).png
 - C:\Users\ray\SkyDrive\Axioma\4_21_16\Cupula/Seamless Road Texture (Normal).png
[2016.04.21-21.49.51:027][ 90]LogMaterial: Missing cached shader map for material M_Calle, compiling. 
[2016.04.21-21.49.51:247][ 90]LogStaticMesh: Building static mesh TriCupula_y_Calles...
[2016.04.21-21.49.52:739][ 90]LogStaticMesh: Built static mesh [1.524817.2s] /Game/Components/Models/TriCupula_y_Calles.TriCupula_y_Calles
[2016.04.21-21.49.52:807][ 90]LogStaticMesh:Warning: TriCupula_y_Calles has degenerate tangent bases which will result in incorrect shading. 
[2016.04.21-21.49.52:826][ 90]FBXImport:Warning: Warning TriCupula_y_Calles has degenerate tangent bases which will result in incorrect shading.  
[2016.04.21-21.50.06:673][199]LogRenderer: Reallocating scene render targets to support 1016x608 (Frame:8217).
[2016.04.21-21.50.18:892][497]LogStaticMesh: Building static mesh TriCupula_y_Calles...
[2016.04.21-21.50.20:080][497]LogStaticMesh: Built static mesh [1.220455.2s] /Game/Components/Models/TriCupula_y_Calles.TriCupula_y_Calles
[2016.04.21-21.50.20:254][497]LogStaticMesh:Warning: TriCupula_y_Calles has degenerate tangent bases which will result in incorrect shading. 
[2016.04.21-21.50.26:694][684]LogSavePackage: Save=22.381281ms
[2016.04.21-21.50.26:694][684]LogSavePackage: Moving '../../../../../../Users/ray/Documents/FCFM Stuff/Essays, Homework, and Stuff/7mo. Semestre/Videojuegos 2/vj2/Axioma/Saved/TriCupula_y_Calles2EA8F6C94C649A9FB16FFA8A5B24765A.tmp' to '../../../../../../Users/ray/Documents/FCFM Stuff/Essays, Homework, and Stuff/7mo. Semestre/Videojuegos 2/vj2/Axioma/Content/Components/Models/TriCupula_y_Calles.uasset'
[2016.04.21-21.50.26:699][684]LogSavePackage: Total save time: 28.069079ms
[2016.04.21-21.50.26:699][684]LogSavePackage:Display: Finished SavePackage ../../../../../../Users/ray/Documents/FCFM Stuff/Essays, Homework, and Stuff/7mo. Semestre/Videojuegos 2/vj2/Axioma/Content/Components/Models/TriCupula_y_Calles.uasset
[2016.04.21-21.50.33:448][879]LogParticles: Destroying 0 GPU particle simulations for FXSystem 0x000000AAE0E8C9A0
[2016.04.21-21.51.13:771][879]LogSavePackage: Save=35005.597656ms
[2016.04.21-21.51.13:772][879]LogSavePackage: Moving '../../../../../../Users/ray/Documents/FCFM Stuff/Essays, Homework, and Stuff/7mo. Semestre/Videojuegos 2/vj2/Axioma/Saved/Axioma67ABBFE34EFEB7FE3744E3960663561E.tmp' to '../../../../../../Users/ray/Documents/FCFM Stuff/Essays, Homework, and Stuff/7mo. Semestre/Videojuegos 2/vj2/Axioma/Content/Axioma.umap'
[2016.04.21-21.51.13:779][879]LogSavePackage: Total save time: 35071.565360ms
[2016.04.21-21.51.13:780][879]LogSavePackage:Display: Finished SavePackage ../../../../../../Users/ray/Documents/FCFM Stuff/Essays, Homework, and Stuff/7mo. Semestre/Videojuegos 2/vj2/Axioma/Content/Axioma.umap
[2016.04.21-21.51.13:851][879]LogFileHelpers: Saving map 'Axioma' took 40.369
[2016.04.21-21.51.18:800][879]LogSavePackage: Save=18.939093ms
[2016.04.21-21.51.18:800][879]LogSavePackage: Moving '../../../../../../Users/ray/Documents/FCFM Stuff/Essays, Homework, and Stuff/7mo. Semestre/Videojuegos 2/vj2/Axioma/Saved/M_VigasBC5E844D48E11B1FC187FB95E221E826.tmp' to '../../../../../../Users/ray/Documents/FCFM Stuff/Essays, Homework, and Stuff/7mo. Semestre/Videojuegos 2/vj2/Axioma/Content/Components/Models/M_Vigas.uasset'
[2016.04.21-21.51.18:804][879]LogSavePackage: Total save time: 23.423903ms
[2016.04.21-21.51.18:804][879]LogSavePackage:Display: Finished SavePackage ../../../../../../Users/ray/Documents/FCFM Stuff/Essays, Homework, and Stuff/7mo. Semestre/Videojuegos 2/vj2/Axioma/Content/Components/Models/M_Vigas.uasset
[2016.04.21-21.51.25:886][879]LogSavePackage: Save=19.144794ms
[2016.04.21-21.51.25:887][879]LogSavePackage: Moving '../../../../../../Users/ray/Documents/FCFM Stuff/Essays, Homework, and Stuff/7mo. Semestre/Videojuegos 2/vj2/Axioma/Saved/M_Cristal2D91BFFC4AC1ABE6DD16DD8F76AEE03E.tmp' to '../../../../../../Users/ray/Documents/FCFM Stuff/Essays, Homework, and Stuff/7mo. Semestre/Videojuegos 2/vj2/Axioma/Content/Components/Models/M_Cristal.uasset'
[2016.04.21-21.51.25:891][879]LogSavePackage: Total save time: 23.695890ms
[2016.04.21-21.51.25:891][879]LogSavePackage:Display: Finished SavePackage ../../../../../../Users/ray/Documents/FCFM Stuff/Essays, Homework, and Stuff/7mo. Semestre/Videojuegos 2/vj2/Axioma/Content/Components/Models/M_Cristal.uasset
[2016.04.21-21.51.35:731][879]LogSavePackage: Save=17.036032ms
[2016.04.21-21.51.35:731][879]LogSavePackage: Moving '../../../../../../Users/ray/Documents/FCFM Stuff/Essays, Homework, and Stuff/7mo. Semestre/Videojuegos 2/vj2/Axioma/Saved/lambert285BCB4484D9604887752AB987DFDB54D.tmp' to '../../../../../../Users/ray/Documents/FCFM Stuff/Essays, Homework, and Stuff/7mo. Semestre/Videojuegos 2/vj2/Axioma/Content/Components/Models/lambert2.uasset'
[2016.04.21-21.51.35:735][879]LogSavePackage: Total save time: 21.725684ms
[2016.04.21-21.51.35:735][879]LogSavePackage:Display: Finished SavePackage ../../../../../../Users/ray/Documents/FCFM Stuff/Essays, Homework, and Stuff/7mo. Semestre/Videojuegos 2/vj2/Axioma/Content/Components/Models/lambert2.uasset
[2016.04.21-21.51.43:510][879]LogSavePackage: Save=75.445892ms
[2016.04.21-21.51.43:510][879]LogSavePackage: Moving '../../../../../../Users/ray/Documents/FCFM Stuff/Essays, Homework, and Stuff/7mo. Semestre/Videojuegos 2/vj2/Axioma/Saved/M_Banqueta370C658D4D43B2AB0C1C14B74E995091.tmp' to '../../../../../../Users/ray/Documents/FCFM Stuff/Essays, Homework, and Stuff/7mo. Semestre/Videojuegos 2/vj2/Axioma/Content/Components/Models/M_Banqueta.uasset'
[2016.04.21-21.51.43:515][879]LogSavePackage: Total save time: 79.997420ms
[2016.04.21-21.51.43:515][879]LogSavePackage:Display: Finished SavePackage ../../../../../../Users/ray/Documents/FCFM Stuff/Essays, Homework, and Stuff/7mo. Semestre/Videojuegos 2/vj2/Axioma/Content/Components/Models/M_Banqueta.uasset
[2016.04.21-21.51.44:216][879]LogSavePackage: Save=657.323730ms
[2016.04.21-21.51.44:216][879]LogSavePackage: Moving '../../../../../../Users/ray/Documents/FCFM Stuff/Essays, Homework, and Stuff/7mo. Semestre/Videojuegos 2/vj2/Axioma/Saved/Seamless_Asphalt_Texture9FE777EC49707B8638994CAF9B472B61.tmp' to '../../../../../../Users/ray/Documents/FCFM Stuff/Essays, Homework, and Stuff/7mo. Semestre/Videojuegos 2/vj2/Axioma/Content/Components/Models/Seamless_Asphalt_Texture.uasset'
[2016.04.21-21.51.44:221][879]LogSavePackage: Total save time: 662.707444ms
[2016.04.21-21.51.44:221][879]LogSavePackage:Display: Finished SavePackage ../../../../../../Users/ray/Documents/FCFM Stuff/Essays, Homework, and Stuff/7mo. Semestre/Videojuegos 2/vj2/Axioma/Content/Components/Models/Seamless_Asphalt_Texture.uasset
[2016.04.21-21.51.46:432][879]LogSavePackage: Save=25.387262ms
[2016.04.21-21.51.46:432][879]LogSavePackage: Moving '../../../../../../Users/ray/Documents/FCFM Stuff/Essays, Homework, and Stuff/7mo. Semestre/Videojuegos 2/vj2/Axioma/Saved/M_CalleE72A3A124E13ACA33C61D6B76578F75F.tmp' to '../../../../../../Users/ray/Documents/FCFM Stuff/Essays, Homework, and Stuff/7mo. Semestre/Videojuegos 2/vj2/Axioma/Content/Components/Models/M_Calle.uasset'
[2016.04.21-21.51.46:436][879]LogSavePackage: Total save time: 29.844701ms
[2016.04.21-21.51.46:436][879]LogSavePackage:Display: Finished SavePackage ../../../../../../Users/ray/Documents/FCFM Stuff/Essays, Homework, and Stuff/7mo. Semestre/Videojuegos 2/vj2/Axioma/Content/Components/Models/M_Calle.uasset
[2016.04.21-21.51.46:687][879]LogSavePackage: Save=217.318451ms
[2016.04.21-21.51.46:687][879]LogSavePackage: Moving '../../../../../../Users/ray/Documents/FCFM Stuff/Essays, Homework, and Stuff/7mo. Semestre/Videojuegos 2/vj2/Axioma/Saved/Seamless_Road_Texture35C8A63B4B3945D37D588AAEBF07D821.tmp' to '../../../../../../Users/ray/Documents/FCFM Stuff/Essays, Homework, and Stuff/7mo. Semestre/Videojuegos 2/vj2/Axioma/Content/Components/Models/Seamless_Road_Texture.uasset'
[2016.04.21-21.51.46:693][879]LogSavePackage: Total save time: 222.957075ms
[2016.04.21-21.51.46:693][879]LogSavePackage:Display: Finished SavePackage ../../../../../../Users/ray/Documents/FCFM Stuff/Essays, Homework, and Stuff/7mo. Semestre/Videojuegos 2/vj2/Axioma/Content/Components/Models/Seamless_Road_Texture.uasset
[2016.04.21-21.52.44:161][579]LogSavePackage: Save=6.039332ms
[2016.04.21-21.52.44:161][579]LogSavePackage: Moving '../../../../../../Users/ray/Documents/FCFM Stuff/Essays, Homework, and Stuff/7mo. Semestre/Videojuegos 2/vj2/Axioma/Saved/TriCupula_y_Calles3761D5FA4A850979CF4D7EBA3470FC0B.tmp' to '../../../../../../Users/ray/Documents/FCFM Stuff/Essays, Homework, and Stuff/7mo. Semestre/Videojuegos 2/vj2/Axioma/Content/Components/Models/TriCupula_y_Calles.uasset'
[2016.04.21-21.52.44:163][579]LogSavePackage: Total save time: 17.063402ms
[2016.04.21-21.52.44:163][579]LogSavePackage:Display: Finished SavePackage ../../../../../../Users/ray/Documents/FCFM Stuff/Essays, Homework, and Stuff/7mo. Semestre/Videojuegos 2/vj2/Axioma/Content/Components/Models/TriCupula_y_Calles.uasset
[2016.04.21-22.00.47:354][150]LogParticles: Destroying 0 GPU particle simulations for FXSystem 0x000000AAD102A200
[2016.04.21-22.00.55:824][451]LogWindowsTextInputMethodSystem:Display: IME system now deactivated.
[2016.04.21-22.00.56:239][452]Cmd: QUIT_EDITOR
[2016.04.21-22.00.57:182][452]LogExit: Preparing to exit.
[2016.04.21-22.00.58:956][452]LogExit: Editor shut down
[2016.04.21-22.00.58:980][452]LogExit: Transaction tracking system shut down
[2016.04.21-22.00.59:772][452]LogParticles: Destroying 0 GPU particle simulations for FXSystem 0x000000AAE40DDD00
[2016.04.21-22.01.03:013][452]LogParticles: Destroying 0 GPU particle simulations for FXSystem 0x000000AAE4ABD3A0
[2016.04.21-22.01.03:013][452]LogParticles: Destroying 0 GPU particle simulations for FXSystem 0x000000AAF2356A20
[2016.04.21-22.01.03:013][452]LogParticles: Destroying 0 GPU particle simulations for FXSystem 0x000000AAF21FA700
[2016.04.21-22.01.03:013][452]LogParticles: Destroying 0 GPU particle simulations for FXSystem 0x000000AAF2364180
[2016.04.21-22.01.03:013][452]LogExit: Object subsystem successfully closed.
[2016.04.21-22.01.03:635][452]LogD3D11RHI: Shutdown
[2016.04.21-22.01.03:635][452]LogD3D11RHI: CleanupD3DDevice
[2016.04.21-22.01.04:181][452]LogD3D11RHI: ~FD3D11DynamicRHI
[2016.04.21-22.01.06:870][452]LogModuleManager: Shutting down and abandoning module StaticMeshEditor (200)
[2016.04.21-22.01.06:870][452]LogModuleManager: Shutting down and abandoning module CookingStats (199)
[2016.04.21-22.01.06:870][452]LogModuleManager: Shutting down and abandoning module CrashTracker (198)
[2016.04.21-22.01.06:870][452]LogModuleManager: Shutting down and abandoning module SceneOutliner (197)
[2016.04.21-22.01.06:870][452]LogModuleManager: Shutting down and abandoning module SuperSearch (196)
[2016.04.21-22.01.06:928][452]LogModuleManager: Shutting down and abandoning module WidgetCarousel (195)
[2016.04.21-22.01.06:957][452]LogModuleManager: Shutting down and abandoning module AddContentDialog (194)
[2016.04.21-22.01.07:134][452]LogModuleManager: Shutting down and abandoning module EditorWidgets (193)
[2016.04.21-22.01.07:135][452]LogModuleManager: Shutting down and abandoning module CollectionManager (192)
[2016.04.21-22.01.07:264][452]LogModuleManager: Shutting down and abandoning module StatsViewer (191)
[2016.04.21-22.01.07:369][452]LogModuleManager: Shutting down and abandoning module FoliageEdit (190)
[2016.04.21-22.01.07:370][452]LogModuleManager: Shutting down and abandoning module LandscapeEditor (189)
[2016.04.21-22.01.07:459][452]LogModuleManager: Shutting down and abandoning module ActorPickerMode (188)
[2016.04.21-22.01.07:459][452]LogModuleManager: Shutting down and abandoning module GeometryMode (187)
[2016.04.21-22.01.07:459][452]LogModuleManager: Shutting down and abandoning module TextureAlignMode (186)
[2016.04.21-22.01.07:459][452]LogModuleManager: Shutting down and abandoning module BspMode (185)
[2016.04.21-22.01.07:459][452]LogModuleManager: Shutting down and abandoning module PlacementMode (184)
[2016.04.21-22.01.07:459][452]LogModuleManager: Shutting down and abandoning module AutomationWorker (183)
[2016.04.21-22.01.07:459][452]LogModuleManager: Shutting down and abandoning module CharacterAI (182)
[2016.04.21-22.01.07:459][452]LogModuleManager: Shutting down and abandoning module SmartSnapping (181)
[2016.04.21-22.01.07:459][452]LogModuleManager: Shutting down and abandoning module ViewportSnapping (180)
[2016.04.21-22.01.07:459][452]LogModuleManager: Shutting down and abandoning module LogVisualizer (179)
[2016.04.21-22.01.07:692][452]LogModuleManager: Shutting down and abandoning module GameProjectGeneration (178)
[2016.04.21-22.01.07:692][452]LogModuleManager: Shutting down and abandoning module IntroTutorials (177)
[2016.04.21-22.01.07:715][452]LogModuleManager: Shutting down and abandoning module EditorLiveStreaming (176)
[2016.04.21-22.01.07:715][452]LogModuleManager: Shutting down and abandoning module IOSPlatformEditor (175)
[2016.04.21-22.01.07:751][452]LogModuleManager: Shutting down and abandoning module HTML5PlatformEditor (174)
[2016.04.21-22.01.07:751][452]LogModuleManager: Shutting down and abandoning module AndroidDeviceDetection (173)
[2016.04.21-22.01.08:518][452]LogModuleManager: Shutting down and abandoning module AndroidPlatformEditor (172)
[2016.04.21-22.01.08:518][452]LogModuleManager: Shutting down and abandoning module IOSRuntimeSettings (171)
[2016.04.21-22.01.08:518][452]LogModuleManager: Shutting down and abandoning module AndroidRuntimeSettings (170)
[2016.04.21-22.01.08:518][452]LogModuleManager: Shutting down and abandoning module MergeActors (169)
[2016.04.21-22.01.08:534][452]LogModuleManager: Shutting down and abandoning module SizeMap (168)
[2016.04.21-22.01.08:534][452]LogModuleManager: Shutting down and abandoning module TreeMap (167)
[2016.04.21-22.01.08:560][452]LogModuleManager: Shutting down and abandoning module ReferenceViewer (166)
[2016.04.21-22.01.08:570][452]LogModuleManager: Shutting down and abandoning module LocalizationService (165)
[2016.04.21-22.01.08:578][452]LogModuleManager: Shutting down and abandoning module LocalizationDashboard (164)
[2016.04.21-22.01.08:604][452]LogModuleManager: Shutting down and abandoning module HardwareTargeting (163)
[2016.04.21-22.01.08:618][452]LogModuleManager: Shutting down and abandoning module DeviceProfileEditor (162)
[2016.04.21-22.01.08:651][452]LogModuleManager: Shutting down and abandoning module UndoHistory (161)
[2016.04.21-22.01.08:667][452]LogModuleManager: Shutting down and abandoning module GameplayTagsEditor (160)
[2016.04.21-22.01.08:667][452]LogModuleManager: Shutting down and abandoning module UserFeedback (159)
[2016.04.21-22.01.08:667][452]LogModuleManager: Shutting down and abandoning module XmlParser (158)
[2016.04.21-22.01.08:680][452]LogModuleManager: Shutting down and abandoning module Blutility (157)
[2016.04.21-22.01.08:680][452]LogModuleManager: Shutting down and abandoning module ProjectTargetPlatformEditor (156)
[2016.04.21-22.01.08:710][452]LogModuleManager: Shutting down and abandoning module ProjectSettingsViewer (155)
[2016.04.21-22.01.08:710][452]LogModuleManager: Shutting down and abandoning module InputBindingEditor (154)
[2016.04.21-22.01.08:710][452]LogModuleManager: Shutting down and abandoning module EditorSettingsViewer (153)
[2016.04.21-22.01.08:710][452]LogModuleManager: Shutting down and abandoning module SettingsEditor (152)
[2016.04.21-22.01.08:778][452]LogModuleManager: Shutting down and abandoning module ProjectLauncher (151)
[2016.04.21-22.01.08:778][452]LogModuleManager: Shutting down and abandoning module SessionFrontend (150)
[2016.04.21-22.01.08:838][452]LogModuleManager: Shutting down and abandoning module ProfilerClient (149)
[2016.04.21-22.01.08:903][452]LogModuleManager: Shutting down and abandoning module TargetDeviceServices (148)
[2016.04.21-22.01.08:903][452]LogModuleManager: Shutting down and abandoning module DeviceManager (147)
[2016.04.21-22.01.08:922][452]LogModuleManager: Shutting down and abandoning module AutomationController (146)
[2016.04.21-22.01.09:005][452]LogModuleManager: Shutting down and abandoning module AutomationWindow (145)
[2016.04.21-22.01.09:086][452]LogModuleManager: Shutting down and abandoning module Layers (144)
[2016.04.21-22.01.09:257][452]LogModuleManager: Shutting down and abandoning module ComponentVisualizers (143)
[2016.04.21-22.01.09:257][452]LogModuleManager: Shutting down and abandoning module DetailCustomizations (142)
[2016.04.21-22.01.09:257][452]LogModuleManager: Shutting down and abandoning module PackagesDialog (141)
[2016.04.21-22.01.09:257][452]LogModuleManager: Shutting down and abandoning module Persona (140)
[2016.04.21-22.01.09:359][452]LogModuleManager: Shutting down and abandoning module Kismet (139)
[2016.04.21-22.01.09:360][452]LogModuleManager: Shutting down and abandoning module GraphEditor (138)
[2016.04.21-22.01.09:522][452]LogModuleManager: Shutting down and abandoning module ClassViewer (137)
[2016.04.21-22.01.09:541][452]LogModuleManager: Shutting down and abandoning module Toolbox (136)
[2016.04.21-22.01.09:541][452]LogModuleManager: Shutting down and abandoning module ModuleUI (135)
[2016.04.21-22.01.09:578][452]LogModuleManager: Shutting down and abandoning module MovieSceneTools (134)
[2016.04.21-22.01.09:625][452]LogModuleManager: Shutting down and abandoning module OutputLog (133)
[2016.04.21-22.01.09:625][452]LogModuleManager: Shutting down and abandoning module GammaUI (132)
[2016.04.21-22.01.09:643][452]LogModuleManager: Shutting down and abandoning module Documentation (131)
[2016.04.21-22.01.09:643][452]LogModuleManager: Shutting down and abandoning module GameLiveStreaming (130)
[2016.04.21-22.01.09:667][452]LogModuleManager: Shutting down and abandoning module StreamingPauseRendering (129)
[2016.04.21-22.01.09:667][452]LogModuleManager: Shutting down and abandoning module AnalyticsET (128)
[2016.04.21-22.01.09:667][452]LogModuleManager: Shutting down and abandoning module Analytics (127)
[2016.04.21-22.01.09:667][452]LogModuleManager: Shutting down and abandoning module AITestSuite (126)
[2016.04.21-22.01.09:702][452]LogModuleManager: Shutting down and abandoning module GameplayDebugger (125)
[2016.04.21-22.01.09:738][452]LogModuleManager: Shutting down and abandoning module AIModule (124)
[2016.04.21-22.01.09:738][452]LogModuleManager: Shutting down and abandoning module ProfilerService (123)
[2016.04.21-22.01.09:968][452]LogModuleManager: Shutting down and abandoning module TaskGraph (122)
[2016.04.21-22.01.10:049][452]LogModuleManager: Shutting down and abandoning module SlateRemote (121)
[2016.04.21-22.01.10:049][452]LogModuleManager: Shutting down and abandoning module SteamVRController (120)
[2016.04.21-22.01.10:049][452]LogModuleManager: Shutting down and abandoning module SteamVR (119)
[2016.04.21-22.01.10:049][452]LogModuleManager: Shutting down and abandoning module ProceduralMeshComponent (118)
[2016.04.21-22.01.10:049][452]LogModuleManager: Shutting down and abandoning module OculusLibrary (117)
[2016.04.21-22.01.10:049][452]LogModuleManager: Shutting down and abandoning module OculusInput (116)
[2016.04.21-22.01.10:049][452]LogModuleManager: Shutting down and abandoning module LeapMotionController (115)
[2016.04.21-22.01.10:170][452]LogModuleManager: Shutting down and abandoning module CustomMeshComponent (114)
[2016.04.21-22.01.10:170][452]LogModuleManager: Shutting down and abandoning module CableComponent (113)
[2016.04.21-22.01.10:180][452]LogModuleManager: Shutting down and abandoning module ArchVisCharacter (112)
[2016.04.21-22.01.10:180][452]LogModuleManager: Shutting down and abandoning module MessagingDebugger (111)
[2016.04.21-22.01.10:261][452]LogModuleManager: Shutting down and abandoning module MediaPlayerEditor (110)
[2016.04.21-22.01.10:308][452]LogModuleManager: Shutting down and abandoning module HTML5Networking (109)
[2016.04.21-22.01.10:308][452]LogModuleManager: Shutting down and abandoning module SpeedTreeImporter (108)
[2016.04.21-22.01.10:308][452]LogModuleManager: Shutting down and abandoning module PluginBrowser (107)
[2016.04.21-22.01.10:308][452]LogModuleManager: Shutting down and abandoning module EpicSurvey (106)
[2016.04.21-22.01.10:328][452]LogModuleManager: Shutting down and abandoning module DesktopPlatform (105)
[2016.04.21-22.01.10:340][452]LogModuleManager: Shutting down and abandoning module VisualStudioSourceCodeAccess (104)
[2016.04.21-22.01.10:362][452]LogModuleManager: Shutting down and abandoning module UObjectPlugin (103)
[2016.04.21-22.01.10:362][452]LogModuleManager: Shutting down and abandoning module SubversionSourceControl (102)
[2016.04.21-22.01.10:370][452]LogModuleManager: Shutting down and abandoning module PerforceSourceControl (101)
[2016.04.21-22.01.10:434][452]LogModuleManager: Shutting down and abandoning module SourceControl (100)
[2016.04.21-22.01.10:456][452]LogModuleManager: Shutting down and abandoning module GitSourceControl (99)
[2016.04.21-22.01.10:501][452]LogModuleManager: Shutting down and abandoning module LightPropagationVolumeEditor (98)
[2016.04.21-22.01.10:501][452]LogModuleManager: Shutting down and abandoning module PaperTiledImporter (97)
[2016.04.21-22.01.10:509][452]LogModuleManager: Shutting down and abandoning module PaperSpriteSheetImporter (96)
[2016.04.21-22.01.10:509][452]LogModuleManager: Shutting down and abandoning module MeshPaint (95)
[2016.04.21-22.01.10:509][452]LogModuleManager: Shutting down and abandoning module SlateReflector (94)
[2016.04.21-22.01.10:532][452]LogModuleManager: Shutting down and abandoning module HotReload (93)
[2016.04.21-22.01.10:547][452]LogModuleManager: Shutting down and abandoning module MainFrame (92)
[2016.04.21-22.01.10:547][452]LogModuleManager: Shutting down and abandoning module LevelEditor (91)
[2016.04.21-22.01.10:559][452]LogModuleManager: Shutting down and abandoning module DirectoryWatcher (90)
[2016.04.21-22.01.10:560][452]LogModuleManager: Shutting down and abandoning module AssetRegistry (89)
[2016.04.21-22.01.10:649][452]LogModuleManager: Shutting down and abandoning module ContentBrowser (88)
[2016.04.21-22.01.10:650][452]LogModuleManager: Shutting down and abandoning module Paper2DEditor (87)
[2016.04.21-22.01.10:670][452]LogModuleManager: Shutting down and abandoning module UdpMessaging (86)
[2016.04.21-22.01.10:771][452]LogModuleManager: Shutting down and abandoning module LightPropagationVolumeRuntime (85)
[2016.04.21-22.01.10:771][452]LogModuleManager: Shutting down and abandoning module Paper2D (84)
[2016.04.21-22.01.10:771][452]LogModuleManager: Shutting down and abandoning module WindowsMoviePlayer (83)
[2016.04.21-22.01.10:796][452]LogModuleManager: Shutting down and abandoning module Media (82)
[2016.04.21-22.01.10:796][452]LogModuleManager: Shutting down and abandoning module WmfMedia (81)
[2016.04.21-22.01.10:877][452]LogModuleManager: Shutting down and abandoning module OnlineBlueprintSupport (80)
[2016.04.21-22.01.10:877][452]LogModuleManager: Shutting down and abandoning module GameplayTasksEditor (79)
[2016.04.21-22.01.10:877][452]LogModuleManager: Shutting down and abandoning module PropertyEditor (78)
[2016.04.21-22.01.10:877][452]LogModuleManager: Shutting down and abandoning module BehaviorTreeEditor (77)
[2016.04.21-22.01.10:877][452]LogModuleManager: Shutting down and abandoning module FunctionalTesting (76)
[2016.04.21-22.01.10:877][452]LogModuleManager: Shutting down and abandoning module CollisionAnalyzer (75)
[2016.04.21-22.01.10:953][452]LogModuleManager: Shutting down and abandoning module WorkspaceMenuStructure (74)
[2016.04.21-22.01.10:953][452]LogModuleManager: Shutting down and abandoning module MessageLog (73)
[2016.04.21-22.01.10:953][452]LogModuleManager: Shutting down and abandoning module Sequencer (72)
[2016.04.21-22.01.11:183][452]LogModuleManager: Shutting down and abandoning module AssetTools (71)
[2016.04.21-22.01.11:407][452]LogModuleManager: Shutting down and abandoning module UMGEditor (70)
[2016.04.21-22.01.11:511][452]LogModuleManager: Shutting down and abandoning module UMG (69)
[2016.04.21-22.01.11:537][452]LogModuleManager: Shutting down and abandoning module Slate (68)
[2016.04.21-22.01.11:537][452]LogModuleManager: Shutting down and abandoning module EditorStyle (67)
[2016.04.21-22.01.11:839][452]LogModuleManager: Shutting down and abandoning module SessionServices (66)
[2016.04.21-22.01.11:839][452]LogModuleManager: Shutting down and abandoning module SourceCodeAccess (65)
[2016.04.21-22.01.11:839][452]LogModuleManager: Shutting down and abandoning module HeadMountedDisplay (64)
[2016.04.21-22.01.11:839][452]LogModuleManager: Shutting down and abandoning module XAudio2 (63)
[2016.04.21-22.01.11:839][452]LogModuleManager: Shutting down and abandoning module Networking (61)
[2016.04.21-22.01.11:840][452]LogModuleManager: Shutting down and abandoning module Core (60)
[2016.04.21-22.01.11:840][452]LogModuleManager: Shutting down and abandoning module KismetCompiler (59)
[2016.04.21-22.01.11:840][452]LogModuleManager: Shutting down and abandoning module PhysXFormats (58)
[2016.04.21-22.01.11:840][452]LogModuleManager: Shutting down and abandoning module MeshUtilities (57)
[2016.04.21-22.01.11:880][452]LogModuleManager: Shutting down and abandoning module DerivedDataCache (56)
[2016.04.21-22.01.12:000][452]LogDerivedDataCache: Shutdown
[2016.04.21-22.01.12:000][452]LogModuleManager: Shutting down and abandoning module ShaderFormatOpenGL (55)
[2016.04.21-22.01.12:079][452]LogModuleManager: Shutting down and abandoning module ShaderFormatD3D (54)
[2016.04.21-22.01.12:109][452]LogModuleManager: Shutting down and abandoning module MetalShaderFormat (53)
[2016.04.21-22.01.12:793][452]LogModuleManager: Shutting down and abandoning module TextureFormatUncompressed (52)
[2016.04.21-22.01.12:793][452]LogModuleManager: Shutting down and abandoning module TextureFormatPVR (51)
[2016.04.21-22.01.12:824][452]LogModuleManager: Shutting down and abandoning module TextureFormatIntelISPCTexComp (50)
[2016.04.21-22.01.12:880][452]LogModuleManager: Shutting down and abandoning module TextureFormatDXT (49)
[2016.04.21-22.01.12:880][452]LogModuleManager: Shutting down and abandoning module ImageWrapper (48)
[2016.04.21-22.01.12:880][452]LogModuleManager: Shutting down and abandoning module TextureFormatASTC (47)
[2016.04.21-22.01.12:880][452]LogModuleManager: Shutting down and abandoning module TextureFormatAndroid (46)
[2016.04.21-22.01.12:880][452]LogModuleManager: Shutting down and abandoning module AudioFormatOpus (45)
[2016.04.21-22.01.12:930][452]LogModuleManager: Shutting down and abandoning module AudioFormatOgg (44)
[2016.04.21-22.01.12:966][452]LogModuleManager: Shutting down and abandoning module AudioFormatADPCM (43)
[2016.04.21-22.01.13:030][452]LogModuleManager: Shutting down and abandoning module LinuxTargetPlatform (42)
[2016.04.21-22.01.13:030][452]LogModuleManager: Shutting down and abandoning module LinuxServerTargetPlatform (41)
[2016.04.21-22.01.13:061][452]LogModuleManager: Shutting down and abandoning module LinuxNoEditorTargetPlatform (40)
[2016.04.21-22.01.13:109][452]LogModuleManager: Shutting down and abandoning module Messaging (39)
[2016.04.21-22.01.13:109][452]LogModuleManager: Shutting down and abandoning module IOSTargetPlatform (38)
[2016.04.21-22.01.13:109][452]LogModuleManager: Shutting down and abandoning module HTML5TargetPlatform (37)
[2016.04.21-22.01.13:109][452]LogModuleManager: Shutting down and abandoning module Android_PVRTCTargetPlatform (36)
[2016.04.21-22.01.13:109][452]LogModuleManager: Shutting down and abandoning module Android_MultiTargetPlatform (35)
[2016.04.21-22.01.13:109][452]LogModuleManager: Shutting down and abandoning module Android_ETC2TargetPlatform (34)
[2016.04.21-22.01.13:109][452]LogModuleManager: Shutting down and abandoning module Android_ETC1TargetPlatform (33)
[2016.04.21-22.01.13:109][452]LogModuleManager: Shutting down and abandoning module Android_DXTTargetPlatform (32)
[2016.04.21-22.01.13:109][452]LogModuleManager: Shutting down and abandoning module Android_ATCTargetPlatform (31)
[2016.04.21-22.01.13:109][452]LogModuleManager: Shutting down and abandoning module Android_ASTCTargetPlatform (30)
[2016.04.21-22.01.13:109][452]LogModuleManager: Shutting down and abandoning module AndroidTargetPlatform (29)
[2016.04.21-22.01.13:109][452]LogModuleManager: Shutting down and abandoning module WindowsTargetPlatform (28)
[2016.04.21-22.01.13:109][452]LogModuleManager: Shutting down and abandoning module WindowsServerTargetPlatform (27)
[2016.04.21-22.01.13:153][452]LogModuleManager: Shutting down and abandoning module WindowsNoEditorTargetPlatform (26)
[2016.04.21-22.01.13:209][452]LogModuleManager: Shutting down and abandoning module WindowsClientTargetPlatform (25)
[2016.04.21-22.01.13:233][452]LogModuleManager: Shutting down and abandoning module AllDesktopTargetPlatform (24)
[2016.04.21-22.01.13:233][452]LogModuleManager: Shutting down and abandoning module TargetPlatform (23)
[2016.04.21-22.01.13:233][452]LogModuleManager: Shutting down and abandoning module InputCore (22)
[2016.04.21-22.01.13:233][452]LogModuleManager: Shutting down and abandoning module Settings (21)
[2016.04.21-22.01.13:233][452]LogModuleManager: Shutting down and abandoning module OnlineSubsystem (19)
[2016.04.21-22.01.13:233][452]LogModuleManager: Shutting down and abandoning module HTTP (18)
[2016.04.21-22.01.15:237][452]LogModuleManager: Shutting down and abandoning module XMPP (17)
[2016.04.21-22.01.15:386][452]LogModuleManager: Shutting down and abandoning module OculusRift (16)
[2016.04.21-22.01.15:464][452]LogModuleManager: Shutting down and abandoning module ExampleDeviceProfileSelector (15)
[2016.04.21-22.01.15:464][452]LogModuleManager: Shutting down and abandoning module TextureCompressor (14)
[2016.04.21-22.01.15:464][452]LogModuleManager: Shutting down and abandoning module ShaderCore (13)
[2016.04.21-22.01.15:464][452]LogModuleManager: Shutting down and abandoning module Landscape (12)
[2016.04.21-22.01.15:464][452]LogModuleManager: Shutting down and abandoning module SlateRHIRenderer (11)
[2016.04.21-22.01.15:554][452]LogModuleManager: Shutting down and abandoning module OpenGLDrv (10)
[2016.04.21-22.01.15:616][452]LogModuleManager: Shutting down and abandoning module D3D11RHI (9)
[2016.04.21-22.01.15:616][452]LogModuleManager: Shutting down and abandoning module AnimGraphRuntime (8)
[2016.04.21-22.01.15:616][452]LogModuleManager: Shutting down and abandoning module Renderer (7)
[2016.04.21-22.01.15:616][452]LogModuleManager: Shutting down and abandoning module Engine (6)
[2016.04.21-22.01.15:616][452]LogModuleManager: Shutting down and abandoning module CoreUObject (5)
[2016.04.21-22.01.15:616][452]LogModuleManager: Shutting down and abandoning module NetworkFile (4)
[2016.04.21-22.01.15:650][452]LogModuleManager: Shutting down and abandoning module StreamingFile (3)
[2016.04.21-22.01.15:669][452]LogModuleManager: Shutting down and abandoning module SandboxFile (2)
[2016.04.21-22.01.15:694][452]LogModuleManager: Shutting down and abandoning module PakFile (1)
[2016.04.21-22.01.16:260][452]LogExit: Exiting.
[2016.04.21-22.01.16:663][452]Log file closed, 04/21/16 17:01:16
